orig inst: lea rdx, ptr [rip+0x22449a]
new inst:  push rax
new inst:  mov rax, qword ptr [rip-0x1003d]
new inst:  lea rdx, ptr [rax]
new inst:  pop rax
orig inst: mov qword ptr [rip+0x224283], rax
new inst:  push rcx
new inst:  mov rcx, qword ptr [rip-0x10041]
new inst:  mov qword ptr [rcx], rax
new inst:  pop rcx
orig inst: mov rax, qword ptr [rip+0x22448c]
new inst:  push rcx
new inst:  mov rcx, qword ptr [rip-0x10045]
new inst:  mov rax, qword ptr [rcx]
new inst:  pop rcx
orig inst: sub r14, qword ptr [rip+0x224612]
new inst:  push rax
new inst:  mov rax, qword ptr [rip-0x1004c]
new inst:  sub r14, qword ptr [rax]
new inst:  pop rax
orig inst: mov qword ptr [rip+0x224ff3], rdx
new inst:  push rax
new inst:  mov rax, qword ptr [rip-0x10050]
new inst:  mov qword ptr [rax], rdx
new inst:  pop rax
orig inst: mov qword ptr [rip+0x224fd9], r14
new inst:  push rax
new inst:  mov rax, qword ptr [rip-0x10057]
new inst:  mov qword ptr [rax], r14
new inst:  pop rax
orig inst: lea rcx, ptr [rip+0x224634]
new inst:  push rax
new inst:  mov rax, qword ptr [rip-0x10067]
new inst:  lea rcx, ptr [rax]
new inst:  pop rax
orig inst: lea rcx, ptr [rip+0x224fc9]
new inst:  push rax
new inst:  mov rax, qword ptr [rip-0x100b1]
new inst:  lea rcx, ptr [rax]
new inst:  pop rax
orig inst: lea rax, ptr [rip+0x224f96]
new inst:  push rcx
new inst:  mov rcx, qword ptr [rip-0x1014d]
new inst:  lea rax, ptr [rcx]
new inst:  pop rcx
orig inst: mov rax, qword ptr [rip+0x224f96]
new inst:  push rcx
new inst:  mov rcx, qword ptr [rip-0x1017a]
new inst:  mov rax, qword ptr [rcx]
new inst:  pop rcx
orig inst: mov rax, qword ptr [rip+0x224f7e]
new inst:  push rcx
new inst:  mov rcx, qword ptr [rip-0x10191]
new inst:  mov rax, qword ptr [rcx]
new inst:  pop rcx
orig inst: mov rax, qword ptr [rip+0x224f7e]
new inst:  push rcx
new inst:  mov rcx, qword ptr [rip-0x101a8]
new inst:  mov rax, qword ptr [rcx]
new inst:  pop rcx
orig inst: mov rax, qword ptr [rip+0x224f76]
new inst:  push rcx
new inst:  mov rcx, qword ptr [rip-0x101bf]
new inst:  mov rax, qword ptr [rcx]
new inst:  pop rcx
orig inst: mov rax, qword ptr [rip+0x224f6e]
new inst:  push rcx
new inst:  mov rcx, qword ptr [rip-0x101d6]
new inst:  mov rax, qword ptr [rcx]
new inst:  pop rcx
orig inst: mov rax, qword ptr [rip+0x224fde]
new inst:  push rcx
new inst:  mov rcx, qword ptr [rip-0x101ed]
new inst:  mov rax, qword ptr [rcx]
new inst:  pop rcx
orig inst: mov rax, qword ptr [rip+0x22509e]
new inst:  push rcx
new inst:  mov rcx, qword ptr [rip-0x10204]
new inst:  mov rax, qword ptr [rcx]
new inst:  pop rcx
orig inst: mov rax, qword ptr [rip+0x22515e]
new inst:  push rcx
new inst:  mov rcx, qword ptr [rip-0x1021b]
new inst:  mov rax, qword ptr [rcx]
new inst:  pop rcx
orig inst: mov rdx, qword ptr [rip+0x224f96]
new inst:  push rax
new inst:  mov rax, qword ptr [rip-0x10232]
new inst:  mov rdx, qword ptr [rax]
new inst:  pop rax
orig inst: mov rax, qword ptr [rip+0x224f17]
new inst:  push rcx
new inst:  mov rcx, qword ptr [rip-0x10256]
new inst:  mov rax, qword ptr [rcx]
new inst:  pop rcx
orig inst: mov rcx, qword ptr [rip+0x224f1b]
new inst:  push rax
new inst:  mov rax, qword ptr [rip-0x10269]
new inst:  mov rcx, qword ptr [rax]
new inst:  pop rax
orig inst: mov rcx, qword ptr [rip+0x224ff1]
new inst:  push rax
new inst:  mov rax, qword ptr [rip-0x1027e]
new inst:  mov rcx, qword ptr [rax]
new inst:  pop rax
orig inst: mov rcx, qword ptr [rip+0x224f97]
new inst:  push rax
new inst:  mov rax, qword ptr [rip-0x10291]
new inst:  mov rcx, qword ptr [rax]
new inst:  pop rax
orig inst: cmp qword ptr [rip+0x224f74], 0x0
new inst:  push rax
new inst:  mov rax, qword ptr [rip-0x102a4]
new inst:  cmp qword ptr [rax], 0x0
new inst:  pop rax
orig inst: cmp qword ptr [rip+0x224ef6], 0x0
new inst:  push rax
new inst:  mov rax, qword ptr [rip-0x102b5]
new inst:  cmp qword ptr [rax], 0x0
new inst:  pop rax
orig inst: mov rax, qword ptr [rip+0x224d94]
new inst:  push rcx
new inst:  mov rcx, qword ptr [rip-0x102e8]
new inst:  mov rax, qword ptr [rcx]
new inst:  pop rcx
orig inst: mov rax, qword ptr [rip+0x224e89]
new inst:  push rcx
new inst:  mov rcx, qword ptr [rip-0x102f0]
new inst:  mov rax, qword ptr [rcx]
new inst:  pop rcx
orig inst: mov rdx, qword ptr [rip+0x224d31]
new inst:  push rax
new inst:  mov rax, qword ptr [rip-0x10325]
new inst:  mov rdx, qword ptr [rax]
new inst:  pop rax
orig inst: mov r8, qword ptr [rip+0x224dd2]
new inst:  push rax
new inst:  mov rax, qword ptr [rip-0x10329]
new inst:  mov r8, qword ptr [rax]
new inst:  pop rax
orig inst: mov rdx, qword ptr [rip+0x224d24]
new inst:  push rax
new inst:  mov rax, qword ptr [rip-0x1034c]
new inst:  mov rdx, qword ptr [rax]
new inst:  pop rax
orig inst: cmp qword ptr [rip+0x224e45], 0x0
new inst:  push rax
new inst:  mov rax, qword ptr [rip-0x103af]
new inst:  cmp qword ptr [rax], 0x0
new inst:  pop rax
orig inst: lea r8, ptr [rip+0x1caf5]
new inst:  push rax
new inst:  mov rax, qword ptr [rip-0x103c3]
new inst:  lea r8, ptr [rax]
new inst:  pop rax
orig inst: add rax, qword ptr [rip+0x224c26]
new inst:  push rcx
new inst:  mov rcx, qword ptr [rip-0x1041d]
new inst:  add rax, qword ptr [rcx]
new inst:  pop rcx
orig inst: lea rdi, ptr [rip+0x224e1a]
new inst:  push rax
new inst:  mov rax, qword ptr [rip-0x10499]
new inst:  lea rdi, ptr [rax]
new inst:  pop rax
orig inst: or byte ptr [rip+0x225127], 0x4
new inst:  push rax
new inst:  mov rax, qword ptr [rip-0x1049d]
new inst:  or byte ptr [rax], 0x4
new inst:  pop rax
orig inst: lea rax, ptr [rip+0x224e07]
new inst:  push rcx
new inst:  mov rcx, qword ptr [rip-0x10526]
new inst:  lea rax, ptr [rcx]
new inst:  pop rcx
orig inst: mov qword ptr [rip+0x224e28], rax
new inst:  push rcx
new inst:  mov rcx, qword ptr [rip-0x1052a]
new inst:  mov qword ptr [rcx], rax
new inst:  pop rcx
orig inst: lea rax, ptr [rip-0x1bdf]
new inst:  push rcx
new inst:  mov rcx, qword ptr [rip-0x1052e]
new inst:  lea rax, ptr [rcx]
new inst:  pop rcx
orig inst: mov qword ptr [rip+0x225132], rax
new inst:  push rcx
new inst:  mov rcx, qword ptr [rip-0x10532]
new inst:  mov qword ptr [rcx], rax
new inst:  pop rcx
orig inst: lea rax, ptr [rip+0x22557b]
new inst:  push rcx
new inst:  mov rcx, qword ptr [rip-0x10536]
new inst:  lea rax, ptr [rcx]
new inst:  pop rcx
orig inst: mov qword ptr [rip+0x22512c], rax
new inst:  push rcx
new inst:  mov rcx, qword ptr [rip-0x1053a]
new inst:  mov qword ptr [rcx], rax
new inst:  pop rcx
orig inst: lea rax, ptr [rip+0x1cc55]
new inst:  push rcx
new inst:  mov rcx, qword ptr [rip-0x1053e]
new inst:  lea rax, ptr [rcx]
new inst:  pop rcx
orig inst: mov qword ptr [rip+0x225126], rax
new inst:  push rcx
new inst:  mov rcx, qword ptr [rip-0x10542]
new inst:  mov qword ptr [rcx], rax
new inst:  pop rcx
orig inst: lea rsi, ptr [rip+0x5d5]
new inst:  push rax
new inst:  mov rax, qword ptr [rip-0x10548]
new inst:  lea rsi, ptr [rax]
new inst:  pop rax
orig inst: mov qword ptr [rip+0x224242], rbp
new inst:  push rax
new inst:  mov rax, qword ptr [rip-0x10558]
new inst:  mov qword ptr [rax], rbp
new inst:  pop rax
orig inst: mov qword ptr [rip+0x224d83], rax
new inst:  push rcx
new inst:  mov rcx, qword ptr [rip-0x1055c]
new inst:  mov qword ptr [rcx], rax
new inst:  pop rcx
orig inst: mov qword ptr [rip+0x20cc35], rdi
new inst:  push rax
new inst:  mov rax, qword ptr [rip-0x10587]
new inst:  mov qword ptr [rax], rdi
new inst:  pop rax
orig inst: mov qword ptr [rip+0x20ca4a], rdi
new inst:  push rax
new inst:  mov rax, qword ptr [rip-0x1058f]
new inst:  mov qword ptr [rax], rdi
new inst:  pop rax
orig inst: mov dword ptr [rip+0x20ca4c], eax
new inst:  push rcx
new inst:  mov rcx, qword ptr [rip-0x10593]
new inst:  mov dword ptr [rcx], eax
new inst:  pop rcx
orig inst: mov qword ptr [rip+0x20deb6], rax
new inst:  push rcx
new inst:  mov rcx, qword ptr [rip-0x1059d]
new inst:  mov qword ptr [rcx], rax
new inst:  pop rcx
orig inst: lea rsi, ptr [rip-0x18639]
new inst:  push rax
new inst:  mov rax, qword ptr [rip-0x105cd]
new inst:  lea rsi, ptr [rax]
new inst:  pop rax
orig inst: mov qword ptr [rip+0x20ca34], 0x0
new inst:  push rax
new inst:  mov rax, qword ptr [rip-0x105d1]
new inst:  mov qword ptr [rax], 0x0
new inst:  pop rax
orig inst: mov qword ptr [rip+0x20ca8d], rdx
new inst:  push rax
new inst:  mov rax, qword ptr [rip-0x105d9]
new inst:  mov qword ptr [rax], rdx
new inst:  pop rax
orig inst: mov rbx, qword ptr [rip+0x20ca68]
new inst:  push rax
new inst:  mov rax, qword ptr [rip-0x105f1]
new inst:  mov rbx, qword ptr [rax]
new inst:  pop rax
orig inst: mov r15, qword ptr [rip+0x20ca21]
new inst:  push rax
new inst:  mov rax, qword ptr [rip-0x105f5]
new inst:  mov r15, qword ptr [rax]
new inst:  pop rax
orig inst: lea rcx, ptr [rip+0x5e22]
new inst:  push rax
new inst:  mov rax, qword ptr [rip-0x105f9]
new inst:  lea rcx, ptr [rax]
new inst:  pop rax
orig inst: mov r11d, dword ptr [rip+0x20cbc3]
new inst:  push rax
new inst:  mov rax, qword ptr [rip-0x105fd]
new inst:  mov r11d, dword ptr [rax]
new inst:  pop rax
orig inst: mov rbx, qword ptr [rip+0x20cae2]
new inst:  push rax
new inst:  mov rax, qword ptr [rip-0x1061b]
new inst:  mov rbx, qword ptr [rax]
new inst:  pop rax
orig inst: mov ebx, dword ptr [rip+0x20c9f0]
new inst:  push rax
new inst:  mov rax, qword ptr [rip-0x1063b]
new inst:  mov ebx, dword ptr [rax]
new inst:  pop rax
orig inst: movzx ebx, word ptr [rip+0x20c9fd]
new inst:  push rax
new inst:  mov rax, qword ptr [rip-0x10642]
new inst:  movzx ebx, word ptr [rax]
new inst:  pop rax
orig inst: mov rbx, qword ptr [rip+0x20ca99]
new inst:  push rax
new inst:  mov rax, qword ptr [rip-0x1064b]
new inst:  mov rbx, qword ptr [rax]
new inst:  pop rax
orig inst: mov rbx, qword ptr [rip+0x20cb4d]
new inst:  push rax
new inst:  mov rax, qword ptr [rip-0x10654]
new inst:  mov rbx, qword ptr [rax]
new inst:  pop rax
orig inst: mov qword ptr [rip+0x20c31a], r15
new inst:  push rax
new inst:  mov rax, qword ptr [rip-0x10763]
new inst:  mov qword ptr [rax], r15
new inst:  pop rax
orig inst: mov dword ptr [rip+0x20cafe], r11d
new inst:  push rax
new inst:  mov rax, qword ptr [rip-0x1078e]
new inst:  mov dword ptr [rax], r11d
new inst:  pop rax
orig inst: mov qword ptr [rip+0x20c932], r9
new inst:  push rax
new inst:  mov rax, qword ptr [rip-0x107a1]
new inst:  mov qword ptr [rax], r9
new inst:  pop rax
orig inst: mov qword ptr [rip+0x20c971], rax
new inst:  push rcx
new inst:  mov rcx, qword ptr [rip-0x107b9]
new inst:  mov qword ptr [rcx], rax
new inst:  pop rcx
orig inst: mov dword ptr [rip+0x20c92d], eax
new inst:  push rcx
new inst:  mov rcx, qword ptr [rip-0x107e3]
new inst:  mov dword ptr [rcx], eax
new inst:  pop rcx
orig inst: mov qword ptr [rip+0x20c9c7], rax
new inst:  push rcx
new inst:  mov rcx, qword ptr [rip-0x1080d]
new inst:  mov qword ptr [rcx], rax
new inst:  pop rcx
orig inst: mov qword ptr [rip+0x20ca71], rax
new inst:  push rcx
new inst:  mov rcx, qword ptr [rip-0x10826]
new inst:  mov qword ptr [rcx], rax
new inst:  pop rcx
orig inst: mov qword ptr [rip+0x20cc0d], rax
new inst:  push rcx
new inst:  mov rcx, qword ptr [rip-0x10862]
new inst:  mov qword ptr [rcx], rax
new inst:  pop rcx
orig inst: mov rdi, qword ptr [rip+0x20c7cc]
new inst:  push rax
new inst:  mov rax, qword ptr [rip-0x10878]
new inst:  mov rdi, qword ptr [rax]
new inst:  pop rax
orig inst: mov dword ptr [rip+0x20c811], eax
new inst:  push rcx
new inst:  mov rcx, qword ptr [rip-0x108a4]
new inst:  mov dword ptr [rcx], eax
new inst:  pop rcx
orig inst: mov dword ptr [rip+0x20c604], edx
new inst:  push rax
new inst:  mov rax, qword ptr [rip-0x108dc]
new inst:  mov dword ptr [rax], edx
new inst:  pop rax
orig inst: mov dword ptr [rip+0x20c5d4], ebx
new inst:  push rax
new inst:  mov rax, qword ptr [rip-0x10901]
new inst:  mov dword ptr [rax], ebx
new inst:  pop rax
orig inst: mov dword ptr [rip+0x20c5d2], ecx
new inst:  push rax
new inst:  mov rax, qword ptr [rip-0x10904]
new inst:  mov dword ptr [rax], ecx
new inst:  pop rax
orig inst: mov dword ptr [rip+0x20c5c4], eax
new inst:  push rcx
new inst:  mov rcx, qword ptr [rip-0x10907]
new inst:  mov dword ptr [rcx], eax
new inst:  pop rcx
orig inst: test byte ptr [rip+0x20c41a], 0x10
new inst:  push rax
new inst:  mov rax, qword ptr [rip-0x1094a]
new inst:  test byte ptr [rax], 0x10
new inst:  pop rax
orig inst: or dword ptr [rip+0x20c49d], 0x33
new inst:  push rax
new inst:  mov rax, qword ptr [rip-0x1095a]
new inst:  or dword ptr [rax], 0x33
new inst:  pop rax
orig inst: mov eax, dword ptr [rip+0x20c7c0]
new inst:  push rcx
new inst:  mov rcx, qword ptr [rip-0x1096c]
new inst:  mov eax, dword ptr [rcx]
new inst:  pop rcx
orig inst: or dword ptr [rip+0x20c7dd], 0x4000
new inst:  push rax
new inst:  mov rax, qword ptr [rip-0x1097e]
new inst:  or dword ptr [rax], 0x4000
new inst:  pop rax
orig inst: or dword ptr [rip+0x20c7ce], 0x8000
new inst:  push rax
new inst:  mov rax, qword ptr [rip-0x10994]
new inst:  or dword ptr [rax], 0x8000
new inst:  pop rax
orig inst: cmp dword ptr [rip+0x20c78b], 0x6
new inst:  push rax
new inst:  mov rax, qword ptr [rip-0x1099b]
new inst:  cmp dword ptr [rax], 0x6
new inst:  pop rax
orig inst: mov dword ptr [rip+0x20c78e], eax
new inst:  push rcx
new inst:  mov rcx, qword ptr [rip-0x109b4]
new inst:  mov dword ptr [rcx], eax
new inst:  pop rcx
orig inst: mov dword ptr [rip+0x20c78c], ebx
new inst:  push rax
new inst:  mov rax, qword ptr [rip-0x109b7]
new inst:  mov dword ptr [rax], ebx
new inst:  pop rax
orig inst: mov dword ptr [rip+0x20c78a], ecx
new inst:  push rax
new inst:  mov rax, qword ptr [rip-0x109ba]
new inst:  mov dword ptr [rax], ecx
new inst:  pop rax
orig inst: mov dword ptr [rip+0x20c788], edx
new inst:  push rax
new inst:  mov rax, qword ptr [rip-0x109bd]
new inst:  mov dword ptr [rax], edx
new inst:  pop rax
orig inst: mov ebx, dword ptr [rip+0x20c76e]
new inst:  push rax
new inst:  mov rax, qword ptr [rip-0x109c0]
new inst:  mov ebx, dword ptr [rax]
new inst:  pop rax
orig inst: or dword ptr [rip+0x20c6a1], 0x40
new inst:  push rax
new inst:  mov rax, qword ptr [rip-0x10a00]
new inst:  or dword ptr [rax], 0x40
new inst:  pop rax
orig inst: mov edx, dword ptr [rip+0x20c677]
new inst:  push rax
new inst:  mov rax, qword ptr [rip-0x10a04]
new inst:  mov edx, dword ptr [rax]
new inst:  pop rax
orig inst: or dword ptr [rip+0x20c68c], 0xc00
new inst:  push rax
new inst:  mov rax, qword ptr [rip-0x10a16]
new inst:  or dword ptr [rax], 0xc00
new inst:  pop rax
orig inst: or dword ptr [rip+0x20c66d], 0x80
new inst:  push rax
new inst:  mov rax, qword ptr [rip-0x10a42]
new inst:  or dword ptr [rax], 0x80
new inst:  pop rax
orig inst: test byte ptr [rip+0x20c658], 0x1
new inst:  push rax
new inst:  mov rax, qword ptr [rip-0x10a49]
new inst:  test byte ptr [rax], 0x1
new inst:  pop rax
orig inst: mov dword ptr [rip+0x20c76c], r9d
new inst:  push rax
new inst:  mov rax, qword ptr [rip-0x10adb]
new inst:  mov dword ptr [rax], r9d
new inst:  pop rax
orig inst: mov dword ptr [rip+0x20c769], r8d
new inst:  push rax
new inst:  mov rax, qword ptr [rip-0x10adf]
new inst:  mov dword ptr [rax], r8d
new inst:  pop rax
orig inst: mov dword ptr [rip+0x20c726], r11d
new inst:  push rax
new inst:  mov rax, qword ptr [rip-0x10ae3]
new inst:  mov dword ptr [rax], r11d
new inst:  pop rax
orig inst: mov qword ptr [rip+0x20c6b8], rax
new inst:  push rcx
new inst:  mov rcx, qword ptr [rip-0x10b54]
new inst:  mov qword ptr [rcx], rax
new inst:  pop rcx
orig inst: mov rbx, qword ptr [rip+0x20cbc8]
new inst:  push rax
new inst:  mov rax, qword ptr [rip-0x10b76]
new inst:  mov rbx, qword ptr [rax]
new inst:  pop rax
orig inst: mov eax, dword ptr [rip+0x20cb9d]
new inst:  push rcx
new inst:  mov rcx, qword ptr [rip-0x10b89]
new inst:  mov eax, dword ptr [rcx]
new inst:  pop rcx
orig inst: lea rdx, ptr [rip+0x20db62]
new inst:  push rax
new inst:  mov rax, qword ptr [rip-0x10bb4]
new inst:  lea rdx, ptr [rax]
new inst:  pop rax
orig inst: mov eax, dword ptr [rip+0x20c853]
new inst:  push rcx
new inst:  mov rcx, qword ptr [rip-0x10bc7]
new inst:  mov eax, dword ptr [rcx]
new inst:  pop rcx
orig inst: mov rcx, qword ptr [rip+0x20c6d9]
new inst:  push rax
new inst:  mov rax, qword ptr [rip-0x10be3]
new inst:  mov rcx, qword ptr [rax]
new inst:  pop rax
orig inst: lea rax, ptr [rip-0x1568]
new inst:  push rcx
new inst:  mov rcx, qword ptr [rip-0x10be9]
new inst:  lea rax, ptr [rcx]
new inst:  pop rcx
orig inst: mov qword ptr [rip+0x2247c0], rax
new inst:  push rcx
new inst:  mov rcx, qword ptr [rip-0x10c0e]
new inst:  mov qword ptr [rcx], rax
new inst:  pop rcx
orig inst: lea rax, ptr [rip+0x9ee9]
new inst:  push rcx
new inst:  mov rcx, qword ptr [rip-0x10c12]
new inst:  lea rax, ptr [rcx]
new inst:  pop rcx
orig inst: mov qword ptr [rip+0x224d7a], rax
new inst:  push rcx
new inst:  mov rcx, qword ptr [rip-0x10c26]
new inst:  mov qword ptr [rcx], rax
new inst:  pop rcx
orig inst: lea rax, ptr [rip-0x15a5]
new inst:  push rcx
new inst:  mov rcx, qword ptr [rip-0x10c2a]
new inst:  lea rax, ptr [rcx]
new inst:  pop rcx
orig inst: mov qword ptr [rip+0x224d0c], rax
new inst:  push rcx
new inst:  mov rcx, qword ptr [rip-0x10c2e]
new inst:  mov qword ptr [rcx], rax
new inst:  pop rcx
orig inst: lea rax, ptr [rip-0x15a3]
new inst:  push rcx
new inst:  mov rcx, qword ptr [rip-0x10c32]
new inst:  lea rax, ptr [rcx]
new inst:  pop rcx
orig inst: mov qword ptr [rip+0x224d06], rax
new inst:  push rcx
new inst:  mov rcx, qword ptr [rip-0x10c36]
new inst:  mov qword ptr [rcx], rax
new inst:  pop rcx
orig inst: lea rax, ptr [rip+0x11e4f]
new inst:  push rcx
new inst:  mov rcx, qword ptr [rip-0x10c3a]
new inst:  lea rax, ptr [rcx]
new inst:  pop rcx
orig inst: mov qword ptr [rip+0x224d00], rax
new inst:  push rcx
new inst:  mov rcx, qword ptr [rip-0x10c3e]
new inst:  mov qword ptr [rcx], rax
new inst:  pop rcx
orig inst: mov rax, qword ptr [rip+0x224ea1]
new inst:  push rcx
new inst:  mov rcx, qword ptr [rip-0x10c42]
new inst:  mov rax, qword ptr [rcx]
new inst:  pop rcx
orig inst: movsxd rax, dword ptr [rip+0x223bfe]
new inst:  push rcx
new inst:  mov rcx, qword ptr [rip-0x10c4a]
new inst:  movsxd rax, dword ptr [rcx]
new inst:  pop rcx
orig inst: lea rdx, ptr [rip+0x1c665]
new inst:  push rax
new inst:  mov rax, qword ptr [rip-0x10c54]
new inst:  lea rdx, ptr [rax]
new inst:  pop rax
orig inst: mov qword ptr [rip+0x223af5], rax
new inst:  push rcx
new inst:  mov rcx, qword ptr [rip-0x10c5d]
new inst:  mov qword ptr [rcx], rax
new inst:  pop rcx
orig inst: mov eax, dword ptr [rip+0x223b61]
new inst:  push rcx
new inst:  mov rcx, qword ptr [rip-0x10d09]
new inst:  mov eax, dword ptr [rcx]
new inst:  pop rcx
orig inst: mov eax, dword ptr [rip+0x2238ab]
new inst:  push rcx
new inst:  mov rcx, qword ptr [rip-0x10d1a]
new inst:  mov eax, dword ptr [rcx]
new inst:  pop rcx
orig inst: lea rax, ptr [rip-0x17ba]
new inst:  push rcx
new inst:  mov rcx, qword ptr [rip-0x10d2b]
new inst:  lea rax, ptr [rcx]
new inst:  pop rcx
orig inst: lea rsi, ptr [rip+0x1d2c9]
new inst:  push rax
new inst:  mov rax, qword ptr [rip-0x10d3f]
new inst:  lea rsi, ptr [rax]
new inst:  pop rax
orig inst: mov r15d, dword ptr [rip+0x21a243]
new inst:  push rax
new inst:  mov rax, qword ptr [rip-0x10da2]
new inst:  mov r15d, dword ptr [rax]
new inst:  pop rax
orig inst: mov rdx, qword ptr [rip+0x20d2bb]
new inst:  push rax
new inst:  mov rax, qword ptr [rip-0x10e45]
new inst:  mov rdx, qword ptr [rax]
new inst:  pop rax
orig inst: mov rax, qword ptr [rip+0x20bdf1]
new inst:  push rcx
new inst:  mov rcx, qword ptr [rip-0x10e58]
new inst:  mov rax, qword ptr [rcx]
new inst:  pop rcx
orig inst: lea rcx, ptr [rip+0x20d29a]
new inst:  push rax
new inst:  mov rax, qword ptr [rip-0x10e5c]
new inst:  lea rcx, ptr [rax]
new inst:  pop rax
orig inst: mov qword ptr [rip+0x20d1e8], rdx
new inst:  push rax
new inst:  mov rax, qword ptr [rip-0x10e6b]
new inst:  mov qword ptr [rax], rdx
new inst:  pop rax
orig inst: mov qword ptr [rip+0x20d29d], rdi
new inst:  push rax
new inst:  mov rax, qword ptr [rip-0x10e83]
new inst:  mov qword ptr [rax], rdi
new inst:  pop rax
orig inst: mov qword ptr [rip+0x20d216], rdi
new inst:  push rax
new inst:  mov rax, qword ptr [rip-0x10eab]
new inst:  mov qword ptr [rax], rdi
new inst:  pop rax
orig inst: mov qword ptr [rip+0x20d21f], rbp
new inst:  push rax
new inst:  mov rax, qword ptr [rip-0x10eaf]
new inst:  mov qword ptr [rax], rbp
new inst:  pop rax
orig inst: test byte ptr [rip+0x21a03a], 0x1
new inst:  push rax
new inst:  mov rax, qword ptr [rip-0x10fa8]
new inst:  test byte ptr [rax], 0x1
new inst:  pop rax
orig inst: lea rsi, ptr [rip+0x21a386]
new inst:  push rax
new inst:  mov rax, qword ptr [rip-0x11038]
new inst:  lea rsi, ptr [rax]
new inst:  pop rax
orig inst: lea rdi, ptr [rip+0x21ae5f]
new inst:  push rax
new inst:  mov rax, qword ptr [rip-0x1112a]
new inst:  lea rdi, ptr [rax]
new inst:  pop rax
orig inst: lea rbp, ptr [rip+0x21a51e]
new inst:  push rax
new inst:  mov rax, qword ptr [rip-0x11138]
new inst:  lea rbp, ptr [rax]
new inst:  pop rax
orig inst: lea rdi, ptr [rip+0x21ae18]
new inst:  push rax
new inst:  mov rax, qword ptr [rip-0x1115e]
new inst:  lea rdi, ptr [rax]
new inst:  pop rax
orig inst: mov rax, qword ptr [rip+0x21ae30]
new inst:  push rcx
new inst:  mov rcx, qword ptr [rip-0x1116b]
new inst:  mov rax, qword ptr [rcx]
new inst:  pop rcx
orig inst: mov qword ptr [rip+0x21ae19], rax
new inst:  push rcx
new inst:  mov rcx, qword ptr [rip-0x1117f]
new inst:  mov qword ptr [rcx], rax
new inst:  pop rcx
orig inst: mov rbx, qword ptr [rip+0x2239a5]
new inst:  push rax
new inst:  mov rax, qword ptr [rip-0x11189]
new inst:  mov rbx, qword ptr [rax]
new inst:  pop rax
orig inst: mov rdi, qword ptr [rip+0x2235be]
new inst:  push rax
new inst:  mov rax, qword ptr [rip-0x111f1]
new inst:  mov rdi, qword ptr [rax]
new inst:  pop rax
orig inst: lea rcx, ptr [rip+0x223f8f]
new inst:  push rax
new inst:  mov rax, qword ptr [rip-0x1125c]
new inst:  lea rcx, ptr [rax]
new inst:  pop rax
orig inst: mov qword ptr [rip+0x22396b], rcx
new inst:  push rax
new inst:  mov rax, qword ptr [rip-0x1126d]
new inst:  mov qword ptr [rax], rcx
new inst:  pop rax
orig inst: cmp qword ptr [rip+0x223939], 0x0
new inst:  push rax
new inst:  mov rax, qword ptr [rip-0x11273]
new inst:  cmp qword ptr [rax], 0x0
new inst:  pop rax
orig inst: mov qword ptr [rip+0x223f6a], rdx
new inst:  push rax
new inst:  mov rax, qword ptr [rip-0x11278]
new inst:  mov qword ptr [rax], rdx
new inst:  pop rax
orig inst: mov dword ptr [rip+0x223f8d], edx
new inst:  push rax
new inst:  mov rax, qword ptr [rip-0x11371]
new inst:  mov dword ptr [rax], edx
new inst:  pop rax
orig inst: mov r14, qword ptr [rip+0x224207]
new inst:  push rax
new inst:  mov rax, qword ptr [rip-0x113d6]
new inst:  mov r14, qword ptr [rax]
new inst:  pop rax
orig inst: mov rax, qword ptr [rip+0x22426f]
new inst:  push rcx
new inst:  mov rcx, qword ptr [rip-0x113e9]
new inst:  mov rax, qword ptr [rcx]
new inst:  pop rcx
orig inst: mov rax, qword ptr [rip+0x224217]
new inst:  push rcx
new inst:  mov rcx, qword ptr [rip-0x11400]
new inst:  mov rax, qword ptr [rcx]
new inst:  pop rcx
orig inst: lea r10, ptr [rip+0x39af]
new inst:  push rax
new inst:  mov rax, qword ptr [rip-0x11482]
new inst:  lea r10, ptr [rax]
new inst:  pop rax
orig inst: mov qword ptr [rip+0x224791], 0x0
new inst:  push rax
new inst:  mov rax, qword ptr [rip-0x114f9]
new inst:  mov qword ptr [rax], 0x0
new inst:  pop rax
orig inst: mov qword ptr [rip+0x22477d], r15
new inst:  push rax
new inst:  mov rax, qword ptr [rip-0x11506]
new inst:  mov qword ptr [rax], r15
new inst:  pop rax
orig inst: mov dword ptr [rip+0x224783], 0x1
new inst:  push rax
new inst:  mov rax, qword ptr [rip-0x1150a]
new inst:  mov dword ptr [rax], 0x1
new inst:  pop rax
orig inst: lea rax, ptr [rip+0x224766]
new inst:  push rcx
new inst:  mov rcx, qword ptr [rip-0x1151d]
new inst:  lea rax, ptr [rcx]
new inst:  pop rcx
orig inst: test byte ptr [rip+0x224477], 0x4
new inst:  push rax
new inst:  mov rax, qword ptr [rip-0x11525]
new inst:  test byte ptr [rax], 0x4
new inst:  pop rax
orig inst: cmp qword ptr [rip+0x223329], 0x0
new inst:  push rax
new inst:  mov rax, qword ptr [rip-0x11733]
new inst:  cmp qword ptr [rax], 0x0
new inst:  pop rax
orig inst: lea rsi, ptr [rip+0x1ce93]
new inst:  push rax
new inst:  mov rax, qword ptr [rip-0x11744]
new inst:  lea rsi, ptr [rax]
new inst:  pop rax
orig inst: mov rcx, qword ptr [rip+0x20d2b3]
new inst:  push rax
new inst:  mov rax, qword ptr [rip-0x1176b]
new inst:  mov rcx, qword ptr [rax]
new inst:  pop rax
orig inst: mov qword ptr [rip+0x20d29d], rdi
new inst:  push rax
new inst:  mov rax, qword ptr [rip-0x1177e]
new inst:  mov qword ptr [rax], rdi
new inst:  pop rax
orig inst: mov rax, qword ptr [rip+0x2232f4]
new inst:  push rcx
new inst:  mov rcx, qword ptr [rip-0x117ff]
new inst:  mov rax, qword ptr [rcx]
new inst:  pop rcx
orig inst: mov qword ptr [rip+0x222fbd], rcx
new inst:  push rax
new inst:  mov rax, qword ptr [rip-0x11aa5]
new inst:  mov qword ptr [rax], rcx
new inst:  pop rax
orig inst: mov qword ptr [rip+0x222fb2], rcx
new inst:  push rax
new inst:  mov rax, qword ptr [rip-0x11ab5]
new inst:  mov qword ptr [rax], rcx
new inst:  pop rax
orig inst: lea rcx, ptr [rip+0x222fa3]
new inst:  push rax
new inst:  mov rax, qword ptr [rip-0x11ab9]
new inst:  lea rcx, ptr [rax]
new inst:  pop rax
orig inst: lea r9, ptr [rip+0x222f4c]
new inst:  push rax
new inst:  mov rax, qword ptr [rip-0x11aef]
new inst:  lea r9, ptr [rax]
new inst:  pop rax
orig inst: lea r9, ptr [rip+0x222f13]
new inst:  push rax
new inst:  mov rax, qword ptr [rip-0x11b2f]
new inst:  lea r9, ptr [rax]
new inst:  pop rax
orig inst: lea rsi, ptr [rip+0x222e71]
new inst:  push rax
new inst:  mov rax, qword ptr [rip-0x11b9a]
new inst:  lea rsi, ptr [rax]
new inst:  pop rax
orig inst: lea rcx, ptr [rip+0x222e3e]
new inst:  push rax
new inst:  mov rax, qword ptr [rip-0x11bd4]
new inst:  lea rcx, ptr [rax]
new inst:  pop rax
orig inst: mov r11d, dword ptr [rip+0x222d99]
new inst:  push rax
new inst:  mov rax, qword ptr [rip-0x11d5b]
new inst:  mov r11d, dword ptr [rax]
new inst:  pop rax
orig inst: lea rdi, ptr [rip+0x21ae18]
new inst:  push rax
new inst:  mov rax, qword ptr [rip-0x11da9]
new inst:  lea rdi, ptr [rax]
new inst:  pop rax
orig inst: mov rax, qword ptr [rip+0x21ae30]
new inst:  push rcx
new inst:  mov rcx, qword ptr [rip-0x11db6]
new inst:  mov rax, qword ptr [rcx]
new inst:  pop rcx
orig inst: mov qword ptr [rip+0x21ae19], rax
new inst:  push rcx
new inst:  mov rcx, qword ptr [rip-0x11dca]
new inst:  mov qword ptr [rcx], rax
new inst:  pop rcx
orig inst: lea rax, ptr [rip+0x223a9c]
new inst:  push rcx
new inst:  mov rcx, qword ptr [rip-0x11df2]
new inst:  lea rax, ptr [rcx]
new inst:  pop rcx
orig inst: mov qword ptr [rip+0x223aad], r12
new inst:  push rax
new inst:  mov rax, qword ptr [rip-0x11df6]
new inst:  mov qword ptr [rax], r12
new inst:  pop rax
orig inst: mov qword ptr [rip+0x222e4c], r12
new inst:  push rax
new inst:  mov rax, qword ptr [rip-0x11e04]
new inst:  mov qword ptr [rax], r12
new inst:  pop rax
orig inst: mov r15, qword ptr [rip+0x20c218]
new inst:  push rax
new inst:  mov rax, qword ptr [rip-0x11e33]
new inst:  mov r15, qword ptr [rax]
new inst:  pop rax
orig inst: lea rsi, ptr [rip+0x562e]
new inst:  push rax
new inst:  mov rax, qword ptr [rip-0x11eb4]
new inst:  lea rsi, ptr [rax]
new inst:  pop rax
orig inst: mov edx, dword ptr [rip+0x222d36]
new inst:  push rax
new inst:  mov rax, qword ptr [rip-0x11fd5]
new inst:  mov edx, dword ptr [rax]
new inst:  pop rax
orig inst: mov dword ptr [rip+0x222d28], eax
new inst:  push rcx
new inst:  mov rcx, qword ptr [rip-0x11fe6]
new inst:  mov dword ptr [rcx], eax
new inst:  pop rcx
orig inst: mov rdi, qword ptr [rip+0x2223df]
new inst:  push rax
new inst:  mov rax, qword ptr [rip-0x11ffa]
new inst:  mov rdi, qword ptr [rax]
new inst:  pop rax
orig inst: lea rcx, ptr [rip+0x21d938]
new inst:  push rax
new inst:  mov rax, qword ptr [rip-0x12012]
new inst:  lea rcx, ptr [rax]
new inst:  pop rax
orig inst: lea rdx, ptr [rip+0x21d939]
new inst:  push rax
new inst:  mov rax, qword ptr [rip-0x12016]
new inst:  lea rdx, ptr [rax]
new inst:  pop rax
orig inst: mov rsi, qword ptr [rip+0x21d7a6]
new inst:  push rax
new inst:  mov rax, qword ptr [rip-0x1202e]
new inst:  mov rsi, qword ptr [rax]
new inst:  pop rax
orig inst: mov rdi, qword ptr [rip+0x21d797]
new inst:  push rax
new inst:  mov rax, qword ptr [rip-0x12032]
new inst:  mov rdi, qword ptr [rax]
new inst:  pop rax
orig inst: mov r8, qword ptr [rip+0x216b1a]
new inst:  push rax
new inst:  mov rax, qword ptr [rip-0x12060]
new inst:  mov r8, qword ptr [rax]
new inst:  pop rax
orig inst: and r8, qword ptr [rip+0x216b17]
new inst:  push rax
new inst:  mov rax, qword ptr [rip-0x12068]
new inst:  and r8, qword ptr [rax]
new inst:  pop rax
orig inst: mov rax, qword ptr [rip+0x216b73]
new inst:  push rcx
new inst:  mov rcx, qword ptr [rip-0x1208b]
new inst:  mov rax, qword ptr [rcx]
new inst:  pop rcx
orig inst: lea rdi, ptr [rip+0x1093f]
new inst:  push rax
new inst:  mov rax, qword ptr [rip-0x1219c]
new inst:  lea rdi, ptr [rax]
new inst:  pop rax
orig inst: lea rcx, ptr [rip+0x20bd49]
new inst:  push rax
new inst:  mov rax, qword ptr [rip-0x121ce]
new inst:  lea rcx, ptr [rax]
new inst:  pop rax
orig inst: lea rcx, ptr [rip+0x108d5]
new inst:  push rax
new inst:  mov rax, qword ptr [rip-0x12256]
new inst:  lea rcx, ptr [rax]
new inst:  pop rax
orig inst: lea rsi, ptr [rip+0x104e9]
new inst:  push rax
new inst:  mov rax, qword ptr [rip-0x123fb]
new inst:  lea rsi, ptr [rax]
new inst:  pop rax
orig inst: lea rsi, ptr [rip+0x104c6]
new inst:  push rax
new inst:  mov rax, qword ptr [rip-0x12470]
new inst:  lea rsi, ptr [rax]
new inst:  pop rax
orig inst: mov qword ptr [rip+0x21d90e], rax
new inst:  push rcx
new inst:  mov rcx, qword ptr [rip-0x12680]
new inst:  mov qword ptr [rcx], rax
new inst:  pop rcx
orig inst: mov qword ptr [rip+0x21d8df], rax
new inst:  push rcx
new inst:  mov rcx, qword ptr [rip-0x1269a]
new inst:  mov qword ptr [rcx], rax
new inst:  pop rcx
orig inst: mov rax, qword ptr [rip+0x21d8e7]
new inst:  push rcx
new inst:  mov rcx, qword ptr [rip-0x126ad]
new inst:  mov rax, qword ptr [rcx]
new inst:  pop rcx
orig inst: lea rsi, ptr [rip+0x17672]
new inst:  push rax
new inst:  mov rax, qword ptr [rip-0x12702]
new inst:  lea rsi, ptr [rax]
new inst:  pop rax
orig inst: mov qword ptr [rip+0x21e430], rax
new inst:  push rcx
new inst:  mov rcx, qword ptr [rip-0x12712]
new inst:  mov qword ptr [rcx], rax
new inst:  pop rcx
orig inst: lea rsi, ptr [rip+0x167f5]
new inst:  push rax
new inst:  mov rax, qword ptr [rip-0x12722]
new inst:  lea rsi, ptr [rax]
new inst:  pop rax
orig inst: mov dword ptr [rip+0x21d85b], 0x0
new inst:  push rax
new inst:  mov rax, qword ptr [rip-0x1272e]
new inst:  mov dword ptr [rax], 0x0
new inst:  pop rax
orig inst: lea r12, ptr [rip+0x167bc]
new inst:  push rax
new inst:  mov rax, qword ptr [rip-0x12735]
new inst:  lea r12, ptr [rax]
new inst:  pop rax
orig inst: lea r13, ptr [rip+0x167ec]
new inst:  push rax
new inst:  mov rax, qword ptr [rip-0x12739]
new inst:  lea r13, ptr [rax]
new inst:  pop rax
orig inst: lea rax, ptr [rip+0x16799]
new inst:  push rcx
new inst:  mov rcx, qword ptr [rip-0x127d3]
new inst:  lea rax, ptr [rcx]
new inst:  pop rcx
orig inst: lea rax, ptr [rip+0x175d5]
new inst:  push rcx
new inst:  mov rcx, qword ptr [rip-0x127fd]
new inst:  lea rax, ptr [rcx]
new inst:  pop rcx
orig inst: mov rbx, qword ptr [rip+0x21d9c9]
new inst:  push rax
new inst:  mov rax, qword ptr [rip-0x12850]
new inst:  mov rbx, qword ptr [rax]
new inst:  pop rax
orig inst: mov qword ptr [rip+0x21e9ba], 0x1a
new inst:  push rax
new inst:  mov rax, qword ptr [rip-0x12858]
new inst:  mov qword ptr [rax], 0x1a
new inst:  pop rax
orig inst: mov qword ptr [rip+0x21d63d], 0xffffffffffffffff
new inst:  push rax
new inst:  mov rax, qword ptr [rip-0x128f0]
new inst:  mov qword ptr [rax], 0xffffffffffffffff
new inst:  pop rax
orig inst: mov rdi, qword ptr [rip+0x2231db]
new inst:  push rax
new inst:  mov rax, qword ptr [rip-0x12907]
new inst:  mov rdi, qword ptr [rax]
new inst:  pop rax
orig inst: mov rax, qword ptr [rip+0x214f11]
new inst:  push rcx
new inst:  mov rcx, qword ptr [rip-0x1292f]
new inst:  mov rax, qword ptr [rcx]
new inst:  pop rcx
orig inst: lea rcx, ptr [rip+0x214f9a]
new inst:  push rax
new inst:  mov rax, qword ptr [rip-0x1295d]
new inst:  lea rcx, ptr [rax]
new inst:  pop rax
orig inst: lea rcx, ptr [rip-0x59]
new inst:  push rax
new inst:  mov rax, qword ptr [rip-0x1296d]
new inst:  lea rcx, ptr [rax]
new inst:  pop rax
orig inst: cmp qword ptr [rip+0x2231d4], 0x0
new inst:  push rax
new inst:  mov rax, qword ptr [rip-0x1297a]
new inst:  cmp qword ptr [rax], 0x0
new inst:  pop rax
orig inst: mov rax, qword ptr [rip+0x2231f1]
new inst:  push rcx
new inst:  mov rcx, qword ptr [rip-0x12995]
new inst:  mov rax, qword ptr [rcx]
new inst:  pop rcx
orig inst: mov qword ptr [rip+0x2231b7], rax
new inst:  push rcx
new inst:  mov rcx, qword ptr [rip-0x1299c]
new inst:  mov qword ptr [rcx], rax
new inst:  pop rcx
orig inst: movzx eax, byte ptr [rip+0x2234bc]
new inst:  push rcx
new inst:  mov rcx, qword ptr [rip-0x129a0]
new inst:  movzx eax, byte ptr [rcx]
new inst:  pop rcx
orig inst: add dword ptr [rip+0x222811], 0x1
new inst:  push rax
new inst:  mov rax, qword ptr [rip-0x129a4]
new inst:  add dword ptr [rax], 0x1
new inst:  pop rax
orig inst: mov byte ptr [rip+0x2234a9], al
new inst:  push rcx
new inst:  mov rcx, qword ptr [rip-0x129ae]
new inst:  mov byte ptr [rcx], al
new inst:  pop rcx
orig inst: lea rax, ptr [rip+0x22318e]
new inst:  push rcx
new inst:  mov rcx, qword ptr [rip-0x129b1]
new inst:  lea rax, ptr [rcx]
new inst:  pop rcx
orig inst: add qword ptr [rip+0x223142], 0x1
new inst:  push rax
new inst:  mov rax, qword ptr [rip-0x129b9]
new inst:  add qword ptr [rax], 0x1
new inst:  pop rax
orig inst: cmp qword ptr [rip+0x22250a], 0xfffffffffffffffe
new inst:  push rax
new inst:  mov rax, qword ptr [rip-0x129be]
new inst:  cmp qword ptr [rax], 0xfffffffffffffffe
new inst:  pop rax
orig inst: mov qword ptr [rip+0x223193], rbx
new inst:  push rax
new inst:  mov rax, qword ptr [rip-0x129c3]
new inst:  mov qword ptr [rax], rbx
new inst:  pop rax
orig inst: mov qword ptr [rip+0x2224ee], rax
new inst:  push rcx
new inst:  mov rcx, qword ptr [rip-0x129df]
new inst:  mov qword ptr [rcx], rax
new inst:  pop rcx
orig inst: cmp word ptr [rip-0x384e], 0x40
new inst:  push rax
new inst:  mov rax, qword ptr [rip-0x129e3]
new inst:  cmp word ptr [rax], 0x40
new inst:  pop rax
orig inst: cmp word ptr [rip-0x385a], 0x38
new inst:  push rax
new inst:  mov rax, qword ptr [rip-0x129f4]
new inst:  cmp word ptr [rax], 0x38
new inst:  pop rax
orig inst: movzx eax, word ptr [rip-0x3865]
new inst:  push rcx
new inst:  mov rcx, qword ptr [rip-0x12a05]
new inst:  movzx eax, word ptr [rcx]
new inst:  pop rcx
orig inst: lea rdx, ptr [rip-0x38a4]
new inst:  push rax
new inst:  mov rax, qword ptr [rip-0x12a09]
new inst:  lea rdx, ptr [rax]
new inst:  pop rax
orig inst: add rdx, qword ptr [rip-0x388b]
new inst:  push rax
new inst:  mov rax, qword ptr [rip-0x12a0d]
new inst:  add rdx, qword ptr [rax]
new inst:  pop rax
orig inst: mov qword ptr [rip+0x2233bb], rdx
new inst:  push rax
new inst:  mov rax, qword ptr [rip-0x12a1c]
new inst:  mov qword ptr [rax], rdx
new inst:  pop rax
orig inst: mov word ptr [rip+0x2233c0], ax
new inst:  push rcx
new inst:  mov rcx, qword ptr [rip-0x12a24]
new inst:  mov word ptr [rcx], ax
new inst:  pop rcx
orig inst: mov qword ptr [rip+0x22353b], rax
new inst:  push rcx
new inst:  mov rcx, qword ptr [rip-0x12a62]
new inst:  mov qword ptr [rcx], rax
new inst:  pop rcx
orig inst: mov qword ptr [rip+0x223538], rax
new inst:  push rcx
new inst:  mov rcx, qword ptr [rip-0x12a6a]
new inst:  mov qword ptr [rcx], rax
new inst:  pop rcx
orig inst: cmp qword ptr [rip+0x2234f8], 0x0
new inst:  push rax
new inst:  mov rax, qword ptr [rip-0x12a6e]
new inst:  cmp qword ptr [rax], 0x0
new inst:  pop rax
orig inst: mov rax, qword ptr [rip+0x22371b]
new inst:  push rcx
new inst:  mov rcx, qword ptr [rip-0x12a7f]
new inst:  mov rax, qword ptr [rcx]
new inst:  pop rcx
orig inst: cmp byte ptr [rip+0x213cfd], 0x0
new inst:  push rax
new inst:  mov rax, qword ptr [rip-0x12ab0]
new inst:  cmp byte ptr [rax], 0x0
new inst:  pop rax
orig inst: mov rax, qword ptr [rip+0x213cf8]
new inst:  push rcx
new inst:  mov rcx, qword ptr [rip-0x12ac0]
new inst:  mov rax, qword ptr [rcx]
new inst:  pop rcx
orig inst: mov rax, qword ptr [rip+0x22316c]
new inst:  push rcx
new inst:  mov rcx, qword ptr [rip-0x12ae6]
new inst:  mov rax, qword ptr [rcx]
new inst:  pop rcx
orig inst: mov edx, dword ptr [rip+0x222497]
new inst:  push rax
new inst:  mov rax, qword ptr [rip-0x12b16]
new inst:  mov edx, dword ptr [rax]
new inst:  pop rax
orig inst: mov rdi, qword ptr [rip+0x222237]
new inst:  push rax
new inst:  mov rax, qword ptr [rip-0x12b3e]
new inst:  mov rdi, qword ptr [rax]
new inst:  pop rax
orig inst: lea rdi, ptr [rip+0x1ebab]
new inst:  push rax
new inst:  mov rax, qword ptr [rip-0x12b54]
new inst:  lea rdi, ptr [rax]
new inst:  pop rax
orig inst: mov eax, dword ptr [rip+0x21908d]
new inst:  push rcx
new inst:  mov rcx, qword ptr [rip-0x12c91]
new inst:  mov eax, dword ptr [rcx]
new inst:  pop rcx
orig inst: mov dword ptr [rip+0x219078], 0x0
new inst:  push rax
new inst:  mov rax, qword ptr [rip-0x12c9f]
new inst:  mov dword ptr [rax], 0x0
new inst:  pop rax
orig inst: lea rcx, ptr [rip-0x65b]
new inst:  push rax
new inst:  mov rax, qword ptr [rip-0x12e63]
new inst:  lea rcx, ptr [rax]
new inst:  pop rax
orig inst: lea rax, ptr [rip+0x226339]
new inst:  push rcx
new inst:  mov rcx, qword ptr [rip-0x12ec7]
new inst:  lea rax, ptr [rcx]
new inst:  pop rcx
orig inst: xor rax, qword ptr [rip+0x20a653]
new inst:  push rcx
new inst:  mov rcx, qword ptr [rip-0x12f01]
new inst:  xor rax, qword ptr [rcx]
new inst:  pop rcx
orig inst: xor rdx, qword ptr [rip+0x20a62f]
new inst:  push rax
new inst:  mov rax, qword ptr [rip-0x12f22]
new inst:  xor rdx, qword ptr [rax]
new inst:  pop rax
orig inst: xor rax, qword ptr [rip+0x20a61b]
new inst:  push rcx
new inst:  mov rcx, qword ptr [rip-0x12f33]
new inst:  xor rax, qword ptr [rcx]
new inst:  pop rcx
orig inst: cmp qword ptr [rip+0x21df37], r9
new inst:  push rax
new inst:  mov rax, qword ptr [rip-0x12fc5]
new inst:  cmp qword ptr [rax], r9
new inst:  pop rax
orig inst: lea r14, ptr [rip+0x21d62d]
new inst:  push rax
new inst:  mov rax, qword ptr [rip-0x12fcc]
new inst:  lea r14, ptr [rax]
new inst:  pop rax
orig inst: test byte ptr [rip+0x21d199], 0x40
new inst:  push rax
new inst:  mov rax, qword ptr [rip-0x131ed]
new inst:  test byte ptr [rax], 0x40
new inst:  pop rax
orig inst: mov edx, dword ptr [rip+0x21d2b7]
new inst:  push rax
new inst:  mov rax, qword ptr [rip-0x13202]
new inst:  mov edx, dword ptr [rax]
new inst:  pop rax
orig inst: test byte ptr [rip+0x21cf5e], 0x1
new inst:  push rax
new inst:  mov rax, qword ptr [rip-0x13265]
new inst:  test byte ptr [rax], 0x1
new inst:  pop rax
orig inst: mov rax, qword ptr [rip+0x21d180]
new inst:  push rcx
new inst:  mov rcx, qword ptr [rip-0x1329e]
new inst:  mov rax, qword ptr [rcx]
new inst:  pop rcx
orig inst: cmp qword ptr [rip+0x21d0d3], 0xffffffffffffffff
new inst:  push rax
new inst:  mov rax, qword ptr [rip-0x13378]
new inst:  cmp qword ptr [rax], 0xffffffffffffffff
new inst:  pop rax
orig inst: mov r9d, dword ptr [rip+0x21cb64]
new inst:  push rax
new inst:  mov rax, qword ptr [rip-0x133d4]
new inst:  mov r9d, dword ptr [rax]
new inst:  pop rax
orig inst: test byte ptr [rip+0x20da05], 0x1
new inst:  push rax
new inst:  mov rax, qword ptr [rip-0x13411]
new inst:  test byte ptr [rax], 0x1
new inst:  pop rax
orig inst: mov r12, qword ptr [rip+0x20ee08]
new inst:  push rax
new inst:  mov rax, qword ptr [rip-0x13421]
new inst:  mov r12, qword ptr [rax]
new inst:  pop rax
orig inst: lea rsi, ptr [rip+0x20eba9]
new inst:  push rax
new inst:  mov rax, qword ptr [rip-0x13434]
new inst:  lea rsi, ptr [rax]
new inst:  pop rax
orig inst: lea rdi, ptr [rip+0x7d73]
new inst:  push rax
new inst:  mov rax, qword ptr [rip-0x13438]
new inst:  lea rdi, ptr [rax]
new inst:  pop rax
orig inst: mov r14, qword ptr [rip+0x20eb84]
new inst:  push rax
new inst:  mov rax, qword ptr [rip-0x13610]
new inst:  mov r14, qword ptr [rax]
new inst:  pop rax
orig inst: lea rsi, ptr [rip+0x7d67]
new inst:  push rax
new inst:  mov rax, qword ptr [rip-0x13624]
new inst:  lea rsi, ptr [rax]
new inst:  pop rax
orig inst: mov qword ptr [rip+0x20eb62], r12
new inst:  push rax
new inst:  mov rax, qword ptr [rip-0x136ce]
new inst:  mov qword ptr [rax], r12
new inst:  pop rax
orig inst: mov qword ptr [rip+0x20eb38], r13
new inst:  push rax
new inst:  mov rax, qword ptr [rip-0x136ed]
new inst:  mov qword ptr [rax], r13
new inst:  pop rax
orig inst: lea rsi, ptr [rip+0x7d27]
new inst:  push rax
new inst:  mov rax, qword ptr [rip-0x136fd]
new inst:  lea rsi, ptr [rax]
new inst:  pop rax
orig inst: lea rdi, ptr [rip+0x7ae6]
new inst:  push rax
new inst:  mov rax, qword ptr [rip-0x1373e]
new inst:  lea rdi, ptr [rax]
new inst:  pop rax
orig inst: mov r12, qword ptr [rip+0x20edaf]
new inst:  push rax
new inst:  mov rax, qword ptr [rip-0x13764]
new inst:  mov r12, qword ptr [rax]
new inst:  pop rax
orig inst: mov rax, qword ptr [rip+0x20d959]
new inst:  push rcx
new inst:  mov rcx, qword ptr [rip-0x1391d]
new inst:  mov rax, qword ptr [rcx]
new inst:  pop rcx
orig inst: mov rax, qword ptr [rip+0x20d956]
new inst:  push rcx
new inst:  mov rcx, qword ptr [rip-0x13925]
new inst:  mov rax, qword ptr [rcx]
new inst:  pop rcx
orig inst: cmp dword ptr [rip+0x20d8db], 0x303
new inst:  push rax
new inst:  mov rax, qword ptr [rip-0x139e0]
new inst:  cmp dword ptr [rax], 0x303
new inst:  pop rax
orig inst: mov eax, dword ptr [rip+0x20d885]
new inst:  push rcx
new inst:  mov rcx, qword ptr [rip-0x139e7]
new inst:  mov eax, dword ptr [rcx]
new inst:  pop rcx
orig inst: test byte ptr [rip+0x20d509], 0x1
new inst:  push rax
new inst:  mov rax, qword ptr [rip-0x13abf]
new inst:  test byte ptr [rax], 0x1
new inst:  pop rax
orig inst: mov eax, dword ptr [rip+0x2206cb]
new inst:  push rcx
new inst:  mov rcx, qword ptr [rip-0x13dc4]
new inst:  mov eax, dword ptr [rcx]
new inst:  pop rcx
orig inst: mov dword ptr [rip+0x22199f], 0x0
new inst:  push rax
new inst:  mov rax, qword ptr [rip-0x13e14]
new inst:  mov dword ptr [rax], 0x0
new inst:  pop rax
orig inst: lea rsi, ptr [rip+0x1d0d8]
new inst:  push rax
new inst:  mov rax, qword ptr [rip-0x13ea9]
new inst:  lea rsi, ptr [rax]
new inst:  pop rax
orig inst: lea rsi, ptr [rip+0x191dd]
new inst:  push rax
new inst:  mov rax, qword ptr [rip-0x13ef8]
new inst:  lea rsi, ptr [rax]
new inst:  pop rax
orig inst: lea rsi, ptr [rip+0x1d0b8]
new inst:  push rax
new inst:  mov rax, qword ptr [rip-0x13f38]
new inst:  lea rsi, ptr [rax]
new inst:  pop rax
orig inst: lea rsi, ptr [rip+0x1cf79]
new inst:  push rax
new inst:  mov rax, qword ptr [rip-0x1408b]
new inst:  lea rsi, ptr [rax]
new inst:  pop rax
orig inst: lea rsi, ptr [rip+0x1cf79]
new inst:  push rax
new inst:  mov rax, qword ptr [rip-0x14100]
new inst:  lea rsi, ptr [rax]
new inst:  pop rax
orig inst: mov edx, dword ptr [rip+0x220338]
new inst:  push rax
new inst:  mov rax, qword ptr [rip-0x14159]
new inst:  mov edx, dword ptr [rax]
new inst:  pop rax
orig inst: test byte ptr [rip+0x21ce73], 0x1
new inst:  push rax
new inst:  mov rax, qword ptr [rip-0x141a8]
new inst:  test byte ptr [rax], 0x1
new inst:  pop rax
orig inst: mov rax, qword ptr [rip+0x21d267]
new inst:  push rcx
new inst:  mov rcx, qword ptr [rip-0x141e1]
new inst:  mov rax, qword ptr [rcx]
new inst:  pop rcx
orig inst: lea rsi, ptr [rip+0x21fc98]
new inst:  push rax
new inst:  mov rax, qword ptr [rip-0x142c4]
new inst:  lea rsi, ptr [rax]
new inst:  pop rax
orig inst: test byte ptr [rip+0x21f7dc], 0x40
new inst:  push rax
new inst:  mov rax, qword ptr [rip-0x1435a]
new inst:  test byte ptr [rax], 0x40
new inst:  pop rax
orig inst: mov rdx, qword ptr [rip+0x20be6e]
new inst:  push rax
new inst:  mov rax, qword ptr [rip-0x143c7]
new inst:  mov rdx, qword ptr [rax]
new inst:  pop rax
orig inst: cmp rax, qword ptr [rip+0x20d23d]
new inst:  push rcx
new inst:  mov rcx, qword ptr [rip-0x14423]
new inst:  cmp rax, qword ptr [rcx]
new inst:  pop rcx
orig inst: cmovz rdi, qword ptr [rip+0x20d23a]
new inst:  push rax
new inst:  mov rax, qword ptr [rip-0x1442a]
new inst:  cmovz rdi, qword ptr [rax]
new inst:  pop rax
orig inst: mov qword ptr [rip+0x20d228], rbx
new inst:  push rax
new inst:  mov rax, qword ptr [rip-0x14432]
new inst:  mov qword ptr [rax], rbx
new inst:  pop rax
orig inst: mov qword ptr [rip+0x20d216], rdi
new inst:  push rax
new inst:  mov rax, qword ptr [rip-0x14439]
new inst:  mov qword ptr [rax], rdi
new inst:  pop rax
orig inst: mov qword ptr [rip+0x20d21f], rbp
new inst:  push rax
new inst:  mov rax, qword ptr [rip-0x1443d]
new inst:  mov qword ptr [rax], rbp
new inst:  pop rax
orig inst: mov rdx, qword ptr [rip+0x21f601]
new inst:  push rax
new inst:  mov rax, qword ptr [rip-0x1476d]
new inst:  mov rdx, qword ptr [rax]
new inst:  pop rax
orig inst: cmp byte ptr [rip+0x213df9], 0x0
new inst:  push rax
new inst:  mov rax, qword ptr [rip-0x14944]
new inst:  cmp byte ptr [rax], 0x0
new inst:  pop rax
orig inst: mov rax, qword ptr [rip+0x213df4]
new inst:  push rcx
new inst:  mov rcx, qword ptr [rip-0x14954]
new inst:  mov rax, qword ptr [rcx]
new inst:  pop rcx
orig inst: mov qword ptr [rip+0x213de9], rax
new inst:  push rcx
new inst:  mov rcx, qword ptr [rip-0x1495c]
new inst:  mov qword ptr [rcx], rax
new inst:  pop rcx
orig inst: and rdi, qword ptr [rip+0x21f4aa]
new inst:  push rax
new inst:  mov rax, qword ptr [rip-0x14a62]
new inst:  and rdi, qword ptr [rax]
new inst:  pop rax
orig inst: test byte ptr [rip+0x20a876], 0x1
new inst:  push rax
new inst:  mov rax, qword ptr [rip-0x14a83]
new inst:  test byte ptr [rax], 0x1
new inst:  pop rax
orig inst: mov rsi, qword ptr [rip+0x21f35f]
new inst:  push rax
new inst:  mov rax, qword ptr [rip-0x14c7d]
new inst:  mov rsi, qword ptr [rax]
new inst:  pop rax
orig inst: mov eax, dword ptr [rip+0x22016d]
new inst:  push rcx
new inst:  mov rcx, qword ptr [rip-0x15122]
new inst:  mov eax, dword ptr [rcx]
new inst:  pop rcx
orig inst: test byte ptr [rip+0x21ee4d], 0x40
new inst:  push rax
new inst:  mov rax, qword ptr [rip-0x151a8]
new inst:  test byte ptr [rax], 0x40
new inst:  pop rax
orig inst: cmp qword ptr [rip+0x21ee5a], 0x0
new inst:  push rax
new inst:  mov rax, qword ptr [rip-0x1523b]
new inst:  cmp qword ptr [rax], 0x0
new inst:  pop rax
orig inst: mov edx, dword ptr [rip+0x21eeda]
new inst:  push rax
new inst:  mov rax, qword ptr [rip-0x1527c]
new inst:  mov edx, dword ptr [rax]
new inst:  pop rax
orig inst: lea r10, ptr [rip+0x39af]
new inst:  push rax
new inst:  mov rax, qword ptr [rip-0x15557]
new inst:  lea r10, ptr [rax]
new inst:  pop rax
orig inst: mov r11d, dword ptr [rip+0x218a4e]
new inst:  push rax
new inst:  mov rax, qword ptr [rip-0x15770]
new inst:  mov r11d, dword ptr [rax]
new inst:  pop rax
orig inst: mov dword ptr [rip+0x218a39], eax
new inst:  push rcx
new inst:  mov rcx, qword ptr [rip-0x15797]
new inst:  mov dword ptr [rcx], eax
new inst:  pop rcx
orig inst: test byte ptr [rip+0x2174f9], 0x8
new inst:  push rax
new inst:  mov rax, qword ptr [rip-0x15892]
new inst:  test byte ptr [rax], 0x8
new inst:  pop rax
orig inst: add rax, qword ptr [rip+0x222227]
new inst:  push rcx
new inst:  mov rcx, qword ptr [rip-0x15b4a]
new inst:  add rax, qword ptr [rcx]
new inst:  pop rcx
orig inst: mov qword ptr [rip+0x22221b], rax
new inst:  push rcx
new inst:  mov rcx, qword ptr [rip-0x15b53]
new inst:  mov qword ptr [rcx], rax
new inst:  pop rcx
orig inst: mov rax, qword ptr [rip+0x222f78]
new inst:  push rcx
new inst:  mov rcx, qword ptr [rip-0x15baa]
new inst:  mov rax, qword ptr [rcx]
new inst:  pop rcx
orig inst: mov rdx, qword ptr [rip+0x222f79]
new inst:  push rax
new inst:  mov rax, qword ptr [rip-0x15bae]
new inst:  mov rdx, qword ptr [rax]
new inst:  pop rax
orig inst: mov rax, qword ptr [rip+0x222f66]
new inst:  push rcx
new inst:  mov rcx, qword ptr [rip-0x15bb6]
new inst:  mov rax, qword ptr [rcx]
new inst:  pop rcx
orig inst: lea r8, ptr [rip+0x222f32]
new inst:  push rax
new inst:  mov rax, qword ptr [rip-0x15be3]
new inst:  lea r8, ptr [rax]
new inst:  pop rax
orig inst: mov qword ptr [rip+0x222eb2], rdi
new inst:  push rax
new inst:  mov rax, qword ptr [rip-0x15c35]
new inst:  mov qword ptr [rax], rdi
new inst:  pop rax
orig inst: mov rax, qword ptr [rip+0x222240]
new inst:  push rcx
new inst:  mov rcx, qword ptr [rip-0x15c58]
new inst:  mov rax, qword ptr [rcx]
new inst:  pop rcx
orig inst: mov qword ptr [rip+0x222e89], rdx
new inst:  push rax
new inst:  mov rax, qword ptr [rip-0x15c5c]
new inst:  mov qword ptr [rax], rdx
new inst:  pop rax
orig inst: lea rax, ptr [rip+0x222e40]
new inst:  push rcx
new inst:  mov rcx, qword ptr [rip-0x15ca0]
new inst:  lea rax, ptr [rcx]
new inst:  pop rcx
orig inst: mov rax, qword ptr [rip+0x222e4d]
new inst:  push rcx
new inst:  mov rcx, qword ptr [rip-0x15ca8]
new inst:  mov rax, qword ptr [rcx]
new inst:  pop rcx
orig inst: lea rsi, ptr [rip-0x226c]
new inst:  push rax
new inst:  mov rax, qword ptr [rip-0x15cd4]
new inst:  lea rsi, ptr [rax]
new inst:  pop rax
orig inst: lea rdi, ptr [rip-0x2e33]
new inst:  push rax
new inst:  mov rax, qword ptr [rip-0x15cd8]
new inst:  lea rdi, ptr [rax]
new inst:  pop rax
orig inst: mov rbp, qword ptr [rip+0x216a64]
new inst:  push rax
new inst:  mov rax, qword ptr [rip-0x15d17]
new inst:  mov rbp, qword ptr [rax]
new inst:  pop rax
orig inst: mov qword ptr [rip+0x216a57], r15
new inst:  push rax
new inst:  mov rax, qword ptr [rip-0x15d21]
new inst:  mov qword ptr [rax], r15
new inst:  pop rax
orig inst: mov rdi, qword ptr [rip+0x2246c2]
new inst:  push rax
new inst:  mov rax, qword ptr [rip-0x15d37]
new inst:  mov rdi, qword ptr [rax]
new inst:  pop rax
orig inst: lea rcx, ptr [rip+0x214198]
new inst:  push rax
new inst:  mov rax, qword ptr [rip-0x15e3c]
new inst:  lea rcx, ptr [rax]
new inst:  pop rax
orig inst: mov rdi, qword ptr [rip+0x213d3f]
new inst:  push rax
new inst:  mov rax, qword ptr [rip-0x15ef9]
new inst:  mov rdi, qword ptr [rax]
new inst:  pop rax
orig inst: lea r10, ptr [rip+0xd76c]
new inst:  push rax
new inst:  mov rax, qword ptr [rip-0x15efd]
new inst:  lea r10, ptr [rax]
new inst:  pop rax
orig inst: test byte ptr [rip+0x21420f], 0x10
new inst:  push rax
new inst:  mov rax, qword ptr [rip-0x15f41]
new inst:  test byte ptr [rax], 0x10
new inst:  pop rax
orig inst: mov qword ptr [rip+0x216a40], rbp
new inst:  push rax
new inst:  mov rax, qword ptr [rip-0x16495]
new inst:  mov qword ptr [rax], rbp
new inst:  pop rax
orig inst: movzx eax, byte ptr [rip+0x2233e9]
new inst:  push rcx
new inst:  mov rcx, qword ptr [rip-0x164a8]
new inst:  movzx eax, byte ptr [rcx]
new inst:  pop rcx
orig inst: cmp qword ptr [rip+0x2264ce], 0x0
new inst:  push rax
new inst:  mov rax, qword ptr [rip-0x164db]
new inst:  cmp qword ptr [rax], 0x0
new inst:  pop rax
orig inst: mov rbx, qword ptr [rip+0x226496]
new inst:  push rax
new inst:  mov rax, qword ptr [rip-0x164e1]
new inst:  mov rbx, qword ptr [rax]
new inst:  pop rax
orig inst: mov qword ptr [rip+0x22649f], rbx
new inst:  push rax
new inst:  mov rax, qword ptr [rip-0x164e5]
new inst:  mov qword ptr [rax], rbx
new inst:  pop rax
orig inst: cmp qword ptr [rip+0x2255d7], 0x0
new inst:  push rax
new inst:  mov rax, qword ptr [rip-0x16515]
new inst:  cmp qword ptr [rax], 0x0
new inst:  pop rax
orig inst: mov qword ptr [rip+0x22646c], rax
new inst:  push rcx
new inst:  mov rcx, qword ptr [rip-0x1651e]
new inst:  mov qword ptr [rcx], rax
new inst:  pop rcx
orig inst: mov rdx, qword ptr [rip+0x225505]
new inst:  push rax
new inst:  mov rax, qword ptr [rip-0x1653d]
new inst:  mov rdx, qword ptr [rax]
new inst:  pop rax
orig inst: mov r10, qword ptr [rip+0x213c9b]
new inst:  push rax
new inst:  mov rax, qword ptr [rip-0x165bf]
new inst:  mov r10, qword ptr [rax]
new inst:  pop rax
orig inst: mov qword ptr [rip+0x213b9f], rbx
new inst:  push rax
new inst:  mov rax, qword ptr [rip-0x166b4]
new inst:  mov qword ptr [rax], rbx
new inst:  pop rax
orig inst: mov qword ptr [rip+0x213b83], rax
new inst:  push rcx
new inst:  mov rcx, qword ptr [rip-0x166c5]
new inst:  mov qword ptr [rcx], rax
new inst:  pop rcx
orig inst: mov qword ptr [rip+0x213b8c], r9
new inst:  push rax
new inst:  mov rax, qword ptr [rip-0x166c9]
new inst:  mov qword ptr [rax], r9
new inst:  pop rax
orig inst: mov rbx, qword ptr [rip+0x213a15]
new inst:  push rax
new inst:  mov rax, qword ptr [rip-0x166f3]
new inst:  mov rbx, qword ptr [rax]
new inst:  pop rax
orig inst: mov rdi, qword ptr [rip+0x213a1e]
new inst:  push rax
new inst:  mov rax, qword ptr [rip-0x166f7]
new inst:  mov rdi, qword ptr [rax]
new inst:  pop rax
orig inst: mov rdi, qword ptr [rip+0x2139a4]
new inst:  push rax
new inst:  mov rax, qword ptr [rip-0x1675e]
new inst:  mov rdi, qword ptr [rax]
new inst:  pop rax
orig inst: mov qword ptr [rip+0x2263d1], rax
new inst:  push rcx
new inst:  mov rcx, qword ptr [rip-0x167ba]
new inst:  mov qword ptr [rcx], rax
new inst:  pop rcx
orig inst: mov byte ptr [rip+0x2263e2], 0x1
new inst:  push rax
new inst:  mov rax, qword ptr [rip-0x167da]
new inst:  mov byte ptr [rax], 0x1
new inst:  pop rax
orig inst: cmp qword ptr [rip+0x223415], 0x0
new inst:  push rax
new inst:  mov rax, qword ptr [rip-0x167ea]
new inst:  cmp qword ptr [rax], 0x0
new inst:  pop rax
orig inst: mov rdx, qword ptr [rip+0x22222c]
new inst:  push rax
new inst:  mov rax, qword ptr [rip-0x167fb]
new inst:  mov rdx, qword ptr [rax]
new inst:  pop rax
orig inst: mov qword ptr [rip+0x222206], 0x0
new inst:  push rax
new inst:  mov rax, qword ptr [rip-0x1681a]
new inst:  mov qword ptr [rax], 0x0
new inst:  pop rax
orig inst: mov qword ptr [rip+0x222017], rax
new inst:  push rcx
new inst:  mov rcx, qword ptr [rip-0x16822]
new inst:  mov qword ptr [rcx], rax
new inst:  pop rcx
orig inst: test byte ptr [rip+0x221b32], 0x2
new inst:  push rax
new inst:  mov rax, qword ptr [rip-0x16859]
new inst:  test byte ptr [rax], 0x2
new inst:  pop rax
orig inst: mov qword ptr [rip+0x221ed3], rax
new inst:  push rcx
new inst:  mov rcx, qword ptr [rip-0x16864]
new inst:  mov qword ptr [rcx], rax
new inst:  pop rcx
orig inst: mov qword ptr [rip+0x221b45], rdx
new inst:  push rax
new inst:  mov rax, qword ptr [rip-0x1686f]
new inst:  mov qword ptr [rax], rdx
new inst:  pop rax
orig inst: mov qword ptr [rip+0x221b36], rax
new inst:  push rcx
new inst:  mov rcx, qword ptr [rip-0x16873]
new inst:  mov qword ptr [rcx], rax
new inst:  pop rcx
orig inst: mov rax, qword ptr [rip+0x22282f]
new inst:  push rcx
new inst:  mov rcx, qword ptr [rip-0x16877]
new inst:  mov rax, qword ptr [rcx]
new inst:  pop rcx
orig inst: mov qword ptr [rip+0x221bf0], rax
new inst:  push rcx
new inst:  mov rcx, qword ptr [rip-0x1687b]
new inst:  mov qword ptr [rcx], rax
new inst:  pop rcx
orig inst: cmp qword ptr [rip+0x221d10], 0x0
new inst:  push rax
new inst:  mov rax, qword ptr [rip-0x1688e]
new inst:  cmp qword ptr [rax], 0x0
new inst:  pop rax
orig inst: or dword ptr [rip+0x221c79], r12d
new inst:  push rax
new inst:  mov rax, qword ptr [rip-0x16897]
new inst:  or dword ptr [rax], r12d
new inst:  pop rax
orig inst: lea r13, ptr [rip+0x22295e]
new inst:  push rax
new inst:  mov rax, qword ptr [rip-0x168a3]
new inst:  lea r13, ptr [rax]
new inst:  pop rax
orig inst: mov ecx, dword ptr [rip+0x221c22]
new inst:  push rax
new inst:  mov rax, qword ptr [rip-0x1694a]
new inst:  mov ecx, dword ptr [rax]
new inst:  pop rax
orig inst: cmp qword ptr [rip+0x219b57], 0x0
new inst:  push rax
new inst:  mov rax, qword ptr [rip-0x169af]
new inst:  cmp qword ptr [rax], 0x0
new inst:  pop rax
orig inst: test byte ptr [rip+0x2199c0], 0x20
new inst:  push rax
new inst:  mov rax, qword ptr [rip-0x16a04]
new inst:  test byte ptr [rax], 0x20
new inst:  pop rax
orig inst: mov eax, dword ptr [rip+0x219a09]
new inst:  push rcx
new inst:  mov rcx, qword ptr [rip-0x16a8f]
new inst:  mov eax, dword ptr [rcx]
new inst:  pop rcx
orig inst: lea rcx, ptr [rip+0xab67]
new inst:  push rax
new inst:  mov rax, qword ptr [rip-0x16ab1]
new inst:  lea rcx, ptr [rax]
new inst:  pop rax
orig inst: lea rax, ptr [rip+0xb140]
new inst:  push rcx
new inst:  mov rcx, qword ptr [rip-0x16ab5]
new inst:  lea rax, ptr [rcx]
new inst:  pop rcx
orig inst: lea rdx, ptr [rip+0x21a40d]
new inst:  push rax
new inst:  mov rax, qword ptr [rip-0x16c28]
new inst:  lea rdx, ptr [rax]
new inst:  pop rax
orig inst: add qword ptr [rip+0x21bf6a], 0x1
new inst:  push rax
new inst:  mov rax, qword ptr [rip-0x16f2d]
new inst:  add qword ptr [rax], 0x1
new inst:  pop rax
orig inst: test byte ptr [rip+0x21bd79], 0x8
new inst:  push rax
new inst:  mov rax, qword ptr [rip-0x170cc]
new inst:  test byte ptr [rax], 0x8
new inst:  pop rax
orig inst: mov edx, dword ptr [rip+0x21b123]
new inst:  push rax
new inst:  mov rax, qword ptr [rip-0x17514]
new inst:  mov edx, dword ptr [rax]
new inst:  pop rax
orig inst: lea rdi, ptr [rip+0x1262c]
new inst:  push rax
new inst:  mov rax, qword ptr [rip-0x175a8]
new inst:  lea rdi, ptr [rax]
new inst:  pop rax
orig inst: mov eax, dword ptr [rip+0x21bb56]
new inst:  push rcx
new inst:  mov rcx, qword ptr [rip-0x1767c]
new inst:  mov eax, dword ptr [rcx]
new inst:  pop rcx
orig inst: add qword ptr [rip+0x219b36], 0x1
new inst:  push rax
new inst:  mov rax, qword ptr [rip-0x17a27]
new inst:  add qword ptr [rax], 0x1
new inst:  pop rax
orig inst: mov rdx, qword ptr [rip+0x334469]
new inst:  push rax
new inst:  mov rax, qword ptr [rip-0x17bb7]
new inst:  mov rdx, qword ptr [rax]
new inst:  pop rax
orig inst: lea rax, ptr [rip+0xbaf72]
new inst:  push rcx
new inst:  mov rcx, qword ptr [rip-0x17bbb]
new inst:  lea rax, ptr [rcx]
new inst:  pop rcx
orig inst: lea rax, ptr [rip+0xd0281]
new inst:  push rcx
new inst:  mov rcx, qword ptr [rip-0x17bea]
new inst:  lea rax, ptr [rcx]
new inst:  pop rcx
orig inst: lea rcx, ptr [rip+0xd027b]
new inst:  push rax
new inst:  mov rax, qword ptr [rip-0x17bf2]
new inst:  lea rcx, ptr [rax]
new inst:  pop rax
orig inst: lea rdi, ptr [rip+0xd1d40]
new inst:  push rax
new inst:  mov rax, qword ptr [rip-0x17c83]
new inst:  lea rdi, ptr [rax]
new inst:  pop rax
orig inst: mov r10, qword ptr [rip+0x2800e9]
new inst:  push rax
new inst:  mov rax, qword ptr [rip-0x17ca6]
new inst:  mov r10, qword ptr [rax]
new inst:  pop rax
orig inst: lea rdx, ptr [rip-0x8e]
new inst:  push rax
new inst:  mov rax, qword ptr [rip-0x17d39]
new inst:  lea rdx, ptr [rax]
new inst:  pop rax
orig inst: mov rdx, qword ptr [rip+0x338be9]
new inst:  push rax
new inst:  mov rax, qword ptr [rip-0x17d49]
new inst:  mov rdx, qword ptr [rax]
new inst:  pop rax
orig inst: lea rax, ptr [rip+0x22]
new inst:  push rcx
new inst:  mov rcx, qword ptr [rip-0x17d4d]
new inst:  lea rax, ptr [rcx]
new inst:  pop rcx
orig inst: lea rax, ptr [rip+0xbf34f]
new inst:  push rcx
new inst:  mov rcx, qword ptr [rip-0x17d67]
new inst:  lea rax, ptr [rcx]
new inst:  pop rcx
orig inst: mov rdx, qword ptr [rip+0x332179]
new inst:  push rax
new inst:  mov rax, qword ptr [rip-0x17d6c]
new inst:  mov rdx, qword ptr [rax]
new inst:  pop rax
orig inst: lea rax, ptr [rip+0xba2f2]
new inst:  push rcx
new inst:  mov rcx, qword ptr [rip-0x17d70]
new inst:  lea rax, ptr [rcx]
new inst:  pop rcx
orig inst: mov rdx, qword ptr [rip+0x336779]
new inst:  push rax
new inst:  mov rax, qword ptr [rip-0x17d8b]
new inst:  mov rdx, qword ptr [rax]
new inst:  pop rax
orig inst: lea rax, ptr [rip+0x22]
new inst:  push rcx
new inst:  mov rcx, qword ptr [rip-0x17d8f]
new inst:  lea rax, ptr [rcx]
new inst:  pop rcx
orig inst: lea rax, ptr [rip+0xbd01f]
new inst:  push rcx
new inst:  mov rcx, qword ptr [rip-0x17da9]
new inst:  lea rax, ptr [rcx]
new inst:  pop rcx
orig inst: mov rdx, qword ptr [rip+0x3363e9]
new inst:  push rax
new inst:  mov rax, qword ptr [rip-0x17dae]
new inst:  mov rdx, qword ptr [rax]
new inst:  pop rax
orig inst: lea rax, ptr [rip+0x22]
new inst:  push rcx
new inst:  mov rcx, qword ptr [rip-0x17db2]
new inst:  lea rax, ptr [rcx]
new inst:  pop rcx
orig inst: lea rax, ptr [rip+0xbcdbf]
new inst:  push rcx
new inst:  mov rcx, qword ptr [rip-0x17dcc]
new inst:  lea rax, ptr [rcx]
new inst:  pop rcx
orig inst: lea rax, ptr [rip+0xd01a1]
new inst:  push rcx
new inst:  mov rcx, qword ptr [rip-0x17dd1]
new inst:  lea rax, ptr [rcx]
new inst:  pop rcx
orig inst: lea rcx, ptr [rip+0xd019b]
new inst:  push rax
new inst:  mov rax, qword ptr [rip-0x17dd9]
new inst:  lea rcx, ptr [rax]
new inst:  pop rax
orig inst: lea rdi, ptr [rip+0xd1c6c]
new inst:  push rax
new inst:  mov rax, qword ptr [rip-0x17e6a]
new inst:  lea rdi, ptr [rax]
new inst:  pop rax
orig inst: lea rdx, ptr [rip-0xae]
new inst:  push rax
new inst:  mov rax, qword ptr [rip-0x17e8d]
new inst:  lea rdx, ptr [rax]
new inst:  pop rax
orig inst: mov rcx, qword ptr [rip+0x334d1e]
new inst:  push rax
new inst:  mov rax, qword ptr [rip-0x17e9d]
new inst:  mov rcx, qword ptr [rax]
new inst:  pop rax
orig inst: lea rax, ptr [rip+0x11797]
new inst:  push rcx
new inst:  mov rcx, qword ptr [rip-0x17ea1]
new inst:  lea rax, ptr [rcx]
new inst:  pop rcx
orig inst: lea rax, ptr [rip+0xbe837]
new inst:  push rcx
new inst:  mov rcx, qword ptr [rip-0x17ec8]
new inst:  lea rax, ptr [rcx]
new inst:  pop rcx
orig inst: mov rax, qword ptr [rip+0x21902f]
new inst:  push rcx
new inst:  mov rcx, qword ptr [rip-0x17f56]
new inst:  mov rax, qword ptr [rcx]
new inst:  pop rcx
orig inst: cmp byte ptr [rip+0x222efc], 0x0
new inst:  push rax
new inst:  mov rax, qword ptr [rip-0x17fc1]
new inst:  cmp byte ptr [rax], 0x0
new inst:  pop rax
orig inst: mov rbp, qword ptr [rip+0x2131f3]
new inst:  push rax
new inst:  mov rax, qword ptr [rip-0x17fed]
new inst:  mov rbp, qword ptr [rax]
new inst:  pop rax
orig inst: mov rax, qword ptr [rip+0x2131e6]
new inst:  push rcx
new inst:  mov rcx, qword ptr [rip-0x18018]
new inst:  mov rax, qword ptr [rcx]
new inst:  pop rcx
orig inst: cmp qword ptr [rip+0x22289b], 0x0
new inst:  push rax
new inst:  mov rax, qword ptr [rip-0x18126]
new inst:  cmp qword ptr [rax], 0x0
new inst:  pop rax
orig inst: mov qword ptr [rip+0x222ed4], rax
new inst:  push rcx
new inst:  mov rcx, qword ptr [rip-0x1812b]
new inst:  mov qword ptr [rcx], rax
new inst:  pop rcx
orig inst: cmp qword ptr [rip+0x223101], 0x0
new inst:  push rax
new inst:  mov rax, qword ptr [rip-0x1814e]
new inst:  cmp qword ptr [rax], 0x0
new inst:  pop rax
orig inst: add qword ptr [rip+0x22312b], 0x1
new inst:  push rax
new inst:  mov rax, qword ptr [rip-0x1815f]
new inst:  add qword ptr [rax], 0x1
new inst:  pop rax
orig inst: mov rsi, qword ptr [rip+0x213936]
new inst:  push rax
new inst:  mov rax, qword ptr [rip-0x181a2]
new inst:  mov rsi, qword ptr [rax]
new inst:  pop rax
orig inst: mov r12, qword ptr [rip+0x21391a]
new inst:  push rax
new inst:  mov rax, qword ptr [rip-0x181c9]
new inst:  mov r12, qword ptr [rax]
new inst:  pop rax
orig inst: cmp rdx, qword ptr [rip+0x2138cf]
new inst:  push rax
new inst:  mov rax, qword ptr [rip-0x1823c]
new inst:  cmp rdx, qword ptr [rax]
new inst:  pop rax
orig inst: mov rsi, qword ptr [rip+0x213800]
new inst:  push rax
new inst:  mov rax, qword ptr [rip-0x1833b]
new inst:  mov rsi, qword ptr [rax]
new inst:  pop rax
orig inst: cmp byte ptr [rip+0x22315d], 0x0
new inst:  push rax
new inst:  mov rax, qword ptr [rip-0x18385]
new inst:  cmp byte ptr [rax], 0x0
new inst:  pop rax
orig inst: mov rax, qword ptr [rip+0x222b16]
new inst:  push rcx
new inst:  mov rcx, qword ptr [rip-0x18395]
new inst:  mov rax, qword ptr [rcx]
new inst:  pop rcx
orig inst: cmp qword ptr [rip+0x221ed7], rax
new inst:  push rcx
new inst:  mov rcx, qword ptr [rip-0x18399]
new inst:  cmp qword ptr [rcx], rax
new inst:  pop rcx
orig inst: and byte ptr [rip+0x222e1b], 0xfb
new inst:  push rax
new inst:  mov rax, qword ptr [rip-0x183be]
new inst:  and byte ptr [rax], 0xfb
new inst:  pop rax
orig inst: lea rdi, ptr [rip+0x222af0]
new inst:  push rax
new inst:  mov rax, qword ptr [rip-0x183d2]
new inst:  lea rdi, ptr [rax]
new inst:  pop rax
orig inst: add rax, qword ptr [rip+0x2230ea]
new inst:  push rcx
new inst:  mov rcx, qword ptr [rip-0x184f5]
new inst:  add rax, qword ptr [rcx]
new inst:  pop rcx
orig inst: mov qword ptr [rip+0x2230e0], rax
new inst:  push rcx
new inst:  mov rcx, qword ptr [rip-0x184fc]
new inst:  mov qword ptr [rcx], rax
new inst:  pop rcx
orig inst: mov eax, dword ptr [rip+0x221eed]
new inst:  push rcx
new inst:  mov rcx, qword ptr [rip-0x18514]
new inst:  mov eax, dword ptr [rcx]
new inst:  pop rcx
orig inst: mov rdi, qword ptr [rip+0x20e5e9]
new inst:  push rax
new inst:  mov rax, qword ptr [rip-0x1856d]
new inst:  mov rdi, qword ptr [rax]
new inst:  pop rax
orig inst: mov rsi, qword ptr [rip+0x20e5bd]
new inst:  push rax
new inst:  mov rax, qword ptr [rip-0x18589]
new inst:  mov rsi, qword ptr [rax]
new inst:  pop rax
orig inst: mov qword ptr [rip+0x20e5bd], 0x0
new inst:  push rax
new inst:  mov rax, qword ptr [rip-0x185ba]
new inst:  mov qword ptr [rax], 0x0
new inst:  pop rax
orig inst: sub rax, qword ptr [rip+0x224021]
new inst:  push rcx
new inst:  mov rcx, qword ptr [rip-0x185f8]
new inst:  sub rax, qword ptr [rcx]
new inst:  pop rcx
orig inst: test byte ptr [rip+0x22405a], 0x80
new inst:  push rax
new inst:  mov rax, qword ptr [rip-0x185fc]
new inst:  test byte ptr [rax], 0x80
new inst:  pop rax
orig inst: mov eax, dword ptr [rip+0x225037]
new inst:  push rcx
new inst:  mov rcx, qword ptr [rip-0x18625]
new inst:  mov eax, dword ptr [rcx]
new inst:  pop rcx
orig inst: mov rdi, qword ptr [rip+0x2253e6]
new inst:  push rax
new inst:  mov rax, qword ptr [rip-0x1863a]
new inst:  mov rdi, qword ptr [rax]
new inst:  pop rax
orig inst: mov rdi, qword ptr [rip+0x216232]
new inst:  push rax
new inst:  mov rax, qword ptr [rip-0x18683]
new inst:  mov rdi, qword ptr [rax]
new inst:  pop rax
orig inst: test byte ptr [rip+0x215639], 0x2
new inst:  push rax
new inst:  mov rax, qword ptr [rip-0x1877c]
new inst:  test byte ptr [rax], 0x2
new inst:  pop rax
orig inst: mov rax, qword ptr [rip+0x3a398e]
new inst:  push rcx
new inst:  mov rcx, qword ptr [rip-0x187af]
new inst:  mov rax, qword ptr [rcx]
new inst:  pop rcx
orig inst: mov rax, qword ptr [rip+0x3a38c9]
new inst:  push rcx
new inst:  mov rcx, qword ptr [rip-0x187c2]
new inst:  mov rax, qword ptr [rcx]
new inst:  pop rcx
orig inst: mov dword ptr [rip+0x3a399f], 0x0
new inst:  push rax
new inst:  mov rax, qword ptr [rip-0x187c6]
new inst:  mov dword ptr [rax], 0x0
new inst:  pop rax
orig inst: mov rax, qword ptr [rip+0x3a3785]
new inst:  push rcx
new inst:  mov rcx, qword ptr [rip-0x187d0]
new inst:  mov rax, qword ptr [rcx]
new inst:  pop rcx
orig inst: mov rax, qword ptr [rip+0x3a38da]
new inst:  push rcx
new inst:  mov rcx, qword ptr [rip-0x187e4]
new inst:  mov rax, qword ptr [rcx]
new inst:  pop rcx
orig inst: lea rcx, ptr [rip+0x16c028]
new inst:  push rax
new inst:  mov rax, qword ptr [rip-0x187e8]
new inst:  lea rcx, ptr [rax]
new inst:  pop rax
orig inst: mov dword ptr [rip+0x3a8d14], r12d
new inst:  push rax
new inst:  mov rax, qword ptr [rip-0x187ec]
new inst:  mov dword ptr [rax], r12d
new inst:  pop rax
orig inst: mov qword ptr [rip+0x3a8d05], rbp
new inst:  push rax
new inst:  mov rax, qword ptr [rip-0x187f0]
new inst:  mov qword ptr [rax], rbp
new inst:  pop rax
orig inst: lea rax, ptr [rip+0x16bff6]
new inst:  push rcx
new inst:  mov rcx, qword ptr [rip-0x1880c]
new inst:  lea rax, ptr [rcx]
new inst:  pop rcx
orig inst: lea rdi, ptr [rip+0x16bfbd]
new inst:  push rax
new inst:  mov rax, qword ptr [rip-0x18888]
new inst:  lea rdi, ptr [rax]
new inst:  pop rax
orig inst: lea rdi, ptr [rip+0x16bfae]
new inst:  push rax
new inst:  mov rax, qword ptr [rip-0x188bd]
new inst:  lea rdi, ptr [rax]
new inst:  pop rax
orig inst: mov qword ptr [rip+0x3a8c58], rax
new inst:  push rcx
new inst:  mov rcx, qword ptr [rip-0x188d1]
new inst:  mov qword ptr [rcx], rax
new inst:  pop rcx
orig inst: mov qword ptr [rip+0x3a8c3e], rax
new inst:  push rcx
new inst:  mov rcx, qword ptr [rip-0x188fe]
new inst:  mov qword ptr [rcx], rax
new inst:  pop rcx
orig inst: mov rax, qword ptr [rip+0x2bcb47]
new inst:  push rcx
new inst:  mov rcx, qword ptr [rip-0x189d0]
new inst:  mov rax, qword ptr [rcx]
new inst:  pop rcx
orig inst: mov rax, qword ptr [rip+0x2bcb19]
new inst:  push rcx
new inst:  mov rcx, qword ptr [rip-0x189db]
new inst:  mov rax, qword ptr [rcx]
new inst:  pop rcx
orig inst: mov rax, qword ptr [rip+0x395c81]
new inst:  push rcx
new inst:  mov rcx, qword ptr [rip-0x189ff]
new inst:  mov rax, qword ptr [rcx]
new inst:  pop rcx
orig inst: mov rcx, qword ptr [rip+0x395cba]
new inst:  push rax
new inst:  mov rax, qword ptr [rip-0x18a03]
new inst:  mov rcx, qword ptr [rax]
new inst:  pop rax
orig inst: mov rcx, qword ptr [rip+0x395d5f]
new inst:  push rax
new inst:  mov rax, qword ptr [rip-0x18a2b]
new inst:  mov rcx, qword ptr [rax]
new inst:  pop rax
orig inst: mov rdx, qword ptr [rip+0x395d95]
new inst:  push rax
new inst:  mov rax, qword ptr [rip-0x18a3a]
new inst:  mov rdx, qword ptr [rax]
new inst:  pop rax
orig inst: mov r13, qword ptr [rip+0x3a3ba5]
new inst:  push rax
new inst:  mov rax, qword ptr [rip-0x18aa5]
new inst:  mov r13, qword ptr [rax]
new inst:  pop rax
orig inst: mov rax, qword ptr [rip+0x3196a1]
new inst:  push rcx
new inst:  mov rcx, qword ptr [rip-0x18bb0]
new inst:  mov rax, qword ptr [rcx]
new inst:  pop rcx
orig inst: lea r11, ptr [rip+0xddb6a]
new inst:  push rax
new inst:  mov rax, qword ptr [rip-0x18bb4]
new inst:  lea r11, ptr [rax]
new inst:  pop rax
orig inst: mov qword ptr [rip+0x3a3e58], r12
new inst:  push rax
new inst:  mov rax, qword ptr [rip-0x19023]
new inst:  mov qword ptr [rax], r12
new inst:  pop rax
orig inst: mov qword ptr [rip+0x3a3e5a], r12
new inst:  push rax
new inst:  mov rax, qword ptr [rip-0x1902e]
new inst:  mov qword ptr [rax], r12
new inst:  pop rax
orig inst: mov qword ptr [rip+0x3a3e4b], rax
new inst:  push rcx
new inst:  mov rcx, qword ptr [rip-0x19032]
new inst:  mov qword ptr [rcx], rax
new inst:  pop rcx
orig inst: mov qword ptr [rip+0x3a3e4e], rax
new inst:  push rcx
new inst:  mov rcx, qword ptr [rip-0x1903c]
new inst:  mov qword ptr [rcx], rax
new inst:  pop rcx
orig inst: mov qword ptr [rip+0x3a3e03], rbp
new inst:  push rax
new inst:  mov rax, qword ptr [rip-0x19052]
new inst:  mov qword ptr [rax], rbp
new inst:  pop rax
orig inst: mov qword ptr [rip+0x3a3e05], rbp
new inst:  push rax
new inst:  mov rax, qword ptr [rip-0x1905d]
new inst:  mov qword ptr [rax], rbp
new inst:  pop rax
orig inst: mov qword ptr [rip+0x3a3df6], rax
new inst:  push rcx
new inst:  mov rcx, qword ptr [rip-0x19061]
new inst:  mov qword ptr [rcx], rax
new inst:  pop rcx
orig inst: mov qword ptr [rip+0x3a3df8], rax
new inst:  push rcx
new inst:  mov rcx, qword ptr [rip-0x1906c]
new inst:  mov qword ptr [rcx], rax
new inst:  pop rcx
orig inst: mov rcx, qword ptr [rip+0x3a3899]
new inst:  push rax
new inst:  mov rax, qword ptr [rip-0x19094]
new inst:  mov rcx, qword ptr [rax]
new inst:  pop rax
orig inst: lea rdx, ptr [rip+0xfe3f]
new inst:  push rax
new inst:  mov rax, qword ptr [rip-0x190cb]
new inst:  lea rdx, ptr [rax]
new inst:  pop rax
new inst:  push rax
new inst:  mov rax, qword ptr [rip-0x19115]
new inst:  mov rax, qword ptr [rax]
new inst:  xchg qword ptr [rsp], rax
orig inst: mov edx, dword ptr [rip+0x2161e5]
new inst:  push rax
new inst:  mov rax, qword ptr [rip-0x19335]
new inst:  mov edx, dword ptr [rax]
new inst:  pop rax
orig inst: mov rax, qword ptr [rip+0x3a37ef]
new inst:  push rcx
new inst:  mov rcx, qword ptr [rip-0x19407]
new inst:  mov rax, qword ptr [rcx]
new inst:  pop rcx
orig inst: lea rax, ptr [rip+0x3a3900]
new inst:  push rcx
new inst:  mov rcx, qword ptr [rip-0x1942f]
new inst:  lea rax, ptr [rcx]
new inst:  pop rcx
orig inst: lea rdi, ptr [rip+0x38a367]
new inst:  push rax
new inst:  mov rax, qword ptr [rip-0x19468]
new inst:  lea rdi, ptr [rax]
new inst:  pop rax
orig inst: cmp dword ptr [rip+0x38f689], 0x0
new inst:  push rax
new inst:  mov rax, qword ptr [rip-0x19492]
new inst:  cmp dword ptr [rax], 0x0
new inst:  pop rax
orig inst: cmpxchg dword ptr [rip+0x38bf84], esi
new inst:  push rax
new inst:  mov rax, qword ptr [rip-0x194a2]
new inst:  cmpxchg dword ptr [rax], esi
new inst:  pop rax
orig inst: lea rdi, ptr [rip+0x38bf7b]
new inst:  push rax
new inst:  mov rax, qword ptr [rip-0x194b2]
new inst:  lea rdi, ptr [rax]
new inst:  pop rax
orig inst: add qword ptr [rip+0x38f2a7], 0x1
new inst:  push rax
new inst:  mov rax, qword ptr [rip-0x1956d]
new inst:  add qword ptr [rax], 0x1
new inst:  pop rax
orig inst: cmp dword ptr [rip+0x38f5a0], 0x0
new inst:  push rax
new inst:  mov rax, qword ptr [rip-0x19572]
new inst:  cmp dword ptr [rax], 0x0
new inst:  pop rax
orig inst: dec dword ptr [rip+0x38be9d]
new inst:  push rax
new inst:  mov rax, qword ptr [rip-0x19582]
new inst:  dec dword ptr [rax]
new inst:  pop rax
orig inst: lea rdi, ptr [rip+0x38be94]
new inst:  push rax
new inst:  mov rax, qword ptr [rip-0x19591]
new inst:  lea rdi, ptr [rax]
new inst:  pop rax
orig inst: mov rdx, qword ptr [rip+0x3a36d6]
new inst:  push rax
new inst:  mov rax, qword ptr [rip-0x19615]
new inst:  mov rdx, qword ptr [rax]
new inst:  pop rax
orig inst: mov rax, qword ptr [rip+0x3a3707]
new inst:  push rcx
new inst:  mov rcx, qword ptr [rip-0x19639]
new inst:  mov rax, qword ptr [rcx]
new inst:  pop rcx
orig inst: lea r12, ptr [rip+0x201eae]
new inst:  push rax
new inst:  mov rax, qword ptr [rip-0x19655]
new inst:  lea r12, ptr [rax]
new inst:  pop rax
orig inst: lea rbp, ptr [rip+0x201eae]
new inst:  push rax
new inst:  mov rax, qword ptr [rip-0x1965a]
new inst:  lea rbp, ptr [rax]
new inst:  pop rax
orig inst: mov rax, qword ptr [rip+0x204fed]
new inst:  push rcx
new inst:  mov rcx, qword ptr [rip-0x19687]
new inst:  mov rax, qword ptr [rcx]
new inst:  pop rcx
orig inst: mov rax, qword ptr [rip+0x3a36aa]
new inst:  push rcx
new inst:  mov rcx, qword ptr [rip-0x19729]
new inst:  mov rax, qword ptr [rcx]
new inst:  pop rcx
orig inst: mov rax, qword ptr [rip+0x3a369b]
new inst:  push rcx
new inst:  mov rcx, qword ptr [rip-0x1981b]
new inst:  mov rax, qword ptr [rcx]
new inst:  pop rcx
orig inst: lea rsi, ptr [rip+0x38a5c1]
new inst:  push rax
new inst:  mov rax, qword ptr [rip-0x19858]
new inst:  lea rsi, ptr [rax]
new inst:  pop rax
orig inst: mov rbp, qword ptr [rip+0x3897b3]
new inst:  push rax
new inst:  mov rax, qword ptr [rip-0x198a3]
new inst:  mov rbp, qword ptr [rax]
new inst:  pop rax
orig inst: mov rax, qword ptr [rip+0x215e71]
new inst:  push rcx
new inst:  mov rcx, qword ptr [rip-0x19956]
new inst:  mov rax, qword ptr [rcx]
new inst:  pop rcx
orig inst: lea rcx, ptr [rip+0x215555]
new inst:  push rax
new inst:  mov rax, qword ptr [rip-0x19975]
new inst:  lea rcx, ptr [rax]
new inst:  pop rax
orig inst: lea rdi, ptr [rip+0x215e1a]
new inst:  push rax
new inst:  mov rax, qword ptr [rip-0x19986]
new inst:  lea rdi, ptr [rax]
new inst:  pop rax
orig inst: lea rdi, ptr [rip+0x215bf1]
new inst:  push rax
new inst:  mov rax, qword ptr [rip-0x19bf9]
new inst:  lea rdi, ptr [rax]
new inst:  pop rax
orig inst: test byte ptr [rip+0x214eed], 0x2
new inst:  push rax
new inst:  mov rax, qword ptr [rip-0x19c5f]
new inst:  test byte ptr [rax], 0x2
new inst:  pop rax
orig inst: cmp byte ptr [rip+0x204dc1], 0x0
new inst:  push rax
new inst:  mov rax, qword ptr [rip-0x19ca4]
new inst:  cmp byte ptr [rax], 0x0
new inst:  pop rax
orig inst: mov byte ptr [rip+0x204dae], 0x1
new inst:  push rax
new inst:  mov rax, qword ptr [rip-0x19ced]
new inst:  mov byte ptr [rax], 0x1
new inst:  pop rax
orig inst: mov eax, dword ptr [rip+0x214ff6]
new inst:  push rcx
new inst:  mov rcx, qword ptr [rip-0x19d3d]
new inst:  mov eax, dword ptr [rcx]
new inst:  pop rcx
orig inst: mov eax, dword ptr [rip+0x214eb2]
new inst:  push rcx
new inst:  mov rcx, qword ptr [rip-0x19dd6]
new inst:  mov eax, dword ptr [rcx]
new inst:  pop rcx
orig inst: test byte ptr [rip+0x214d34], 0x80
new inst:  push rax
new inst:  mov rax, qword ptr [rip-0x19dee]
new inst:  test byte ptr [rax], 0x80
new inst:  pop rax
orig inst: lea rbp, ptr [rip+0x38694c]
new inst:  push rax
new inst:  mov rax, qword ptr [rip-0x19e38]
new inst:  lea rbp, ptr [rax]
new inst:  pop rax
orig inst: lea r12, ptr [rip+0x38694d]
new inst:  push rax
new inst:  mov rax, qword ptr [rip-0x19e3c]
new inst:  lea r12, ptr [rax]
new inst:  pop rax
orig inst: mov rbx, qword ptr [rip+0x3492b9]
new inst:  push rax
new inst:  mov rax, qword ptr [rip-0x19e97]
new inst:  mov rbx, qword ptr [rax]
new inst:  pop rax
orig inst: mov r15d, dword ptr [rip+0x34a4e7]
new inst:  push rax
new inst:  mov rax, qword ptr [rip-0x19e9e]
new inst:  mov r15d, dword ptr [rax]
new inst:  pop rax
orig inst: mov qword ptr [rip+0x34a643], rbx
new inst:  push rax
new inst:  mov rax, qword ptr [rip-0x19ec0]
new inst:  mov qword ptr [rax], rbx
new inst:  pop rax
orig inst: mov eax, dword ptr [rip+0x34a562]
new inst:  push rcx
new inst:  mov rcx, qword ptr [rip-0x19f0c]
new inst:  mov eax, dword ptr [rcx]
new inst:  pop rcx
orig inst: mov qword ptr [rip+0x34a54f], 0x0
new inst:  push rax
new inst:  mov rax, qword ptr [rip-0x19f0f]
new inst:  mov qword ptr [rax], 0x0
new inst:  pop rax
orig inst: mov qword ptr [rip+0x34a643], rbx
new inst:  push rax
new inst:  mov rax, qword ptr [rip-0x19f3f]
new inst:  mov qword ptr [rax], rbx
new inst:  pop rax
orig inst: mov rbx, qword ptr [rip+0x3491ef]
new inst:  push rax
new inst:  mov rax, qword ptr [rip-0x19f7e]
new inst:  mov rbx, qword ptr [rax]
new inst:  pop rax
orig inst: mov r9, qword ptr [rip+0x2f775e]
new inst:  push rax
new inst:  mov rax, qword ptr [rip-0x1a00d]
new inst:  mov r9, qword ptr [rax]
new inst:  pop rax
