ss pc = 0x7f6df10a9003: push qword ptr [rip+0x5]
ss pc = 0x7f6df10a9009: jmp 0x7f6df10a9016
ss pc = 0x7f6df10a9016: push rbp
ss pc = 0x7f6df10a9017: mov rbp, rsp
ss pc = 0x7f6df10a901a: push r15
ss pc = 0x7f6df10a901c: push r14
ss pc = 0x7f6df10a901e: push r13
ss pc = 0x7f6df10a9020: push r12
ss pc = 0x7f6df10a9022: mov r12, rdi
ss pc = 0x7f6df10a9025: push rbx
ss pc = 0x7f6df10a9026: sub rsp, 0x38
ss pc = 0x7f6df10a902a: rdtsc 
ss pc = 0x7f6df10a902c: shl rdx, 0x20
ss pc = 0x7f6df10a9030: mov eax, eax
ss pc = 0x7f6df10a9032: or rax, rdx
ss pc = 0x7f6df10a9035: push rax
ss pc = 0x7f6df10a9036: mov rax, qword ptr [rip-0x1003d]
ss pc = 0x7f6df10a903d: lea rdx, ptr [rax]
ss pc = 0x7f6df10a9040: pop rax
ss pc = 0x7f6df10a9041: push rcx
ss pc = 0x7f6df10a9042: mov rcx, qword ptr [rip-0x10041]
ss pc = 0x7f6df10a9049: mov qword ptr [rcx], rax
ss pc = 0x7f6df10a904c: pop rcx
ss pc = 0x7f6df10a904d: push rcx
ss pc = 0x7f6df10a904e: mov rcx, qword ptr [rip-0x10045]
ss pc = 0x7f6df10a9055: mov rax, qword ptr [rcx]
ss pc = 0x7f6df10a9058: pop rcx
ss pc = 0x7f6df10a9059: mov r14, rdx
ss pc = 0x7f6df10a905c: push rax
ss pc = 0x7f6df10a905d: mov rax, qword ptr [rip-0x1004c]
ss pc = 0x7f6df10a9064: sub r14, qword ptr [rax]
ss pc = 0x7f6df10a9067: pop rax
ss pc = 0x7f6df10a9068: push rax
ss pc = 0x7f6df10a9069: mov rax, qword ptr [rip-0x10050]
ss pc = 0x7f6df10a9070: mov qword ptr [rax], rdx
ss pc = 0x7f6df10a9073: pop rax
ss pc = 0x7f6df10a9074: test rax, rax
ss pc = 0x7f6df10a9077: push rax
ss pc = 0x7f6df10a9078: mov rax, qword ptr [rip-0x10057]
ss pc = 0x7f6df10a907f: mov qword ptr [rax], r14
ss pc = 0x7f6df10a9082: pop rax
ss pc = 0x7f6df10a9083: jz 0x7f6df10a908e
ss pc = 0x7f6df10a9089: int3 
ss pc = 0x7f6df10a9089: jmp 0x7f6df10a908f
ss pc = 0x7f6df10a908f: push rax
ss pc = 0x7f6df10a9090: mov rax, qword ptr [rip-0x10067]
ss pc = 0x7f6df10a9097: lea rcx, ptr [rax]
ss pc = 0x7f6df10a909a: pop rax
ss pc = 0x7f6df10a909b: mov r9, 0x3800003d8
ss pc = 0x7f6df10a90a5: mov r8, 0x37ffffb78
ss pc = 0x7f6df10a90af: mov esi, 0x6fffffff
ss pc = 0x7f6df10a90b4: mov r11d, 0x6ffffdff
ss pc = 0x7f6df10a90ba: mov ebx, 0x6ffffeff
ss pc = 0x7f6df10a90bf: add r9, rcx
ss pc = 0x7f6df10a90c2: add r8, rcx
ss pc = 0x7f6df10a90c5: mov r10d, 0x31
ss pc = 0x7f6df10a90cb: mov edi, 0x70000021
ss pc = 0x7f6df10a90d0: int3 
ss pc = 0x7f6df10a90d1: cmp rax, 0x21
ss pc = 0x7f6df10a90d5: jbe 0x7f6df10a90e0
ss pc = 0x7f6df10a90e0: int3 
ss pc = 0x7f6df10a90e1: push rax
ss pc = 0x7f6df10a90e2: mov rax, qword ptr [rip-0x100b1]
ss pc = 0x7f6df10a90e9: lea rcx, ptr [rax]
ss pc = 0x7f6df10a90ec: pop rax
ss pc = 0x7f6df10a90ed: mov qword ptr [rcx+rax*8], rdx
ss pc = 0x7f6df10a90f1: add rdx, 0x10
ss pc = 0x7f6df10a90f5: mov rax, qword ptr [rdx]
ss pc = 0x7f6df10a90f8: test rax, rax
ss pc = 0x7f6df10a90fb: jz 0x7f6df10a9106
ss pc = 0x7f6df10a9101: int3 
ss pc = 0x7f6df10a9101: jmp 0x7f6df10a90d1
ss pc = 0x7f6df10a90d1: cmp rax, 0x21
ss pc = 0x7f6df10a90d5: jbe 0x7f6df10a90e1
ss pc = 0x7f6df10a90e1: push rax
ss pc = 0x7f6df10a90e2: mov rax, qword ptr [rip-0x100b1]
ss pc = 0x7f6df10a90e9: lea rcx, ptr [rax]
ss pc = 0x7f6df10a90ec: pop rax
ss pc = 0x7f6df10a90ed: mov qword ptr [rcx+rax*8], rdx
ss pc = 0x7f6df10a90f1: add rdx, 0x10
ss pc = 0x7f6df10a90f5: mov rax, qword ptr [rdx]
ss pc = 0x7f6df10a90f8: test rax, rax
ss pc = 0x7f6df10a90fb: jz 0x7f6df10a9106
ss pc = 0x7f6df10a9101: jmp 0x7f6df10a90d1
ss pc = 0x7f6df10a90d1: cmp rax, 0x21
ss pc = 0x7f6df10a90d5: jbe 0x7f6df10a90e1
ss pc = 0x7f6df10a90db: int3 
ss pc = 0x7f6df10a90db: jmp 0x7f6df10a9107
ss pc = 0x7f6df10a9107: mov rcx, rsi
ss pc = 0x7f6df10a910a: sub rcx, rax
ss pc = 0x7f6df10a910d: cmp rcx, 0xf
ss pc = 0x7f6df10a9111: jnbe 0x7f6df10a911c
ss pc = 0x7f6df10a911c: int3 
ss pc = 0x7f6df10a911d: lea ecx, ptr [rax+rax*1]
ss pc = 0x7f6df10a9120: sar ecx, 0x1
ss pc = 0x7f6df10a9122: cmp ecx, 0xfffffffc
ss pc = 0x7f6df10a9125: jbe 0x7f6df10a9130
ss pc = 0x7f6df10a9130: int3 
ss pc = 0x7f6df10a9131: mov rcx, r11
ss pc = 0x7f6df10a9134: sub rcx, rax
ss pc = 0x7f6df10a9137: cmp rcx, 0xb
ss pc = 0x7f6df10a913b: jnbe 0x7f6df10a9146
ss pc = 0x7f6df10a9146: int3 
ss pc = 0x7f6df10a9147: mov rcx, rbx
ss pc = 0x7f6df10a914a: sub rcx, rax
ss pc = 0x7f6df10a914d: cmp rcx, 0xa
ss pc = 0x7f6df10a9151: jnbe 0x7f6df10a915c
ss pc = 0x7f6df10a9157: int3 
ss pc = 0x7f6df10a9157: jmp 0x7f6df10a915d
ss pc = 0x7f6df10a915d: neg rax
ss pc = 0x7f6df10a9160: mov qword ptr [r9+rax*8], rdx
ss pc = 0x7f6df10a9164: jmp 0x7f6df10a9169
ss pc = 0x7f6df10a9169: add rdx, 0x10
ss pc = 0x7f6df10a916d: mov rax, qword ptr [rdx]
ss pc = 0x7f6df10a9170: test rax, rax
ss pc = 0x7f6df10a9173: jz 0x7f6df10a917e
ss pc = 0x7f6df10a9179: int3 
ss pc = 0x7f6df10a9179: jmp 0x7f6df10a90d1
ss pc = 0x7f6df10a90d1: cmp rax, 0x21
ss pc = 0x7f6df10a90d5: jbe 0x7f6df10a90e1
ss pc = 0x7f6df10a90e1: push rax
ss pc = 0x7f6df10a90e2: mov rax, qword ptr [rip-0x100b1]
ss pc = 0x7f6df10a90e9: lea rcx, ptr [rax]
ss pc = 0x7f6df10a90ec: pop rax
ss pc = 0x7f6df10a90ed: mov qword ptr [rcx+rax*8], rdx
ss pc = 0x7f6df10a90f1: add rdx, 0x10
ss pc = 0x7f6df10a90f5: mov rax, qword ptr [rdx]
ss pc = 0x7f6df10a90f8: test rax, rax
ss pc = 0x7f6df10a90fb: jz 0x7f6df10a9106
ss pc = 0x7f6df10a9101: jmp 0x7f6df10a90d1
ss pc = 0x7f6df10a90d1: cmp rax, 0x21
ss pc = 0x7f6df10a90d5: jbe 0x7f6df10a90e1
ss pc = 0x7f6df10a90e1: push rax
ss pc = 0x7f6df10a90e2: mov rax, qword ptr [rip-0x100b1]
ss pc = 0x7f6df10a90e9: lea rcx, ptr [rax]
ss pc = 0x7f6df10a90ec: pop rax
ss pc = 0x7f6df10a90ed: mov qword ptr [rcx+rax*8], rdx
ss pc = 0x7f6df10a90f1: add rdx, 0x10
ss pc = 0x7f6df10a90f5: mov rax, qword ptr [rdx]
ss pc = 0x7f6df10a90f8: test rax, rax
ss pc = 0x7f6df10a90fb: jz 0x7f6df10a9106
ss pc = 0x7f6df10a9101: jmp 0x7f6df10a90d1
ss pc = 0x7f6df10a90d1: cmp rax, 0x21
ss pc = 0x7f6df10a90d5: jbe 0x7f6df10a90e1
ss pc = 0x7f6df10a90e1: push rax
ss pc = 0x7f6df10a90e2: mov rax, qword ptr [rip-0x100b1]
ss pc = 0x7f6df10a90e9: lea rcx, ptr [rax]
ss pc = 0x7f6df10a90ec: pop rax
ss pc = 0x7f6df10a90ed: mov qword ptr [rcx+rax*8], rdx
ss pc = 0x7f6df10a90f1: add rdx, 0x10
ss pc = 0x7f6df10a90f5: mov rax, qword ptr [rdx]
ss pc = 0x7f6df10a90f8: test rax, rax
ss pc = 0x7f6df10a90fb: jz 0x7f6df10a9106
ss pc = 0x7f6df10a9101: jmp 0x7f6df10a90d1
ss pc = 0x7f6df10a90d1: cmp rax, 0x21
ss pc = 0x7f6df10a90d5: jbe 0x7f6df10a90e1
ss pc = 0x7f6df10a90e1: push rax
ss pc = 0x7f6df10a90e2: mov rax, qword ptr [rip-0x100b1]
ss pc = 0x7f6df10a90e9: lea rcx, ptr [rax]
ss pc = 0x7f6df10a90ec: pop rax
ss pc = 0x7f6df10a90ed: mov qword ptr [rcx+rax*8], rdx
ss pc = 0x7f6df10a90f1: add rdx, 0x10
ss pc = 0x7f6df10a90f5: mov rax, qword ptr [rdx]
ss pc = 0x7f6df10a90f8: test rax, rax
ss pc = 0x7f6df10a90fb: jz 0x7f6df10a9106
ss pc = 0x7f6df10a9101: jmp 0x7f6df10a90d1
ss pc = 0x7f6df10a90d1: cmp rax, 0x21
ss pc = 0x7f6df10a90d5: jbe 0x7f6df10a90e1
ss pc = 0x7f6df10a90e1: push rax
ss pc = 0x7f6df10a90e2: mov rax, qword ptr [rip-0x100b1]
ss pc = 0x7f6df10a90e9: lea rcx, ptr [rax]
ss pc = 0x7f6df10a90ec: pop rax
ss pc = 0x7f6df10a90ed: mov qword ptr [rcx+rax*8], rdx
ss pc = 0x7f6df10a90f1: add rdx, 0x10
ss pc = 0x7f6df10a90f5: mov rax, qword ptr [rdx]
ss pc = 0x7f6df10a90f8: test rax, rax
ss pc = 0x7f6df10a90fb: jz 0x7f6df10a9106
ss pc = 0x7f6df10a9101: jmp 0x7f6df10a90d1
ss pc = 0x7f6df10a90d1: cmp rax, 0x21
ss pc = 0x7f6df10a90d5: jbe 0x7f6df10a90e1
ss pc = 0x7f6df10a90e1: push rax
ss pc = 0x7f6df10a90e2: mov rax, qword ptr [rip-0x100b1]
ss pc = 0x7f6df10a90e9: lea rcx, ptr [rax]
ss pc = 0x7f6df10a90ec: pop rax
ss pc = 0x7f6df10a90ed: mov qword ptr [rcx+rax*8], rdx
ss pc = 0x7f6df10a90f1: add rdx, 0x10
ss pc = 0x7f6df10a90f5: mov rax, qword ptr [rdx]
ss pc = 0x7f6df10a90f8: test rax, rax
ss pc = 0x7f6df10a90fb: jz 0x7f6df10a9106
ss pc = 0x7f6df10a9101: jmp 0x7f6df10a90d1
ss pc = 0x7f6df10a90d1: cmp rax, 0x21
ss pc = 0x7f6df10a90d5: jbe 0x7f6df10a90e1
ss pc = 0x7f6df10a90e1: push rax
ss pc = 0x7f6df10a90e2: mov rax, qword ptr [rip-0x100b1]
ss pc = 0x7f6df10a90e9: lea rcx, ptr [rax]
ss pc = 0x7f6df10a90ec: pop rax
ss pc = 0x7f6df10a90ed: mov qword ptr [rcx+rax*8], rdx
ss pc = 0x7f6df10a90f1: add rdx, 0x10
ss pc = 0x7f6df10a90f5: mov rax, qword ptr [rdx]
ss pc = 0x7f6df10a90f8: test rax, rax
ss pc = 0x7f6df10a90fb: jz 0x7f6df10a9106
ss pc = 0x7f6df10a9101: jmp 0x7f6df10a90d1
ss pc = 0x7f6df10a90d1: cmp rax, 0x21
ss pc = 0x7f6df10a90d5: jbe 0x7f6df10a90e1
ss pc = 0x7f6df10a90e1: push rax
ss pc = 0x7f6df10a90e2: mov rax, qword ptr [rip-0x100b1]
ss pc = 0x7f6df10a90e9: lea rcx, ptr [rax]
ss pc = 0x7f6df10a90ec: pop rax
ss pc = 0x7f6df10a90ed: mov qword ptr [rcx+rax*8], rdx
ss pc = 0x7f6df10a90f1: add rdx, 0x10
ss pc = 0x7f6df10a90f5: mov rax, qword ptr [rdx]
ss pc = 0x7f6df10a90f8: test rax, rax
ss pc = 0x7f6df10a90fb: jz 0x7f6df10a9106
ss pc = 0x7f6df10a9101: jmp 0x7f6df10a90d1
ss pc = 0x7f6df10a90d1: cmp rax, 0x21
ss pc = 0x7f6df10a90d5: jbe 0x7f6df10a90e1
ss pc = 0x7f6df10a90e1: push rax
ss pc = 0x7f6df10a90e2: mov rax, qword ptr [rip-0x100b1]
ss pc = 0x7f6df10a90e9: lea rcx, ptr [rax]
ss pc = 0x7f6df10a90ec: pop rax
ss pc = 0x7f6df10a90ed: mov qword ptr [rcx+rax*8], rdx
ss pc = 0x7f6df10a90f1: add rdx, 0x10
ss pc = 0x7f6df10a90f5: mov rax, qword ptr [rdx]
ss pc = 0x7f6df10a90f8: test rax, rax
ss pc = 0x7f6df10a90fb: jz 0x7f6df10a9106
ss pc = 0x7f6df10a9101: jmp 0x7f6df10a90d1
ss pc = 0x7f6df10a90d1: cmp rax, 0x21
ss pc = 0x7f6df10a90d5: jbe 0x7f6df10a90e1
ss pc = 0x7f6df10a90e1: push rax
ss pc = 0x7f6df10a90e2: mov rax, qword ptr [rip-0x100b1]
ss pc = 0x7f6df10a90e9: lea rcx, ptr [rax]
ss pc = 0x7f6df10a90ec: pop rax
ss pc = 0x7f6df10a90ed: mov qword ptr [rcx+rax*8], rdx
ss pc = 0x7f6df10a90f1: add rdx, 0x10
ss pc = 0x7f6df10a90f5: mov rax, qword ptr [rdx]
ss pc = 0x7f6df10a90f8: test rax, rax
ss pc = 0x7f6df10a90fb: jz 0x7f6df10a9106
ss pc = 0x7f6df10a9101: jmp 0x7f6df10a90d1
ss pc = 0x7f6df10a90d1: cmp rax, 0x21
ss pc = 0x7f6df10a90d5: jbe 0x7f6df10a90e1
ss pc = 0x7f6df10a90e1: push rax
ss pc = 0x7f6df10a90e2: mov rax, qword ptr [rip-0x100b1]
ss pc = 0x7f6df10a90e9: lea rcx, ptr [rax]
ss pc = 0x7f6df10a90ec: pop rax
ss pc = 0x7f6df10a90ed: mov qword ptr [rcx+rax*8], rdx
ss pc = 0x7f6df10a90f1: add rdx, 0x10
ss pc = 0x7f6df10a90f5: mov rax, qword ptr [rdx]
ss pc = 0x7f6df10a90f8: test rax, rax
ss pc = 0x7f6df10a90fb: jz 0x7f6df10a9106
ss pc = 0x7f6df10a9101: jmp 0x7f6df10a90d1
ss pc = 0x7f6df10a90d1: cmp rax, 0x21
ss pc = 0x7f6df10a90d5: jbe 0x7f6df10a90e1
ss pc = 0x7f6df10a90db: jmp 0x7f6df10a9107
ss pc = 0x7f6df10a9107: mov rcx, rsi
ss pc = 0x7f6df10a910a: sub rcx, rax
ss pc = 0x7f6df10a910d: cmp rcx, 0xf
ss pc = 0x7f6df10a9111: jnbe 0x7f6df10a911d
ss pc = 0x7f6df10a9117: int3 
ss pc = 0x7f6df10a9117: jmp 0x7f6df10a917f
ss pc = 0x7f6df10a917f: mov rcx, rdi
ss pc = 0x7f6df10a9182: sub rcx, rax
ss pc = 0x7f6df10a9185: push rcx
ss pc = 0x7f6df10a9186: mov rcx, qword ptr [rip-0x1014d]
ss pc = 0x7f6df10a918d: lea rax, ptr [rcx]
ss pc = 0x7f6df10a9190: pop rcx
ss pc = 0x7f6df10a9191: mov qword ptr [rax+rcx*8], rdx
ss pc = 0x7f6df10a9195: add rdx, 0x10
ss pc = 0x7f6df10a9199: mov rax, qword ptr [rdx]
ss pc = 0x7f6df10a919c: test rax, rax
ss pc = 0x7f6df10a919f: jnz 0x7f6df10a91aa
ss pc = 0x7f6df10a91aa: int3 
ss pc = 0x7f6df10a90d1: cmp rax, 0x21
ss pc = 0x7f6df10a90d5: jbe 0x7f6df10a90e1
ss pc = 0x7f6df10a90db: jmp 0x7f6df10a9107
ss pc = 0x7f6df10a9107: mov rcx, rsi
ss pc = 0x7f6df10a910a: sub rcx, rax
ss pc = 0x7f6df10a910d: cmp rcx, 0xf
ss pc = 0x7f6df10a9111: jnbe 0x7f6df10a911d
ss pc = 0x7f6df10a9117: jmp 0x7f6df10a917f
ss pc = 0x7f6df10a917f: mov rcx, rdi
ss pc = 0x7f6df10a9182: sub rcx, rax
ss pc = 0x7f6df10a9185: push rcx
ss pc = 0x7f6df10a9186: mov rcx, qword ptr [rip-0x1014d]
ss pc = 0x7f6df10a918d: lea rax, ptr [rcx]
ss pc = 0x7f6df10a9190: pop rcx
ss pc = 0x7f6df10a9191: mov qword ptr [rax+rcx*8], rdx
ss pc = 0x7f6df10a9195: add rdx, 0x10
ss pc = 0x7f6df10a9199: mov rax, qword ptr [rdx]
ss pc = 0x7f6df10a919c: test rax, rax
ss pc = 0x7f6df10a919f: jnz 0x7f6df10a90d1
ss pc = 0x7f6df10a90d1: cmp rax, 0x21
ss pc = 0x7f6df10a90d5: jbe 0x7f6df10a90e1
ss pc = 0x7f6df10a90db: jmp 0x7f6df10a9107
ss pc = 0x7f6df10a9107: mov rcx, rsi
ss pc = 0x7f6df10a910a: sub rcx, rax
ss pc = 0x7f6df10a910d: cmp rcx, 0xf
ss pc = 0x7f6df10a9111: jnbe 0x7f6df10a911d
ss pc = 0x7f6df10a9117: jmp 0x7f6df10a917f
ss pc = 0x7f6df10a917f: mov rcx, rdi
ss pc = 0x7f6df10a9182: sub rcx, rax
ss pc = 0x7f6df10a9185: push rcx
ss pc = 0x7f6df10a9186: mov rcx, qword ptr [rip-0x1014d]
ss pc = 0x7f6df10a918d: lea rax, ptr [rcx]
ss pc = 0x7f6df10a9190: pop rcx
ss pc = 0x7f6df10a9191: mov qword ptr [rax+rcx*8], rdx
ss pc = 0x7f6df10a9195: add rdx, 0x10
ss pc = 0x7f6df10a9199: mov rax, qword ptr [rdx]
ss pc = 0x7f6df10a919c: test rax, rax
ss pc = 0x7f6df10a919f: jnz 0x7f6df10a90d1
ss pc = 0x7f6df10a90d1: cmp rax, 0x21
ss pc = 0x7f6df10a90d5: jbe 0x7f6df10a90e1
ss pc = 0x7f6df10a90db: jmp 0x7f6df10a9107
ss pc = 0x7f6df10a9107: mov rcx, rsi
ss pc = 0x7f6df10a910a: sub rcx, rax
ss pc = 0x7f6df10a910d: cmp rcx, 0xf
ss pc = 0x7f6df10a9111: jnbe 0x7f6df10a911d
ss pc = 0x7f6df10a9117: jmp 0x7f6df10a917f
ss pc = 0x7f6df10a917f: mov rcx, rdi
ss pc = 0x7f6df10a9182: sub rcx, rax
ss pc = 0x7f6df10a9185: push rcx
ss pc = 0x7f6df10a9186: mov rcx, qword ptr [rip-0x1014d]
ss pc = 0x7f6df10a918d: lea rax, ptr [rcx]
ss pc = 0x7f6df10a9190: pop rcx
ss pc = 0x7f6df10a9191: mov qword ptr [rax+rcx*8], rdx
ss pc = 0x7f6df10a9195: add rdx, 0x10
ss pc = 0x7f6df10a9199: mov rax, qword ptr [rdx]
ss pc = 0x7f6df10a919c: test rax, rax
ss pc = 0x7f6df10a919f: jnz 0x7f6df10a90d1
ss pc = 0x7f6df10a91a5: int3 
ss pc = 0x7f6df10a91a5: jmp 0x7f6df10a91ab
ss pc = 0x7f6df10a91ab: test r14, r14
ss pc = 0x7f6df10a91ae: jz 0x7f6df10a91b9
ss pc = 0x7f6df10a91b4: int3 
ss pc = 0x7f6df10a91b4: jmp 0x7f6df10a91ba
ss pc = 0x7f6df10a91ba: push rcx
ss pc = 0x7f6df10a91bb: mov rcx, qword ptr [rip-0x1017a]
ss pc = 0x7f6df10a91c2: mov rax, qword ptr [rcx]
ss pc = 0x7f6df10a91c5: pop rcx
ss pc = 0x7f6df10a91c6: test rax, rax
ss pc = 0x7f6df10a91c9: jz 0x7f6df10a91d4
ss pc = 0x7f6df10a91cf: int3 
ss pc = 0x7f6df10a91cf: jmp 0x7f6df10a91d5
ss pc = 0x7f6df10a91d5: add qword ptr [rax+0x8], r14
ss pc = 0x7f6df10a91d9: push rcx
ss pc = 0x7f6df10a91da: mov rcx, qword ptr [rip-0x10191]
ss pc = 0x7f6df10a91e1: mov rax, qword ptr [rcx]
ss pc = 0x7f6df10a91e4: pop rcx
ss pc = 0x7f6df10a91e5: test rax, rax
ss pc = 0x7f6df10a91e8: jz 0x7f6df10a91f3
ss pc = 0x7f6df10a91ee: int3 
ss pc = 0x7f6df10a91ee: jmp 0x7f6df10a91f4
ss pc = 0x7f6df10a91f4: add qword ptr [rax+0x8], r14
ss pc = 0x7f6df10a91f8: push rcx
ss pc = 0x7f6df10a91f9: mov rcx, qword ptr [rip-0x101a8]
ss pc = 0x7f6df10a9200: mov rax, qword ptr [rcx]
ss pc = 0x7f6df10a9203: pop rcx
ss pc = 0x7f6df10a9204: test rax, rax
ss pc = 0x7f6df10a9207: jz 0x7f6df10a9212
ss pc = 0x7f6df10a920d: int3 
ss pc = 0x7f6df10a920d: jmp 0x7f6df10a9213
ss pc = 0x7f6df10a9213: add qword ptr [rax+0x8], r14
ss pc = 0x7f6df10a9217: push rcx
ss pc = 0x7f6df10a9218: mov rcx, qword ptr [rip-0x101bf]
ss pc = 0x7f6df10a921f: mov rax, qword ptr [rcx]
ss pc = 0x7f6df10a9222: pop rcx
ss pc = 0x7f6df10a9223: test rax, rax
ss pc = 0x7f6df10a9226: jz 0x7f6df10a9231
ss pc = 0x7f6df10a922c: int3 
ss pc = 0x7f6df10a922c: jmp 0x7f6df10a9232
ss pc = 0x7f6df10a9232: add qword ptr [rax+0x8], r14
ss pc = 0x7f6df10a9236: push rcx
ss pc = 0x7f6df10a9237: mov rcx, qword ptr [rip-0x101d6]
ss pc = 0x7f6df10a923e: mov rax, qword ptr [rcx]
ss pc = 0x7f6df10a9241: pop rcx
ss pc = 0x7f6df10a9242: test rax, rax
ss pc = 0x7f6df10a9245: jz 0x7f6df10a9250
ss pc = 0x7f6df10a924b: int3 
ss pc = 0x7f6df10a924b: jmp 0x7f6df10a9251
ss pc = 0x7f6df10a9251: add qword ptr [rax+0x8], r14
ss pc = 0x7f6df10a9255: push rcx
ss pc = 0x7f6df10a9256: mov rcx, qword ptr [rip-0x101ed]
ss pc = 0x7f6df10a925d: mov rax, qword ptr [rcx]
ss pc = 0x7f6df10a9260: pop rcx
ss pc = 0x7f6df10a9261: test rax, rax
ss pc = 0x7f6df10a9264: jz 0x7f6df10a926f
ss pc = 0x7f6df10a926a: int3 
ss pc = 0x7f6df10a926a: jmp 0x7f6df10a9270
ss pc = 0x7f6df10a9270: add qword ptr [rax+0x8], r14
ss pc = 0x7f6df10a9274: push rcx
ss pc = 0x7f6df10a9275: mov rcx, qword ptr [rip-0x10204]
ss pc = 0x7f6df10a927c: mov rax, qword ptr [rcx]
ss pc = 0x7f6df10a927f: pop rcx
ss pc = 0x7f6df10a9280: test rax, rax
ss pc = 0x7f6df10a9283: jz 0x7f6df10a928e
ss pc = 0x7f6df10a9289: int3 
ss pc = 0x7f6df10a9289: jmp 0x7f6df10a928f
ss pc = 0x7f6df10a928f: add qword ptr [rax+0x8], r14
ss pc = 0x7f6df10a9293: push rcx
ss pc = 0x7f6df10a9294: mov rcx, qword ptr [rip-0x1021b]
ss pc = 0x7f6df10a929b: mov rax, qword ptr [rcx]
ss pc = 0x7f6df10a929e: pop rcx
ss pc = 0x7f6df10a929f: test rax, rax
ss pc = 0x7f6df10a92a2: jz 0x7f6df10a92ad
ss pc = 0x7f6df10a92a8: int3 
ss pc = 0x7f6df10a92a8: jmp 0x7f6df10a92ae
ss pc = 0x7f6df10a92ae: add qword ptr [rax+0x8], r14
ss pc = 0x7f6df10a92b2: push rax
ss pc = 0x7f6df10a92b3: mov rax, qword ptr [rip-0x10232]
ss pc = 0x7f6df10a92ba: mov rdx, qword ptr [rax]
ss pc = 0x7f6df10a92bd: pop rax
ss pc = 0x7f6df10a92be: test rdx, rdx
ss pc = 0x7f6df10a92c1: jz 0x7f6df10a92cc
ss pc = 0x7f6df10a92c7: int3 
ss pc = 0x7f6df10a92c7: jmp 0x7f6df10a92cd
ss pc = 0x7f6df10a92cd: cmp qword ptr [rdx+0x8], 0x7
ss pc = 0x7f6df10a92d2: jnz 0x7f6df10a92dd
ss pc = 0x7f6df10a92d8: int3 
ss pc = 0x7f6df10a92d8: jmp 0x7f6df10a92de
ss pc = 0x7f6df10a92de: push rcx
ss pc = 0x7f6df10a92df: mov rcx, qword ptr [rip-0x10256]
ss pc = 0x7f6df10a92e6: mov rax, qword ptr [rcx]
ss pc = 0x7f6df10a92e9: pop rcx
ss pc = 0x7f6df10a92ea: test rax, rax
ss pc = 0x7f6df10a92ed: jz 0x7f6df10a92f8
ss pc = 0x7f6df10a92f3: int3 
ss pc = 0x7f6df10a92f3: jmp 0x7f6df10a92f9
ss pc = 0x7f6df10a92f9: push rax
ss pc = 0x7f6df10a92fa: mov rax, qword ptr [rip-0x10269]
ss pc = 0x7f6df10a9301: mov rcx, qword ptr [rax]
ss pc = 0x7f6df10a9304: pop rax
ss pc = 0x7f6df10a9305: cmp qword ptr [rcx+0x8], 0x18
ss pc = 0x7f6df10a930a: jnz 0x7f6df10a9315
ss pc = 0x7f6df10a9310: int3 
ss pc = 0x7f6df10a9310: jmp 0x7f6df10a9316
ss pc = 0x7f6df10a9316: push rax
ss pc = 0x7f6df10a9317: mov rax, qword ptr [rip-0x1027e]
ss pc = 0x7f6df10a931e: mov rcx, qword ptr [rax]
ss pc = 0x7f6df10a9321: pop rax
ss pc = 0x7f6df10a9322: test rcx, rcx
ss pc = 0x7f6df10a9325: jz 0x7f6df10a9330
ss pc = 0x7f6df10a9330: int3 
ss pc = 0x7f6df10a9331: push rax
ss pc = 0x7f6df10a9332: mov rax, qword ptr [rip-0x10291]
ss pc = 0x7f6df10a9339: mov rcx, qword ptr [rax]
ss pc = 0x7f6df10a933c: pop rax
ss pc = 0x7f6df10a933d: test rcx, rcx
ss pc = 0x7f6df10a9340: jz 0x7f6df10a934b
ss pc = 0x7f6df10a934b: int3 
ss pc = 0x7f6df10a934c: push rax
ss pc = 0x7f6df10a934d: mov rax, qword ptr [rip-0x102a4]
ss pc = 0x7f6df10a9354: cmp qword ptr [rax], 0x74
ss pc = 0x7f6df10a9358: pop rax
ss pc = 0x7f6df10a9359: jnz 0x7f6df10a9364
ss pc = 0x7f6df10a9364: int3 
ss pc = 0x7f6df10a9365: push rax
ss pc = 0x7f6df10a9366: mov rax, qword ptr [rip-0x102b5]
ss pc = 0x7f6df10a936d: lea rcx, ptr [rax]
ss pc = 0x7f6df10a9370: pop rax
ss pc = 0x7f6df10a9371: push rax
ss pc = 0x7f6df10a9372: mov rax, qword ptr [rip-0x102b9]
ss pc = 0x7f6df10a9379: lea rsi, ptr [rax]
ss pc = 0x7f6df10a937c: pop rax
ss pc = 0x7f6df10a937d: push rax
ss pc = 0x7f6df10a937e: mov rax, qword ptr [rip-0x102bd]
ss pc = 0x7f6df10a9385: lea rdi, ptr [rax]
ss pc = 0x7f6df10a9388: pop rax
ss pc = 0x7f6df10a9389: mov edx, 0x8e
ss pc = 0x7f6df10a938e: push qword ptr [rip+0x5]
ss pc = 0x7f6df10a9394: jmp 0x7f6df10a93a1
ss pc = 0x7f6df10a93a1: push rax
ss pc = 0x7f6df10a93a2: mov rax, qword ptr [rip-0x102d9]
ss pc = 0x7f6df10a93a9: lea r9, ptr [rax]
ss pc = 0x7f6df10a93ac: pop rax
ss pc = 0x7f6df10a93ad: sub rsp, 0x8
ss pc = 0x7f6df10a93b1: test rcx, rcx
ss pc = 0x7f6df10a93b4: mov r8, r9
ss pc = 0x7f6df10a93b7: jz 0x7f6df10a93c2
ss pc = 0x7f6df10a93bd: int3 
ss pc = 0x7f6df10a93bd: jmp 0x7f6df10a93c3
ss pc = 0x7f6df10a93c3: push rax
ss pc = 0x7f6df10a93c4: mov rax, qword ptr [rip-0x102f3]
ss pc = 0x7f6df10a93cb: lea r9, ptr [rax]
ss pc = 0x7f6df10a93ce: pop rax
ss pc = 0x7f6df10a93cf: mov r8, rcx
ss pc = 0x7f6df10a93d2: sub rsp, 0x8
ss pc = 0x7f6df10a93d6: mov ecx, edx
ss pc = 0x7f6df10a93d8: mov rdx, rsi
ss pc = 0x7f6df10a93db: push rdi
ss pc = 0x7f6df10a93dc: push rax
ss pc = 0x7f6df10a93dd: mov rax, qword ptr [rip-0x10304]
ss pc = 0x7f6df10a93e4: lea rsi, ptr [rax]
ss pc = 0x7f6df10a93e7: pop rax
ss pc = 0x7f6df10a93e8: mov edi, 0x2
ss pc = 0x7f6df10a93ed: xor eax, eax
ss pc = 0x7f6df10a93ef: push qword ptr [rip+0x5]
ss pc = 0x7f6df10a93f5: jmp 0x7f6df10a9402
ss pc = 0x7f6df10a9402: sub rsp, 0xd8
ss pc = 0x7f6df10a9409: test al, al
ss pc = 0x7f6df10a940b: mov qword ptr [rsp+0x30], rdx
ss pc = 0x7f6df10a9410: mov qword ptr [rsp+0x38], rcx
ss pc = 0x7f6df10a9415: mov qword ptr [rsp+0x40], r8
ss pc = 0x7f6df10a941a: mov qword ptr [rsp+0x48], r9
ss pc = 0x7f6df10a941f: jz 0x7f6df10a942a
ss pc = 0x7f6df10a942a: int3 
ss pc = 0x7f6df10a942b: lea rax, ptr [rsp+0xe0]
ss pc = 0x7f6df10a9433: lea rcx, ptr [rsp+0x8]
ss pc = 0x7f6df10a9438: mov rdx, rsi
ss pc = 0x7f6df10a943b: xor esi, esi
ss pc = 0x7f6df10a943d: mov qword ptr [rsp+0x10], rax
ss pc = 0x7f6df10a9442: lea rax, ptr [rsp+0x20]
ss pc = 0x7f6df10a9447: mov dword ptr [rsp+0x8], 0x10
ss pc = 0x7f6df10a944f: mov dword ptr [rsp+0xc], 0x30
ss pc = 0x7f6df10a9457: mov qword ptr [rsp+0x18], rax
ss pc = 0x7f6df10a945c: push qword ptr [rip+0x5]
ss pc = 0x7f6df10a9462: jmp 0x7f6df10a946f
ss pc = 0x7f6df10a946f: push rbp
ss pc = 0x7f6df10a9470: mov eax, 0x1
ss pc = 0x7f6df10a9475: mov rbp, rsp
ss pc = 0x7f6df10a9478: push r15
ss pc = 0x7f6df10a947a: push r14
ss pc = 0x7f6df10a947c: lea r9, ptr [rbp-0x440]
ss pc = 0x7f6df10a9483: push r13
ss pc = 0x7f6df10a9485: push r12
ss pc = 0x7f6df10a9487: push rbx
ss pc = 0x7f6df10a9488: mov rbx, rdx
ss pc = 0x7f6df10a948b: xor r15d, r15d
ss pc = 0x7f6df10a948e: sub rax, r9
ss pc = 0x7f6df10a9491: xor r12d, r12d
ss pc = 0x7f6df10a9494: mov r14d, esi
ss pc = 0x7f6df10a9497: sub rsp, 0x448
ss pc = 0x7f6df10a949e: mov qword ptr [rbp-0x458], rax
ss pc = 0x7f6df10a94a5: movzx eax, byte ptr [rbx]
ss pc = 0x7f6df10a94a8: mov dword ptr [rbp-0x460], edi
ss pc = 0x7f6df10a94ae: mov qword ptr [rbp-0x450], rcx
ss pc = 0x7f6df10a94b5: mov r13, 0xcccccccccccccccd
ss pc = 0x7f6df10a94bf: test al, al
ss pc = 0x7f6df10a94c1: jz 0x7f6df10a94cc
ss pc = 0x7f6df10a94c7: int3 
ss pc = 0x7f6df10a94c7: jmp 0x7f6df10a94cd
ss pc = 0x7f6df10a94cd: nop dword ptr [rax+rax*1], eax
ss pc = 0x7f6df10a94d5: test r14d, r14d
ss pc = 0x7f6df10a94d8: jle 0x7f6df10a94e3
ss pc = 0x7f6df10a94e3: int3 
ss pc = 0x7f6df10a94e4: cmp al, 0x25
ss pc = 0x7f6df10a94e6: jz 0x7f6df10a94f1
ss pc = 0x7f6df10a94ec: int3 
ss pc = 0x7f6df10a94ec: jmp 0x7f6df10a94f2
ss pc = 0x7f6df10a94f2: test al, al
ss pc = 0x7f6df10a94f4: jz 0x7f6df10a94ff
ss pc = 0x7f6df10a94fa: int3 
ss pc = 0x7f6df10a94fa: jmp 0x7f6df10a9500
ss pc = 0x7f6df10a9500: test r14d, r14d
ss pc = 0x7f6df10a9503: mov rdx, rbx
ss pc = 0x7f6df10a9506: setz cl
ss pc = 0x7f6df10a9509: cmp al, 0xa
ss pc = 0x7f6df10a950b: jnz 0x7f6df10a9516
ss pc = 0x7f6df10a9516: int3 
ss pc = 0x7f6df10a9517: add rdx, 0x1
ss pc = 0x7f6df10a951b: movzx eax, byte ptr [rdx]
ss pc = 0x7f6df10a951e: test al, al
ss pc = 0x7f6df10a9520: jz 0x7f6df10a952b
ss pc = 0x7f6df10a9526: int3 
ss pc = 0x7f6df10a9526: jmp 0x7f6df10a952c
ss pc = 0x7f6df10a952c: cmp al, 0x25
ss pc = 0x7f6df10a952e: jz 0x7f6df10a9539
ss pc = 0x7f6df10a9534: int3 
ss pc = 0x7f6df10a9534: jmp 0x7f6df10a953a
ss pc = 0x7f6df10a953a: cmp al, 0xa
ss pc = 0x7f6df10a953c: jnz 0x7f6df10a9547
ss pc = 0x7f6df10a9547: int3 
ss pc = 0x7f6df10a9517: add rdx, 0x1
ss pc = 0x7f6df10a951b: movzx eax, byte ptr [rdx]
ss pc = 0x7f6df10a951e: test al, al
ss pc = 0x7f6df10a9520: jz 0x7f6df10a952b
ss pc = 0x7f6df10a9526: jmp 0x7f6df10a952c
ss pc = 0x7f6df10a952c: cmp al, 0x25
ss pc = 0x7f6df10a952e: jz 0x7f6df10a9539
ss pc = 0x7f6df10a9534: jmp 0x7f6df10a953a
ss pc = 0x7f6df10a953a: cmp al, 0xa
ss pc = 0x7f6df10a953c: jnz 0x7f6df10a9517
ss pc = 0x7f6df10a9517: add rdx, 0x1
ss pc = 0x7f6df10a951b: movzx eax, byte ptr [rdx]
ss pc = 0x7f6df10a951e: test al, al
ss pc = 0x7f6df10a9520: jz 0x7f6df10a952b
ss pc = 0x7f6df10a9526: jmp 0x7f6df10a952c
ss pc = 0x7f6df10a952c: cmp al, 0x25
ss pc = 0x7f6df10a952e: jz 0x7f6df10a9539
ss pc = 0x7f6df10a9534: jmp 0x7f6df10a953a
ss pc = 0x7f6df10a953a: cmp al, 0xa
ss pc = 0x7f6df10a953c: jnz 0x7f6df10a9517
ss pc = 0x7f6df10a9517: add rdx, 0x1
ss pc = 0x7f6df10a951b: movzx eax, byte ptr [rdx]
ss pc = 0x7f6df10a951e: test al, al
ss pc = 0x7f6df10a9520: jz 0x7f6df10a952b
ss pc = 0x7f6df10a9526: jmp 0x7f6df10a952c
ss pc = 0x7f6df10a952c: cmp al, 0x25
ss pc = 0x7f6df10a952e: jz 0x7f6df10a9539
ss pc = 0x7f6df10a9534: jmp 0x7f6df10a953a
ss pc = 0x7f6df10a953a: cmp al, 0xa
ss pc = 0x7f6df10a953c: jnz 0x7f6df10a9517
ss pc = 0x7f6df10a9517: add rdx, 0x1
ss pc = 0x7f6df10a951b: movzx eax, byte ptr [rdx]
ss pc = 0x7f6df10a951e: test al, al
ss pc = 0x7f6df10a9520: jz 0x7f6df10a952b
ss pc = 0x7f6df10a9526: jmp 0x7f6df10a952c
ss pc = 0x7f6df10a952c: cmp al, 0x25
ss pc = 0x7f6df10a952e: jz 0x7f6df10a9539
ss pc = 0x7f6df10a9534: jmp 0x7f6df10a953a
ss pc = 0x7f6df10a953a: cmp al, 0xa
ss pc = 0x7f6df10a953c: jnz 0x7f6df10a9517
ss pc = 0x7f6df10a9517: add rdx, 0x1
ss pc = 0x7f6df10a951b: movzx eax, byte ptr [rdx]
ss pc = 0x7f6df10a951e: test al, al
ss pc = 0x7f6df10a9520: jz 0x7f6df10a952b
ss pc = 0x7f6df10a9526: jmp 0x7f6df10a952c
ss pc = 0x7f6df10a952c: cmp al, 0x25
ss pc = 0x7f6df10a952e: jz 0x7f6df10a9539
ss pc = 0x7f6df10a9534: jmp 0x7f6df10a953a
ss pc = 0x7f6df10a953a: cmp al, 0xa
ss pc = 0x7f6df10a953c: jnz 0x7f6df10a9517
ss pc = 0x7f6df10a9517: add rdx, 0x1
ss pc = 0x7f6df10a951b: movzx eax, byte ptr [rdx]
ss pc = 0x7f6df10a951e: test al, al
ss pc = 0x7f6df10a9520: jz 0x7f6df10a952b
ss pc = 0x7f6df10a9526: jmp 0x7f6df10a952c
ss pc = 0x7f6df10a952c: cmp al, 0x25
ss pc = 0x7f6df10a952e: jz 0x7f6df10a9539
ss pc = 0x7f6df10a9534: jmp 0x7f6df10a953a
ss pc = 0x7f6df10a953a: cmp al, 0xa
ss pc = 0x7f6df10a953c: jnz 0x7f6df10a9517
ss pc = 0x7f6df10a9517: add rdx, 0x1
ss pc = 0x7f6df10a951b: movzx eax, byte ptr [rdx]
ss pc = 0x7f6df10a951e: test al, al
ss pc = 0x7f6df10a9520: jz 0x7f6df10a952b
ss pc = 0x7f6df10a9526: jmp 0x7f6df10a952c
ss pc = 0x7f6df10a952c: cmp al, 0x25
ss pc = 0x7f6df10a952e: jz 0x7f6df10a9539
ss pc = 0x7f6df10a9534: jmp 0x7f6df10a953a
ss pc = 0x7f6df10a953a: cmp al, 0xa
ss pc = 0x7f6df10a953c: jnz 0x7f6df10a9517
ss pc = 0x7f6df10a9517: add rdx, 0x1
ss pc = 0x7f6df10a951b: movzx eax, byte ptr [rdx]
ss pc = 0x7f6df10a951e: test al, al
ss pc = 0x7f6df10a9520: jz 0x7f6df10a952b
ss pc = 0x7f6df10a9526: jmp 0x7f6df10a952c
ss pc = 0x7f6df10a952c: cmp al, 0x25
ss pc = 0x7f6df10a952e: jz 0x7f6df10a9539
ss pc = 0x7f6df10a9534: jmp 0x7f6df10a953a
ss pc = 0x7f6df10a953a: cmp al, 0xa
ss pc = 0x7f6df10a953c: jnz 0x7f6df10a9517
ss pc = 0x7f6df10a9517: add rdx, 0x1
ss pc = 0x7f6df10a951b: movzx eax, byte ptr [rdx]
ss pc = 0x7f6df10a951e: test al, al
ss pc = 0x7f6df10a9520: jz 0x7f6df10a952b
ss pc = 0x7f6df10a9526: jmp 0x7f6df10a952c
ss pc = 0x7f6df10a952c: cmp al, 0x25
ss pc = 0x7f6df10a952e: jz 0x7f6df10a9539
ss pc = 0x7f6df10a9534: jmp 0x7f6df10a953a
ss pc = 0x7f6df10a953a: cmp al, 0xa
ss pc = 0x7f6df10a953c: jnz 0x7f6df10a9517
ss pc = 0x7f6df10a9517: add rdx, 0x1
ss pc = 0x7f6df10a951b: movzx eax, byte ptr [rdx]
ss pc = 0x7f6df10a951e: test al, al
ss pc = 0x7f6df10a9520: jz 0x7f6df10a952b
ss pc = 0x7f6df10a9526: jmp 0x7f6df10a952c
ss pc = 0x7f6df10a952c: cmp al, 0x25
ss pc = 0x7f6df10a952e: jz 0x7f6df10a9539
ss pc = 0x7f6df10a9534: jmp 0x7f6df10a953a
ss pc = 0x7f6df10a953a: cmp al, 0xa
ss pc = 0x7f6df10a953c: jnz 0x7f6df10a9517
ss pc = 0x7f6df10a9517: add rdx, 0x1
ss pc = 0x7f6df10a951b: movzx eax, byte ptr [rdx]
ss pc = 0x7f6df10a951e: test al, al
ss pc = 0x7f6df10a9520: jz 0x7f6df10a952b
ss pc = 0x7f6df10a9526: jmp 0x7f6df10a952c
ss pc = 0x7f6df10a952c: cmp al, 0x25
ss pc = 0x7f6df10a952e: jz 0x7f6df10a9539
ss pc = 0x7f6df10a9534: jmp 0x7f6df10a953a
ss pc = 0x7f6df10a953a: cmp al, 0xa
ss pc = 0x7f6df10a953c: jnz 0x7f6df10a9517
ss pc = 0x7f6df10a9517: add rdx, 0x1
ss pc = 0x7f6df10a951b: movzx eax, byte ptr [rdx]
ss pc = 0x7f6df10a951e: test al, al
ss pc = 0x7f6df10a9520: jz 0x7f6df10a952b
ss pc = 0x7f6df10a9526: jmp 0x7f6df10a952c
ss pc = 0x7f6df10a952c: cmp al, 0x25
ss pc = 0x7f6df10a952e: jz 0x7f6df10a9539
ss pc = 0x7f6df10a9534: jmp 0x7f6df10a953a
ss pc = 0x7f6df10a953a: cmp al, 0xa
ss pc = 0x7f6df10a953c: jnz 0x7f6df10a9517
ss pc = 0x7f6df10a9517: add rdx, 0x1
ss pc = 0x7f6df10a951b: movzx eax, byte ptr [rdx]
ss pc = 0x7f6df10a951e: test al, al
ss pc = 0x7f6df10a9520: jz 0x7f6df10a952b
ss pc = 0x7f6df10a9526: jmp 0x7f6df10a952c
ss pc = 0x7f6df10a952c: cmp al, 0x25
ss pc = 0x7f6df10a952e: jz 0x7f6df10a9539
ss pc = 0x7f6df10a9534: jmp 0x7f6df10a953a
ss pc = 0x7f6df10a953a: cmp al, 0xa
ss pc = 0x7f6df10a953c: jnz 0x7f6df10a9517
ss pc = 0x7f6df10a9517: add rdx, 0x1
ss pc = 0x7f6df10a951b: movzx eax, byte ptr [rdx]
ss pc = 0x7f6df10a951e: test al, al
ss pc = 0x7f6df10a9520: jz 0x7f6df10a952b
ss pc = 0x7f6df10a9526: jmp 0x7f6df10a952c
ss pc = 0x7f6df10a952c: cmp al, 0x25
ss pc = 0x7f6df10a952e: jz 0x7f6df10a9539
ss pc = 0x7f6df10a9534: jmp 0x7f6df10a953a
ss pc = 0x7f6df10a953a: cmp al, 0xa
ss pc = 0x7f6df10a953c: jnz 0x7f6df10a9517
ss pc = 0x7f6df10a9517: add rdx, 0x1
ss pc = 0x7f6df10a951b: movzx eax, byte ptr [rdx]
ss pc = 0x7f6df10a951e: test al, al
ss pc = 0x7f6df10a9520: jz 0x7f6df10a952b
ss pc = 0x7f6df10a9526: jmp 0x7f6df10a952c
ss pc = 0x7f6df10a952c: cmp al, 0x25
ss pc = 0x7f6df10a952e: jz 0x7f6df10a9539
ss pc = 0x7f6df10a9534: jmp 0x7f6df10a953a
ss pc = 0x7f6df10a953a: cmp al, 0xa
ss pc = 0x7f6df10a953c: jnz 0x7f6df10a9517
ss pc = 0x7f6df10a9517: add rdx, 0x1
ss pc = 0x7f6df10a951b: movzx eax, byte ptr [rdx]
ss pc = 0x7f6df10a951e: test al, al
ss pc = 0x7f6df10a9520: jz 0x7f6df10a952b
ss pc = 0x7f6df10a9526: jmp 0x7f6df10a952c
ss pc = 0x7f6df10a952c: cmp al, 0x25
ss pc = 0x7f6df10a952e: jz 0x7f6df10a9539
ss pc = 0x7f6df10a9534: jmp 0x7f6df10a953a
ss pc = 0x7f6df10a953a: cmp al, 0xa
ss pc = 0x7f6df10a953c: jnz 0x7f6df10a9517
ss pc = 0x7f6df10a9517: add rdx, 0x1
ss pc = 0x7f6df10a951b: movzx eax, byte ptr [rdx]
ss pc = 0x7f6df10a951e: test al, al
ss pc = 0x7f6df10a9520: jz 0x7f6df10a952b
ss pc = 0x7f6df10a9526: jmp 0x7f6df10a952c
ss pc = 0x7f6df10a952c: cmp al, 0x25
ss pc = 0x7f6df10a952e: jz 0x7f6df10a9539
ss pc = 0x7f6df10a9534: jmp 0x7f6df10a953a
ss pc = 0x7f6df10a953a: cmp al, 0xa
ss pc = 0x7f6df10a953c: jnz 0x7f6df10a9517
ss pc = 0x7f6df10a9517: add rdx, 0x1
ss pc = 0x7f6df10a951b: movzx eax, byte ptr [rdx]
ss pc = 0x7f6df10a951e: test al, al
ss pc = 0x7f6df10a9520: jz 0x7f6df10a952b
ss pc = 0x7f6df10a9526: jmp 0x7f6df10a952c
ss pc = 0x7f6df10a952c: cmp al, 0x25
ss pc = 0x7f6df10a952e: jz 0x7f6df10a9539
ss pc = 0x7f6df10a9534: jmp 0x7f6df10a953a
ss pc = 0x7f6df10a953a: cmp al, 0xa
ss pc = 0x7f6df10a953c: jnz 0x7f6df10a9517
ss pc = 0x7f6df10a9517: add rdx, 0x1
ss pc = 0x7f6df10a951b: movzx eax, byte ptr [rdx]
ss pc = 0x7f6df10a951e: test al, al
ss pc = 0x7f6df10a9520: jz 0x7f6df10a952b
ss pc = 0x7f6df10a9526: jmp 0x7f6df10a952c
ss pc = 0x7f6df10a952c: cmp al, 0x25
ss pc = 0x7f6df10a952e: jz 0x7f6df10a9539
ss pc = 0x7f6df10a9534: jmp 0x7f6df10a953a
ss pc = 0x7f6df10a953a: cmp al, 0xa
ss pc = 0x7f6df10a953c: jnz 0x7f6df10a9517
ss pc = 0x7f6df10a9517: add rdx, 0x1
ss pc = 0x7f6df10a951b: movzx eax, byte ptr [rdx]
ss pc = 0x7f6df10a951e: test al, al
ss pc = 0x7f6df10a9520: jz 0x7f6df10a952b
ss pc = 0x7f6df10a9526: jmp 0x7f6df10a952c
ss pc = 0x7f6df10a952c: cmp al, 0x25
ss pc = 0x7f6df10a952e: jz 0x7f6df10a9539
ss pc = 0x7f6df10a9534: jmp 0x7f6df10a953a
ss pc = 0x7f6df10a953a: cmp al, 0xa
ss pc = 0x7f6df10a953c: jnz 0x7f6df10a9517
ss pc = 0x7f6df10a9517: add rdx, 0x1
ss pc = 0x7f6df10a951b: movzx eax, byte ptr [rdx]
ss pc = 0x7f6df10a951e: test al, al
ss pc = 0x7f6df10a9520: jz 0x7f6df10a952b
ss pc = 0x7f6df10a9526: jmp 0x7f6df10a952c
ss pc = 0x7f6df10a952c: cmp al, 0x25
ss pc = 0x7f6df10a952e: jz 0x7f6df10a9539
ss pc = 0x7f6df10a9534: jmp 0x7f6df10a953a
ss pc = 0x7f6df10a953a: cmp al, 0xa
ss pc = 0x7f6df10a953c: jnz 0x7f6df10a9517
ss pc = 0x7f6df10a9517: add rdx, 0x1
ss pc = 0x7f6df10a951b: movzx eax, byte ptr [rdx]
ss pc = 0x7f6df10a951e: test al, al
ss pc = 0x7f6df10a9520: jz 0x7f6df10a952b
ss pc = 0x7f6df10a9526: jmp 0x7f6df10a952c
ss pc = 0x7f6df10a952c: cmp al, 0x25
ss pc = 0x7f6df10a952e: jz 0x7f6df10a9539
ss pc = 0x7f6df10a9534: jmp 0x7f6df10a953a
ss pc = 0x7f6df10a953a: cmp al, 0xa
ss pc = 0x7f6df10a953c: jnz 0x7f6df10a9517
ss pc = 0x7f6df10a9517: add rdx, 0x1
ss pc = 0x7f6df10a951b: movzx eax, byte ptr [rdx]
ss pc = 0x7f6df10a951e: test al, al
ss pc = 0x7f6df10a9520: jz 0x7f6df10a952b
ss pc = 0x7f6df10a9526: jmp 0x7f6df10a952c
ss pc = 0x7f6df10a952c: cmp al, 0x25
ss pc = 0x7f6df10a952e: jz 0x7f6df10a9539
ss pc = 0x7f6df10a9534: jmp 0x7f6df10a953a
ss pc = 0x7f6df10a953a: cmp al, 0xa
ss pc = 0x7f6df10a953c: jnz 0x7f6df10a9517
ss pc = 0x7f6df10a9517: add rdx, 0x1
ss pc = 0x7f6df10a951b: movzx eax, byte ptr [rdx]
ss pc = 0x7f6df10a951e: test al, al
ss pc = 0x7f6df10a9520: jz 0x7f6df10a952b
ss pc = 0x7f6df10a9526: jmp 0x7f6df10a952c
ss pc = 0x7f6df10a952c: cmp al, 0x25
ss pc = 0x7f6df10a952e: jz 0x7f6df10a9539
ss pc = 0x7f6df10a9534: jmp 0x7f6df10a953a
ss pc = 0x7f6df10a953a: cmp al, 0xa
ss pc = 0x7f6df10a953c: jnz 0x7f6df10a9517
ss pc = 0x7f6df10a9517: add rdx, 0x1
ss pc = 0x7f6df10a951b: movzx eax, byte ptr [rdx]
ss pc = 0x7f6df10a951e: test al, al
ss pc = 0x7f6df10a9520: jz 0x7f6df10a952b
ss pc = 0x7f6df10a9526: jmp 0x7f6df10a952c
ss pc = 0x7f6df10a952c: cmp al, 0x25
ss pc = 0x7f6df10a952e: jz 0x7f6df10a9539
ss pc = 0x7f6df10a9534: jmp 0x7f6df10a953a
ss pc = 0x7f6df10a953a: cmp al, 0xa
ss pc = 0x7f6df10a953c: jnz 0x7f6df10a9517
ss pc = 0x7f6df10a9517: add rdx, 0x1
ss pc = 0x7f6df10a951b: movzx eax, byte ptr [rdx]
ss pc = 0x7f6df10a951e: test al, al
ss pc = 0x7f6df10a9520: jz 0x7f6df10a952b
ss pc = 0x7f6df10a9526: jmp 0x7f6df10a952c
ss pc = 0x7f6df10a952c: cmp al, 0x25
ss pc = 0x7f6df10a952e: jz 0x7f6df10a9539
ss pc = 0x7f6df10a9534: jmp 0x7f6df10a953a
ss pc = 0x7f6df10a953a: cmp al, 0xa
ss pc = 0x7f6df10a953c: jnz 0x7f6df10a9517
ss pc = 0x7f6df10a9517: add rdx, 0x1
ss pc = 0x7f6df10a951b: movzx eax, byte ptr [rdx]
ss pc = 0x7f6df10a951e: test al, al
ss pc = 0x7f6df10a9520: jz 0x7f6df10a952b
ss pc = 0x7f6df10a9526: jmp 0x7f6df10a952c
ss pc = 0x7f6df10a952c: cmp al, 0x25
ss pc = 0x7f6df10a952e: jz 0x7f6df10a9539
ss pc = 0x7f6df10a9534: jmp 0x7f6df10a953a
ss pc = 0x7f6df10a953a: cmp al, 0xa
ss pc = 0x7f6df10a953c: jnz 0x7f6df10a9517
ss pc = 0x7f6df10a9517: add rdx, 0x1
ss pc = 0x7f6df10a951b: movzx eax, byte ptr [rdx]
ss pc = 0x7f6df10a951e: test al, al
ss pc = 0x7f6df10a9520: jz 0x7f6df10a952b
ss pc = 0x7f6df10a9526: jmp 0x7f6df10a952c
ss pc = 0x7f6df10a952c: cmp al, 0x25
ss pc = 0x7f6df10a952e: jz 0x7f6df10a9539
ss pc = 0x7f6df10a9534: jmp 0x7f6df10a953a
ss pc = 0x7f6df10a953a: cmp al, 0xa
ss pc = 0x7f6df10a953c: jnz 0x7f6df10a9517
ss pc = 0x7f6df10a9517: add rdx, 0x1
ss pc = 0x7f6df10a951b: movzx eax, byte ptr [rdx]
ss pc = 0x7f6df10a951e: test al, al
ss pc = 0x7f6df10a9520: jz 0x7f6df10a952b
ss pc = 0x7f6df10a9526: jmp 0x7f6df10a952c
ss pc = 0x7f6df10a952c: cmp al, 0x25
ss pc = 0x7f6df10a952e: jz 0x7f6df10a9539
ss pc = 0x7f6df10a9534: jmp 0x7f6df10a953a
ss pc = 0x7f6df10a953a: cmp al, 0xa
ss pc = 0x7f6df10a953c: jnz 0x7f6df10a9517
ss pc = 0x7f6df10a9517: add rdx, 0x1
ss pc = 0x7f6df10a951b: movzx eax, byte ptr [rdx]
ss pc = 0x7f6df10a951e: test al, al
ss pc = 0x7f6df10a9520: jz 0x7f6df10a952b
ss pc = 0x7f6df10a9526: jmp 0x7f6df10a952c
ss pc = 0x7f6df10a952c: cmp al, 0x25
ss pc = 0x7f6df10a952e: jz 0x7f6df10a9539
ss pc = 0x7f6df10a9534: jmp 0x7f6df10a953a
ss pc = 0x7f6df10a953a: cmp al, 0xa
ss pc = 0x7f6df10a953c: jnz 0x7f6df10a9517
ss pc = 0x7f6df10a9517: add rdx, 0x1
ss pc = 0x7f6df10a951b: movzx eax, byte ptr [rdx]
ss pc = 0x7f6df10a951e: test al, al
ss pc = 0x7f6df10a9520: jz 0x7f6df10a952b
ss pc = 0x7f6df10a9526: jmp 0x7f6df10a952c
ss pc = 0x7f6df10a952c: cmp al, 0x25
ss pc = 0x7f6df10a952e: jz 0x7f6df10a9539
ss pc = 0x7f6df10a9534: jmp 0x7f6df10a953a
ss pc = 0x7f6df10a953a: cmp al, 0xa
ss pc = 0x7f6df10a953c: jnz 0x7f6df10a9517
ss pc = 0x7f6df10a9517: add rdx, 0x1
ss pc = 0x7f6df10a951b: movzx eax, byte ptr [rdx]
ss pc = 0x7f6df10a951e: test al, al
ss pc = 0x7f6df10a9520: jz 0x7f6df10a952b
ss pc = 0x7f6df10a9526: jmp 0x7f6df10a952c
ss pc = 0x7f6df10a952c: cmp al, 0x25
ss pc = 0x7f6df10a952e: jz 0x7f6df10a9539
ss pc = 0x7f6df10a9539: int3 
ss pc = 0x7f6df10a9548: cmp r12d, 0x3f
ss pc = 0x7f6df10a954c: jnle 0x7f6df10a9557
ss pc = 0x7f6df10a9552: int3 
ss pc = 0x7f6df10a9552: jmp 0x7f6df10a9558
ss pc = 0x7f6df10a9558: mov rsi, rdx
ss pc = 0x7f6df10a955b: movsxd rcx, r12d
ss pc = 0x7f6df10a955e: sub rsi, rbx
ss pc = 0x7f6df10a9561: shl rcx, 0x4
ss pc = 0x7f6df10a9565: test rsi, rsi
ss pc = 0x7f6df10a9568: mov qword ptr [rbp+rcx*1-0x428], rsi
ss pc = 0x7f6df10a9570: jz 0x7f6df10a957b
ss pc = 0x7f6df10a9576: int3 
ss pc = 0x7f6df10a9576: jmp 0x7f6df10a957c
ss pc = 0x7f6df10a957c: mov qword ptr [rbp+rcx*1-0x430], rbx
ss pc = 0x7f6df10a9584: add r12d, 0x1
ss pc = 0x7f6df10a9588: cmp al, 0x25
ss pc = 0x7f6df10a958a: jz 0x7f6df10a9595
ss pc = 0x7f6df10a9595: int3 
ss pc = 0x7f6df10a9596: movzx ecx, byte ptr [rdx+0x1]
ss pc = 0x7f6df10a959a: cmp cl, 0x30
ss pc = 0x7f6df10a959d: jz 0x7f6df10a95a8
ss pc = 0x7f6df10a95a3: int3 
ss pc = 0x7f6df10a95a3: jmp 0x7f6df10a95a9
ss pc = 0x7f6df10a95a9: lea rax, ptr [rdx+0x1]
ss pc = 0x7f6df10a95ad: mov r11d, 0x20
ss pc = 0x7f6df10a95b3: cmp cl, 0x2a
ss pc = 0x7f6df10a95b6: mov r8, 0xffffffffffffffff
ss pc = 0x7f6df10a95bd: jz 0x7f6df10a95c8
ss pc = 0x7f6df10a95c3: int3 
ss pc = 0x7f6df10a95c3: jmp 0x7f6df10a95c9
ss pc = 0x7f6df10a95c9: cmp cl, 0x2e
ss pc = 0x7f6df10a95cc: mov edx, 0xffffffff
ss pc = 0x7f6df10a95d1: jz 0x7f6df10a95dc
ss pc = 0x7f6df10a95d7: int3 
ss pc = 0x7f6df10a95d7: jmp 0x7f6df10a95dd
ss pc = 0x7f6df10a95dd: cmp cl, 0x6c
ss pc = 0x7f6df10a95e0: jz 0x7f6df10a95eb
ss pc = 0x7f6df10a95e6: int3 
ss pc = 0x7f6df10a95e6: jmp 0x7f6df10a95ec
ss pc = 0x7f6df10a95ec: cmp cl, 0x5a
ss pc = 0x7f6df10a95ef: jz 0x7f6df10a95fa
ss pc = 0x7f6df10a95f5: int3 
ss pc = 0x7f6df10a95f5: jmp 0x7f6df10a95fb
ss pc = 0x7f6df10a95fb: cmp cl, 0x73
ss pc = 0x7f6df10a95fe: jz 0x7f6df10a9609
ss pc = 0x7f6df10a9609: int3 
ss pc = 0x7f6df10a960a: mov rbx, rax
ss pc = 0x7f6df10a960d: mov rdi, qword ptr [rbp-0x450]
ss pc = 0x7f6df10a9614: mov eax, dword ptr [rdi]
ss pc = 0x7f6df10a9616: cmp eax, 0x2f
ss pc = 0x7f6df10a9619: jnbe 0x7f6df10a9624
ss pc = 0x7f6df10a961f: int3 
ss pc = 0x7f6df10a961f: jmp 0x7f6df10a9625
ss pc = 0x7f6df10a9625: mov ecx, eax
ss pc = 0x7f6df10a9627: add rcx, qword ptr [rdi+0x10]
ss pc = 0x7f6df10a962b: add eax, 0x8
ss pc = 0x7f6df10a962e: mov dword ptr [rdi], eax
ss pc = 0x7f6df10a9630: mov rdi, qword ptr [rcx]
ss pc = 0x7f6df10a9633: movsxd rcx, r12d
ss pc = 0x7f6df10a9636: mov qword ptr [rbp-0x468], r9
ss pc = 0x7f6df10a963d: shl rcx, 0x4
ss pc = 0x7f6df10a9641: mov dword ptr [rbp-0x45c], edx
ss pc = 0x7f6df10a9647: mov qword ptr [rbp-0x448], rcx
ss pc = 0x7f6df10a964e: mov qword ptr [rbp+rcx*1-0x430], rdi
ss pc = 0x7f6df10a9656: push qword ptr [rip+0x5]
ss pc = 0x7f6df10a965c: jmp 0x7f6df10a9669
ss pc = 0x7f6df10a9669: pxor xmm0, xmm0
ss pc = 0x7f6df10a966d: pxor xmm1, xmm1
ss pc = 0x7f6df10a9671: pxor xmm2, xmm2
ss pc = 0x7f6df10a9675: pxor xmm3, xmm3
ss pc = 0x7f6df10a9679: mov rax, rdi
ss pc = 0x7f6df10a967c: mov rcx, rdi
ss pc = 0x7f6df10a967f: and rcx, 0xfff
ss pc = 0x7f6df10a9686: cmp rcx, 0xfcf
ss pc = 0x7f6df10a968d: jnbe 0x7f6df10a9698
ss pc = 0x7f6df10a9693: int3 
ss pc = 0x7f6df10a9693: jmp 0x7f6df10a9699
ss pc = 0x7f6df10a9699: movdqu xmm4, xmmword ptr [rax]
ss pc = 0x7f6df10a969d: pcmpeqb xmm4, xmm0
ss pc = 0x7f6df10a96a1: pmovmskb edx, xmm4
ss pc = 0x7f6df10a96a5: test edx, edx
ss pc = 0x7f6df10a96a7: jz 0x7f6df10a96b2
ss pc = 0x7f6df10a96b2: int3 
ss pc = 0x7f6df10a96b3: and rax, 0xfffffffffffffff0
ss pc = 0x7f6df10a96b7: pcmpeqb xmm1, xmmword ptr [rax+0x10]
ss pc = 0x7f6df10a96bc: pcmpeqb xmm2, xmmword ptr [rax+0x20]
ss pc = 0x7f6df10a96c1: pcmpeqb xmm3, xmmword ptr [rax+0x30]
ss pc = 0x7f6df10a96c6: pmovmskb edx, xmm1
ss pc = 0x7f6df10a96ca: pmovmskb r8d, xmm2
ss pc = 0x7f6df10a96cf: pmovmskb ecx, xmm3
ss pc = 0x7f6df10a96d3: shl rdx, 0x10
ss pc = 0x7f6df10a96d7: shl rcx, 0x10
ss pc = 0x7f6df10a96db: or rcx, r8
ss pc = 0x7f6df10a96de: shl rcx, 0x20
ss pc = 0x7f6df10a96e2: or rdx, rcx
ss pc = 0x7f6df10a96e5: mov rcx, rdi
ss pc = 0x7f6df10a96e8: xor rcx, rax
ss pc = 0x7f6df10a96eb: and rax, 0xffffffffffffffc0
ss pc = 0x7f6df10a96ef: sar rdx, cl
ss pc = 0x7f6df10a96f2: test rdx, rdx
ss pc = 0x7f6df10a96f5: jz 0x7f6df10a9700
ss pc = 0x7f6df10a96fb: int3 
ss pc = 0x7f6df10a96fb: jmp 0x7f6df10a9701
ss pc = 0x7f6df10a9701: bsf rax, rdx
ss pc = 0x7f6df10a9705: int3 
ss pc = 0x7f6df10a9706: movsxd rdx, dword ptr [rbp-0x45c]
ss pc = 0x7f6df10a970d: mov rcx, qword ptr [rbp-0x448]
ss pc = 0x7f6df10a9714: mov r9, qword ptr [rbp-0x468]
ss pc = 0x7f6df10a971b: cmp edx, 0xffffffff
ss pc = 0x7f6df10a971e: jz 0x7f6df10a9729
ss pc = 0x7f6df10a9729: int3 
ss pc = 0x7f6df10a972a: mov qword ptr [rbp+rcx*1-0x428], rax
ss pc = 0x7f6df10a9732: jmp 0x7f6df10a9737
ss pc = 0x7f6df10a9737: add r12d, 0x1
ss pc = 0x7f6df10a973b: lea rdx, ptr [rbx+0x1]
ss pc = 0x7f6df10a973f: jmp 0x7f6df10a9744
ss pc = 0x7f6df10a9744: mov rbx, rdx
ss pc = 0x7f6df10a9747: movzx eax, byte ptr [rbx]
ss pc = 0x7f6df10a974a: test al, al
ss pc = 0x7f6df10a974c: jnz 0x7f6df10a9757
ss pc = 0x7f6df10a9757: int3 
ss pc = 0x7f6df10a9758: test r14d, r14d
ss pc = 0x7f6df10a975b: jle 0x7f6df10a9766
ss pc = 0x7f6df10a9766: int3 
ss pc = 0x7f6df10a94e4: cmp al, 0x25
ss pc = 0x7f6df10a94e6: jz 0x7f6df10a94f1
ss pc = 0x7f6df10a94ec: jmp 0x7f6df10a94f2
ss pc = 0x7f6df10a94f2: test al, al
ss pc = 0x7f6df10a94f4: jz 0x7f6df10a94ff
ss pc = 0x7f6df10a94fa: jmp 0x7f6df10a9500
ss pc = 0x7f6df10a9500: test r14d, r14d
ss pc = 0x7f6df10a9503: mov rdx, rbx
ss pc = 0x7f6df10a9506: setz cl
ss pc = 0x7f6df10a9509: cmp al, 0xa
ss pc = 0x7f6df10a950b: jnz 0x7f6df10a9517
ss pc = 0x7f6df10a9517: add rdx, 0x1
ss pc = 0x7f6df10a951b: movzx eax, byte ptr [rdx]
ss pc = 0x7f6df10a951e: test al, al
ss pc = 0x7f6df10a9520: jz 0x7f6df10a952b
ss pc = 0x7f6df10a9526: jmp 0x7f6df10a952c
ss pc = 0x7f6df10a952c: cmp al, 0x25
ss pc = 0x7f6df10a952e: jz 0x7f6df10a9548
ss pc = 0x7f6df10a9534: jmp 0x7f6df10a953a
ss pc = 0x7f6df10a953a: cmp al, 0xa
ss pc = 0x7f6df10a953c: jnz 0x7f6df10a9517
ss pc = 0x7f6df10a9517: add rdx, 0x1
ss pc = 0x7f6df10a951b: movzx eax, byte ptr [rdx]
ss pc = 0x7f6df10a951e: test al, al
ss pc = 0x7f6df10a9520: jz 0x7f6df10a952b
ss pc = 0x7f6df10a9526: jmp 0x7f6df10a952c
ss pc = 0x7f6df10a952c: cmp al, 0x25
ss pc = 0x7f6df10a952e: jz 0x7f6df10a9548
ss pc = 0x7f6df10a9548: cmp r12d, 0x3f
ss pc = 0x7f6df10a954c: jnle 0x7f6df10a9557
ss pc = 0x7f6df10a9552: jmp 0x7f6df10a9558
ss pc = 0x7f6df10a9558: mov rsi, rdx
ss pc = 0x7f6df10a955b: movsxd rcx, r12d
ss pc = 0x7f6df10a955e: sub rsi, rbx
ss pc = 0x7f6df10a9561: shl rcx, 0x4
ss pc = 0x7f6df10a9565: test rsi, rsi
ss pc = 0x7f6df10a9568: mov qword ptr [rbp+rcx*1-0x428], rsi
ss pc = 0x7f6df10a9570: jz 0x7f6df10a957b
ss pc = 0x7f6df10a9576: jmp 0x7f6df10a957c
ss pc = 0x7f6df10a957c: mov qword ptr [rbp+rcx*1-0x430], rbx
ss pc = 0x7f6df10a9584: add r12d, 0x1
ss pc = 0x7f6df10a9588: cmp al, 0x25
ss pc = 0x7f6df10a958a: jz 0x7f6df10a9596
ss pc = 0x7f6df10a9596: movzx ecx, byte ptr [rdx+0x1]
ss pc = 0x7f6df10a959a: cmp cl, 0x30
ss pc = 0x7f6df10a959d: jz 0x7f6df10a95a8
ss pc = 0x7f6df10a95a3: jmp 0x7f6df10a95a9
ss pc = 0x7f6df10a95a9: lea rax, ptr [rdx+0x1]
ss pc = 0x7f6df10a95ad: mov r11d, 0x20
ss pc = 0x7f6df10a95b3: cmp cl, 0x2a
ss pc = 0x7f6df10a95b6: mov r8, 0xffffffffffffffff
ss pc = 0x7f6df10a95bd: jz 0x7f6df10a95c8
ss pc = 0x7f6df10a95c3: jmp 0x7f6df10a95c9
ss pc = 0x7f6df10a95c9: cmp cl, 0x2e
ss pc = 0x7f6df10a95cc: mov edx, 0xffffffff
ss pc = 0x7f6df10a95d1: jz 0x7f6df10a95dc
ss pc = 0x7f6df10a95d7: jmp 0x7f6df10a95dd
ss pc = 0x7f6df10a95dd: cmp cl, 0x6c
ss pc = 0x7f6df10a95e0: jz 0x7f6df10a95eb
ss pc = 0x7f6df10a95e6: jmp 0x7f6df10a95ec
ss pc = 0x7f6df10a95ec: cmp cl, 0x5a
ss pc = 0x7f6df10a95ef: jz 0x7f6df10a95fa
ss pc = 0x7f6df10a95f5: jmp 0x7f6df10a95fb
ss pc = 0x7f6df10a95fb: cmp cl, 0x73
ss pc = 0x7f6df10a95fe: jz 0x7f6df10a960a
ss pc = 0x7f6df10a9604: int3 
ss pc = 0x7f6df10a9604: jmp 0x7f6df10a9767
ss pc = 0x7f6df10a9767: jle 0x7f6df10a9772
ss pc = 0x7f6df10a976d: int3 
ss pc = 0x7f6df10a976d: jmp 0x7f6df10a9773
ss pc = 0x7f6df10a9773: cmp cl, 0x75
ss pc = 0x7f6df10a9776: jnz 0x7f6df10a9781
ss pc = 0x7f6df10a977c: int3 
ss pc = 0x7f6df10a977c: jmp 0x7f6df10a9782
ss pc = 0x7f6df10a9782: mov rbx, qword ptr [rbp-0x450]
ss pc = 0x7f6df10a9789: mov edx, dword ptr [rbx]
ss pc = 0x7f6df10a978b: cmp edx, 0x2f
ss pc = 0x7f6df10a978e: jnbe 0x7f6df10a9799
ss pc = 0x7f6df10a9794: int3 
ss pc = 0x7f6df10a9794: jmp 0x7f6df10a979a
ss pc = 0x7f6df10a979a: mov ecx, edx
ss pc = 0x7f6df10a979c: add rcx, qword ptr [rbx+0x10]
ss pc = 0x7f6df10a97a0: add edx, 0x8
ss pc = 0x7f6df10a97a3: mov dword ptr [rbx], edx
ss pc = 0x7f6df10a97a5: mov edi, dword ptr [rcx]
ss pc = 0x7f6df10a97a7: mov rbx, rax
ss pc = 0x7f6df10a97aa: jmp 0x7f6df10a97af
ss pc = 0x7f6df10a97af: sub rsp, 0x30
ss pc = 0x7f6df10a97b3: push rax
ss pc = 0x7f6df10a97b4: mov rax, qword ptr [rip-0x106d3]
ss pc = 0x7f6df10a97bb: lea rsi, ptr [rax]
ss pc = 0x7f6df10a97be: pop rax
ss pc = 0x7f6df10a97bf: lea r10, ptr [rsp+0xf]
ss pc = 0x7f6df10a97c4: and r10, 0xfffffffffffffff0
ss pc = 0x7f6df10a97c8: add r10, 0x18
ss pc = 0x7f6df10a97cc: cmp byte ptr [rbx], 0x78
ss pc = 0x7f6df10a97cf: mov rcx, r10
ss pc = 0x7f6df10a97d2: jz 0x7f6df10a97dd
ss pc = 0x7f6df10a97d8: int3 
ss pc = 0x7f6df10a97d8: jmp 0x7f6df10a97de
ss pc = 0x7f6df10a97de: mov rax, rdi
ss pc = 0x7f6df10a97e1: sub rcx, 0x1
ss pc = 0x7f6df10a97e5: mul r13
ss pc = 0x7f6df10a97e8: shr rdx, 0x3
ss pc = 0x7f6df10a97ec: lea rax, ptr [rdx+rdx*4]
ss pc = 0x7f6df10a97f0: add rax, rax
ss pc = 0x7f6df10a97f3: sub rdi, rax
ss pc = 0x7f6df10a97f6: test rdx, rdx
ss pc = 0x7f6df10a97f9: movzx eax, byte ptr [rsi+rdi*1]
ss pc = 0x7f6df10a97fd: mov rdi, rdx
ss pc = 0x7f6df10a9800: mov byte ptr [rcx], al
ss pc = 0x7f6df10a9802: jnz 0x7f6df10a980d
ss pc = 0x7f6df10a980d: int3 
ss pc = 0x7f6df10a97de: mov rax, rdi
ss pc = 0x7f6df10a97e1: sub rcx, 0x1
ss pc = 0x7f6df10a97e5: mul r13
ss pc = 0x7f6df10a97e8: shr rdx, 0x3
ss pc = 0x7f6df10a97ec: lea rax, ptr [rdx+rdx*4]
ss pc = 0x7f6df10a97f0: add rax, rax
ss pc = 0x7f6df10a97f3: sub rdi, rax
ss pc = 0x7f6df10a97f6: test rdx, rdx
ss pc = 0x7f6df10a97f9: movzx eax, byte ptr [rsi+rdi*1]
ss pc = 0x7f6df10a97fd: mov rdi, rdx
ss pc = 0x7f6df10a9800: mov byte ptr [rcx], al
ss pc = 0x7f6df10a9802: jnz 0x7f6df10a97de
ss pc = 0x7f6df10a97de: mov rax, rdi
ss pc = 0x7f6df10a97e1: sub rcx, 0x1
ss pc = 0x7f6df10a97e5: mul r13
ss pc = 0x7f6df10a97e8: shr rdx, 0x3
ss pc = 0x7f6df10a97ec: lea rax, ptr [rdx+rdx*4]
ss pc = 0x7f6df10a97f0: add rax, rax
ss pc = 0x7f6df10a97f3: sub rdi, rax
ss pc = 0x7f6df10a97f6: test rdx, rdx
ss pc = 0x7f6df10a97f9: movzx eax, byte ptr [rsi+rdi*1]
ss pc = 0x7f6df10a97fd: mov rdi, rdx
ss pc = 0x7f6df10a9800: mov byte ptr [rcx], al
ss pc = 0x7f6df10a9802: jnz 0x7f6df10a97de
ss pc = 0x7f6df10a9808: int3 
ss pc = 0x7f6df10a9808: jmp 0x7f6df10a980e
ss pc = 0x7f6df10a980e: mov rax, r10
ss pc = 0x7f6df10a9811: sub rax, rcx
ss pc = 0x7f6df10a9814: cmp r8d, 0xffffffff
ss pc = 0x7f6df10a9818: jnz 0x7f6df10a9823
ss pc = 0x7f6df10a981e: int3 
ss pc = 0x7f6df10a981e: jmp 0x7f6df10a9824
ss pc = 0x7f6df10a9824: int3 
ss pc = 0x7f6df10a9825: movsxd rdx, r12d
ss pc = 0x7f6df10a9828: add r12d, 0x1
ss pc = 0x7f6df10a982c: shl rdx, 0x4
ss pc = 0x7f6df10a9830: mov qword ptr [rbp+rdx*1-0x430], rcx
ss pc = 0x7f6df10a9838: mov qword ptr [rbp+rdx*1-0x428], rax
ss pc = 0x7f6df10a9840: jmp 0x7f6df10a9845
ss pc = 0x7f6df10a9845: lea rdx, ptr [rbx+0x1]
ss pc = 0x7f6df10a9849: jmp 0x7f6df10a9744
ss pc = 0x7f6df10a9744: mov rbx, rdx
ss pc = 0x7f6df10a9747: movzx eax, byte ptr [rbx]
ss pc = 0x7f6df10a974a: test al, al
ss pc = 0x7f6df10a974c: jnz 0x7f6df10a9758
ss pc = 0x7f6df10a9758: test r14d, r14d
ss pc = 0x7f6df10a975b: jle 0x7f6df10a94e4
ss pc = 0x7f6df10a94e4: cmp al, 0x25
ss pc = 0x7f6df10a94e6: jz 0x7f6df10a94f1
ss pc = 0x7f6df10a94ec: jmp 0x7f6df10a94f2
ss pc = 0x7f6df10a94f2: test al, al
ss pc = 0x7f6df10a94f4: jz 0x7f6df10a94ff
ss pc = 0x7f6df10a94fa: jmp 0x7f6df10a9500
ss pc = 0x7f6df10a9500: test r14d, r14d
ss pc = 0x7f6df10a9503: mov rdx, rbx
ss pc = 0x7f6df10a9506: setz cl
ss pc = 0x7f6df10a9509: cmp al, 0xa
ss pc = 0x7f6df10a950b: jnz 0x7f6df10a9517
ss pc = 0x7f6df10a9517: add rdx, 0x1
ss pc = 0x7f6df10a951b: movzx eax, byte ptr [rdx]
ss pc = 0x7f6df10a951e: test al, al
ss pc = 0x7f6df10a9520: jz 0x7f6df10a952b
ss pc = 0x7f6df10a9526: jmp 0x7f6df10a952c
ss pc = 0x7f6df10a952c: cmp al, 0x25
ss pc = 0x7f6df10a952e: jz 0x7f6df10a9548
ss pc = 0x7f6df10a9534: jmp 0x7f6df10a953a
ss pc = 0x7f6df10a953a: cmp al, 0xa
ss pc = 0x7f6df10a953c: jnz 0x7f6df10a9517
ss pc = 0x7f6df10a9517: add rdx, 0x1
ss pc = 0x7f6df10a951b: movzx eax, byte ptr [rdx]
ss pc = 0x7f6df10a951e: test al, al
ss pc = 0x7f6df10a9520: jz 0x7f6df10a952b
ss pc = 0x7f6df10a9526: jmp 0x7f6df10a952c
ss pc = 0x7f6df10a952c: cmp al, 0x25
ss pc = 0x7f6df10a952e: jz 0x7f6df10a9548
ss pc = 0x7f6df10a9548: cmp r12d, 0x3f
ss pc = 0x7f6df10a954c: jnle 0x7f6df10a9557
ss pc = 0x7f6df10a9552: jmp 0x7f6df10a9558
ss pc = 0x7f6df10a9558: mov rsi, rdx
ss pc = 0x7f6df10a955b: movsxd rcx, r12d
ss pc = 0x7f6df10a955e: sub rsi, rbx
ss pc = 0x7f6df10a9561: shl rcx, 0x4
ss pc = 0x7f6df10a9565: test rsi, rsi
ss pc = 0x7f6df10a9568: mov qword ptr [rbp+rcx*1-0x428], rsi
ss pc = 0x7f6df10a9570: jz 0x7f6df10a957b
ss pc = 0x7f6df10a9576: jmp 0x7f6df10a957c
ss pc = 0x7f6df10a957c: mov qword ptr [rbp+rcx*1-0x430], rbx
ss pc = 0x7f6df10a9584: add r12d, 0x1
ss pc = 0x7f6df10a9588: cmp al, 0x25
ss pc = 0x7f6df10a958a: jz 0x7f6df10a9596
ss pc = 0x7f6df10a9596: movzx ecx, byte ptr [rdx+0x1]
ss pc = 0x7f6df10a959a: cmp cl, 0x30
ss pc = 0x7f6df10a959d: jz 0x7f6df10a95a8
ss pc = 0x7f6df10a95a3: jmp 0x7f6df10a95a9
ss pc = 0x7f6df10a95a9: lea rax, ptr [rdx+0x1]
ss pc = 0x7f6df10a95ad: mov r11d, 0x20
ss pc = 0x7f6df10a95b3: cmp cl, 0x2a
ss pc = 0x7f6df10a95b6: mov r8, 0xffffffffffffffff
ss pc = 0x7f6df10a95bd: jz 0x7f6df10a95c8
ss pc = 0x7f6df10a95c3: jmp 0x7f6df10a95c9
ss pc = 0x7f6df10a95c9: cmp cl, 0x2e
ss pc = 0x7f6df10a95cc: mov edx, 0xffffffff
ss pc = 0x7f6df10a95d1: jz 0x7f6df10a95dc
ss pc = 0x7f6df10a95d7: jmp 0x7f6df10a95dd
ss pc = 0x7f6df10a95dd: cmp cl, 0x6c
ss pc = 0x7f6df10a95e0: jz 0x7f6df10a95eb
ss pc = 0x7f6df10a95e6: jmp 0x7f6df10a95ec
ss pc = 0x7f6df10a95ec: cmp cl, 0x5a
ss pc = 0x7f6df10a95ef: jz 0x7f6df10a95fa
ss pc = 0x7f6df10a95f5: jmp 0x7f6df10a95fb
ss pc = 0x7f6df10a95fb: cmp cl, 0x73
ss pc = 0x7f6df10a95fe: jz 0x7f6df10a960a
ss pc = 0x7f6df10a960a: mov rbx, rax
ss pc = 0x7f6df10a960d: mov rdi, qword ptr [rbp-0x450]
ss pc = 0x7f6df10a9614: mov eax, dword ptr [rdi]
ss pc = 0x7f6df10a9616: cmp eax, 0x2f
ss pc = 0x7f6df10a9619: jnbe 0x7f6df10a9624
ss pc = 0x7f6df10a961f: jmp 0x7f6df10a9625
ss pc = 0x7f6df10a9625: mov ecx, eax
ss pc = 0x7f6df10a9627: add rcx, qword ptr [rdi+0x10]
ss pc = 0x7f6df10a962b: add eax, 0x8
ss pc = 0x7f6df10a962e: mov dword ptr [rdi], eax
ss pc = 0x7f6df10a9630: mov rdi, qword ptr [rcx]
ss pc = 0x7f6df10a9633: movsxd rcx, r12d
ss pc = 0x7f6df10a9636: mov qword ptr [rbp-0x468], r9
ss pc = 0x7f6df10a963d: shl rcx, 0x4
ss pc = 0x7f6df10a9641: mov dword ptr [rbp-0x45c], edx
ss pc = 0x7f6df10a9647: mov qword ptr [rbp-0x448], rcx
ss pc = 0x7f6df10a964e: mov qword ptr [rbp+rcx*1-0x430], rdi
ss pc = 0x7f6df10a9656: push qword ptr [rip+0x5]
ss pc = 0x7f6df10a965c: jmp 0x7f6df10a9669
ss pc = 0x7f6df10a9669: pxor xmm0, xmm0
ss pc = 0x7f6df10a966d: pxor xmm1, xmm1
ss pc = 0x7f6df10a9671: pxor xmm2, xmm2
ss pc = 0x7f6df10a9675: pxor xmm3, xmm3
ss pc = 0x7f6df10a9679: mov rax, rdi
ss pc = 0x7f6df10a967c: mov rcx, rdi
ss pc = 0x7f6df10a967f: and rcx, 0xfff
ss pc = 0x7f6df10a9686: cmp rcx, 0xfcf
ss pc = 0x7f6df10a968d: jnbe 0x7f6df10a9698
ss pc = 0x7f6df10a9693: jmp 0x7f6df10a9699
ss pc = 0x7f6df10a9699: movdqu xmm4, xmmword ptr [rax]
ss pc = 0x7f6df10a969d: pcmpeqb xmm4, xmm0
ss pc = 0x7f6df10a96a1: pmovmskb edx, xmm4
ss pc = 0x7f6df10a96a5: test edx, edx
ss pc = 0x7f6df10a96a7: jz 0x7f6df10a96b3
ss pc = 0x7f6df10a96b3: and rax, 0xfffffffffffffff0
ss pc = 0x7f6df10a96b7: pcmpeqb xmm1, xmmword ptr [rax+0x10]
ss pc = 0x7f6df10a96bc: pcmpeqb xmm2, xmmword ptr [rax+0x20]
ss pc = 0x7f6df10a96c1: pcmpeqb xmm3, xmmword ptr [rax+0x30]
ss pc = 0x7f6df10a96c6: pmovmskb edx, xmm1
ss pc = 0x7f6df10a96ca: pmovmskb r8d, xmm2
ss pc = 0x7f6df10a96cf: pmovmskb ecx, xmm3
ss pc = 0x7f6df10a96d3: shl rdx, 0x10
ss pc = 0x7f6df10a96d7: shl rcx, 0x10
ss pc = 0x7f6df10a96db: or rcx, r8
ss pc = 0x7f6df10a96de: shl rcx, 0x20
ss pc = 0x7f6df10a96e2: or rdx, rcx
ss pc = 0x7f6df10a96e5: mov rcx, rdi
ss pc = 0x7f6df10a96e8: xor rcx, rax
ss pc = 0x7f6df10a96eb: and rax, 0xffffffffffffffc0
ss pc = 0x7f6df10a96ef: sar rdx, cl
ss pc = 0x7f6df10a96f2: test rdx, rdx
ss pc = 0x7f6df10a96f5: jz 0x7f6df10a9700
ss pc = 0x7f6df10a96fb: jmp 0x7f6df10a9701
ss pc = 0x7f6df10a9701: bsf rax, rdx
ss pc = 0x7f6df10a9705: int3 
ss pc = 0x7f6df10a9706: movsxd rdx, dword ptr [rbp-0x45c]
ss pc = 0x7f6df10a970d: mov rcx, qword ptr [rbp-0x448]
ss pc = 0x7f6df10a9714: mov r9, qword ptr [rbp-0x468]
ss pc = 0x7f6df10a971b: cmp edx, 0xffffffff
ss pc = 0x7f6df10a971e: jz 0x7f6df10a972a
ss pc = 0x7f6df10a972a: mov qword ptr [rbp+rcx*1-0x428], rax
ss pc = 0x7f6df10a9732: jmp 0x7f6df10a9737
ss pc = 0x7f6df10a9737: add r12d, 0x1
ss pc = 0x7f6df10a973b: lea rdx, ptr [rbx+0x1]
ss pc = 0x7f6df10a973f: jmp 0x7f6df10a9744
ss pc = 0x7f6df10a9744: mov rbx, rdx
ss pc = 0x7f6df10a9747: movzx eax, byte ptr [rbx]
ss pc = 0x7f6df10a974a: test al, al
ss pc = 0x7f6df10a974c: jnz 0x7f6df10a9758
ss pc = 0x7f6df10a9758: test r14d, r14d
ss pc = 0x7f6df10a975b: jle 0x7f6df10a94e4
ss pc = 0x7f6df10a94e4: cmp al, 0x25
ss pc = 0x7f6df10a94e6: jz 0x7f6df10a94f1
ss pc = 0x7f6df10a94f1: int3 
ss pc = 0x7f6df10a984e: mov rdx, rbx
ss pc = 0x7f6df10a9851: jmp 0x7f6df10a9548
ss pc = 0x7f6df10a9548: cmp r12d, 0x3f
ss pc = 0x7f6df10a954c: jnle 0x7f6df10a9557
ss pc = 0x7f6df10a9552: jmp 0x7f6df10a9558
ss pc = 0x7f6df10a9558: mov rsi, rdx
ss pc = 0x7f6df10a955b: movsxd rcx, r12d
ss pc = 0x7f6df10a955e: sub rsi, rbx
ss pc = 0x7f6df10a9561: shl rcx, 0x4
ss pc = 0x7f6df10a9565: test rsi, rsi
ss pc = 0x7f6df10a9568: mov qword ptr [rbp+rcx*1-0x428], rsi
ss pc = 0x7f6df10a9570: jz 0x7f6df10a957b
ss pc = 0x7f6df10a957b: int3 
ss pc = 0x7f6df10a9856: cmp al, 0x25
ss pc = 0x7f6df10a9858: jz 0x7f6df10a9863
ss pc = 0x7f6df10a9863: int3 
ss pc = 0x7f6df10a9596: movzx ecx, byte ptr [rdx+0x1]
ss pc = 0x7f6df10a959a: cmp cl, 0x30
ss pc = 0x7f6df10a959d: jz 0x7f6df10a95a8
ss pc = 0x7f6df10a95a3: jmp 0x7f6df10a95a9
ss pc = 0x7f6df10a95a9: lea rax, ptr [rdx+0x1]
ss pc = 0x7f6df10a95ad: mov r11d, 0x20
ss pc = 0x7f6df10a95b3: cmp cl, 0x2a
ss pc = 0x7f6df10a95b6: mov r8, 0xffffffffffffffff
ss pc = 0x7f6df10a95bd: jz 0x7f6df10a95c8
ss pc = 0x7f6df10a95c3: jmp 0x7f6df10a95c9
ss pc = 0x7f6df10a95c9: cmp cl, 0x2e
ss pc = 0x7f6df10a95cc: mov edx, 0xffffffff
ss pc = 0x7f6df10a95d1: jz 0x7f6df10a95dc
ss pc = 0x7f6df10a95d7: jmp 0x7f6df10a95dd
ss pc = 0x7f6df10a95dd: cmp cl, 0x6c
ss pc = 0x7f6df10a95e0: jz 0x7f6df10a95eb
ss pc = 0x7f6df10a95e6: jmp 0x7f6df10a95ec
ss pc = 0x7f6df10a95ec: cmp cl, 0x5a
ss pc = 0x7f6df10a95ef: jz 0x7f6df10a95fa
ss pc = 0x7f6df10a95f5: jmp 0x7f6df10a95fb
ss pc = 0x7f6df10a95fb: cmp cl, 0x73
ss pc = 0x7f6df10a95fe: jz 0x7f6df10a960a
ss pc = 0x7f6df10a960a: mov rbx, rax
ss pc = 0x7f6df10a960d: mov rdi, qword ptr [rbp-0x450]
ss pc = 0x7f6df10a9614: mov eax, dword ptr [rdi]
ss pc = 0x7f6df10a9616: cmp eax, 0x2f
ss pc = 0x7f6df10a9619: jnbe 0x7f6df10a9624
ss pc = 0x7f6df10a961f: jmp 0x7f6df10a9625
ss pc = 0x7f6df10a9625: mov ecx, eax
ss pc = 0x7f6df10a9627: add rcx, qword ptr [rdi+0x10]
ss pc = 0x7f6df10a962b: add eax, 0x8
ss pc = 0x7f6df10a962e: mov dword ptr [rdi], eax
ss pc = 0x7f6df10a9630: mov rdi, qword ptr [rcx]
ss pc = 0x7f6df10a9633: movsxd rcx, r12d
ss pc = 0x7f6df10a9636: mov qword ptr [rbp-0x468], r9
ss pc = 0x7f6df10a963d: shl rcx, 0x4
ss pc = 0x7f6df10a9641: mov dword ptr [rbp-0x45c], edx
ss pc = 0x7f6df10a9647: mov qword ptr [rbp-0x448], rcx
ss pc = 0x7f6df10a964e: mov qword ptr [rbp+rcx*1-0x430], rdi
ss pc = 0x7f6df10a9656: push qword ptr [rip+0x5]
ss pc = 0x7f6df10a965c: jmp 0x7f6df10a9669
ss pc = 0x7f6df10a9669: pxor xmm0, xmm0
ss pc = 0x7f6df10a966d: pxor xmm1, xmm1
ss pc = 0x7f6df10a9671: pxor xmm2, xmm2
ss pc = 0x7f6df10a9675: pxor xmm3, xmm3
ss pc = 0x7f6df10a9679: mov rax, rdi
ss pc = 0x7f6df10a967c: mov rcx, rdi
ss pc = 0x7f6df10a967f: and rcx, 0xfff
ss pc = 0x7f6df10a9686: cmp rcx, 0xfcf
ss pc = 0x7f6df10a968d: jnbe 0x7f6df10a9698
ss pc = 0x7f6df10a9693: jmp 0x7f6df10a9699
ss pc = 0x7f6df10a9699: movdqu xmm4, xmmword ptr [rax]
ss pc = 0x7f6df10a969d: pcmpeqb xmm4, xmm0
ss pc = 0x7f6df10a96a1: pmovmskb edx, xmm4
ss pc = 0x7f6df10a96a5: test edx, edx
ss pc = 0x7f6df10a96a7: jz 0x7f6df10a96b3
ss pc = 0x7f6df10a96ad: int3 
ss pc = 0x7f6df10a96ad: jmp 0x7f6df10a9864
ss pc = 0x7f6df10a9864: bsf eax, edx
ss pc = 0x7f6df10a9867: int3 
ss pc = 0x7f6df10a9706: movsxd rdx, dword ptr [rbp-0x45c]
ss pc = 0x7f6df10a970d: mov rcx, qword ptr [rbp-0x448]
ss pc = 0x7f6df10a9714: mov r9, qword ptr [rbp-0x468]
ss pc = 0x7f6df10a971b: cmp edx, 0xffffffff
ss pc = 0x7f6df10a971e: jz 0x7f6df10a972a
ss pc = 0x7f6df10a972a: mov qword ptr [rbp+rcx*1-0x428], rax
ss pc = 0x7f6df10a9732: jmp 0x7f6df10a9737
ss pc = 0x7f6df10a9737: add r12d, 0x1
ss pc = 0x7f6df10a973b: lea rdx, ptr [rbx+0x1]
ss pc = 0x7f6df10a973f: jmp 0x7f6df10a9744
ss pc = 0x7f6df10a9744: mov rbx, rdx
ss pc = 0x7f6df10a9747: movzx eax, byte ptr [rbx]
ss pc = 0x7f6df10a974a: test al, al
ss pc = 0x7f6df10a974c: jnz 0x7f6df10a9758
ss pc = 0x7f6df10a9758: test r14d, r14d
ss pc = 0x7f6df10a975b: jle 0x7f6df10a94e4
ss pc = 0x7f6df10a94e4: cmp al, 0x25
ss pc = 0x7f6df10a94e6: jz 0x7f6df10a984e
ss pc = 0x7f6df10a94ec: jmp 0x7f6df10a94f2
ss pc = 0x7f6df10a94f2: test al, al
ss pc = 0x7f6df10a94f4: jz 0x7f6df10a94ff
ss pc = 0x7f6df10a94fa: jmp 0x7f6df10a9500
ss pc = 0x7f6df10a9500: test r14d, r14d
ss pc = 0x7f6df10a9503: mov rdx, rbx
ss pc = 0x7f6df10a9506: setz cl
ss pc = 0x7f6df10a9509: cmp al, 0xa
ss pc = 0x7f6df10a950b: jnz 0x7f6df10a9517
ss pc = 0x7f6df10a9517: add rdx, 0x1
ss pc = 0x7f6df10a951b: movzx eax, byte ptr [rdx]
ss pc = 0x7f6df10a951e: test al, al
ss pc = 0x7f6df10a9520: jz 0x7f6df10a952b
ss pc = 0x7f6df10a9526: jmp 0x7f6df10a952c
ss pc = 0x7f6df10a952c: cmp al, 0x25
ss pc = 0x7f6df10a952e: jz 0x7f6df10a9548
ss pc = 0x7f6df10a9534: jmp 0x7f6df10a953a
ss pc = 0x7f6df10a953a: cmp al, 0xa
ss pc = 0x7f6df10a953c: jnz 0x7f6df10a9517
ss pc = 0x7f6df10a9517: add rdx, 0x1
ss pc = 0x7f6df10a951b: movzx eax, byte ptr [rdx]
ss pc = 0x7f6df10a951e: test al, al
ss pc = 0x7f6df10a9520: jz 0x7f6df10a952b
ss pc = 0x7f6df10a9526: jmp 0x7f6df10a952c
ss pc = 0x7f6df10a952c: cmp al, 0x25
ss pc = 0x7f6df10a952e: jz 0x7f6df10a9548
ss pc = 0x7f6df10a9534: jmp 0x7f6df10a953a
ss pc = 0x7f6df10a953a: cmp al, 0xa
ss pc = 0x7f6df10a953c: jnz 0x7f6df10a9517
ss pc = 0x7f6df10a9517: add rdx, 0x1
ss pc = 0x7f6df10a951b: movzx eax, byte ptr [rdx]
ss pc = 0x7f6df10a951e: test al, al
ss pc = 0x7f6df10a9520: jz 0x7f6df10a952b
ss pc = 0x7f6df10a9526: jmp 0x7f6df10a952c
ss pc = 0x7f6df10a952c: cmp al, 0x25
ss pc = 0x7f6df10a952e: jz 0x7f6df10a9548
ss pc = 0x7f6df10a9534: jmp 0x7f6df10a953a
ss pc = 0x7f6df10a953a: cmp al, 0xa
ss pc = 0x7f6df10a953c: jnz 0x7f6df10a9517
ss pc = 0x7f6df10a9517: add rdx, 0x1
ss pc = 0x7f6df10a951b: movzx eax, byte ptr [rdx]
ss pc = 0x7f6df10a951e: test al, al
ss pc = 0x7f6df10a9520: jz 0x7f6df10a952b
ss pc = 0x7f6df10a9526: jmp 0x7f6df10a952c
ss pc = 0x7f6df10a952c: cmp al, 0x25
ss pc = 0x7f6df10a952e: jz 0x7f6df10a9548
ss pc = 0x7f6df10a9534: jmp 0x7f6df10a953a
ss pc = 0x7f6df10a953a: cmp al, 0xa
ss pc = 0x7f6df10a953c: jnz 0x7f6df10a9517
ss pc = 0x7f6df10a9517: add rdx, 0x1
ss pc = 0x7f6df10a951b: movzx eax, byte ptr [rdx]
ss pc = 0x7f6df10a951e: test al, al
ss pc = 0x7f6df10a9520: jz 0x7f6df10a952b
ss pc = 0x7f6df10a9526: jmp 0x7f6df10a952c
ss pc = 0x7f6df10a952c: cmp al, 0x25
ss pc = 0x7f6df10a952e: jz 0x7f6df10a9548
ss pc = 0x7f6df10a9534: jmp 0x7f6df10a953a
ss pc = 0x7f6df10a953a: cmp al, 0xa
ss pc = 0x7f6df10a953c: jnz 0x7f6df10a9517
ss pc = 0x7f6df10a9517: add rdx, 0x1
ss pc = 0x7f6df10a951b: movzx eax, byte ptr [rdx]
ss pc = 0x7f6df10a951e: test al, al
ss pc = 0x7f6df10a9520: jz 0x7f6df10a952b
ss pc = 0x7f6df10a9526: jmp 0x7f6df10a952c
ss pc = 0x7f6df10a952c: cmp al, 0x25
ss pc = 0x7f6df10a952e: jz 0x7f6df10a9548
ss pc = 0x7f6df10a9534: jmp 0x7f6df10a953a
ss pc = 0x7f6df10a953a: cmp al, 0xa
ss pc = 0x7f6df10a953c: jnz 0x7f6df10a9517
ss pc = 0x7f6df10a9517: add rdx, 0x1
ss pc = 0x7f6df10a951b: movzx eax, byte ptr [rdx]
ss pc = 0x7f6df10a951e: test al, al
ss pc = 0x7f6df10a9520: jz 0x7f6df10a952b
ss pc = 0x7f6df10a9526: jmp 0x7f6df10a952c
ss pc = 0x7f6df10a952c: cmp al, 0x25
ss pc = 0x7f6df10a952e: jz 0x7f6df10a9548
ss pc = 0x7f6df10a9534: jmp 0x7f6df10a953a
ss pc = 0x7f6df10a953a: cmp al, 0xa
ss pc = 0x7f6df10a953c: jnz 0x7f6df10a9517
ss pc = 0x7f6df10a9517: add rdx, 0x1
ss pc = 0x7f6df10a951b: movzx eax, byte ptr [rdx]
ss pc = 0x7f6df10a951e: test al, al
ss pc = 0x7f6df10a9520: jz 0x7f6df10a952b
ss pc = 0x7f6df10a9526: jmp 0x7f6df10a952c
ss pc = 0x7f6df10a952c: cmp al, 0x25
ss pc = 0x7f6df10a952e: jz 0x7f6df10a9548
ss pc = 0x7f6df10a9534: jmp 0x7f6df10a953a
ss pc = 0x7f6df10a953a: cmp al, 0xa
ss pc = 0x7f6df10a953c: jnz 0x7f6df10a9517
ss pc = 0x7f6df10a9517: add rdx, 0x1
ss pc = 0x7f6df10a951b: movzx eax, byte ptr [rdx]
ss pc = 0x7f6df10a951e: test al, al
ss pc = 0x7f6df10a9520: jz 0x7f6df10a952b
ss pc = 0x7f6df10a9526: jmp 0x7f6df10a952c
ss pc = 0x7f6df10a952c: cmp al, 0x25
ss pc = 0x7f6df10a952e: jz 0x7f6df10a9548
ss pc = 0x7f6df10a9534: jmp 0x7f6df10a953a
ss pc = 0x7f6df10a953a: cmp al, 0xa
ss pc = 0x7f6df10a953c: jnz 0x7f6df10a9517
ss pc = 0x7f6df10a9517: add rdx, 0x1
ss pc = 0x7f6df10a951b: movzx eax, byte ptr [rdx]
ss pc = 0x7f6df10a951e: test al, al
ss pc = 0x7f6df10a9520: jz 0x7f6df10a952b
ss pc = 0x7f6df10a9526: jmp 0x7f6df10a952c
ss pc = 0x7f6df10a952c: cmp al, 0x25
ss pc = 0x7f6df10a952e: jz 0x7f6df10a9548
ss pc = 0x7f6df10a9534: jmp 0x7f6df10a953a
ss pc = 0x7f6df10a953a: cmp al, 0xa
ss pc = 0x7f6df10a953c: jnz 0x7f6df10a9517
ss pc = 0x7f6df10a9517: add rdx, 0x1
ss pc = 0x7f6df10a951b: movzx eax, byte ptr [rdx]
ss pc = 0x7f6df10a951e: test al, al
ss pc = 0x7f6df10a9520: jz 0x7f6df10a952b
ss pc = 0x7f6df10a9526: jmp 0x7f6df10a952c
ss pc = 0x7f6df10a952c: cmp al, 0x25
ss pc = 0x7f6df10a952e: jz 0x7f6df10a9548
ss pc = 0x7f6df10a9548: cmp r12d, 0x3f
ss pc = 0x7f6df10a954c: jnle 0x7f6df10a9557
ss pc = 0x7f6df10a9552: jmp 0x7f6df10a9558
ss pc = 0x7f6df10a9558: mov rsi, rdx
ss pc = 0x7f6df10a955b: movsxd rcx, r12d
ss pc = 0x7f6df10a955e: sub rsi, rbx
ss pc = 0x7f6df10a9561: shl rcx, 0x4
ss pc = 0x7f6df10a9565: test rsi, rsi
ss pc = 0x7f6df10a9568: mov qword ptr [rbp+rcx*1-0x428], rsi
ss pc = 0x7f6df10a9570: jz 0x7f6df10a9856
ss pc = 0x7f6df10a9576: jmp 0x7f6df10a957c
ss pc = 0x7f6df10a957c: mov qword ptr [rbp+rcx*1-0x430], rbx
ss pc = 0x7f6df10a9584: add r12d, 0x1
ss pc = 0x7f6df10a9588: cmp al, 0x25
ss pc = 0x7f6df10a958a: jz 0x7f6df10a9596
ss pc = 0x7f6df10a9596: movzx ecx, byte ptr [rdx+0x1]
ss pc = 0x7f6df10a959a: cmp cl, 0x30
ss pc = 0x7f6df10a959d: jz 0x7f6df10a95a8
ss pc = 0x7f6df10a95a3: jmp 0x7f6df10a95a9
ss pc = 0x7f6df10a95a9: lea rax, ptr [rdx+0x1]
ss pc = 0x7f6df10a95ad: mov r11d, 0x20
ss pc = 0x7f6df10a95b3: cmp cl, 0x2a
ss pc = 0x7f6df10a95b6: mov r8, 0xffffffffffffffff
ss pc = 0x7f6df10a95bd: jz 0x7f6df10a95c8
ss pc = 0x7f6df10a95c3: jmp 0x7f6df10a95c9
ss pc = 0x7f6df10a95c9: cmp cl, 0x2e
ss pc = 0x7f6df10a95cc: mov edx, 0xffffffff
ss pc = 0x7f6df10a95d1: jz 0x7f6df10a95dc
ss pc = 0x7f6df10a95d7: jmp 0x7f6df10a95dd
ss pc = 0x7f6df10a95dd: cmp cl, 0x6c
ss pc = 0x7f6df10a95e0: jz 0x7f6df10a95eb
ss pc = 0x7f6df10a95e6: jmp 0x7f6df10a95ec
ss pc = 0x7f6df10a95ec: cmp cl, 0x5a
ss pc = 0x7f6df10a95ef: jz 0x7f6df10a95fa
ss pc = 0x7f6df10a95f5: jmp 0x7f6df10a95fb
ss pc = 0x7f6df10a95fb: cmp cl, 0x73
ss pc = 0x7f6df10a95fe: jz 0x7f6df10a960a
ss pc = 0x7f6df10a960a: mov rbx, rax
ss pc = 0x7f6df10a960d: mov rdi, qword ptr [rbp-0x450]
ss pc = 0x7f6df10a9614: mov eax, dword ptr [rdi]
ss pc = 0x7f6df10a9616: cmp eax, 0x2f
ss pc = 0x7f6df10a9619: jnbe 0x7f6df10a9624
ss pc = 0x7f6df10a9624: int3 
ss pc = 0x7f6df10a9868: mov rcx, qword ptr [rdi+0x8]
ss pc = 0x7f6df10a986c: lea rax, ptr [rcx+0x8]
ss pc = 0x7f6df10a9870: mov qword ptr [rdi+0x8], rax
ss pc = 0x7f6df10a9874: jmp 0x7f6df10a9879
ss pc = 0x7f6df10a9879: mov rdi, qword ptr [rcx]
ss pc = 0x7f6df10a987c: movsxd rcx, r12d
ss pc = 0x7f6df10a987f: mov qword ptr [rbp-0x468], r9
ss pc = 0x7f6df10a9886: shl rcx, 0x4
ss pc = 0x7f6df10a988a: mov dword ptr [rbp-0x45c], edx
ss pc = 0x7f6df10a9890: mov qword ptr [rbp-0x448], rcx
ss pc = 0x7f6df10a9897: mov qword ptr [rbp+rcx*1-0x430], rdi
ss pc = 0x7f6df10a989f: push qword ptr [rip+0x5]
ss pc = 0x7f6df10a98a5: jmp 0x7f6df10a9669
ss pc = 0x7f6df10a9669: pxor xmm0, xmm0
ss pc = 0x7f6df10a966d: pxor xmm1, xmm1
ss pc = 0x7f6df10a9671: pxor xmm2, xmm2
ss pc = 0x7f6df10a9675: pxor xmm3, xmm3
ss pc = 0x7f6df10a9679: mov rax, rdi
ss pc = 0x7f6df10a967c: mov rcx, rdi
ss pc = 0x7f6df10a967f: and rcx, 0xfff
ss pc = 0x7f6df10a9686: cmp rcx, 0xfcf
ss pc = 0x7f6df10a968d: jnbe 0x7f6df10a9698
ss pc = 0x7f6df10a9693: jmp 0x7f6df10a9699
ss pc = 0x7f6df10a9699: movdqu xmm4, xmmword ptr [rax]
ss pc = 0x7f6df10a969d: pcmpeqb xmm4, xmm0
ss pc = 0x7f6df10a96a1: pmovmskb edx, xmm4
ss pc = 0x7f6df10a96a5: test edx, edx
ss pc = 0x7f6df10a96a7: jz 0x7f6df10a96b3
ss pc = 0x7f6df10a96b3: and rax, 0xfffffffffffffff0
ss pc = 0x7f6df10a96b7: pcmpeqb xmm1, xmmword ptr [rax+0x10]
ss pc = 0x7f6df10a96bc: pcmpeqb xmm2, xmmword ptr [rax+0x20]
ss pc = 0x7f6df10a96c1: pcmpeqb xmm3, xmmword ptr [rax+0x30]
ss pc = 0x7f6df10a96c6: pmovmskb edx, xmm1
ss pc = 0x7f6df10a96ca: pmovmskb r8d, xmm2
ss pc = 0x7f6df10a96cf: pmovmskb ecx, xmm3
ss pc = 0x7f6df10a96d3: shl rdx, 0x10
ss pc = 0x7f6df10a96d7: shl rcx, 0x10
ss pc = 0x7f6df10a96db: or rcx, r8
ss pc = 0x7f6df10a96de: shl rcx, 0x20
ss pc = 0x7f6df10a96e2: or rdx, rcx
ss pc = 0x7f6df10a96e5: mov rcx, rdi
ss pc = 0x7f6df10a96e8: xor rcx, rax
ss pc = 0x7f6df10a96eb: and rax, 0xffffffffffffffc0
ss pc = 0x7f6df10a96ef: sar rdx, cl
ss pc = 0x7f6df10a96f2: test rdx, rdx
ss pc = 0x7f6df10a96f5: jz 0x7f6df10a9700
ss pc = 0x7f6df10a96fb: jmp 0x7f6df10a9701
ss pc = 0x7f6df10a9701: bsf rax, rdx
ss pc = 0x7f6df10a9705: int3 
ss pc = 0x7f6df10a9706: movsxd rdx, dword ptr [rbp-0x45c]
ss pc = 0x7f6df10a970d: mov rcx, qword ptr [rbp-0x448]
ss pc = 0x7f6df10a9714: mov r9, qword ptr [rbp-0x468]
ss pc = 0x7f6df10a971b: cmp edx, 0xffffffff
ss pc = 0x7f6df10a971e: jz 0x7f6df10a972a
ss pc = 0x7f6df10a972a: mov qword ptr [rbp+rcx*1-0x428], rax
ss pc = 0x7f6df10a9732: jmp 0x7f6df10a9737
ss pc = 0x7f6df10a9737: add r12d, 0x1
ss pc = 0x7f6df10a973b: lea rdx, ptr [rbx+0x1]
ss pc = 0x7f6df10a973f: jmp 0x7f6df10a9744
ss pc = 0x7f6df10a9744: mov rbx, rdx
ss pc = 0x7f6df10a9747: movzx eax, byte ptr [rbx]
ss pc = 0x7f6df10a974a: test al, al
ss pc = 0x7f6df10a974c: jnz 0x7f6df10a9758
ss pc = 0x7f6df10a9758: test r14d, r14d
ss pc = 0x7f6df10a975b: jle 0x7f6df10a94e4
ss pc = 0x7f6df10a94e4: cmp al, 0x25
ss pc = 0x7f6df10a94e6: jz 0x7f6df10a984e
ss pc = 0x7f6df10a94ec: jmp 0x7f6df10a94f2
ss pc = 0x7f6df10a94f2: test al, al
ss pc = 0x7f6df10a94f4: jz 0x7f6df10a94ff
ss pc = 0x7f6df10a94fa: jmp 0x7f6df10a9500
ss pc = 0x7f6df10a9500: test r14d, r14d
ss pc = 0x7f6df10a9503: mov rdx, rbx
ss pc = 0x7f6df10a9506: setz cl
ss pc = 0x7f6df10a9509: cmp al, 0xa
ss pc = 0x7f6df10a950b: jnz 0x7f6df10a9517
ss pc = 0x7f6df10a9517: add rdx, 0x1
ss pc = 0x7f6df10a951b: movzx eax, byte ptr [rdx]
ss pc = 0x7f6df10a951e: test al, al
ss pc = 0x7f6df10a9520: jz 0x7f6df10a952b
ss pc = 0x7f6df10a9526: jmp 0x7f6df10a952c
ss pc = 0x7f6df10a952c: cmp al, 0x25
ss pc = 0x7f6df10a952e: jz 0x7f6df10a9548
ss pc = 0x7f6df10a9534: jmp 0x7f6df10a953a
ss pc = 0x7f6df10a953a: cmp al, 0xa
ss pc = 0x7f6df10a953c: jnz 0x7f6df10a9517
ss pc = 0x7f6df10a9517: add rdx, 0x1
ss pc = 0x7f6df10a951b: movzx eax, byte ptr [rdx]
ss pc = 0x7f6df10a951e: test al, al
ss pc = 0x7f6df10a9520: jz 0x7f6df10a952b
ss pc = 0x7f6df10a9526: jmp 0x7f6df10a952c
ss pc = 0x7f6df10a952c: cmp al, 0x25
ss pc = 0x7f6df10a952e: jz 0x7f6df10a9548
ss pc = 0x7f6df10a9534: jmp 0x7f6df10a953a
ss pc = 0x7f6df10a953a: cmp al, 0xa
ss pc = 0x7f6df10a953c: jnz 0x7f6df10a9517
ss pc = 0x7f6df10a9517: add rdx, 0x1
ss pc = 0x7f6df10a951b: movzx eax, byte ptr [rdx]
ss pc = 0x7f6df10a951e: test al, al
ss pc = 0x7f6df10a9520: jz 0x7f6df10a952b
ss pc = 0x7f6df10a9526: jmp 0x7f6df10a952c
ss pc = 0x7f6df10a952c: cmp al, 0x25
ss pc = 0x7f6df10a952e: jz 0x7f6df10a9548
ss pc = 0x7f6df10a9534: jmp 0x7f6df10a953a
ss pc = 0x7f6df10a953a: cmp al, 0xa
ss pc = 0x7f6df10a953c: jnz 0x7f6df10a9517
ss pc = 0x7f6df10a9517: add rdx, 0x1
ss pc = 0x7f6df10a951b: movzx eax, byte ptr [rdx]
ss pc = 0x7f6df10a951e: test al, al
ss pc = 0x7f6df10a9520: jz 0x7f6df10a952b
ss pc = 0x7f6df10a9526: jmp 0x7f6df10a952c
ss pc = 0x7f6df10a952c: cmp al, 0x25
ss pc = 0x7f6df10a952e: jz 0x7f6df10a9548
ss pc = 0x7f6df10a9534: jmp 0x7f6df10a953a
ss pc = 0x7f6df10a953a: cmp al, 0xa
ss pc = 0x7f6df10a953c: jnz 0x7f6df10a9517
ss pc = 0x7f6df10a9517: add rdx, 0x1
ss pc = 0x7f6df10a951b: movzx eax, byte ptr [rdx]
ss pc = 0x7f6df10a951e: test al, al
ss pc = 0x7f6df10a9520: jz 0x7f6df10a952b
ss pc = 0x7f6df10a9526: jmp 0x7f6df10a952c
ss pc = 0x7f6df10a952c: cmp al, 0x25
ss pc = 0x7f6df10a952e: jz 0x7f6df10a9548
ss pc = 0x7f6df10a9534: jmp 0x7f6df10a953a
ss pc = 0x7f6df10a953a: cmp al, 0xa
ss pc = 0x7f6df10a953c: jnz 0x7f6df10a9517
ss pc = 0x7f6df10a9517: add rdx, 0x1
ss pc = 0x7f6df10a951b: movzx eax, byte ptr [rdx]
ss pc = 0x7f6df10a951e: test al, al
ss pc = 0x7f6df10a9520: jz 0x7f6df10a952b
ss pc = 0x7f6df10a9526: jmp 0x7f6df10a952c
ss pc = 0x7f6df10a952c: cmp al, 0x25
ss pc = 0x7f6df10a952e: jz 0x7f6df10a9548
ss pc = 0x7f6df10a9534: jmp 0x7f6df10a953a
ss pc = 0x7f6df10a953a: cmp al, 0xa
ss pc = 0x7f6df10a953c: jnz 0x7f6df10a9517
ss pc = 0x7f6df10a9517: add rdx, 0x1
ss pc = 0x7f6df10a951b: movzx eax, byte ptr [rdx]
ss pc = 0x7f6df10a951e: test al, al
ss pc = 0x7f6df10a9520: jz 0x7f6df10a952b
ss pc = 0x7f6df10a9526: jmp 0x7f6df10a952c
ss pc = 0x7f6df10a952c: cmp al, 0x25
ss pc = 0x7f6df10a952e: jz 0x7f6df10a9548
ss pc = 0x7f6df10a9534: jmp 0x7f6df10a953a
ss pc = 0x7f6df10a953a: cmp al, 0xa
ss pc = 0x7f6df10a953c: jnz 0x7f6df10a9517
ss pc = 0x7f6df10a9517: add rdx, 0x1
ss pc = 0x7f6df10a951b: movzx eax, byte ptr [rdx]
ss pc = 0x7f6df10a951e: test al, al
ss pc = 0x7f6df10a9520: jz 0x7f6df10a952b
ss pc = 0x7f6df10a9526: jmp 0x7f6df10a952c
ss pc = 0x7f6df10a952c: cmp al, 0x25
ss pc = 0x7f6df10a952e: jz 0x7f6df10a9548
ss pc = 0x7f6df10a9534: jmp 0x7f6df10a953a
ss pc = 0x7f6df10a953a: cmp al, 0xa
ss pc = 0x7f6df10a953c: jnz 0x7f6df10a9517
ss pc = 0x7f6df10a9517: add rdx, 0x1
ss pc = 0x7f6df10a951b: movzx eax, byte ptr [rdx]
ss pc = 0x7f6df10a951e: test al, al
ss pc = 0x7f6df10a9520: jz 0x7f6df10a952b
ss pc = 0x7f6df10a9526: jmp 0x7f6df10a952c
ss pc = 0x7f6df10a952c: cmp al, 0x25
ss pc = 0x7f6df10a952e: jz 0x7f6df10a9548
ss pc = 0x7f6df10a9534: jmp 0x7f6df10a953a
ss pc = 0x7f6df10a953a: cmp al, 0xa
ss pc = 0x7f6df10a953c: jnz 0x7f6df10a9517
ss pc = 0x7f6df10a9542: int3 
ss pc = 0x7f6df10a9542: jmp 0x7f6df10a98b2
ss pc = 0x7f6df10a98b2: test cl, cl
ss pc = 0x7f6df10a98b4: jnz 0x7f6df10a98bf
ss pc = 0x7f6df10a98bf: int3 
ss pc = 0x7f6df10a9517: add rdx, 0x1
ss pc = 0x7f6df10a951b: movzx eax, byte ptr [rdx]
ss pc = 0x7f6df10a951e: test al, al
ss pc = 0x7f6df10a9520: jz 0x7f6df10a952b
ss pc = 0x7f6df10a952b: int3 
ss pc = 0x7f6df10a9548: cmp r12d, 0x3f
ss pc = 0x7f6df10a954c: jnle 0x7f6df10a9557
ss pc = 0x7f6df10a9552: jmp 0x7f6df10a9558
ss pc = 0x7f6df10a9558: mov rsi, rdx
ss pc = 0x7f6df10a955b: movsxd rcx, r12d
ss pc = 0x7f6df10a955e: sub rsi, rbx
ss pc = 0x7f6df10a9561: shl rcx, 0x4
ss pc = 0x7f6df10a9565: test rsi, rsi
ss pc = 0x7f6df10a9568: mov qword ptr [rbp+rcx*1-0x428], rsi
ss pc = 0x7f6df10a9570: jz 0x7f6df10a9856
ss pc = 0x7f6df10a9576: jmp 0x7f6df10a957c
ss pc = 0x7f6df10a957c: mov qword ptr [rbp+rcx*1-0x430], rbx
ss pc = 0x7f6df10a9584: add r12d, 0x1
ss pc = 0x7f6df10a9588: cmp al, 0x25
ss pc = 0x7f6df10a958a: jz 0x7f6df10a9596
ss pc = 0x7f6df10a9590: int3 
ss pc = 0x7f6df10a9590: jmp 0x7f6df10a98c0
ss pc = 0x7f6df10a98c0: cmp al, 0xa
ss pc = 0x7f6df10a98c2: jz 0x7f6df10a98cd
ss pc = 0x7f6df10a98c8: int3 
ss pc = 0x7f6df10a98c8: jmp 0x7f6df10a9744
ss pc = 0x7f6df10a9744: mov rbx, rdx
ss pc = 0x7f6df10a9747: movzx eax, byte ptr [rbx]
ss pc = 0x7f6df10a974a: test al, al
ss pc = 0x7f6df10a974c: jnz 0x7f6df10a9758
ss pc = 0x7f6df10a9752: int3 
ss pc = 0x7f6df10a9752: jmp 0x7f6df10a98ce
ss pc = 0x7f6df10a98ce: movsxd rdx, r12d
ss pc = 0x7f6df10a98d1: lea rsi, ptr [rbp-0x430]
ss pc = 0x7f6df10a98d8: movsxd rdi, dword ptr [rbp-0x460]
ss pc = 0x7f6df10a98df: mov eax, 0x14
ss pc = 0x7f6df10a98e4: syscall 
ss pc = 0x7f6df10a98e6: lea rsp, ptr [rbp-0x28]
ss pc = 0x7f6df10a98ea: pop rbx
ss pc = 0x7f6df10a98eb: pop r12
ss pc = 0x7f6df10a98ed: pop r13
ss pc = 0x7f6df10a98ef: pop r14
ss pc = 0x7f6df10a98f1: pop r15
ss pc = 0x7f6df10a98f3: pop rbp
ss pc = 0x7f6df10a98f4: int3 
ss pc = 0x7f6df10a98f5: add rsp, 0xd8
ss pc = 0x7f6df10a98fc: int3 
ss pc = 0x7f6df10a98fd: mov edi, 0x7f
ss pc = 0x7f6df10a9902: push qword ptr [rip+0x5]
ss pc = 0x7f6df10a9908: jmp 0x7f6df10a9915
ss pc = 0x7f6df10a9915: movsxd rdx, edi
ss pc = 0x7f6df10a9918: mov r8d, 0xe7
ss pc = 0x7f6df10a991e: mov esi, 0x3c
ss pc = 0x7f6df10a9923: int3 
ss pc = 0x7f6df10a9924: mov rdi, rdx
ss pc = 0x7f6df10a9927: mov eax, r8d
ss pc = 0x7f6df10a992a: syscall 
ss pc = 0x7ffc275594b0: pread: unexpected end of file
