Total: 436 samples
      15  12.9%  12.9%       15  12.9% __libc_wait
      13  11.2%  24.1%       13  11.2% std::less::operator
      12  10.3%  34.5%       12  10.3% __pwrite_nocancel
       4   3.4%  37.9%       15  12.9% std::_Rb_tree::_M_upper_bound
       3   2.6%  40.5%       11   9.5% std::_Rb_tree::_S_key
       3   2.6%  43.1%        3   2.6% std::_Rb_tree::_S_right
       3   2.6%  45.7%        6   5.2% std::_Rb_tree_node::_M_valptr
       2   1.7%  47.4%        2   1.7% Patcher::is_pool_addr
       2   1.7%  49.1%        2   1.7% __gnu_cxx::__aligned_membuf::_M_addr
       2   1.7%  50.9%        2   1.7% std::_Function_base::_Base_manager::_M_init_functor
       2   1.7%  52.6%        2   1.7% std::_Hashtable::_M_insert_bucket_begin
       2   1.7%  54.3%       11   9.5% std::_Rb_tree::_M_lower_bound
       2   1.7%  56.0%        7   6.0% std::_Rb_tree::_S_value
       2   1.7%  57.8%        3   2.6% std::_Tuple_impl::_M_head
       2   1.7%  59.5%        4   3.4% std::__detail::_Hashtable_alloc::_M_allocate_node
       2   1.7%  61.2%        2   1.7% std::move
       2   1.7%  62.9%        5   4.3% std::unique_ptr::get
       2   1.7%  64.7%        3   2.6% std::unique_ptr::operator->
       1   0.9%  65.5%       11   9.5% Instruction::Instruction
       1   0.9%  66.4%        3   2.6% Instruction::relocate_jmp_relbr8
       1   0.9%  67.2%        2   1.7% Instruction::retarget_jmp_relbr8
       1   0.9%  68.1%      105  90.5% Patcher::handle_bkpt
       1   0.9%  69.0%        3   2.6% Terminator::HandleBkptIface::~HandleBkptIface
       1   0.9%  69.8%        1   0.9% Terminator::tracee
       1   0.9%  70.7%        1   0.9% Tracee::set_regs
       1   0.9%  71.6%        3   2.6% __gnu_cxx::__aligned_membuf::_M_ptr
       1   0.9%  72.4%        4   3.4% __gnu_cxx::new_allocator::construct
       1   0.9%  73.3%        1   0.9% __memmove_avx_unaligned
       1   0.9%  74.1%        1   0.9% __memset_avx2
       1   0.9%  75.0%        1   0.9% __pread_nocancel
       1   0.9%  75.9%        1   0.9% disp_scanner
       1   0.9%  76.7%        1   0.9% set_imm_bytes
       1   0.9%  77.6%        1   0.9% std::_Any_data::_M_access
       1   0.9%  78.4%        2   1.7% std::_Function_base::_Base_manager::_M_manager
       1   0.9%  79.3%        1   0.9% std::_Head_base::_M_head
       1   0.9%  80.2%        3   2.6% std::_List_node::_List_node
       1   0.9%  81.0%        6   5.2% std::_Rb_tree::_M_get_insert_unique_pos
       1   0.9%  81.9%        1   0.9% std::_Rb_tree::end
       1   0.9%  82.8%        2   1.7% std::_Rb_tree_const_iterator::operator--
       1   0.9%  83.6%        1   0.9% std::_Select1st::operator
       1   0.9%  84.5%        2   1.7% std::__copy_move_a
       1   0.9%  85.3%        1   0.9% std::__cxx11::list::end
       1   0.9%  86.2%        1   0.9% std::__detail::_Hash_node::_Hash_node
       1   0.9%  87.1%        1   0.9% std::__detail::_Hash_node::_M_next
       1   0.9%  87.9%        4   3.4% std::__get_helper
       1   0.9%  88.8%        2   1.7% std::allocator_traits::allocate
       1   0.9%  89.7%       11   9.5% std::make_unique
       1   0.9%  90.5%        1   0.9% std::map::end
       1   0.9%  91.4%        1   0.9% std::strstream::str
       1   0.9%  92.2%        2   1.7% std::swap
       1   0.9%  93.1%        3   2.6% std::vector::emplace_back
       1   0.9%  94.0%        1   0.9% tcmalloc::CentralFreeList::Populate
       1   0.9%  94.8%        1   0.9% xed3_operand_get_error@413c69
       1   0.9%  95.7%        1   0.9% xed3_operand_get_error@418b3d
       1   0.9%  96.6%        1   0.9% xed3_operand_get_imm_width
       1   0.9%  97.4%        1   0.9% xed3_operand_set_has_modrm
       1   0.9%  98.3%        1   0.9% xed3_operand_set_reg2
       1   0.9%  99.1%        1   0.9% xed3_operand_set_smode
       1   0.9% 100.0%        1   0.9% xed_iform_to_iclass
       0   0.0% 100.0%       46  39.7% Block::Create
       0   0.0% 100.0%       81  69.8% Block::handle_bkpt
       0   0.0% 100.0%        1   0.9% Block::transform_riprel_inst
       0   0.0% 100.0%        8   6.9% BlockPool::write_inst
       0   0.0% 100.0%        9   7.8% BlockPool::write_insts
       0   0.0% 100.0%       10   8.6% Decoder::decode
       0   0.0% 100.0%        5   4.3% DirCallTerminator::DirCallTerminator
       0   0.0% 100.0%       12  10.3% DirJccTerminator::DirJccTerminator
       0   0.0% 100.0%       41  35.3% DirJccTerminator::handle_bkpt
       0   0.0% 100.0%        3   2.6% DirJmpTerminator::DirJmpTerminator
       0   0.0% 100.0%       39  33.6% IndTerminator::handle_bkpt
       0   0.0% 100.0%        1   0.9% Instruction::data@405dbc
       0   0.0% 100.0%        1   0.9% Instruction::data@4077c4
       0   0.0% 100.0%       10   8.6% Instruction::decode
       0   0.0% 100.0%        1   0.9% Instruction::int3
       0   0.0% 100.0%        3   2.6% Instruction::relocate
       0   0.0% 100.0%       71  61.2% Patcher::handle_bkpt::{lambda#1}::operator
       0   0.0% 100.0%       17  14.7% Patcher::lookup_block_bkpt
       0   0.0% 100.0%       71  61.2% Patcher::lookup_block_patch
       0   0.0% 100.0%       54  46.6% Patcher::patch
       0   0.0% 100.0%        5   4.3% Patcher::patch::{lambda#1}::operator
       0   0.0% 100.0%        1   0.9% PointerPool::add
       0   0.0% 100.0%       18  15.5% Terminator::Create
       0   0.0% 100.0%        3   2.6% Terminator::flush
       0   0.0% 100.0%        1   0.9% Terminator::write@41062e
       0   0.0% 100.0%        1   0.9% Terminator::write@411442
       0   0.0% 100.0%        1   0.9% Tracee::read
       0   0.0% 100.0%        1   0.9% Tracee::set_pc
       0   0.0% 100.0%        7   6.0% Tracee::singlestep
       0   0.0% 100.0%       12  10.3% Tracee::write@404066
       0   0.0% 100.0%        8   6.9% Tracee::write@404b30
       0   0.0% 100.0%        1   0.9% __gnu_cxx::new_allocator::allocate
       0   0.0% 100.0%      116 100.0% __libc_start_main
       0   0.0% 100.0%      116 100.0% _start
       0   0.0% 100.0%        2   1.7% imm_scanner
       0   0.0% 100.0%      116 100.0% main
       0   0.0% 100.0%        1   0.9% modrm_scanner
       0   0.0% 100.0%        1   0.9% set_has_modrm
       0   0.0% 100.0%        1   0.9% std::_Function_base::_Base_manager::_M_destroy
       0   0.0% 100.0%        2   1.7% std::_Function_base::~_Function_base
       0   0.0% 100.0%       71  61.2% std::_Function_handler::_M_invoke
       0   0.0% 100.0%        6   5.2% std::_Hashtable::_Hashtable
       0   0.0% 100.0%        6   5.2% std::_Hashtable::_M_insert
       0   0.0% 100.0%        2   1.7% std::_Hashtable::_M_insert_unique_node
       0   0.0% 100.0%        1   0.9% std::_Hashtable::clear
       0   0.0% 100.0%        1   0.9% std::_Hashtable::~_Hashtable
       0   0.0% 100.0%        1   0.9% std::_Rb_tree::_M_create_node
       0   0.0% 100.0%        8   6.9% std::_Rb_tree::_M_emplace_unique
       0   0.0% 100.0%        1   0.9% std::_Rb_tree::_M_get_node
       0   0.0% 100.0%       13  11.2% std::_Rb_tree::find
       0   0.0% 100.0%       15  12.9% std::_Rb_tree::upper_bound
       0   0.0% 100.0%        1   0.9% std::_Rb_tree_iterator::operator->
       0   0.0% 100.0%        1   0.9% std::__copy_move::__copy_m
       0   0.0% 100.0%        2   1.7% std::__copy_move_a2
       0   0.0% 100.0%        1   0.9% std::__copy_n
       0   0.0% 100.0%        3   2.6% std::__cxx11::list::_M_create_node
       0   0.0% 100.0%        3   2.6% std::__cxx11::list::_M_insert
       0   0.0% 100.0%        3   2.6% std::__cxx11::list::push_back
       0   0.0% 100.0%        4   3.4% std::__detail::_AllocNode::operator
       0   0.0% 100.0%        1   0.9% std::__detail::_Hashtable_alloc::_M_deallocate_nodes
       0   0.0% 100.0%        6   5.2% std::__detail::_Insert_base::insert
       0   0.0% 100.0%        1   0.9% std::__uninitialized_copy::__uninit_copy
       0   0.0% 100.0%        1   0.9% std::__uninitialized_copy_a
       0   0.0% 100.0%        1   0.9% std::__uninitialized_move_if_noexcept_a
       0   0.0% 100.0%        1   0.9% std::allocator_traits::construct
       0   0.0% 100.0%        2   1.7% std::copy
       0   0.0% 100.0%        1   0.9% std::copy_n
       0   0.0% 100.0%        3   2.6% std::function::function
       0   0.0% 100.0%       71  61.2% std::function::operator
       0   0.0% 100.0%        2   1.7% std::function::~function
       0   0.0% 100.0%        4   3.4% std::get
       0   0.0% 100.0%        8   6.9% std::map::emplace
       0   0.0% 100.0%       13  11.2% std::map::find
       0   0.0% 100.0%       15  12.9% std::map::upper_bound
       0   0.0% 100.0%        1   0.9% std::uninitialized_copy
       0   0.0% 100.0%        1   0.9% std::unique_ptr::operator*
       0   0.0% 100.0%        2   1.7% std::unique_ptr::operator=
       0   0.0% 100.0%        4   3.4% std::unique_ptr::release
       0   0.0% 100.0%        2   1.7% std::unique_ptr::reset
       0   0.0% 100.0%        4   3.4% std::unique_ptr::unique_ptr
       0   0.0% 100.0%        6   5.2% std::unordered_set::unordered_set
       0   0.0% 100.0%        1   0.9% std::unordered_set::~unordered_set
       0   0.0% 100.0%        1   0.9% std::vector::_M_emplace_back_aux
       0   0.0% 100.0%        3   2.6% std::vector::push_back
       0   0.0% 100.0%        1   0.9% tcmalloc::CentralFreeList::FetchFromOneSpansSafe
       0   0.0% 100.0%        1   0.9% tcmalloc::CentralFreeList::RemoveRange
       0   0.0% 100.0%        1   0.9% tcmalloc::ThreadCache::FetchFromCentralCache
       0   0.0% 100.0%        1   0.9% xed3_capture_chain_FORCE64_BRANCH_HINT_BRDISP32
       0   0.0% 100.0%        1   0.9% xed3_capture_chain_ntluf_REG0_GPRv_B_REG1_GPRv_R_REG2_rFLAGS
       0   0.0% 100.0%        1   0.9% xed3_decode_operands
       0   0.0% 100.0%        1   0.9% xed3_dynamic_decode_part2
       0   0.0% 100.0%        1   0.9% xed3_static_decode
       0   0.0% 100.0%        8   6.9% xed_decode
       0   0.0% 100.0%        8   6.9% xed_decode_with_features
       0   0.0% 100.0%        1   0.9% xed_decoded_inst_set_inst
       0   0.0% 100.0%        2   1.7% xed_decoded_inst_zero_set_mode
       0   0.0% 100.0%        1   0.9% xed_inst_iclass
       0   0.0% 100.0%        4   3.4% xed_instruction_length_decode
       0   0.0% 100.0%        1   0.9% xed_operand_values_set_mode
       0   0.0% 100.0%        1   0.9% zero_inst
