ss pc = 0x7f8e83dbb003: xchg qword ptr [rip-0x3200a], rsp
ss pc = 0x7f8e83dbb00a: pushfq
ss pc = 0x7f8e83dbb00b: xchg qword ptr [rip-0x30022], rsp
ss pc = 0x7f8e83dbb012: cmp rsp, qword ptr [rip-0x30021]
ss pc = 0x7f8e83dbb019: jz 0x7f8e83dbb027
ss pc = 0x7f8e83dbb01b: push qword ptr [rip-0x2ffc1]
ss pc = 0x7f8e83dbb021: push qword ptr [rip-0x2ffcf]
ss pc = 0x7f8e83dbb027: xchg qword ptr [rip-0x3003e], rsp
ss pc = 0x7f8e83dbb02e: popfq
ss pc = 0x7f8e83dbb02f: xchg qword ptr [rip-0x32036], rsp
ss pc = 0x7f8e83dbb036: push qword ptr [rip-0x2ffd4]
ss pc = 0x7f8e83dbb03c: jmp 0x7f8e83dbb1b4
ss pc = 0x7f8e83dbb1b4: push rbp
ss pc = 0x7f8e83dbb1b5: mov rbp, rsp
ss pc = 0x7f8e83dbb1b8: push r15
ss pc = 0x7f8e83dbb1ba: push r14
ss pc = 0x7f8e83dbb1bc: push r13
ss pc = 0x7f8e83dbb1be: push r12
ss pc = 0x7f8e83dbb1c0: mov r12, rdi
ss pc = 0x7f8e83dbb1c3: push rbx
ss pc = 0x7f8e83dbb1c4: int3
ss pc = 0x7f8e83dbb1c5: sub rsp, 0x38
ss pc = 0x7f8e83dbb1c9: int3
ss pc = 0x7f8e83dbb1ca: rdtsc
ss pc = 0x7f8e83dbb1cc: shl rdx, 0x20
ss pc = 0x7f8e83dbb1d0: mov eax, eax
ss pc = 0x7f8e83dbb1d2: or rax, rdx
ss pc = 0x7f8e83dbb1d5: mov qword ptr [rip-0x321d4], rax
ss pc = 0x7f8e83dbb1dc: mov rax, qword ptr [rip-0x30173]
ss pc = 0x7f8e83dbb1e3: lea rdx, ptr [rax]
ss pc = 0x7f8e83dbb1e6: mov rax, qword ptr [rip-0x321e5]
ss pc = 0x7f8e83dbb1ed: mov qword ptr [rip-0x321ec], rcx
ss pc = 0x7f8e83dbb1f4: mov rcx, qword ptr [rip-0x30183]
ss pc = 0x7f8e83dbb1fb: mov qword ptr [rcx], rax
ss pc = 0x7f8e83dbb1fe: mov rcx, qword ptr [rip-0x321fd]
ss pc = 0x7f8e83dbb205: mov qword ptr [rip-0x32204], rcx
ss pc = 0x7f8e83dbb20c: mov rcx, qword ptr [rip-0x30193]
ss pc = 0x7f8e83dbb213: mov rax, qword ptr [rcx]
ss pc = 0x7f8e83dbb216: mov rcx, qword ptr [rip-0x32215]
ss pc = 0x7f8e83dbb21d: mov r14, rdx
ss pc = 0x7f8e83dbb220: mov qword ptr [rip-0x3221f], rax
ss pc = 0x7f8e83dbb227: mov rax, qword ptr [rip-0x301a6]
ss pc = 0x7f8e83dbb22e: sub r14, qword ptr [rax]
ss pc = 0x7f8e83dbb231: mov rax, qword ptr [rip-0x32230]
ss pc = 0x7f8e83dbb238: mov qword ptr [rip-0x32237], rax
ss pc = 0x7f8e83dbb23f: mov rax, qword ptr [rip-0x301b6]
ss pc = 0x7f8e83dbb246: mov qword ptr [rax], rdx
ss pc = 0x7f8e83dbb249: mov rax, qword ptr [rip-0x32248]
ss pc = 0x7f8e83dbb250: test rax, rax
ss pc = 0x7f8e83dbb253: mov qword ptr [rip-0x32252], rax
ss pc = 0x7f8e83dbb25a: mov rax, qword ptr [rip-0x301c9]
ss pc = 0x7f8e83dbb261: mov qword ptr [rax], r14
ss pc = 0x7f8e83dbb264: mov rax, qword ptr [rip-0x32263]
ss pc = 0x7f8e83dbb26b: jz 0x7f8e83dbb276
ss pc = 0x7f8e83dbb271: int3
ss pc = 0x7f8e83dbb277: mov qword ptr [rip-0x32276], rax
ss pc = 0x7f8e83dbb27e: mov rax, qword ptr [rip-0x301e5]
ss pc = 0x7f8e83dbb285: lea rcx, ptr [rax]
ss pc = 0x7f8e83dbb288: mov rax, qword ptr [rip-0x32287]
ss pc = 0x7f8e83dbb28f: mov r9, 0x3800003d8
ss pc = 0x7f8e83dbb299: mov r8, 0x37ffffb78
ss pc = 0x7f8e83dbb2a3: mov esi, 0x6fffffff
ss pc = 0x7f8e83dbb2a8: mov r11d, 0x6ffffdff
ss pc = 0x7f8e83dbb2ae: mov ebx, 0x6ffffeff
ss pc = 0x7f8e83dbb2b3: add r9, rcx
ss pc = 0x7f8e83dbb2b6: add r8, rcx
ss pc = 0x7f8e83dbb2b9: mov r10d, 0x31
ss pc = 0x7f8e83dbb2bf: mov edi, 0x70000021
ss pc = 0x7f8e83dbb2c4: jmp 0x7f8e83dbb2c9
ss pc = 0x7f8e83dbb2c9: cmp rax, 0x21
ss pc = 0x7f8e83dbb2cd: jbe 0x7f8e83dbb2d8
ss pc = 0x7f8e83dbb2d8: int3
ss pc = 0x7f8e83dbb2d9: mov qword ptr [rip-0x322d8], rax
ss pc = 0x7f8e83dbb2e0: mov rax, qword ptr [rip-0x3023f]
ss pc = 0x7f8e83dbb2e7: lea rcx, ptr [rax]
ss pc = 0x7f8e83dbb2ea: mov rax, qword ptr [rip-0x322e9]
ss pc = 0x7f8e83dbb2f1: mov qword ptr [rcx+rax*8], rdx
ss pc = 0x7f8e83dbb2f5: add rdx, 0x10
ss pc = 0x7f8e83dbb2f9: mov rax, qword ptr [rdx]
ss pc = 0x7f8e83dbb2fc: test rax, rax
ss pc = 0x7f8e83dbb2ff: jz 0x7f8e83dbb30a
ss pc = 0x7f8e83dbb305: jmp 0x7f8e83dbb2c9
ss pc = 0x7f8e83dbb2c9: cmp rax, 0x21
ss pc = 0x7f8e83dbb2cd: jbe 0x7f8e83dbb2d9
ss pc = 0x7f8e83dbb2d9: mov qword ptr [rip-0x322d8], rax
ss pc = 0x7f8e83dbb2e0: mov rax, qword ptr [rip-0x3023f]
ss pc = 0x7f8e83dbb2e7: lea rcx, ptr [rax]
ss pc = 0x7f8e83dbb2ea: mov rax, qword ptr [rip-0x322e9]
ss pc = 0x7f8e83dbb2f1: mov qword ptr [rcx+rax*8], rdx
ss pc = 0x7f8e83dbb2f5: add rdx, 0x10
ss pc = 0x7f8e83dbb2f9: mov rax, qword ptr [rdx]
ss pc = 0x7f8e83dbb2fc: test rax, rax
ss pc = 0x7f8e83dbb2ff: jz 0x7f8e83dbb30a
ss pc = 0x7f8e83dbb305: jmp 0x7f8e83dbb2c9
ss pc = 0x7f8e83dbb2c9: cmp rax, 0x21
ss pc = 0x7f8e83dbb2cd: jbe 0x7f8e83dbb2d9
ss pc = 0x7f8e83dbb2d3: int3
ss pc = 0x7f8e83dbb30b: mov rcx, rsi
ss pc = 0x7f8e83dbb30e: sub rcx, rax
ss pc = 0x7f8e83dbb311: cmp rcx, 0xf
ss pc = 0x7f8e83dbb315: jnbe 0x7f8e83dbb320
ss pc = 0x7f8e83dbb320: int3
ss pc = 0x7f8e83dbb321: lea ecx, ptr [rax+rax*1]
ss pc = 0x7f8e83dbb324: sar ecx, 0x1
ss pc = 0x7f8e83dbb326: cmp ecx, 0xfffffffc
ss pc = 0x7f8e83dbb329: jbe 0x7f8e83dbb334
ss pc = 0x7f8e83dbb334: int3
ss pc = 0x7f8e83dbb335: mov rcx, r11
ss pc = 0x7f8e83dbb338: sub rcx, rax
ss pc = 0x7f8e83dbb33b: cmp rcx, 0xb
ss pc = 0x7f8e83dbb33f: jnbe 0x7f8e83dbb34a
ss pc = 0x7f8e83dbb34a: int3
ss pc = 0x7f8e83dbb34b: mov rcx, rbx
ss pc = 0x7f8e83dbb34e: sub rcx, rax
ss pc = 0x7f8e83dbb351: cmp rcx, 0xa
ss pc = 0x7f8e83dbb355: jnbe 0x7f8e83dbb360
ss pc = 0x7f8e83dbb35b: int3
ss pc = 0x7f8e83dbb361: neg rax
ss pc = 0x7f8e83dbb364: mov qword ptr [r9+rax*8], rdx
ss pc = 0x7f8e83dbb368: jmp 0x7f8e83dbb36d
ss pc = 0x7f8e83dbb36d: add rdx, 0x10
ss pc = 0x7f8e83dbb371: mov rax, qword ptr [rdx]
ss pc = 0x7f8e83dbb374: test rax, rax
ss pc = 0x7f8e83dbb377: jz 0x7f8e83dbb382
ss pc = 0x7f8e83dbb37d: jmp 0x7f8e83dbb2c9
ss pc = 0x7f8e83dbb2c9: cmp rax, 0x21
ss pc = 0x7f8e83dbb2cd: jbe 0x7f8e83dbb2d9
ss pc = 0x7f8e83dbb2d9: mov qword ptr [rip-0x322d8], rax
ss pc = 0x7f8e83dbb2e0: mov rax, qword ptr [rip-0x3023f]
ss pc = 0x7f8e83dbb2e7: lea rcx, ptr [rax]
ss pc = 0x7f8e83dbb2ea: mov rax, qword ptr [rip-0x322e9]
ss pc = 0x7f8e83dbb2f1: mov qword ptr [rcx+rax*8], rdx
ss pc = 0x7f8e83dbb2f5: add rdx, 0x10
ss pc = 0x7f8e83dbb2f9: mov rax, qword ptr [rdx]
ss pc = 0x7f8e83dbb2fc: test rax, rax
ss pc = 0x7f8e83dbb2ff: jz 0x7f8e83dbb30a
ss pc = 0x7f8e83dbb305: jmp 0x7f8e83dbb2c9
ss pc = 0x7f8e83dbb2c9: cmp rax, 0x21
ss pc = 0x7f8e83dbb2cd: jbe 0x7f8e83dbb2d9
ss pc = 0x7f8e83dbb2d9: mov qword ptr [rip-0x322d8], rax
ss pc = 0x7f8e83dbb2e0: mov rax, qword ptr [rip-0x3023f]
ss pc = 0x7f8e83dbb2e7: lea rcx, ptr [rax]
ss pc = 0x7f8e83dbb2ea: mov rax, qword ptr [rip-0x322e9]
ss pc = 0x7f8e83dbb2f1: mov qword ptr [rcx+rax*8], rdx
ss pc = 0x7f8e83dbb2f5: add rdx, 0x10
ss pc = 0x7f8e83dbb2f9: mov rax, qword ptr [rdx]
ss pc = 0x7f8e83dbb2fc: test rax, rax
ss pc = 0x7f8e83dbb2ff: jz 0x7f8e83dbb30a
ss pc = 0x7f8e83dbb305: jmp 0x7f8e83dbb2c9
ss pc = 0x7f8e83dbb2c9: cmp rax, 0x21
ss pc = 0x7f8e83dbb2cd: jbe 0x7f8e83dbb2d9
ss pc = 0x7f8e83dbb2d9: mov qword ptr [rip-0x322d8], rax
ss pc = 0x7f8e83dbb2e0: mov rax, qword ptr [rip-0x3023f]
ss pc = 0x7f8e83dbb2e7: lea rcx, ptr [rax]
ss pc = 0x7f8e83dbb2ea: mov rax, qword ptr [rip-0x322e9]
ss pc = 0x7f8e83dbb2f1: mov qword ptr [rcx+rax*8], rdx
ss pc = 0x7f8e83dbb2f5: add rdx, 0x10
ss pc = 0x7f8e83dbb2f9: mov rax, qword ptr [rdx]
ss pc = 0x7f8e83dbb2fc: test rax, rax
ss pc = 0x7f8e83dbb2ff: jz 0x7f8e83dbb30a
ss pc = 0x7f8e83dbb305: jmp 0x7f8e83dbb2c9
ss pc = 0x7f8e83dbb2c9: cmp rax, 0x21
ss pc = 0x7f8e83dbb2cd: jbe 0x7f8e83dbb2d9
ss pc = 0x7f8e83dbb2d9: mov qword ptr [rip-0x322d8], rax
ss pc = 0x7f8e83dbb2e0: mov rax, qword ptr [rip-0x3023f]
ss pc = 0x7f8e83dbb2e7: lea rcx, ptr [rax]
ss pc = 0x7f8e83dbb2ea: mov rax, qword ptr [rip-0x322e9]
ss pc = 0x7f8e83dbb2f1: mov qword ptr [rcx+rax*8], rdx
ss pc = 0x7f8e83dbb2f5: add rdx, 0x10
ss pc = 0x7f8e83dbb2f9: mov rax, qword ptr [rdx]
ss pc = 0x7f8e83dbb2fc: test rax, rax
ss pc = 0x7f8e83dbb2ff: jz 0x7f8e83dbb30a
ss pc = 0x7f8e83dbb305: jmp 0x7f8e83dbb2c9
ss pc = 0x7f8e83dbb2c9: cmp rax, 0x21
ss pc = 0x7f8e83dbb2cd: jbe 0x7f8e83dbb2d9
ss pc = 0x7f8e83dbb2d9: mov qword ptr [rip-0x322d8], rax
ss pc = 0x7f8e83dbb2e0: mov rax, qword ptr [rip-0x3023f]
ss pc = 0x7f8e83dbb2e7: lea rcx, ptr [rax]
ss pc = 0x7f8e83dbb2ea: mov rax, qword ptr [rip-0x322e9]
ss pc = 0x7f8e83dbb2f1: mov qword ptr [rcx+rax*8], rdx
ss pc = 0x7f8e83dbb2f5: add rdx, 0x10
ss pc = 0x7f8e83dbb2f9: mov rax, qword ptr [rdx]
ss pc = 0x7f8e83dbb2fc: test rax, rax
ss pc = 0x7f8e83dbb2ff: jz 0x7f8e83dbb30a
ss pc = 0x7f8e83dbb305: jmp 0x7f8e83dbb2c9
ss pc = 0x7f8e83dbb2c9: cmp rax, 0x21
ss pc = 0x7f8e83dbb2cd: jbe 0x7f8e83dbb2d9
ss pc = 0x7f8e83dbb2d9: mov qword ptr [rip-0x322d8], rax
ss pc = 0x7f8e83dbb2e0: mov rax, qword ptr [rip-0x3023f]
ss pc = 0x7f8e83dbb2e7: lea rcx, ptr [rax]
ss pc = 0x7f8e83dbb2ea: mov rax, qword ptr [rip-0x322e9]
ss pc = 0x7f8e83dbb2f1: mov qword ptr [rcx+rax*8], rdx
ss pc = 0x7f8e83dbb2f5: add rdx, 0x10
ss pc = 0x7f8e83dbb2f9: mov rax, qword ptr [rdx]
ss pc = 0x7f8e83dbb2fc: test rax, rax
ss pc = 0x7f8e83dbb2ff: jz 0x7f8e83dbb30a
ss pc = 0x7f8e83dbb305: jmp 0x7f8e83dbb2c9
ss pc = 0x7f8e83dbb2c9: cmp rax, 0x21
ss pc = 0x7f8e83dbb2cd: jbe 0x7f8e83dbb2d9
ss pc = 0x7f8e83dbb2d9: mov qword ptr [rip-0x322d8], rax
ss pc = 0x7f8e83dbb2e0: mov rax, qword ptr [rip-0x3023f]
ss pc = 0x7f8e83dbb2e7: lea rcx, ptr [rax]
ss pc = 0x7f8e83dbb2ea: mov rax, qword ptr [rip-0x322e9]
ss pc = 0x7f8e83dbb2f1: mov qword ptr [rcx+rax*8], rdx
ss pc = 0x7f8e83dbb2f5: add rdx, 0x10
ss pc = 0x7f8e83dbb2f9: mov rax, qword ptr [rdx]
ss pc = 0x7f8e83dbb2fc: test rax, rax
ss pc = 0x7f8e83dbb2ff: jz 0x7f8e83dbb30a
ss pc = 0x7f8e83dbb305: jmp 0x7f8e83dbb2c9
ss pc = 0x7f8e83dbb2c9: cmp rax, 0x21
ss pc = 0x7f8e83dbb2cd: jbe 0x7f8e83dbb2d9
ss pc = 0x7f8e83dbb2d9: mov qword ptr [rip-0x322d8], rax
ss pc = 0x7f8e83dbb2e0: mov rax, qword ptr [rip-0x3023f]
ss pc = 0x7f8e83dbb2e7: lea rcx, ptr [rax]
ss pc = 0x7f8e83dbb2ea: mov rax, qword ptr [rip-0x322e9]
ss pc = 0x7f8e83dbb2f1: mov qword ptr [rcx+rax*8], rdx
ss pc = 0x7f8e83dbb2f5: add rdx, 0x10
ss pc = 0x7f8e83dbb2f9: mov rax, qword ptr [rdx]
ss pc = 0x7f8e83dbb2fc: test rax, rax
ss pc = 0x7f8e83dbb2ff: jz 0x7f8e83dbb30a
ss pc = 0x7f8e83dbb305: jmp 0x7f8e83dbb2c9
ss pc = 0x7f8e83dbb2c9: cmp rax, 0x21
ss pc = 0x7f8e83dbb2cd: jbe 0x7f8e83dbb2d9
ss pc = 0x7f8e83dbb2d9: mov qword ptr [rip-0x322d8], rax
ss pc = 0x7f8e83dbb2e0: mov rax, qword ptr [rip-0x3023f]
ss pc = 0x7f8e83dbb2e7: lea rcx, ptr [rax]
ss pc = 0x7f8e83dbb2ea: mov rax, qword ptr [rip-0x322e9]
ss pc = 0x7f8e83dbb2f1: mov qword ptr [rcx+rax*8], rdx
ss pc = 0x7f8e83dbb2f5: add rdx, 0x10
ss pc = 0x7f8e83dbb2f9: mov rax, qword ptr [rdx]
ss pc = 0x7f8e83dbb2fc: test rax, rax
ss pc = 0x7f8e83dbb2ff: jz 0x7f8e83dbb30a
ss pc = 0x7f8e83dbb305: jmp 0x7f8e83dbb2c9
ss pc = 0x7f8e83dbb2c9: cmp rax, 0x21
ss pc = 0x7f8e83dbb2cd: jbe 0x7f8e83dbb2d9
ss pc = 0x7f8e83dbb2d9: mov qword ptr [rip-0x322d8], rax
ss pc = 0x7f8e83dbb2e0: mov rax, qword ptr [rip-0x3023f]
ss pc = 0x7f8e83dbb2e7: lea rcx, ptr [rax]
ss pc = 0x7f8e83dbb2ea: mov rax, qword ptr [rip-0x322e9]
ss pc = 0x7f8e83dbb2f1: mov qword ptr [rcx+rax*8], rdx
ss pc = 0x7f8e83dbb2f5: add rdx, 0x10
ss pc = 0x7f8e83dbb2f9: mov rax, qword ptr [rdx]
ss pc = 0x7f8e83dbb2fc: test rax, rax
ss pc = 0x7f8e83dbb2ff: jz 0x7f8e83dbb30a
ss pc = 0x7f8e83dbb305: jmp 0x7f8e83dbb2c9
ss pc = 0x7f8e83dbb2c9: cmp rax, 0x21
ss pc = 0x7f8e83dbb2cd: jbe 0x7f8e83dbb2d9
ss pc = 0x7f8e83dbb2d9: mov qword ptr [rip-0x322d8], rax
ss pc = 0x7f8e83dbb2e0: mov rax, qword ptr [rip-0x3023f]
ss pc = 0x7f8e83dbb2e7: lea rcx, ptr [rax]
ss pc = 0x7f8e83dbb2ea: mov rax, qword ptr [rip-0x322e9]
ss pc = 0x7f8e83dbb2f1: mov qword ptr [rcx+rax*8], rdx
ss pc = 0x7f8e83dbb2f5: add rdx, 0x10
ss pc = 0x7f8e83dbb2f9: mov rax, qword ptr [rdx]
ss pc = 0x7f8e83dbb2fc: test rax, rax
ss pc = 0x7f8e83dbb2ff: jz 0x7f8e83dbb30a
ss pc = 0x7f8e83dbb305: jmp 0x7f8e83dbb2c9
ss pc = 0x7f8e83dbb2c9: cmp rax, 0x21
ss pc = 0x7f8e83dbb2cd: jbe 0x7f8e83dbb2d9
ss pc = 0x7f8e83dbb2d3: jmp 0x7f8e83dbb30b
ss pc = 0x7f8e83dbb30b: mov rcx, rsi
ss pc = 0x7f8e83dbb30e: sub rcx, rax
ss pc = 0x7f8e83dbb311: cmp rcx, 0xf
ss pc = 0x7f8e83dbb315: jnbe 0x7f8e83dbb321
ss pc = 0x7f8e83dbb31b: int3
ss pc = 0x7f8e83dbb383: mov rcx, rdi
ss pc = 0x7f8e83dbb386: sub rcx, rax
ss pc = 0x7f8e83dbb389: mov qword ptr [rip-0x32388], rcx
ss pc = 0x7f8e83dbb390: mov rcx, qword ptr [rip-0x302e7]
ss pc = 0x7f8e83dbb397: lea rax, ptr [rcx]
ss pc = 0x7f8e83dbb39a: mov rcx, qword ptr [rip-0x32399]
ss pc = 0x7f8e83dbb3a1: mov qword ptr [rax+rcx*8], rdx
ss pc = 0x7f8e83dbb3a5: add rdx, 0x10
ss pc = 0x7f8e83dbb3a9: mov rax, qword ptr [rdx]
ss pc = 0x7f8e83dbb3ac: test rax, rax
ss pc = 0x7f8e83dbb3af: jnz 0x7f8e83dbb2c9
ss pc = 0x7f8e83dbb2c9: cmp rax, 0x21
ss pc = 0x7f8e83dbb2cd: jbe 0x7f8e83dbb2d9
ss pc = 0x7f8e83dbb2d3: jmp 0x7f8e83dbb30b
ss pc = 0x7f8e83dbb30b: mov rcx, rsi
ss pc = 0x7f8e83dbb30e: sub rcx, rax
ss pc = 0x7f8e83dbb311: cmp rcx, 0xf
ss pc = 0x7f8e83dbb315: jnbe 0x7f8e83dbb321
ss pc = 0x7f8e83dbb31b: jmp 0x7f8e83dbb383
ss pc = 0x7f8e83dbb383: mov rcx, rdi
ss pc = 0x7f8e83dbb386: sub rcx, rax
ss pc = 0x7f8e83dbb389: mov qword ptr [rip-0x32388], rcx
ss pc = 0x7f8e83dbb390: mov rcx, qword ptr [rip-0x302e7]
ss pc = 0x7f8e83dbb397: lea rax, ptr [rcx]
ss pc = 0x7f8e83dbb39a: mov rcx, qword ptr [rip-0x32399]
ss pc = 0x7f8e83dbb3a1: mov qword ptr [rax+rcx*8], rdx
ss pc = 0x7f8e83dbb3a5: add rdx, 0x10
ss pc = 0x7f8e83dbb3a9: mov rax, qword ptr [rdx]
ss pc = 0x7f8e83dbb3ac: test rax, rax
ss pc = 0x7f8e83dbb3af: jnz 0x7f8e83dbb2c9
ss pc = 0x7f8e83dbb2c9: cmp rax, 0x21
ss pc = 0x7f8e83dbb2cd: jbe 0x7f8e83dbb2d9
ss pc = 0x7f8e83dbb2d3: jmp 0x7f8e83dbb30b
ss pc = 0x7f8e83dbb30b: mov rcx, rsi
ss pc = 0x7f8e83dbb30e: sub rcx, rax
ss pc = 0x7f8e83dbb311: cmp rcx, 0xf
ss pc = 0x7f8e83dbb315: jnbe 0x7f8e83dbb321
ss pc = 0x7f8e83dbb31b: jmp 0x7f8e83dbb383
ss pc = 0x7f8e83dbb383: mov rcx, rdi
ss pc = 0x7f8e83dbb386: sub rcx, rax
ss pc = 0x7f8e83dbb389: mov qword ptr [rip-0x32388], rcx
ss pc = 0x7f8e83dbb390: mov rcx, qword ptr [rip-0x302e7]
ss pc = 0x7f8e83dbb397: lea rax, ptr [rcx]
ss pc = 0x7f8e83dbb39a: mov rcx, qword ptr [rip-0x32399]
ss pc = 0x7f8e83dbb3a1: mov qword ptr [rax+rcx*8], rdx
ss pc = 0x7f8e83dbb3a5: add rdx, 0x10
ss pc = 0x7f8e83dbb3a9: mov rax, qword ptr [rdx]
ss pc = 0x7f8e83dbb3ac: test rax, rax
ss pc = 0x7f8e83dbb3af: jnz 0x7f8e83dbb2c9
ss pc = 0x7f8e83dbb2c9: cmp rax, 0x21
ss pc = 0x7f8e83dbb2cd: jbe 0x7f8e83dbb2d9
ss pc = 0x7f8e83dbb2d3: jmp 0x7f8e83dbb30b
ss pc = 0x7f8e83dbb30b: mov rcx, rsi
ss pc = 0x7f8e83dbb30e: sub rcx, rax
ss pc = 0x7f8e83dbb311: cmp rcx, 0xf
ss pc = 0x7f8e83dbb315: jnbe 0x7f8e83dbb321
ss pc = 0x7f8e83dbb31b: jmp 0x7f8e83dbb383
ss pc = 0x7f8e83dbb383: mov rcx, rdi
ss pc = 0x7f8e83dbb386: sub rcx, rax
ss pc = 0x7f8e83dbb389: mov qword ptr [rip-0x32388], rcx
ss pc = 0x7f8e83dbb390: mov rcx, qword ptr [rip-0x302e7]
ss pc = 0x7f8e83dbb397: lea rax, ptr [rcx]
ss pc = 0x7f8e83dbb39a: mov rcx, qword ptr [rip-0x32399]
ss pc = 0x7f8e83dbb3a1: mov qword ptr [rax+rcx*8], rdx
ss pc = 0x7f8e83dbb3a5: add rdx, 0x10
ss pc = 0x7f8e83dbb3a9: mov rax, qword ptr [rdx]
ss pc = 0x7f8e83dbb3ac: test rax, rax
ss pc = 0x7f8e83dbb3af: jnz 0x7f8e83dbb2c9
ss pc = 0x7f8e83dbb3b5: int3
ss pc = 0x7f8e83dbb3bb: test r14, r14
ss pc = 0x7f8e83dbb3be: jz 0x7f8e83dbb3c9
ss pc = 0x7f8e83dbb3c4: int3
ss pc = 0x7f8e83dbb3ca: mov qword ptr [rip-0x323c9], rcx
ss pc = 0x7f8e83dbb3d1: mov rcx, qword ptr [rip-0x30320]
ss pc = 0x7f8e83dbb3d8: mov rax, qword ptr [rcx]
ss pc = 0x7f8e83dbb3db: mov rcx, qword ptr [rip-0x323da]
ss pc = 0x7f8e83dbb3e2: test rax, rax
ss pc = 0x7f8e83dbb3e5: jz 0x7f8e83dbb3f0
ss pc = 0x7f8e83dbb3eb: int3
ss pc = 0x7f8e83dbb3f1: add qword ptr [rax+0x8], r14
ss pc = 0x7f8e83dbb3f5: mov qword ptr [rip-0x323f4], rcx
ss pc = 0x7f8e83dbb3fc: mov rcx, qword ptr [rip-0x30343]
ss pc = 0x7f8e83dbb403: mov rax, qword ptr [rcx]
ss pc = 0x7f8e83dbb406: mov rcx, qword ptr [rip-0x32405]
ss pc = 0x7f8e83dbb40d: test rax, rax
ss pc = 0x7f8e83dbb410: jz 0x7f8e83dbb41b
ss pc = 0x7f8e83dbb416: int3
ss pc = 0x7f8e83dbb41c: add qword ptr [rax+0x8], r14
ss pc = 0x7f8e83dbb420: mov qword ptr [rip-0x3241f], rcx
ss pc = 0x7f8e83dbb427: mov rcx, qword ptr [rip-0x30366]
ss pc = 0x7f8e83dbb42e: mov rax, qword ptr [rcx]
ss pc = 0x7f8e83dbb431: mov rcx, qword ptr [rip-0x32430]
ss pc = 0x7f8e83dbb438: test rax, rax
ss pc = 0x7f8e83dbb43b: jz 0x7f8e83dbb446
ss pc = 0x7f8e83dbb441: int3
ss pc = 0x7f8e83dbb447: add qword ptr [rax+0x8], r14
ss pc = 0x7f8e83dbb44b: mov qword ptr [rip-0x3244a], rcx
ss pc = 0x7f8e83dbb452: mov rcx, qword ptr [rip-0x30389]
ss pc = 0x7f8e83dbb459: mov rax, qword ptr [rcx]
ss pc = 0x7f8e83dbb45c: mov rcx, qword ptr [rip-0x3245b]
ss pc = 0x7f8e83dbb463: test rax, rax
ss pc = 0x7f8e83dbb466: jz 0x7f8e83dbb471
ss pc = 0x7f8e83dbb46c: int3
ss pc = 0x7f8e83dbb472: add qword ptr [rax+0x8], r14
ss pc = 0x7f8e83dbb476: mov qword ptr [rip-0x32475], rcx
ss pc = 0x7f8e83dbb47d: mov rcx, qword ptr [rip-0x303ac]
ss pc = 0x7f8e83dbb484: mov rax, qword ptr [rcx]
ss pc = 0x7f8e83dbb487: mov rcx, qword ptr [rip-0x32486]
ss pc = 0x7f8e83dbb48e: test rax, rax
ss pc = 0x7f8e83dbb491: jz 0x7f8e83dbb49c
ss pc = 0x7f8e83dbb497: int3
ss pc = 0x7f8e83dbb49d: add qword ptr [rax+0x8], r14
ss pc = 0x7f8e83dbb4a1: mov qword ptr [rip-0x324a0], rcx
ss pc = 0x7f8e83dbb4a8: mov rcx, qword ptr [rip-0x303cf]
ss pc = 0x7f8e83dbb4af: mov rax, qword ptr [rcx]
ss pc = 0x7f8e83dbb4b2: mov rcx, qword ptr [rip-0x324b1]
ss pc = 0x7f8e83dbb4b9: test rax, rax
ss pc = 0x7f8e83dbb4bc: jz 0x7f8e83dbb4c7
ss pc = 0x7f8e83dbb4c2: int3
ss pc = 0x7f8e83dbb4c8: add qword ptr [rax+0x8], r14
ss pc = 0x7f8e83dbb4cc: mov qword ptr [rip-0x324cb], rcx
ss pc = 0x7f8e83dbb4d3: mov rcx, qword ptr [rip-0x303f2]
ss pc = 0x7f8e83dbb4da: mov rax, qword ptr [rcx]
ss pc = 0x7f8e83dbb4dd: mov rcx, qword ptr [rip-0x324dc]
ss pc = 0x7f8e83dbb4e4: test rax, rax
ss pc = 0x7f8e83dbb4e7: jz 0x7f8e83dbb4f2
ss pc = 0x7f8e83dbb4ed: int3
ss pc = 0x7f8e83dbb4f3: add qword ptr [rax+0x8], r14
ss pc = 0x7f8e83dbb4f7: mov qword ptr [rip-0x324f6], rcx
ss pc = 0x7f8e83dbb4fe: mov rcx, qword ptr [rip-0x30415]
ss pc = 0x7f8e83dbb505: mov rax, qword ptr [rcx]
ss pc = 0x7f8e83dbb508: mov rcx, qword ptr [rip-0x32507]
ss pc = 0x7f8e83dbb50f: test rax, rax
ss pc = 0x7f8e83dbb512: jz 0x7f8e83dbb51d
ss pc = 0x7f8e83dbb518: int3
ss pc = 0x7f8e83dbb51e: add qword ptr [rax+0x8], r14
ss pc = 0x7f8e83dbb522: mov qword ptr [rip-0x32521], rax
ss pc = 0x7f8e83dbb529: mov rax, qword ptr [rip-0x30438]
ss pc = 0x7f8e83dbb530: mov rdx, qword ptr [rax]
ss pc = 0x7f8e83dbb533: mov rax, qword ptr [rip-0x32532]
ss pc = 0x7f8e83dbb53a: test rdx, rdx
ss pc = 0x7f8e83dbb53d: jz 0x7f8e83dbb548
ss pc = 0x7f8e83dbb543: int3
ss pc = 0x7f8e83dbb549: cmp qword ptr [rdx+0x8], 0x7
ss pc = 0x7f8e83dbb54e: jnz 0x7f8e83dbb559
ss pc = 0x7f8e83dbb554: int3
ss pc = 0x7f8e83dbb55a: mov qword ptr [rip-0x32559], rcx
ss pc = 0x7f8e83dbb561: mov rcx, qword ptr [rip-0x30468]
ss pc = 0x7f8e83dbb568: mov rax, qword ptr [rcx]
ss pc = 0x7f8e83dbb56b: mov rcx, qword ptr [rip-0x3256a]
ss pc = 0x7f8e83dbb572: test rax, rax
ss pc = 0x7f8e83dbb575: jz 0x7f8e83dbb580
ss pc = 0x7f8e83dbb57b: int3
ss pc = 0x7f8e83dbb581: mov qword ptr [rip-0x32580], rax
ss pc = 0x7f8e83dbb588: mov rax, qword ptr [rip-0x30487]
ss pc = 0x7f8e83dbb58f: mov rcx, qword ptr [rax]
ss pc = 0x7f8e83dbb592: mov rax, qword ptr [rip-0x32591]
ss pc = 0x7f8e83dbb599: cmp qword ptr [rcx+0x8], 0x18
ss pc = 0x7f8e83dbb59e: jnz 0x7f8e83dbb5a9
ss pc = 0x7f8e83dbb5a4: int3
ss pc = 0x7f8e83dbb5aa: mov qword ptr [rip-0x325a9], rax
ss pc = 0x7f8e83dbb5b1: mov rax, qword ptr [rip-0x304a8]
ss pc = 0x7f8e83dbb5b8: mov rcx, qword ptr [rax]
ss pc = 0x7f8e83dbb5bb: mov rax, qword ptr [rip-0x325ba]
ss pc = 0x7f8e83dbb5c2: test rcx, rcx
ss pc = 0x7f8e83dbb5c5: jz 0x7f8e83dbb5d0
ss pc = 0x7f8e83dbb5d0: int3
ss pc = 0x7f8e83dbb5d1: mov qword ptr [rip-0x325d0], rax
ss pc = 0x7f8e83dbb5d8: mov rax, qword ptr [rip-0x304c7]
ss pc = 0x7f8e83dbb5df: mov rcx, qword ptr [rax]
ss pc = 0x7f8e83dbb5e2: mov rax, qword ptr [rip-0x325e1]
ss pc = 0x7f8e83dbb5e9: test rcx, rcx
ss pc = 0x7f8e83dbb5ec: jz 0x7f8e83dbb5f7
ss pc = 0x7f8e83dbb5f7: int3
ss pc = 0x7f8e83dbb5f8: mov qword ptr [rip-0x325f7], rax
ss pc = 0x7f8e83dbb5ff: mov rax, qword ptr [rip-0x304e6]
ss pc = 0x7f8e83dbb606: cmp qword ptr [rax], 0x0
ss pc = 0x7f8e83dbb60a: mov rax, qword ptr [rip-0x32609]
ss pc = 0x7f8e83dbb611: jnz 0x7f8e83dbb61c
ss pc = 0x7f8e83dbb617: int3
ss pc = 0x7f8e83dbb61d: mov qword ptr [rip-0x3261c], rax
ss pc = 0x7f8e83dbb624: mov rax, qword ptr [rip-0x30503]
ss pc = 0x7f8e83dbb62b: cmp qword ptr [rax], 0x0
ss pc = 0x7f8e83dbb62f: mov rax, qword ptr [rip-0x3262e]
ss pc = 0x7f8e83dbb636: jnz 0x7f8e83dbb641
ss pc = 0x7f8e83dbb63c: int3
ss pc = 0x7f8e83dbb642: test r14, r14
ss pc = 0x7f8e83dbb645: jnz 0x7f8e83dbb650
ss pc = 0x7f8e83dbb650: int3
ss pc = 0x7f8e83dbb651: test rax, rax
ss pc = 0x7f8e83dbb654: jz 0x7f8e83dbb65f
ss pc = 0x7f8e83dbb65a: int3
ss pc = 0x7f8e83dbb660: mov rcx, qword ptr [rax+0x8]
ss pc = 0x7f8e83dbb664: mov qword ptr [rip-0x32663], rcx
ss pc = 0x7f8e83dbb66b: mov rcx, qword ptr [rip-0x30542]
ss pc = 0x7f8e83dbb672: mov rax, qword ptr [rcx]
ss pc = 0x7f8e83dbb675: mov rcx, qword ptr [rip-0x32674]
ss pc = 0x7f8e83dbb67c: mov rdi, qword ptr [rax+0x8]
ss pc = 0x7f8e83dbb680: mov qword ptr [rip-0x3267f], rcx
ss pc = 0x7f8e83dbb687: mov rcx, qword ptr [rip-0x30556]
ss pc = 0x7f8e83dbb68e: mov rax, qword ptr [rcx]
ss pc = 0x7f8e83dbb691: mov rcx, qword ptr [rip-0x32690]
ss pc = 0x7f8e83dbb698: test rax, rax
ss pc = 0x7f8e83dbb69b: lea rsi, ptr [rcx+rdi*1]
ss pc = 0x7f8e83dbb69f: jz 0x7f8e83dbb6aa
ss pc = 0x7f8e83dbb6a5: int3
ss pc = 0x7f8e83dbb6ab: mov rax, qword ptr [rax+0x8]
ss pc = 0x7f8e83dbb6af: lea rax, ptr [rax+rax*2]
ss pc = 0x7f8e83dbb6b3: lea r13, ptr [rcx+rax*8]
ss pc = 0x7f8e83dbb6b7: mov rax, rcx
ss pc = 0x7f8e83dbb6ba: test rdx, rdx
ss pc = 0x7f8e83dbb6bd: jz 0x7f8e83dbb6c8
ss pc = 0x7f8e83dbb6c3: int3
ss pc = 0x7f8e83dbb6c9: mov qword ptr [rip-0x326c8], rax
ss pc = 0x7f8e83dbb6d0: mov rax, qword ptr [rip-0x30597]
ss pc = 0x7f8e83dbb6d7: mov rdx, qword ptr [rax]
ss pc = 0x7f8e83dbb6da: mov rax, qword ptr [rip-0x326d9]
ss pc = 0x7f8e83dbb6e1: mov qword ptr [rip-0x326e0], rax
ss pc = 0x7f8e83dbb6e8: mov rax, qword ptr [rip-0x305a7]
ss pc = 0x7f8e83dbb6ef: mov r8, qword ptr [rax]
ss pc = 0x7f8e83dbb6f2: mov rax, qword ptr [rip-0x326f1]
ss pc = 0x7f8e83dbb6f9: mov rdx, qword ptr [rdx+0x8]
ss pc = 0x7f8e83dbb6fd: mov r9, rdx
ss pc = 0x7f8e83dbb700: add r9, qword ptr [r8+0x8]
ss pc = 0x7f8e83dbb704: mov r8, rdi
ss pc = 0x7f8e83dbb707: sub r8, rdx
ss pc = 0x7f8e83dbb70a: cmp r9, rsi
ss pc = 0x7f8e83dbb70d: lea rsi, ptr [rdx+rcx*1]
ss pc = 0x7f8e83dbb711: cmovz rdi, r8
ss pc = 0x7f8e83dbb715: add rsi, rdi
ss pc = 0x7f8e83dbb718: mov qword ptr [rip-0x32717], rax
ss pc = 0x7f8e83dbb71f: mov rax, qword ptr [rip-0x305d6]
ss pc = 0x7f8e83dbb726: mov rdx, qword ptr [rax]
ss pc = 0x7f8e83dbb729: mov rax, qword ptr [rip-0x32728]
ss pc = 0x7f8e83dbb730: cmp rax, r13
ss pc = 0x7f8e83dbb733: mov rdi, qword ptr [rdx+0x8]
ss pc = 0x7f8e83dbb737: jnb 0x7f8e83dbb742

ss pc = 0x7f8e83dbb73d: int3
ss pc = 0x7f8e83dbb743: nop dword ptr [rax], eax
ss pc = 0x7f8e83dbb746: mov rdx, r14
ss pc = 0x7f8e83dbb749: add rdx, qword ptr [rax]
ss pc = 0x7f8e83dbb74c: cmp dword ptr [rax+0x8], 0x8
ss pc = 0x7f8e83dbb750: jnz 0x7f8e83dbb75b
ss pc = 0x7f8e83dbb756: int3
ss pc = 0x7f8e83dbb75c: mov rcx, r14
ss pc = 0x7f8e83dbb75f: add rcx, qword ptr [rax+0x10]
ss pc = 0x7f8e83dbb763: add rax, 0x18
ss pc = 0x7f8e83dbb767: cmp rax, r13
ss pc = 0x7f8e83dbb76a: mov qword ptr [rdx], rcx
ss pc = 0x7f8e83dbb76d: jb 0x7f8e83dbb778
ss pc = 0x7f8e83dbb778: int3
ss pc = 0x7f8e83dbb779: mov rdx, r14
ss pc = 0x7f8e83dbb77c: add rdx, qword ptr [rax]
ss pc = 0x7f8e83dbb77f: cmp dword ptr [rax+0x8], 0x8
ss pc = 0x7f8e83dbb783: jnz 0x7f8e83dbb78e
ss pc = 0x7f8e83dbb789: jmp 0x7f8e83dbb75c
ss pc = 0x7f8e83dbb75c: mov rcx, r14
ss pc = 0x7f8e83dbb75f: add rcx, qword ptr [rax+0x10]
ss pc = 0x7f8e83dbb763: add rax, 0x18
ss pc = 0x7f8e83dbb767: cmp rax, r13
ss pc = 0x7f8e83dbb76a: mov qword ptr [rdx], rcx
ss pc = 0x7f8e83dbb76d: jb 0x7f8e83dbb779
ss pc = 0x7f8e83dbb779: mov rdx, r14
ss pc = 0x7f8e83dbb77c: add rdx, qword ptr [rax]
ss pc = 0x7f8e83dbb77f: cmp dword ptr [rax+0x8], 0x8
ss pc = 0x7f8e83dbb783: jnz 0x7f8e83dbb78e
ss pc = 0x7f8e83dbb789: jmp 0x7f8e83dbb75c
ss pc = 0x7f8e83dbb75c: mov rcx, r14
ss pc = 0x7f8e83dbb75f: add rcx, qword ptr [rax+0x10]
ss pc = 0x7f8e83dbb763: add rax, 0x18
ss pc = 0x7f8e83dbb767: cmp rax, r13
ss pc = 0x7f8e83dbb76a: mov qword ptr [rdx], rcx
ss pc = 0x7f8e83dbb76d: jb 0x7f8e83dbb779
ss pc = 0x7f8e83dbb779: mov rdx, r14
ss pc = 0x7f8e83dbb77c: add rdx, qword ptr [rax]
ss pc = 0x7f8e83dbb77f: cmp dword ptr [rax+0x8], 0x8
ss pc = 0x7f8e83dbb783: jnz 0x7f8e83dbb78e
ss pc = 0x7f8e83dbb789: jmp 0x7f8e83dbb75c
ss pc = 0x7f8e83dbb75c: mov rcx, r14
ss pc = 0x7f8e83dbb75f: add rcx, qword ptr [rax+0x10]
ss pc = 0x7f8e83dbb763: add rax, 0x18
ss pc = 0x7f8e83dbb767: cmp rax, r13
ss pc = 0x7f8e83dbb76a: mov qword ptr [rdx], rcx
ss pc = 0x7f8e83dbb76d: jb 0x7f8e83dbb779
ss pc = 0x7f8e83dbb779: mov rdx, r14
ss pc = 0x7f8e83dbb77c: add rdx, qword ptr [rax]
ss pc = 0x7f8e83dbb77f: cmp dword ptr [rax+0x8], 0x8
ss pc = 0x7f8e83dbb783: jnz 0x7f8e83dbb78e
ss pc = 0x7f8e83dbb789: jmp 0x7f8e83dbb75c
ss pc = 0x7f8e83dbb75c: mov rcx, r14
ss pc = 0x7f8e83dbb75f: add rcx, qword ptr [rax+0x10]
ss pc = 0x7f8e83dbb763: add rax, 0x18
ss pc = 0x7f8e83dbb767: cmp rax, r13
ss pc = 0x7f8e83dbb76a: mov qword ptr [rdx], rcx
ss pc = 0x7f8e83dbb76d: jb 0x7f8e83dbb779
ss pc = 0x7f8e83dbb779: mov rdx, r14
ss pc = 0x7f8e83dbb77c: add rdx, qword ptr [rax]
ss pc = 0x7f8e83dbb77f: cmp dword ptr [rax+0x8], 0x8
ss pc = 0x7f8e83dbb783: jnz 0x7f8e83dbb78e
ss pc = 0x7f8e83dbb789: jmp 0x7f8e83dbb75c
ss pc = 0x7f8e83dbb75c: mov rcx, r14
ss pc = 0x7f8e83dbb75f: add rcx, qword ptr [rax+0x10]
ss pc = 0x7f8e83dbb763: add rax, 0x18
ss pc = 0x7f8e83dbb767: cmp rax, r13
ss pc = 0x7f8e83dbb76a: mov qword ptr [rdx], rcx
ss pc = 0x7f8e83dbb76d: jb 0x7f8e83dbb779
ss pc = 0x7f8e83dbb779: mov rdx, r14
ss pc = 0x7f8e83dbb77c: add rdx, qword ptr [rax]
ss pc = 0x7f8e83dbb77f: cmp dword ptr [rax+0x8], 0x8
ss pc = 0x7f8e83dbb783: jnz 0x7f8e83dbb78e
ss pc = 0x7f8e83dbb789: jmp 0x7f8e83dbb75c
ss pc = 0x7f8e83dbb75c: mov rcx, r14
ss pc = 0x7f8e83dbb75f: add rcx, qword ptr [rax+0x10]
ss pc = 0x7f8e83dbb763: add rax, 0x18
ss pc = 0x7f8e83dbb767: cmp rax, r13
ss pc = 0x7f8e83dbb76a: mov qword ptr [rdx], rcx
ss pc = 0x7f8e83dbb76d: jb 0x7f8e83dbb779
ss pc = 0x7f8e83dbb779: mov rdx, r14
ss pc = 0x7f8e83dbb77c: add rdx, qword ptr [rax]
ss pc = 0x7f8e83dbb77f: cmp dword ptr [rax+0x8], 0x8
ss pc = 0x7f8e83dbb783: jnz 0x7f8e83dbb78e
ss pc = 0x7f8e83dbb789: jmp 0x7f8e83dbb75c
ss pc = 0x7f8e83dbb75c: mov rcx, r14
ss pc = 0x7f8e83dbb75f: add rcx, qword ptr [rax+0x10]
ss pc = 0x7f8e83dbb763: add rax, 0x18
ss pc = 0x7f8e83dbb767: cmp rax, r13
ss pc = 0x7f8e83dbb76a: mov qword ptr [rdx], rcx
ss pc = 0x7f8e83dbb76d: jb 0x7f8e83dbb779
ss pc = 0x7f8e83dbb779: mov rdx, r14
ss pc = 0x7f8e83dbb77c: add rdx, qword ptr [rax]
ss pc = 0x7f8e83dbb77f: cmp dword ptr [rax+0x8], 0x8
ss pc = 0x7f8e83dbb783: jnz 0x7f8e83dbb78e
ss pc = 0x7f8e83dbb789: jmp 0x7f8e83dbb75c
ss pc = 0x7f8e83dbb75c: mov rcx, r14
ss pc = 0x7f8e83dbb75f: add rcx, qword ptr [rax+0x10]
ss pc = 0x7f8e83dbb763: add rax, 0x18
ss pc = 0x7f8e83dbb767: cmp rax, r13
ss pc = 0x7f8e83dbb76a: mov qword ptr [rdx], rcx
ss pc = 0x7f8e83dbb76d: jb 0x7f8e83dbb779
ss pc = 0x7f8e83dbb779: mov rdx, r14
ss pc = 0x7f8e83dbb77c: add rdx, qword ptr [rax]
ss pc = 0x7f8e83dbb77f: cmp dword ptr [rax+0x8], 0x8
ss pc = 0x7f8e83dbb783: jnz 0x7f8e83dbb78e
ss pc = 0x7f8e83dbb789: jmp 0x7f8e83dbb75c
ss pc = 0x7f8e83dbb75c: mov rcx, r14
ss pc = 0x7f8e83dbb75f: add rcx, qword ptr [rax+0x10]
ss pc = 0x7f8e83dbb763: add rax, 0x18
ss pc = 0x7f8e83dbb767: cmp rax, r13
ss pc = 0x7f8e83dbb76a: mov qword ptr [rdx], rcx
ss pc = 0x7f8e83dbb76d: jb 0x7f8e83dbb779
ss pc = 0x7f8e83dbb773: int3
ss pc = 0x7f8e83dbb78f: mov qword ptr [rip-0x3278e], rax
ss pc = 0x7f8e83dbb796: mov rax, qword ptr [rip-0x30645]
ss pc = 0x7f8e83dbb79d: cmp qword ptr [rax], 0x0
ss pc = 0x7f8e83dbb7a1: mov rax, qword ptr [rip-0x327a0]
ss pc = 0x7f8e83dbb7a8: jz 0x7f8e83dbb7b3
ss pc = 0x7f8e83dbb7ae: int3
ss pc = 0x7f8e83dbb7b4: cmp rsi, r13
ss pc = 0x7f8e83dbb7b7: mov qword ptr [rip-0x327b6], rax
ss pc = 0x7f8e83dbb7be: mov rax, qword ptr [rip-0x30665]
ss pc = 0x7f8e83dbb7c5: lea r8, ptr [rax]
ss pc = 0x7f8e83dbb7c8: mov rax, qword ptr [rip-0x327c7]
ss pc = 0x7f8e83dbb7cf: jbe 0x7f8e83dbb7da
ss pc = 0x7f8e83dbb7d5: int3
ss pc = 0x7f8e83dbb7db: nop dword ptr [rax], eax
ss pc = 0x7f8e83dbb7e2: mov rax, qword ptr [r13+0x8]
ss pc = 0x7f8e83dbb7e6: mov rcx, r14
ss pc = 0x7f8e83dbb7e9: add rcx, qword ptr [r13]
ss pc = 0x7f8e83dbb7ed: mov rdx, rax
ss pc = 0x7f8e83dbb7f0: mov ebx, eax
ss pc = 0x7f8e83dbb7f2: shr rdx, 0x20
ss pc = 0x7f8e83dbb7f6: test rbx, rbx
ss pc = 0x7f8e83dbb7f9: lea rdx, ptr [rdx+rdx*2]
ss pc = 0x7f8e83dbb7fd: lea r15, ptr [rdi+rdx*8]
ss pc = 0x7f8e83dbb801: jz 0x7f8e83dbb80c
ss pc = 0x7f8e83dbb807: int3
ss pc = 0x7f8e83dbb80d: test r15, r15
ss pc = 0x7f8e83dbb810: jz 0x7f8e83dbb81b
ss pc = 0x7f8e83dbb816: int3
ss pc = 0x7f8e83dbb81c: movzx edx, byte ptr [r15+0x4]
ss pc = 0x7f8e83dbb821: mov rax, qword ptr [r15+0x8]
ss pc = 0x7f8e83dbb825: mov qword ptr [rip-0x32824], rcx
ss pc = 0x7f8e83dbb82c: mov rcx, qword ptr [rip-0x306cb]
ss pc = 0x7f8e83dbb833: add rax, qword ptr [rcx]
ss pc = 0x7f8e83dbb836: mov rcx, qword ptr [rip-0x32835]
ss pc = 0x7f8e83dbb83d: and edx, 0xf
ss pc = 0x7f8e83dbb840: cmp dl, 0xa
ss pc = 0x7f8e83dbb843: jz 0x7f8e83dbb84e
ss pc = 0x7f8e83dbb849: int3
ss pc = 0x7f8e83dbb84f: sub rbx, 0x6
ss pc = 0x7f8e83dbb853: cmp rbx, 0x1e
ss pc = 0x7f8e83dbb857: jnbe 0x7f8e83dbb862
ss pc = 0x7f8e83dbb85d: int3
ss pc = 0x7f8e83dbb863: movsxd rdx, dword ptr [r8+rbx*4]
ss pc = 0x7f8e83dbb867: add rdx, r8
ss pc = 0x7f8e83dbb86a: xchg qword ptr [rip-0x32871], rsp
ss pc = 0x7f8e83dbb871: pushfq
ss pc = 0x7f8e83dbb872: push rax
ss pc = 0x7f8e83dbb873: mov rax, rdx
ss pc = 0x7f8e83dbb876: cmp rax, qword ptr [rip-0x3070d]
ss pc = 0x7f8e83dbb87d: jz 0x7f8e83dbb8a5
ss pc = 0x7f8e83dbb87f: cmp rax, qword ptr [rip-0x3070e]
ss pc = 0x7f8e83dbb886: jz 0x7f8e83dbb8b3
ss pc = 0x7f8e83dbb888: cmp rax, qword ptr [rip-0x3070f]
ss pc = 0x7f8e83dbb88f: jz 0x7f8e83dbb8c1
ss pc = 0x7f8e83dbb891: cmp rax, qword ptr [rip-0x30710]
ss pc = 0x7f8e83dbb898: jz 0x7f8e83dbb8cf
ss pc = 0x7f8e83dbb89a: pop rax
ss pc = 0x7f8e83dbb89b: popfq
ss pc = 0x7f8e83dbb89c: xchg qword ptr [rip-0x328a3], rsp
ss pc = 0x7f8e83dbb8a3: int3
ss pc = 0x7f8e83dbb8dd: add rax, qword ptr [r13+0x10]
ss pc = 0x7f8e83dbb8e1: mov qword ptr [rcx], rax
ss pc = 0x7f8e83dbb8e4: add r13, 0x18
ss pc = 0x7f8e83dbb8e8: cmp rsi, r13
ss pc = 0x7f8e83dbb8eb: jnbe 0x7f8e83dbb8f6
ss pc = 0x7f8e83dbb8f6: int3
ss pc = 0x7f8e83dbb8f7: mov rax, qword ptr [r13+0x8]
ss pc = 0x7f8e83dbb8fb: mov rcx, r14
ss pc = 0x7f8e83dbb8fe: add rcx, qword ptr [r13]
ss pc = 0x7f8e83dbb902: mov rdx, rax
ss pc = 0x7f8e83dbb905: mov ebx, eax
ss pc = 0x7f8e83dbb907: shr rdx, 0x20
ss pc = 0x7f8e83dbb90b: test rbx, rbx
ss pc = 0x7f8e83dbb90e: lea rdx, ptr [rdx+rdx*2]
ss pc = 0x7f8e83dbb912: lea r15, ptr [rdi+rdx*8]
ss pc = 0x7f8e83dbb916: jz 0x7f8e83dbb921
ss pc = 0x7f8e83dbb91c: jmp 0x7f8e83dbb80d
ss pc = 0x7f8e83dbb80d: test r15, r15
ss pc = 0x7f8e83dbb810: jz 0x7f8e83dbb81b
ss pc = 0x7f8e83dbb816: jmp 0x7f8e83dbb81c
ss pc = 0x7f8e83dbb81c: movzx edx, byte ptr [r15+0x4]
ss pc = 0x7f8e83dbb821: mov rax, qword ptr [r15+0x8]
ss pc = 0x7f8e83dbb825: mov qword ptr [rip-0x32824], rcx
ss pc = 0x7f8e83dbb82c: mov rcx, qword ptr [rip-0x306cb]
ss pc = 0x7f8e83dbb833: add rax, qword ptr [rcx]
ss pc = 0x7f8e83dbb836: mov rcx, qword ptr [rip-0x32835]
ss pc = 0x7f8e83dbb83d: and edx, 0xf
ss pc = 0x7f8e83dbb840: cmp dl, 0xa
ss pc = 0x7f8e83dbb843: jz 0x7f8e83dbb84e
ss pc = 0x7f8e83dbb849: jmp 0x7f8e83dbb84f
ss pc = 0x7f8e83dbb84f: sub rbx, 0x6
ss pc = 0x7f8e83dbb853: cmp rbx, 0x1e
ss pc = 0x7f8e83dbb857: jnbe 0x7f8e83dbb862
ss pc = 0x7f8e83dbb85d: jmp 0x7f8e83dbb863
ss pc = 0x7f8e83dbb863: movsxd rdx, dword ptr [r8+rbx*4]
ss pc = 0x7f8e83dbb867: add rdx, r8
ss pc = 0x7f8e83dbb86a: xchg qword ptr [rip-0x32871], rsp
ss pc = 0x7f8e83dbb871: pushfq
ss pc = 0x7f8e83dbb872: push rax
ss pc = 0x7f8e83dbb873: mov rax, rdx
ss pc = 0x7f8e83dbb876: cmp rax, qword ptr [rip-0x3070d]
ss pc = 0x7f8e83dbb87d: jz 0x7f8e83dbb8a5
ss pc = 0x7f8e83dbb8a5: pop rax
ss pc = 0x7f8e83dbb8a6: popfq
ss pc = 0x7f8e83dbb8a7: xchg qword ptr [rip-0x328ae], rsp
ss pc = 0x7f8e83dbb8ae: jmp 0x7f8e83dbb8dd
ss pc = 0x7f8e83dbb8dd: add rax, qword ptr [r13+0x10]
ss pc = 0x7f8e83dbb8e1: mov qword ptr [rcx], rax
ss pc = 0x7f8e83dbb8e4: add r13, 0x18
ss pc = 0x7f8e83dbb8e8: cmp rsi, r13
ss pc = 0x7f8e83dbb8eb: jnbe 0x7f8e83dbb8f7
ss pc = 0x7f8e83dbb8f7: mov rax, qword ptr [r13+0x8]
ss pc = 0x7f8e83dbb8fb: mov rcx, r14
ss pc = 0x7f8e83dbb8fe: add rcx, qword ptr [r13]
ss pc = 0x7f8e83dbb902: mov rdx, rax
ss pc = 0x7f8e83dbb905: mov ebx, eax
ss pc = 0x7f8e83dbb907: shr rdx, 0x20
ss pc = 0x7f8e83dbb90b: test rbx, rbx
ss pc = 0x7f8e83dbb90e: lea rdx, ptr [rdx+rdx*2]
ss pc = 0x7f8e83dbb912: lea r15, ptr [rdi+rdx*8]
ss pc = 0x7f8e83dbb916: jz 0x7f8e83dbb921
ss pc = 0x7f8e83dbb91c: jmp 0x7f8e83dbb80d
ss pc = 0x7f8e83dbb80d: test r15, r15
ss pc = 0x7f8e83dbb810: jz 0x7f8e83dbb81b
ss pc = 0x7f8e83dbb816: jmp 0x7f8e83dbb81c
ss pc = 0x7f8e83dbb81c: movzx edx, byte ptr [r15+0x4]
ss pc = 0x7f8e83dbb821: mov rax, qword ptr [r15+0x8]
ss pc = 0x7f8e83dbb825: mov qword ptr [rip-0x32824], rcx
ss pc = 0x7f8e83dbb82c: mov rcx, qword ptr [rip-0x306cb]
ss pc = 0x7f8e83dbb833: add rax, qword ptr [rcx]
ss pc = 0x7f8e83dbb836: mov rcx, qword ptr [rip-0x32835]
ss pc = 0x7f8e83dbb83d: and edx, 0xf
ss pc = 0x7f8e83dbb840: cmp dl, 0xa
ss pc = 0x7f8e83dbb843: jz 0x7f8e83dbb84e
ss pc = 0x7f8e83dbb849: jmp 0x7f8e83dbb84f
ss pc = 0x7f8e83dbb84f: sub rbx, 0x6
ss pc = 0x7f8e83dbb853: cmp rbx, 0x1e
ss pc = 0x7f8e83dbb857: jnbe 0x7f8e83dbb862
ss pc = 0x7f8e83dbb85d: jmp 0x7f8e83dbb863
ss pc = 0x7f8e83dbb863: movsxd rdx, dword ptr [r8+rbx*4]
ss pc = 0x7f8e83dbb867: add rdx, r8
ss pc = 0x7f8e83dbb86a: xchg qword ptr [rip-0x32871], rsp
ss pc = 0x7f8e83dbb871: pushfq
ss pc = 0x7f8e83dbb872: push rax
ss pc = 0x7f8e83dbb873: mov rax, rdx
ss pc = 0x7f8e83dbb876: cmp rax, qword ptr [rip-0x3070d]
ss pc = 0x7f8e83dbb87d: jz 0x7f8e83dbb8a5
ss pc = 0x7f8e83dbb8a5: pop rax
ss pc = 0x7f8e83dbb8a6: popfq
ss pc = 0x7f8e83dbb8a7: xchg qword ptr [rip-0x328ae], rsp
ss pc = 0x7f8e83dbb8ae: jmp 0x7f8e83dbb8dd
ss pc = 0x7f8e83dbb8dd: add rax, qword ptr [r13+0x10]
ss pc = 0x7f8e83dbb8e1: mov qword ptr [rcx], rax
ss pc = 0x7f8e83dbb8e4: add r13, 0x18
ss pc = 0x7f8e83dbb8e8: cmp rsi, r13
ss pc = 0x7f8e83dbb8eb: jnbe 0x7f8e83dbb8f7
ss pc = 0x7f8e83dbb8f7: mov rax, qword ptr [r13+0x8]
ss pc = 0x7f8e83dbb8fb: mov rcx, r14
ss pc = 0x7f8e83dbb8fe: add rcx, qword ptr [r13]
ss pc = 0x7f8e83dbb902: mov rdx, rax
ss pc = 0x7f8e83dbb905: mov ebx, eax
ss pc = 0x7f8e83dbb907: shr rdx, 0x20
ss pc = 0x7f8e83dbb90b: test rbx, rbx
ss pc = 0x7f8e83dbb90e: lea rdx, ptr [rdx+rdx*2]
ss pc = 0x7f8e83dbb912: lea r15, ptr [rdi+rdx*8]
ss pc = 0x7f8e83dbb916: jz 0x7f8e83dbb921
ss pc = 0x7f8e83dbb91c: jmp 0x7f8e83dbb80d
ss pc = 0x7f8e83dbb80d: test r15, r15
ss pc = 0x7f8e83dbb810: jz 0x7f8e83dbb81b
ss pc = 0x7f8e83dbb816: jmp 0x7f8e83dbb81c
ss pc = 0x7f8e83dbb81c: movzx edx, byte ptr [r15+0x4]
ss pc = 0x7f8e83dbb821: mov rax, qword ptr [r15+0x8]
ss pc = 0x7f8e83dbb825: mov qword ptr [rip-0x32824], rcx
ss pc = 0x7f8e83dbb82c: mov rcx, qword ptr [rip-0x306cb]
ss pc = 0x7f8e83dbb833: add rax, qword ptr [rcx]
ss pc = 0x7f8e83dbb836: mov rcx, qword ptr [rip-0x32835]
ss pc = 0x7f8e83dbb83d: and edx, 0xf
ss pc = 0x7f8e83dbb840: cmp dl, 0xa
ss pc = 0x7f8e83dbb843: jz 0x7f8e83dbb84e
ss pc = 0x7f8e83dbb849: jmp 0x7f8e83dbb84f
ss pc = 0x7f8e83dbb84f: sub rbx, 0x6
ss pc = 0x7f8e83dbb853: cmp rbx, 0x1e
ss pc = 0x7f8e83dbb857: jnbe 0x7f8e83dbb862
ss pc = 0x7f8e83dbb85d: jmp 0x7f8e83dbb863
ss pc = 0x7f8e83dbb863: movsxd rdx, dword ptr [r8+rbx*4]
ss pc = 0x7f8e83dbb867: add rdx, r8
ss pc = 0x7f8e83dbb86a: xchg qword ptr [rip-0x32871], rsp
ss pc = 0x7f8e83dbb871: pushfq
ss pc = 0x7f8e83dbb872: push rax
ss pc = 0x7f8e83dbb873: mov rax, rdx
ss pc = 0x7f8e83dbb876: cmp rax, qword ptr [rip-0x3070d]
ss pc = 0x7f8e83dbb87d: jz 0x7f8e83dbb8a5
ss pc = 0x7f8e83dbb8a5: pop rax
ss pc = 0x7f8e83dbb8a6: popfq
ss pc = 0x7f8e83dbb8a7: xchg qword ptr [rip-0x328ae], rsp
ss pc = 0x7f8e83dbb8ae: jmp 0x7f8e83dbb8dd
ss pc = 0x7f8e83dbb8dd: add rax, qword ptr [r13+0x10]
ss pc = 0x7f8e83dbb8e1: mov qword ptr [rcx], rax
ss pc = 0x7f8e83dbb8e4: add r13, 0x18
ss pc = 0x7f8e83dbb8e8: cmp rsi, r13
ss pc = 0x7f8e83dbb8eb: jnbe 0x7f8e83dbb8f7
ss pc = 0x7f8e83dbb8f7: mov rax, qword ptr [r13+0x8]
ss pc = 0x7f8e83dbb8fb: mov rcx, r14
ss pc = 0x7f8e83dbb8fe: add rcx, qword ptr [r13]
ss pc = 0x7f8e83dbb902: mov rdx, rax
ss pc = 0x7f8e83dbb905: mov ebx, eax
ss pc = 0x7f8e83dbb907: shr rdx, 0x20
ss pc = 0x7f8e83dbb90b: test rbx, rbx
ss pc = 0x7f8e83dbb90e: lea rdx, ptr [rdx+rdx*2]
ss pc = 0x7f8e83dbb912: lea r15, ptr [rdi+rdx*8]
ss pc = 0x7f8e83dbb916: jz 0x7f8e83dbb921
ss pc = 0x7f8e83dbb91c: jmp 0x7f8e83dbb80d
ss pc = 0x7f8e83dbb80d: test r15, r15
ss pc = 0x7f8e83dbb810: jz 0x7f8e83dbb81b
ss pc = 0x7f8e83dbb816: jmp 0x7f8e83dbb81c
ss pc = 0x7f8e83dbb81c: movzx edx, byte ptr [r15+0x4]
ss pc = 0x7f8e83dbb821: mov rax, qword ptr [r15+0x8]
ss pc = 0x7f8e83dbb825: mov qword ptr [rip-0x32824], rcx
ss pc = 0x7f8e83dbb82c: mov rcx, qword ptr [rip-0x306cb]
ss pc = 0x7f8e83dbb833: add rax, qword ptr [rcx]
ss pc = 0x7f8e83dbb836: mov rcx, qword ptr [rip-0x32835]
ss pc = 0x7f8e83dbb83d: and edx, 0xf
ss pc = 0x7f8e83dbb840: cmp dl, 0xa
ss pc = 0x7f8e83dbb843: jz 0x7f8e83dbb84e
ss pc = 0x7f8e83dbb849: jmp 0x7f8e83dbb84f
ss pc = 0x7f8e83dbb84f: sub rbx, 0x6
ss pc = 0x7f8e83dbb853: cmp rbx, 0x1e
ss pc = 0x7f8e83dbb857: jnbe 0x7f8e83dbb862
ss pc = 0x7f8e83dbb85d: jmp 0x7f8e83dbb863
ss pc = 0x7f8e83dbb863: movsxd rdx, dword ptr [r8+rbx*4]
ss pc = 0x7f8e83dbb867: add rdx, r8
ss pc = 0x7f8e83dbb86a: xchg qword ptr [rip-0x32871], rsp
ss pc = 0x7f8e83dbb871: pushfq
ss pc = 0x7f8e83dbb872: push rax
ss pc = 0x7f8e83dbb873: mov rax, rdx
ss pc = 0x7f8e83dbb876: cmp rax, qword ptr [rip-0x3070d]
ss pc = 0x7f8e83dbb87d: jz 0x7f8e83dbb8a5
ss pc = 0x7f8e83dbb8a5: pop rax
ss pc = 0x7f8e83dbb8a6: popfq
ss pc = 0x7f8e83dbb8a7: xchg qword ptr [rip-0x328ae], rsp
ss pc = 0x7f8e83dbb8ae: jmp 0x7f8e83dbb8dd
ss pc = 0x7f8e83dbb8dd: add rax, qword ptr [r13+0x10]
ss pc = 0x7f8e83dbb8e1: mov qword ptr [rcx], rax
ss pc = 0x7f8e83dbb8e4: add r13, 0x18
ss pc = 0x7f8e83dbb8e8: cmp rsi, r13
ss pc = 0x7f8e83dbb8eb: jnbe 0x7f8e83dbb8f7
ss pc = 0x7f8e83dbb8f7: mov rax, qword ptr [r13+0x8]
ss pc = 0x7f8e83dbb8fb: mov rcx, r14
ss pc = 0x7f8e83dbb8fe: add rcx, qword ptr [r13]
ss pc = 0x7f8e83dbb902: mov rdx, rax
ss pc = 0x7f8e83dbb905: mov ebx, eax
ss pc = 0x7f8e83dbb907: shr rdx, 0x20
ss pc = 0x7f8e83dbb90b: test rbx, rbx
ss pc = 0x7f8e83dbb90e: lea rdx, ptr [rdx+rdx*2]
ss pc = 0x7f8e83dbb912: lea r15, ptr [rdi+rdx*8]
ss pc = 0x7f8e83dbb916: jz 0x7f8e83dbb921
ss pc = 0x7f8e83dbb91c: jmp 0x7f8e83dbb80d
ss pc = 0x7f8e83dbb80d: test r15, r15
ss pc = 0x7f8e83dbb810: jz 0x7f8e83dbb81b
ss pc = 0x7f8e83dbb816: jmp 0x7f8e83dbb81c
ss pc = 0x7f8e83dbb81c: movzx edx, byte ptr [r15+0x4]
ss pc = 0x7f8e83dbb821: mov rax, qword ptr [r15+0x8]
ss pc = 0x7f8e83dbb825: mov qword ptr [rip-0x32824], rcx
ss pc = 0x7f8e83dbb82c: mov rcx, qword ptr [rip-0x306cb]
ss pc = 0x7f8e83dbb833: add rax, qword ptr [rcx]
ss pc = 0x7f8e83dbb836: mov rcx, qword ptr [rip-0x32835]
ss pc = 0x7f8e83dbb83d: and edx, 0xf
ss pc = 0x7f8e83dbb840: cmp dl, 0xa
ss pc = 0x7f8e83dbb843: jz 0x7f8e83dbb84e
ss pc = 0x7f8e83dbb849: jmp 0x7f8e83dbb84f
ss pc = 0x7f8e83dbb84f: sub rbx, 0x6
ss pc = 0x7f8e83dbb853: cmp rbx, 0x1e
ss pc = 0x7f8e83dbb857: jnbe 0x7f8e83dbb862
ss pc = 0x7f8e83dbb85d: jmp 0x7f8e83dbb863
ss pc = 0x7f8e83dbb863: movsxd rdx, dword ptr [r8+rbx*4]
ss pc = 0x7f8e83dbb867: add rdx, r8
ss pc = 0x7f8e83dbb86a: xchg qword ptr [rip-0x32871], rsp
ss pc = 0x7f8e83dbb871: pushfq
ss pc = 0x7f8e83dbb872: push rax
ss pc = 0x7f8e83dbb873: mov rax, rdx
ss pc = 0x7f8e83dbb876: cmp rax, qword ptr [rip-0x3070d]
ss pc = 0x7f8e83dbb87d: jz 0x7f8e83dbb8a5
ss pc = 0x7f8e83dbb8a5: pop rax
ss pc = 0x7f8e83dbb8a6: popfq
ss pc = 0x7f8e83dbb8a7: xchg qword ptr [rip-0x328ae], rsp
ss pc = 0x7f8e83dbb8ae: jmp 0x7f8e83dbb8dd
ss pc = 0x7f8e83dbb8dd: add rax, qword ptr [r13+0x10]
ss pc = 0x7f8e83dbb8e1: mov qword ptr [rcx], rax
ss pc = 0x7f8e83dbb8e4: add r13, 0x18
ss pc = 0x7f8e83dbb8e8: cmp rsi, r13
ss pc = 0x7f8e83dbb8eb: jnbe 0x7f8e83dbb8f7
ss pc = 0x7f8e83dbb8f1: int3
ss pc = 0x7f8e83dbb922: jmp 0x7f8e83dbb927
ss pc = 0x7f8e83dbb927: mov qword ptr [rip-0x32926], rax
ss pc = 0x7f8e83dbb92e: mov rax, qword ptr [rip-0x307a5]
ss pc = 0x7f8e83dbb935: lea rdi, ptr [rax]
ss pc = 0x7f8e83dbb938: mov rax, qword ptr [rip-0x32937]
ss pc = 0x7f8e83dbb93f: mov qword ptr [rip-0x3293e], rax
ss pc = 0x7f8e83dbb946: mov rax, qword ptr [rip-0x307b5]
ss pc = 0x7f8e83dbb94d: or byte ptr [rax], 0x4
ss pc = 0x7f8e83dbb950: mov rax, qword ptr [rip-0x3294f]
ss pc = 0x7f8e83dbb957: xchg qword ptr [rip-0x3295e], rsp
ss pc = 0x7f8e83dbb95e: pushfq
ss pc = 0x7f8e83dbb95f: xchg qword ptr [rip-0x30976], rsp
ss pc = 0x7f8e83dbb966: cmp rsp, qword ptr [rip-0x30975]
ss pc = 0x7f8e83dbb96d: jz 0x7f8e83dbb97b
ss pc = 0x7f8e83dbb96f: push qword ptr [rip-0x3072d]
ss pc = 0x7f8e83dbb975: push qword ptr [rip-0x3073b]
ss pc = 0x7f8e83dbb97b: xchg qword ptr [rip-0x30992], rsp
ss pc = 0x7f8e83dbb982: popfq
ss pc = 0x7f8e83dbb983: xchg qword ptr [rip-0x3298a], rsp
ss pc = 0x7f8e83dbb98a: push qword ptr [rip-0x30740]
ss pc = 0x7f8e83dbb990: jmp 0x7f8e83dbbbc9
ss pc = 0x7f8e83dbbbc9: mov rax, qword ptr [rdi+0x298]
ss pc = 0x7f8e83dbbbd0: test rax, rax
ss pc = 0x7f8e83dbbbd3: jz 0x7f8e83dbbbde
ss pc = 0x7f8e83dbbbd9: int3
ss pc = 0x7f8e83dbbbdf: mov rcx, qword ptr [rax+0x8]
ss pc = 0x7f8e83dbbbe3: mov edx, dword ptr [rcx]
ss pc = 0x7f8e83dbbbe5: mov dword ptr [rdi+0x2ec], edx
ss pc = 0x7f8e83dbbbeb: mov eax, dword ptr [rcx+0x8]
ss pc = 0x7f8e83dbbbee: mov esi, dword ptr [rcx+0x4]
ss pc = 0x7f8e83dbbbf1: lea r8d, ptr [rax-0x1]
ss pc = 0x7f8e83dbbbf5: test eax, r8d
ss pc = 0x7f8e83dbbbf8: jnz 0x7f8e83dbbc03
ss pc = 0x7f8e83dbbbfe: int3
ss pc = 0x7f8e83dbbc04: mov dword ptr [rdi+0x2f0], r8d
ss pc = 0x7f8e83dbbc0b: lea r8, ptr [rcx+0x10]
ss pc = 0x7f8e83dbbc0f: add eax, eax
ss pc = 0x7f8e83dbbc11: mov ecx, dword ptr [rcx+0xc]
ss pc = 0x7f8e83dbbc14: sub rdx, rsi
ss pc = 0x7f8e83dbbc17: lea rax, ptr [r8+rax*4]
ss pc = 0x7f8e83dbbc1b: mov qword ptr [rdi+0x2f8], r8
ss pc = 0x7f8e83dbbc22: mov qword ptr [rdi+0x300], rax
ss pc = 0x7f8e83dbbc29: lea rax, ptr [rax+rdx*4]
ss pc = 0x7f8e83dbbc2d: mov dword ptr [rdi+0x2f4], ecx
ss pc = 0x7f8e83dbbc33: mov qword ptr [rdi+0x308], rax
ss pc = 0x7f8e83dbbc3a: xchg qword ptr [rsp], rax
ss pc = 0x7f8e83dbbc3e: xchg qword ptr [rip-0x32c45], rsp
ss pc = 0x7f8e83dbbc45: pushfq
ss pc = 0x7f8e83dbbc46: push rcx
ss pc = 0x7f8e83dbbc47: xchg qword ptr [rip-0x30c5e], rsp
ss pc = 0x7f8e83dbbc4e: cmp rsp, qword ptr [rip-0x30c6d]
ss pc = 0x7f8e83dbbc55: jz 0x7f8e83dbbc65
ss pc = 0x7f8e83dbbc57: pop rcx
ss pc = 0x7f8e83dbbc58: cmp rax, rcx
ss pc = 0x7f8e83dbbc5b: pop rcx
ss pc = 0x7f8e83dbbc5c: jz 0x7f8e83dbbc65
ss pc = 0x7f8e83dbbc65: mov qword ptr [rip-0x32c64], rcx
ss pc = 0x7f8e83dbbc6c: xchg qword ptr [rip-0x30c83], rsp
ss pc = 0x7f8e83dbbc73: pop rcx
ss pc = 0x7f8e83dbbc74: popfq
ss pc = 0x7f8e83dbbc75: xchg qword ptr [rip-0x32c7c], rsp
ss pc = 0x7f8e83dbbc7c: xchg qword ptr [rsp], rax
ss pc = 0x7f8e83dbbc80: lea rsp, ptr [rsp+0x8]
ss pc = 0x7f8e83dbbc85: jmp qword ptr [rip-0x32c83]
ss pc = 0x7f8e83dbb996: mov qword ptr [rip-0x32995], rcx
ss pc = 0x7f8e83dbb99d: mov rcx, qword ptr [rip-0x30804]
ss pc = 0x7f8e83dbb9a4: lea rax, ptr [rcx]
ss pc = 0x7f8e83dbb9a7: mov rcx, qword ptr [rip-0x329a6]
ss pc = 0x7f8e83dbb9ae: mov qword ptr [rip-0x329ad], rcx
ss pc = 0x7f8e83dbb9b5: mov rcx, qword ptr [rip-0x30814]
ss pc = 0x7f8e83dbb9bc: mov qword ptr [rcx], rax
ss pc = 0x7f8e83dbb9bf: mov rcx, qword ptr [rip-0x329be]
ss pc = 0x7f8e83dbb9c6: mov qword ptr [rip-0x329c5], rcx
ss pc = 0x7f8e83dbb9cd: mov rcx, qword ptr [rip-0x30824]
ss pc = 0x7f8e83dbb9d4: lea rax, ptr [rcx]
ss pc = 0x7f8e83dbb9d7: mov rcx, qword ptr [rip-0x329d6]
ss pc = 0x7f8e83dbb9de: mov qword ptr [rip-0x329dd], rcx
ss pc = 0x7f8e83dbb9e5: mov rcx, qword ptr [rip-0x30834]
ss pc = 0x7f8e83dbb9ec: mov qword ptr [rcx], rax
ss pc = 0x7f8e83dbb9ef: mov rcx, qword ptr [rip-0x329ee]
ss pc = 0x7f8e83dbb9f6: mov qword ptr [rip-0x329f5], rcx
ss pc = 0x7f8e83dbb9fd: mov rcx, qword ptr [rip-0x30844]
ss pc = 0x7f8e83dbba04: lea rax, ptr [rcx]
ss pc = 0x7f8e83dbba07: mov rcx, qword ptr [rip-0x32a06]
ss pc = 0x7f8e83dbba0e: mov qword ptr [rip-0x32a0d], rcx
ss pc = 0x7f8e83dbba15: mov rcx, qword ptr [rip-0x30854]
ss pc = 0x7f8e83dbba1c: mov qword ptr [rcx], rax
ss pc = 0x7f8e83dbba1f: mov rcx, qword ptr [rip-0x32a1e]
ss pc = 0x7f8e83dbba26: mov qword ptr [rip-0x32a25], rcx
ss pc = 0x7f8e83dbba2d: mov rcx, qword ptr [rip-0x30864]
ss pc = 0x7f8e83dbba34: lea rax, ptr [rcx]
ss pc = 0x7f8e83dbba37: mov rcx, qword ptr [rip-0x32a36]
ss pc = 0x7f8e83dbba3e: mov qword ptr [rip-0x32a3d], rcx
ss pc = 0x7f8e83dbba45: mov rcx, qword ptr [rip-0x30874]
ss pc = 0x7f8e83dbba4c: mov qword ptr [rcx], rax
ss pc = 0x7f8e83dbba4f: mov rcx, qword ptr [rip-0x32a4e]
ss pc = 0x7f8e83dbba56: rdtsc
ss pc = 0x7f8e83dbba58: mov qword ptr [rip-0x32a57], rax
ss pc = 0x7f8e83dbba5f: mov rax, qword ptr [rip-0x30886]
ss pc = 0x7f8e83dbba66: lea rsi, ptr [rax]
ss pc = 0x7f8e83dbba69: mov rax, qword ptr [rip-0x32a68]
ss pc = 0x7f8e83dbba70: shl rdx, 0x20
ss pc = 0x7f8e83dbba74: mov eax, eax
ss pc = 0x7f8e83dbba76: or rax, rdx
ss pc = 0x7f8e83dbba79: mov rdi, r12
ss pc = 0x7f8e83dbba7c: mov qword ptr [rip-0x32a7b], rax
ss pc = 0x7f8e83dbba83: mov rax, qword ptr [rip-0x308a2]
ss pc = 0x7f8e83dbba8a: mov qword ptr [rax], rbp
ss pc = 0x7f8e83dbba8d: mov rax, qword ptr [rip-0x32a8c]
ss pc = 0x7f8e83dbba94: mov qword ptr [rip-0x32a93], rcx
ss pc = 0x7f8e83dbba9b: mov rcx, qword ptr [rip-0x308b2]
ss pc = 0x7f8e83dbbaa2: mov qword ptr [rcx], rax
ss pc = 0x7f8e83dbbaa5: mov rcx, qword ptr [rip-0x32aa4]
ss pc = 0x7f8e83dbbaac: xchg qword ptr [rip-0x32ab3], rsp
ss pc = 0x7f8e83dbbab3: pushfq
ss pc = 0x7f8e83dbbab4: xchg qword ptr [rip-0x30acb], rsp
ss pc = 0x7f8e83dbbabb: cmp rsp, qword ptr [rip-0x30aca]
ss pc = 0x7f8e83dbbac2: jz 0x7f8e83dbbad0
ss pc = 0x7f8e83dbbac4: push qword ptr [rip-0x308ba]
ss pc = 0x7f8e83dbbaca: push qword ptr [rip-0x308c8]
ss pc = 0x7f8e83dbbad0: xchg qword ptr [rip-0x30ae7], rsp
ss pc = 0x7f8e83dbbad7: popfq
ss pc = 0x7f8e83dbbad8: xchg qword ptr [rip-0x32adf], rsp
ss pc = 0x7f8e83dbbadf: push qword ptr [rip-0x308cd]
ss pc = 0x7f8e83dbbae5: jmp 0x7f8e83dbbb39
ss pc = 0x7f8e83dbbb39: push r15
ss pc = 0x7f8e83dbbb3b: push r14
ss pc = 0x7f8e83dbbb3d: push r13
ss pc = 0x7f8e83dbbb3f: push r12
ss pc = 0x7f8e83dbbb41: mov r13, rsi
ss pc = 0x7f8e83dbbb44: push rbp
ss pc = 0x7f8e83dbbb45: push rbx
ss pc = 0x7f8e83dbbb46: int3
ss pc = 0x7f8e83dbbb47: sub rsp, 0x48
ss pc = 0x7f8e83dbbb4b: int3
ss pc = 0x7f8e83dbbb4c: mov rax, qword ptr [rdi]
ss pc = 0x7f8e83dbbb4f: mov qword ptr [rip-0x32b4e], rax
ss pc = 0x7f8e83dbbb56: mov rax, qword ptr [rip-0x3093d]
ss pc = 0x7f8e83dbbb5d: mov qword ptr [rax], rdi
ss pc = 0x7f8e83dbbb60: mov rax, qword ptr [rip-0x32b5f]
ss pc = 0x7f8e83dbbb67: add rdi, 0x8
ss pc = 0x7f8e83dbbb6b: mov qword ptr [rip-0x32b6a], rax
ss pc = 0x7f8e83dbbb72: mov rax, qword ptr [rip-0x30951]
ss pc = 0x7f8e83dbbb79: mov qword ptr [rax], rdi
ss pc = 0x7f8e83dbbb7c: mov rax, qword ptr [rip-0x32b7b]
ss pc = 0x7f8e83dbbb83: mov qword ptr [rip-0x32b82], rcx
ss pc = 0x7f8e83dbbb8a: mov rcx, qword ptr [rip-0x30961]
ss pc = 0x7f8e83dbbb91: mov dword ptr [rcx], eax
ss pc = 0x7f8e83dbbb93: mov rcx, qword ptr [rip-0x32b92]
ss pc = 0x7f8e83dbbb9a: cdqe
ss pc = 0x7f8e83dbbb9c: lea rax, ptr [rdi+rax*8+0x8]
ss pc = 0x7f8e83dbbba1: mov qword ptr [rip-0x32ba0], rcx
ss pc = 0x7f8e83dbbba8: mov rcx, qword ptr [rip-0x30977]
ss pc = 0x7f8e83dbbbaf: mov qword ptr [rcx], rax
ss pc = 0x7f8e83dbbbb2: mov rcx, qword ptr [rip-0x32bb1]
ss pc = 0x7f8e83dbbbb9: cmp qword ptr [rax], 0x0
ss pc = 0x7f8e83dbbbbd: jz 0x7f8e83dbbbc8
ss pc = 0x7f8e83dbbbc3: int3
ss pc = 0x7f8e83dbbc91: add rax, 0x8
ss pc = 0x7f8e83dbbc95: cmp qword ptr [rax], 0x0
ss pc = 0x7f8e83dbbc99: jnz 0x7f8e83dbbc91
ss pc = 0x7f8e83dbbc91: add rax, 0x8
ss pc = 0x7f8e83dbbc95: cmp qword ptr [rax], 0x0
ss pc = 0x7f8e83dbbc99: jnz 0x7f8e83dbbc91
ss pc = 0x7f8e83dbbc91: add rax, 0x8
ss pc = 0x7f8e83dbbc95: cmp qword ptr [rax], 0x0
ss pc = 0x7f8e83dbbc99: jnz 0x7f8e83dbbc91
ss pc = 0x7f8e83dbbc91: add rax, 0x8
ss pc = 0x7f8e83dbbc95: cmp qword ptr [rax], 0x0
ss pc = 0x7f8e83dbbc99: jnz 0x7f8e83dbbc91
ss pc = 0x7f8e83dbbc91: add rax, 0x8
ss pc = 0x7f8e83dbbc95: cmp qword ptr [rax], 0x0
ss pc = 0x7f8e83dbbc99: jnz 0x7f8e83dbbc91
ss pc = 0x7f8e83dbbc91: add rax, 0x8
ss pc = 0x7f8e83dbbc95: cmp qword ptr [rax], 0x0
ss pc = 0x7f8e83dbbc99: jnz 0x7f8e83dbbc91
ss pc = 0x7f8e83dbbc91: add rax, 0x8
ss pc = 0x7f8e83dbbc95: cmp qword ptr [rax], 0x0
ss pc = 0x7f8e83dbbc99: jnz 0x7f8e83dbbc91
ss pc = 0x7f8e83dbbc91: add rax, 0x8
ss pc = 0x7f8e83dbbc95: cmp qword ptr [rax], 0x0
ss pc = 0x7f8e83dbbc99: jnz 0x7f8e83dbbc91
ss pc = 0x7f8e83dbbc91: add rax, 0x8
ss pc = 0x7f8e83dbbc95: cmp qword ptr [rax], 0x0
ss pc = 0x7f8e83dbbc99: jnz 0x7f8e83dbbc91
ss pc = 0x7f8e83dbbc91: add rax, 0x8
ss pc = 0x7f8e83dbbc95: cmp qword ptr [rax], 0x0
ss pc = 0x7f8e83dbbc99: jnz 0x7f8e83dbbc91
ss pc = 0x7f8e83dbbc91: add rax, 0x8
ss pc = 0x7f8e83dbbc95: cmp qword ptr [rax], 0x0
ss pc = 0x7f8e83dbbc99: jnz 0x7f8e83dbbc91
ss pc = 0x7f8e83dbbc91: add rax, 0x8
ss pc = 0x7f8e83dbbc95: cmp qword ptr [rax], 0x0
ss pc = 0x7f8e83dbbc99: jnz 0x7f8e83dbbc91
ss pc = 0x7f8e83dbbc91: add rax, 0x8
ss pc = 0x7f8e83dbbc95: cmp qword ptr [rax], 0x0
ss pc = 0x7f8e83dbbc99: jnz 0x7f8e83dbbc91
ss pc = 0x7f8e83dbbc91: add rax, 0x8
ss pc = 0x7f8e83dbbc95: cmp qword ptr [rax], 0x0
ss pc = 0x7f8e83dbbc99: jnz 0x7f8e83dbbc91
ss pc = 0x7f8e83dbbc91: add rax, 0x8
ss pc = 0x7f8e83dbbc95: cmp qword ptr [rax], 0x0
ss pc = 0x7f8e83dbbc99: jnz 0x7f8e83dbbc91
ss pc = 0x7f8e83dbbc91: add rax, 0x8
ss pc = 0x7f8e83dbbc95: cmp qword ptr [rax], 0x0
ss pc = 0x7f8e83dbbc99: jnz 0x7f8e83dbbc91
ss pc = 0x7f8e83dbbc91: add rax, 0x8
ss pc = 0x7f8e83dbbc95: cmp qword ptr [rax], 0x0
ss pc = 0x7f8e83dbbc99: jnz 0x7f8e83dbbc91
ss pc = 0x7f8e83dbbc91: add rax, 0x8
ss pc = 0x7f8e83dbbc95: cmp qword ptr [rax], 0x0
ss pc = 0x7f8e83dbbc99: jnz 0x7f8e83dbbc91
ss pc = 0x7f8e83dbbc91: add rax, 0x8
ss pc = 0x7f8e83dbbc95: cmp qword ptr [rax], 0x0
ss pc = 0x7f8e83dbbc99: jnz 0x7f8e83dbbc91
ss pc = 0x7f8e83dbbc91: add rax, 0x8
ss pc = 0x7f8e83dbbc95: cmp qword ptr [rax], 0x0
ss pc = 0x7f8e83dbbc99: jnz 0x7f8e83dbbc91
ss pc = 0x7f8e83dbbc91: add rax, 0x8
ss pc = 0x7f8e83dbbc95: cmp qword ptr [rax], 0x0
ss pc = 0x7f8e83dbbc99: jnz 0x7f8e83dbbc91
ss pc = 0x7f8e83dbbc91: add rax, 0x8
ss pc = 0x7f8e83dbbc95: cmp qword ptr [rax], 0x0
ss pc = 0x7f8e83dbbc99: jnz 0x7f8e83dbbc91
ss pc = 0x7f8e83dbbc91: add rax, 0x8
ss pc = 0x7f8e83dbbc95: cmp qword ptr [rax], 0x0
ss pc = 0x7f8e83dbbc99: jnz 0x7f8e83dbbc91
ss pc = 0x7f8e83dbbc91: add rax, 0x8
ss pc = 0x7f8e83dbbc95: cmp qword ptr [rax], 0x0
ss pc = 0x7f8e83dbbc99: jnz 0x7f8e83dbbc91
ss pc = 0x7f8e83dbbc91: add rax, 0x8
ss pc = 0x7f8e83dbbc95: cmp qword ptr [rax], 0x0
ss pc = 0x7f8e83dbbc99: jnz 0x7f8e83dbbc91
ss pc = 0x7f8e83dbbc91: add rax, 0x8
ss pc = 0x7f8e83dbbc95: cmp qword ptr [rax], 0x0
ss pc = 0x7f8e83dbbc99: jnz 0x7f8e83dbbc91
ss pc = 0x7f8e83dbbc91: add rax, 0x8
ss pc = 0x7f8e83dbbc95: cmp qword ptr [rax], 0x0
ss pc = 0x7f8e83dbbc99: jnz 0x7f8e83dbbc91
ss pc = 0x7f8e83dbbc9f: int3
ss pc = 0x7f8e83dbbca5: lea rdx, ptr [rax+0x8]
ss pc = 0x7f8e83dbbca9: mov rax, qword ptr [rax+0x8]
ss pc = 0x7f8e83dbbcad: mov qword ptr [rip-0x32cac], rax
ss pc = 0x7f8e83dbbcb4: mov rax, qword ptr [rip-0x30a63]
ss pc = 0x7f8e83dbbcbb: lea rsi, ptr [rax]
ss pc = 0x7f8e83dbbcbe: mov rax, qword ptr [rip-0x32cbd]
ss pc = 0x7f8e83dbbcc5: mov qword ptr [rip-0x32cc4], rax
ss pc = 0x7f8e83dbbccc: mov rax, qword ptr [rip-0x30a73]
ss pc = 0x7f8e83dbbcd3: mov qword ptr [rax], 0x0
ss pc = 0x7f8e83dbbcda: mov rax, qword ptr [rip-0x32cd9]
ss pc = 0x7f8e83dbbce1: mov qword ptr [rip-0x32ce0], rax
ss pc = 0x7f8e83dbbce8: mov rax, qword ptr [rip-0x30a87]
ss pc = 0x7f8e83dbbcef: mov qword ptr [rax], rdx
ss pc = 0x7f8e83dbbcf2: mov rax, qword ptr [rip-0x32cf1]
ss pc = 0x7f8e83dbbcf9: mov qword ptr [rsp+0x38], rsi
ss pc = 0x7f8e83dbbcfe: test rax, rax
ss pc = 0x7f8e83dbbd01: jz 0x7f8e83dbbd0c
ss pc = 0x7f8e83dbbd07: int3
ss pc = 0x7f8e83dbbd0d: mov qword ptr [rip-0x32d0c], rax
ss pc = 0x7f8e83dbbd14: mov rax, qword ptr [rip-0x30aab]
ss pc = 0x7f8e83dbbd1b: mov rbx, qword ptr [rax]
ss pc = 0x7f8e83dbbd1e: mov rax, qword ptr [rip-0x32d1d]
ss pc = 0x7f8e83dbbd25: mov qword ptr [rip-0x32d24], rax
ss pc = 0x7f8e83dbbd2c: mov rax, qword ptr [rip-0x30abb]
ss pc = 0x7f8e83dbbd33: mov r15, qword ptr [rax]
ss pc = 0x7f8e83dbbd36: mov rax, qword ptr [rip-0x32d35]
ss pc = 0x7f8e83dbbd3d: mov qword ptr [rip-0x32d3c], rax
ss pc = 0x7f8e83dbbd44: mov rax, qword ptr [rip-0x30acb]
ss pc = 0x7f8e83dbbd4b: lea rcx, ptr [rax]
ss pc = 0x7f8e83dbbd4e: mov rax, qword ptr [rip-0x32d4d]
ss pc = 0x7f8e83dbbd55: mov qword ptr [rip-0x32d54], rax
ss pc = 0x7f8e83dbbd5c: mov rax, qword ptr [rip-0x30adb]
ss pc = 0x7f8e83dbbd63: mov r11d, dword ptr [rax]
ss pc = 0x7f8e83dbbd66: mov rax, qword ptr [rip-0x32d65]
ss pc = 0x7f8e83dbbd6d: mov byte ptr [rsp+0x15], 0x0
ss pc = 0x7f8e83dbbd72: xor r8d, r8d
ss pc = 0x7f8e83dbbd75: mov byte ptr [rsp+0x16], 0x0
ss pc = 0x7f8e83dbbd7a: mov byte ptr [rsp+0x17], 0x0
ss pc = 0x7f8e83dbbd7f: xor r10d, r10d
ss pc = 0x7f8e83dbbd82: mov qword ptr [rsp+0x28], rbx
ss pc = 0x7f8e83dbbd87: mov qword ptr [rip-0x32d86], rax
ss pc = 0x7f8e83dbbd8e: mov rax, qword ptr [rip-0x30b05]
ss pc = 0x7f8e83dbbd95: mov rbx, qword ptr [rax]
ss pc = 0x7f8e83dbbd98: mov rax, qword ptr [rip-0x32d97]
ss pc = 0x7f8e83dbbd9f: xor r9d, r9d
ss pc = 0x7f8e83dbbda2: mov byte ptr [rsp+0x1e], 0x0
ss pc = 0x7f8e83dbbda7: mov byte ptr [rsp+0x1f], 0x0
ss pc = 0x7f8e83dbbdac: xor r14d, r14d
ss pc = 0x7f8e83dbbdaf: xor edi, edi
ss pc = 0x7f8e83dbbdb1: xor r12d, r12d
ss pc = 0x7f8e83dbbdb4: xor ebp, ebp
ss pc = 0x7f8e83dbbdb6: mov qword ptr [rsp+0x20], rbx
ss pc = 0x7f8e83dbbdbb: mov qword ptr [rip-0x32dba], rax
ss pc = 0x7f8e83dbbdc2: mov rax, qword ptr [rip-0x30b31]
ss pc = 0x7f8e83dbbdc9: mov ebx, dword ptr [rax]
ss pc = 0x7f8e83dbbdcb: mov rax, qword ptr [rip-0x32dca]
ss pc = 0x7f8e83dbbdd2: mov dword ptr [rsp+0x18], ebx
ss pc = 0x7f8e83dbbdd6: mov qword ptr [rip-0x32dd5], rax
ss pc = 0x7f8e83dbbddd: mov rax, qword ptr [rip-0x30b44]
ss pc = 0x7f8e83dbbde4: movzx ebx, word ptr [rax]
ss pc = 0x7f8e83dbbde7: mov rax, qword ptr [rip-0x32de6]
ss pc = 0x7f8e83dbbdee: mov word ptr [rsp+0x1c], bx
ss pc = 0x7f8e83dbbdf3: mov qword ptr [rip-0x32df2], rax
ss pc = 0x7f8e83dbbdfa: mov rax, qword ptr [rip-0x30b59]
ss pc = 0x7f8e83dbbe01: mov rbx, qword ptr [rax]
ss pc = 0x7f8e83dbbe04: mov rax, qword ptr [rip-0x32e03]
ss pc = 0x7f8e83dbbe0b: mov qword ptr [rsp+0x8], rbx
ss pc = 0x7f8e83dbbe10: mov qword ptr [rip-0x32e0f], rax
ss pc = 0x7f8e83dbbe17: mov rax, qword ptr [rip-0x30b6e]
ss pc = 0x7f8e83dbbe1e: mov rbx, qword ptr [rax]
ss pc = 0x7f8e83dbbe21: mov rax, qword ptr [rip-0x32e20]
ss pc = 0x7f8e83dbbe28: mov qword ptr [rsp], rbx
ss pc = 0x7f8e83dbbe2c: xor ebx, ebx
ss pc = 0x7f8e83dbbe2e: nop dword ptr [rax], eax
ss pc = 0x7f8e83dbbe35: sub rax, 0x3
ss pc = 0x7f8e83dbbe39: cmp rax, 0x1e
ss pc = 0x7f8e83dbbe3d: jnbe 0x7f8e83dbbe48
ss pc = 0x7f8e83dbbe43: int3
ss pc = 0x7f8e83dbbe49: movsxd rax, dword ptr [rcx+rax*4]
ss pc = 0x7f8e83dbbe4d: add rax, rcx
ss pc = 0x7f8e83dbbe50: xchg qword ptr [rip-0x32e57], rsp
ss pc = 0x7f8e83dbbe57: pushfq
ss pc = 0x7f8e83dbbe58: push rax
ss pc = 0x7f8e83dbbe59: mov rax, rax
ss pc = 0x7f8e83dbbe5c: cmp rax, qword ptr [rip-0x30bab]
ss pc = 0x7f8e83dbbe63: jz 0x7f8e83dbbe8b
ss pc = 0x7f8e83dbbe65: cmp rax, qword ptr [rip-0x30bac]
ss pc = 0x7f8e83dbbe6c: jz 0x7f8e83dbbe99
ss pc = 0x7f8e83dbbe6e: cmp rax, qword ptr [rip-0x30bad]
ss pc = 0x7f8e83dbbe75: jz 0x7f8e83dbbea7
ss pc = 0x7f8e83dbbe77: cmp rax, qword ptr [rip-0x30bae]
ss pc = 0x7f8e83dbbe7e: jz 0x7f8e83dbbeb5
ss pc = 0x7f8e83dbbe80: pop rax
ss pc = 0x7f8e83dbbe81: popfq
ss pc = 0x7f8e83dbbe82: xchg qword ptr [rip-0x32e89], rsp
ss pc = 0x7f8e83dbbe89: int3
ss pc = 0x7f8e83dbbec3: mov rax, qword ptr [rdx+0x8]
ss pc = 0x7f8e83dbbec7: mov byte ptr [rsp+0x16], 0x1
ss pc = 0x7f8e83dbbecc: mov qword ptr [rsp+0x8], rax
ss pc = 0x7f8e83dbbed1: data16 nop
ss pc = 0x7f8e83dbbed3: add rdx, 0x10
ss pc = 0x7f8e83dbbed7: mov rax, qword ptr [rdx]
ss pc = 0x7f8e83dbbeda: test rax, rax
ss pc = 0x7f8e83dbbedd: jnz 0x7f8e83dbbee8
ss pc = 0x7f8e83dbbee8: int3
ss pc = 0x7f8e83dbbee9: sub rax, 0x3
ss pc = 0x7f8e83dbbeed: cmp rax, 0x1e
ss pc = 0x7f8e83dbbef1: jnbe 0x7f8e83dbbefc
ss pc = 0x7f8e83dbbef7: jmp 0x7f8e83dbbe49
ss pc = 0x7f8e83dbbe49: movsxd rax, dword ptr [rcx+rax*4]
ss pc = 0x7f8e83dbbe4d: add rax, rcx
ss pc = 0x7f8e83dbbe50: xchg qword ptr [rip-0x32e57], rsp
ss pc = 0x7f8e83dbbe57: pushfq
ss pc = 0x7f8e83dbbe58: push rax
ss pc = 0x7f8e83dbbe59: mov rax, rax
ss pc = 0x7f8e83dbbe5c: cmp rax, qword ptr [rip-0x30bab]
ss pc = 0x7f8e83dbbe63: jz 0x7f8e83dbbe8b
ss pc = 0x7f8e83dbbe65: cmp rax, qword ptr [rip-0x30bac]
ss pc = 0x7f8e83dbbe6c: jz 0x7f8e83dbbe99
ss pc = 0x7f8e83dbbe6e: cmp rax, qword ptr [rip-0x30bad]
ss pc = 0x7f8e83dbbe75: jz 0x7f8e83dbbea7
ss pc = 0x7f8e83dbbe77: cmp rax, qword ptr [rip-0x30bae]
ss pc = 0x7f8e83dbbe7e: jz 0x7f8e83dbbeb5
ss pc = 0x7f8e83dbbe80: pop rax
ss pc = 0x7f8e83dbbe81: popfq
ss pc = 0x7f8e83dbbe82: xchg qword ptr [rip-0x32e89], rsp
ss pc = 0x7f8e83dbbe89: int3
ss pc = 0x7f8e83dbbefd: mov rax, qword ptr [rdx+0x8]
ss pc = 0x7f8e83dbbf01: mov r8d, 0x1
ss pc = 0x7f8e83dbbf07: mov qword ptr [rsp+0x28], rax
ss pc = 0x7f8e83dbbf0c: jmp 0x7f8e83dbbf11
ss pc = 0x7f8e83dbbf11: add rdx, 0x10
ss pc = 0x7f8e83dbbf15: mov rax, qword ptr [rdx]
ss pc = 0x7f8e83dbbf18: test rax, rax
ss pc = 0x7f8e83dbbf1b: jnz 0x7f8e83dbbee9
ss pc = 0x7f8e83dbbee9: sub rax, 0x3
ss pc = 0x7f8e83dbbeed: cmp rax, 0x1e
ss pc = 0x7f8e83dbbef1: jnbe 0x7f8e83dbbefc
ss pc = 0x7f8e83dbbef7: jmp 0x7f8e83dbbe49
ss pc = 0x7f8e83dbbe49: movsxd rax, dword ptr [rcx+rax*4]
ss pc = 0x7f8e83dbbe4d: add rax, rcx
ss pc = 0x7f8e83dbbe50: xchg qword ptr [rip-0x32e57], rsp
ss pc = 0x7f8e83dbbe57: pushfq
ss pc = 0x7f8e83dbbe58: push rax
ss pc = 0x7f8e83dbbe59: mov rax, rax
ss pc = 0x7f8e83dbbe5c: cmp rax, qword ptr [rip-0x30bab]
ss pc = 0x7f8e83dbbe63: jz 0x7f8e83dbbe8b
ss pc = 0x7f8e83dbbe65: cmp rax, qword ptr [rip-0x30bac]
ss pc = 0x7f8e83dbbe6c: jz 0x7f8e83dbbe99
ss pc = 0x7f8e83dbbe6e: cmp rax, qword ptr [rip-0x30bad]
ss pc = 0x7f8e83dbbe75: jz 0x7f8e83dbbea7
ss pc = 0x7f8e83dbbe77: cmp rax, qword ptr [rip-0x30bae]
ss pc = 0x7f8e83dbbe7e: jz 0x7f8e83dbbeb5
ss pc = 0x7f8e83dbbe80: pop rax
ss pc = 0x7f8e83dbbe81: popfq
ss pc = 0x7f8e83dbbe82: xchg qword ptr [rip-0x32e89], rsp
ss pc = 0x7f8e83dbbe89: int3
ss pc = 0x7f8e83dbbf27: mov r15, qword ptr [rdx+0x8]
ss pc = 0x7f8e83dbbf2b: mov edi, 0x1
ss pc = 0x7f8e83dbbf30: jmp 0x7f8e83dbbf11
ss pc = 0x7f8e83dbbf11: add rdx, 0x10
ss pc = 0x7f8e83dbbf15: mov rax, qword ptr [rdx]
ss pc = 0x7f8e83dbbf18: test rax, rax
ss pc = 0x7f8e83dbbf1b: jnz 0x7f8e83dbbee9
ss pc = 0x7f8e83dbbee9: sub rax, 0x3
ss pc = 0x7f8e83dbbeed: cmp rax, 0x1e
ss pc = 0x7f8e83dbbef1: jnbe 0x7f8e83dbbefc
ss pc = 0x7f8e83dbbef7: jmp 0x7f8e83dbbe49
ss pc = 0x7f8e83dbbe49: movsxd rax, dword ptr [rcx+rax*4]
ss pc = 0x7f8e83dbbe4d: add rax, rcx
ss pc = 0x7f8e83dbbe50: xchg qword ptr [rip-0x32e57], rsp
ss pc = 0x7f8e83dbbe57: pushfq
ss pc = 0x7f8e83dbbe58: push rax
ss pc = 0x7f8e83dbbe59: mov rax, rax
ss pc = 0x7f8e83dbbe5c: cmp rax, qword ptr [rip-0x30bab]
ss pc = 0x7f8e83dbbe63: jz 0x7f8e83dbbe8b
ss pc = 0x7f8e83dbbe65: cmp rax, qword ptr [rip-0x30bac]
ss pc = 0x7f8e83dbbe6c: jz 0x7f8e83dbbe99
ss pc = 0x7f8e83dbbe6e: cmp rax, qword ptr [rip-0x30bad]
ss pc = 0x7f8e83dbbe75: jz 0x7f8e83dbbea7
ss pc = 0x7f8e83dbbe77: cmp rax, qword ptr [rip-0x30bae]
ss pc = 0x7f8e83dbbe7e: jz 0x7f8e83dbbeb5
ss pc = 0x7f8e83dbbe80: pop rax
ss pc = 0x7f8e83dbbe81: popfq
ss pc = 0x7f8e83dbbe82: xchg qword ptr [rip-0x32e89], rsp
ss pc = 0x7f8e83dbbe89: int3
ss pc = 0x7f8e83dbbf35: mov eax, dword ptr [rdx+0x8]
ss pc = 0x7f8e83dbbf38: mov byte ptr [rsp+0x1e], 0x1
ss pc = 0x7f8e83dbbf3d: mov dword ptr [rsp+0x18], eax
ss pc = 0x7f8e83dbbf41: jmp 0x7f8e83dbbf11
ss pc = 0x7f8e83dbbf11: add rdx, 0x10
ss pc = 0x7f8e83dbbf15: mov rax, qword ptr [rdx]
ss pc = 0x7f8e83dbbf18: test rax, rax
ss pc = 0x7f8e83dbbf1b: jnz 0x7f8e83dbbee9
ss pc = 0x7f8e83dbbee9: sub rax, 0x3
ss pc = 0x7f8e83dbbeed: cmp rax, 0x1e
ss pc = 0x7f8e83dbbef1: jnbe 0x7f8e83dbbefc
ss pc = 0x7f8e83dbbef7: jmp 0x7f8e83dbbe49
ss pc = 0x7f8e83dbbe49: movsxd rax, dword ptr [rcx+rax*4]
ss pc = 0x7f8e83dbbe4d: add rax, rcx
ss pc = 0x7f8e83dbbe50: xchg qword ptr [rip-0x32e57], rsp
ss pc = 0x7f8e83dbbe57: pushfq
ss pc = 0x7f8e83dbbe58: push rax
ss pc = 0x7f8e83dbbe59: mov rax, rax
ss pc = 0x7f8e83dbbe5c: cmp rax, qword ptr [rip-0x30bab]
ss pc = 0x7f8e83dbbe63: jz 0x7f8e83dbbe8b
ss pc = 0x7f8e83dbbe65: cmp rax, qword ptr [rip-0x30bac]
ss pc = 0x7f8e83dbbe6c: jz 0x7f8e83dbbe99
ss pc = 0x7f8e83dbbe6e: cmp rax, qword ptr [rip-0x30bad]
ss pc = 0x7f8e83dbbe75: jz 0x7f8e83dbbea7
ss pc = 0x7f8e83dbbe77: cmp rax, qword ptr [rip-0x30bae]
ss pc = 0x7f8e83dbbe7e: jz 0x7f8e83dbbeb5
ss pc = 0x7f8e83dbbe80: pop rax
ss pc = 0x7f8e83dbbe81: popfq
ss pc = 0x7f8e83dbbe82: xchg qword ptr [rip-0x32e89], rsp
ss pc = 0x7f8e83dbbe89: int3
ss pc = 0x7f8e83dbbf46: mov rbp, qword ptr [rdx+0x8]
ss pc = 0x7f8e83dbbf4a: jmp 0x7f8e83dbbf11
ss pc = 0x7f8e83dbbf11: add rdx, 0x10
ss pc = 0x7f8e83dbbf15: mov rax, qword ptr [rdx]
ss pc = 0x7f8e83dbbf18: test rax, rax
ss pc = 0x7f8e83dbbf1b: jnz 0x7f8e83dbbee9
ss pc = 0x7f8e83dbbee9: sub rax, 0x3
ss pc = 0x7f8e83dbbeed: cmp rax, 0x1e
ss pc = 0x7f8e83dbbef1: jnbe 0x7f8e83dbbefc
ss pc = 0x7f8e83dbbef7: jmp 0x7f8e83dbbe49
ss pc = 0x7f8e83dbbe49: movsxd rax, dword ptr [rcx+rax*4]
ss pc = 0x7f8e83dbbe4d: add rax, rcx
ss pc = 0x7f8e83dbbe50: xchg qword ptr [rip-0x32e57], rsp
ss pc = 0x7f8e83dbbe57: pushfq
ss pc = 0x7f8e83dbbe58: push rax
ss pc = 0x7f8e83dbbe59: mov rax, rax
ss pc = 0x7f8e83dbbe5c: cmp rax, qword ptr [rip-0x30bab]
ss pc = 0x7f8e83dbbe63: jz 0x7f8e83dbbe8b
ss pc = 0x7f8e83dbbe65: cmp rax, qword ptr [rip-0x30bac]
ss pc = 0x7f8e83dbbe6c: jz 0x7f8e83dbbe99
ss pc = 0x7f8e83dbbe6e: cmp rax, qword ptr [rip-0x30bad]
ss pc = 0x7f8e83dbbe75: jz 0x7f8e83dbbea7
ss pc = 0x7f8e83dbbe77: cmp rax, qword ptr [rip-0x30bae]
ss pc = 0x7f8e83dbbe7e: jz 0x7f8e83dbbeb5
ss pc = 0x7f8e83dbbe80: pop rax
ss pc = 0x7f8e83dbbe81: popfq
ss pc = 0x7f8e83dbbe82: xchg qword ptr [rip-0x32e89], rsp
ss pc = 0x7f8e83dbbe89: int3
ss pc = 0x7f8e83dbbf11: add rdx, 0x10
ss pc = 0x7f8e83dbbf15: mov rax, qword ptr [rdx]
ss pc = 0x7f8e83dbbf18: test rax, rax
ss pc = 0x7f8e83dbbf1b: jnz 0x7f8e83dbbee9
ss pc = 0x7f8e83dbbee9: sub rax, 0x3
ss pc = 0x7f8e83dbbeed: cmp rax, 0x1e
ss pc = 0x7f8e83dbbef1: jnbe 0x7f8e83dbbefc
ss pc = 0x7f8e83dbbef7: jmp 0x7f8e83dbbe49
ss pc = 0x7f8e83dbbe49: movsxd rax, dword ptr [rcx+rax*4]
ss pc = 0x7f8e83dbbe4d: add rax, rcx
ss pc = 0x7f8e83dbbe50: xchg qword ptr [rip-0x32e57], rsp
ss pc = 0x7f8e83dbbe57: pushfq
ss pc = 0x7f8e83dbbe58: push rax
ss pc = 0x7f8e83dbbe59: mov rax, rax
ss pc = 0x7f8e83dbbe5c: cmp rax, qword ptr [rip-0x30bab]
ss pc = 0x7f8e83dbbe63: jz 0x7f8e83dbbe8b
ss pc = 0x7f8e83dbbe65: cmp rax, qword ptr [rip-0x30bac]
ss pc = 0x7f8e83dbbe6c: jz 0x7f8e83dbbe99
ss pc = 0x7f8e83dbbe6e: cmp rax, qword ptr [rip-0x30bad]
ss pc = 0x7f8e83dbbe75: jz 0x7f8e83dbbea7
ss pc = 0x7f8e83dbbe77: cmp rax, qword ptr [rip-0x30bae]
ss pc = 0x7f8e83dbbe7e: jz 0x7f8e83dbbeb5
ss pc = 0x7f8e83dbbe80: pop rax
ss pc = 0x7f8e83dbbe81: popfq
ss pc = 0x7f8e83dbbe82: xchg qword ptr [rip-0x32e89], rsp
ss pc = 0x7f8e83dbbe89: int3
ss pc = 0x7f8e83dbbf4f: mov r12d, dword ptr [rdx+0x8]
ss pc = 0x7f8e83dbbf53: jmp 0x7f8e83dbbf11
ss pc = 0x7f8e83dbbf11: add rdx, 0x10
ss pc = 0x7f8e83dbbf15: mov rax, qword ptr [rdx]
ss pc = 0x7f8e83dbbf18: test rax, rax
ss pc = 0x7f8e83dbbf1b: jnz 0x7f8e83dbbee9
ss pc = 0x7f8e83dbbee9: sub rax, 0x3
ss pc = 0x7f8e83dbbeed: cmp rax, 0x1e
ss pc = 0x7f8e83dbbef1: jnbe 0x7f8e83dbbefc
ss pc = 0x7f8e83dbbef7: jmp 0x7f8e83dbbe49
ss pc = 0x7f8e83dbbe49: movsxd rax, dword ptr [rcx+rax*4]
ss pc = 0x7f8e83dbbe4d: add rax, rcx
ss pc = 0x7f8e83dbbe50: xchg qword ptr [rip-0x32e57], rsp
ss pc = 0x7f8e83dbbe57: pushfq
ss pc = 0x7f8e83dbbe58: push rax
ss pc = 0x7f8e83dbbe59: mov rax, rax
ss pc = 0x7f8e83dbbe5c: cmp rax, qword ptr [rip-0x30bab]
ss pc = 0x7f8e83dbbe63: jz 0x7f8e83dbbe8b
ss pc = 0x7f8e83dbbe65: cmp rax, qword ptr [rip-0x30bac]
ss pc = 0x7f8e83dbbe6c: jz 0x7f8e83dbbe99
ss pc = 0x7f8e83dbbe99: pop rax
ss pc = 0x7f8e83dbbe9a: popfq
ss pc = 0x7f8e83dbbe9b: xchg qword ptr [rip-0x32ea2], rsp
ss pc = 0x7f8e83dbbea2: jmp 0x7f8e83dbbf11
ss pc = 0x7f8e83dbbf11: add rdx, 0x10
ss pc = 0x7f8e83dbbf15: mov rax, qword ptr [rdx]
ss pc = 0x7f8e83dbbf18: test rax, rax
ss pc = 0x7f8e83dbbf1b: jnz 0x7f8e83dbbee9
ss pc = 0x7f8e83dbbee9: sub rax, 0x3
ss pc = 0x7f8e83dbbeed: cmp rax, 0x1e
ss pc = 0x7f8e83dbbef1: jnbe 0x7f8e83dbbefc
ss pc = 0x7f8e83dbbef7: jmp 0x7f8e83dbbe49
ss pc = 0x7f8e83dbbe49: movsxd rax, dword ptr [rcx+rax*4]
ss pc = 0x7f8e83dbbe4d: add rax, rcx
ss pc = 0x7f8e83dbbe50: xchg qword ptr [rip-0x32e57], rsp
ss pc = 0x7f8e83dbbe57: pushfq
ss pc = 0x7f8e83dbbe58: push rax
ss pc = 0x7f8e83dbbe59: mov rax, rax
ss pc = 0x7f8e83dbbe5c: cmp rax, qword ptr [rip-0x30bab]
ss pc = 0x7f8e83dbbe63: jz 0x7f8e83dbbe8b
ss pc = 0x7f8e83dbbe65: cmp rax, qword ptr [rip-0x30bac]
ss pc = 0x7f8e83dbbe6c: jz 0x7f8e83dbbe99
ss pc = 0x7f8e83dbbe99: pop rax
ss pc = 0x7f8e83dbbe9a: popfq
ss pc = 0x7f8e83dbbe9b: xchg qword ptr [rip-0x32ea2], rsp
ss pc = 0x7f8e83dbbea2: jmp 0x7f8e83dbbf11
ss pc = 0x7f8e83dbbf11: add rdx, 0x10
ss pc = 0x7f8e83dbbf15: mov rax, qword ptr [rdx]
ss pc = 0x7f8e83dbbf18: test rax, rax
ss pc = 0x7f8e83dbbf1b: jnz 0x7f8e83dbbee9
ss pc = 0x7f8e83dbbee9: sub rax, 0x3
ss pc = 0x7f8e83dbbeed: cmp rax, 0x1e
ss pc = 0x7f8e83dbbef1: jnbe 0x7f8e83dbbefc
ss pc = 0x7f8e83dbbef7: jmp 0x7f8e83dbbe49
ss pc = 0x7f8e83dbbe49: movsxd rax, dword ptr [rcx+rax*4]
ss pc = 0x7f8e83dbbe4d: add rax, rcx
ss pc = 0x7f8e83dbbe50: xchg qword ptr [rip-0x32e57], rsp
ss pc = 0x7f8e83dbbe57: pushfq
ss pc = 0x7f8e83dbbe58: push rax
ss pc = 0x7f8e83dbbe59: mov rax, rax
ss pc = 0x7f8e83dbbe5c: cmp rax, qword ptr [rip-0x30bab]
ss pc = 0x7f8e83dbbe63: jz 0x7f8e83dbbe8b
ss pc = 0x7f8e83dbbe65: cmp rax, qword ptr [rip-0x30bac]
ss pc = 0x7f8e83dbbe6c: jz 0x7f8e83dbbe99
ss pc = 0x7f8e83dbbe6e: cmp rax, qword ptr [rip-0x30bad]
ss pc = 0x7f8e83dbbe75: jz 0x7f8e83dbbea7
ss pc = 0x7f8e83dbbe77: cmp rax, qword ptr [rip-0x30bae]
ss pc = 0x7f8e83dbbe7e: jz 0x7f8e83dbbeb5
ss pc = 0x7f8e83dbbe80: pop rax
ss pc = 0x7f8e83dbbe81: popfq
ss pc = 0x7f8e83dbbe82: xchg qword ptr [rip-0x32e89], rsp
ss pc = 0x7f8e83dbbe89: int3
ss pc = 0x7f8e83dbbf58: mov rsi, qword ptr [rdx+0x8]
ss pc = 0x7f8e83dbbf5c: mov r14d, 0x1
ss pc = 0x7f8e83dbbf62: jmp 0x7f8e83dbbf11
ss pc = 0x7f8e83dbbf11: add rdx, 0x10
ss pc = 0x7f8e83dbbf15: mov rax, qword ptr [rdx]
ss pc = 0x7f8e83dbbf18: test rax, rax
ss pc = 0x7f8e83dbbf1b: jnz 0x7f8e83dbbee9
ss pc = 0x7f8e83dbbee9: sub rax, 0x3
ss pc = 0x7f8e83dbbeed: cmp rax, 0x1e
ss pc = 0x7f8e83dbbef1: jnbe 0x7f8e83dbbefc
ss pc = 0x7f8e83dbbef7: jmp 0x7f8e83dbbe49
ss pc = 0x7f8e83dbbe49: movsxd rax, dword ptr [rcx+rax*4]
ss pc = 0x7f8e83dbbe4d: add rax, rcx
ss pc = 0x7f8e83dbbe50: xchg qword ptr [rip-0x32e57], rsp
ss pc = 0x7f8e83dbbe57: pushfq
ss pc = 0x7f8e83dbbe58: push rax
ss pc = 0x7f8e83dbbe59: mov rax, rax
ss pc = 0x7f8e83dbbe5c: cmp rax, qword ptr [rip-0x30bab]
ss pc = 0x7f8e83dbbe63: jz 0x7f8e83dbbe8b
ss pc = 0x7f8e83dbbe65: cmp rax, qword ptr [rip-0x30bac]
ss pc = 0x7f8e83dbbe6c: jz 0x7f8e83dbbe99
ss pc = 0x7f8e83dbbe99: pop rax
ss pc = 0x7f8e83dbbe9a: popfq
ss pc = 0x7f8e83dbbe9b: xchg qword ptr [rip-0x32ea2], rsp
ss pc = 0x7f8e83dbbea2: jmp 0x7f8e83dbbf11
ss pc = 0x7f8e83dbbf11: add rdx, 0x10
ss pc = 0x7f8e83dbbf15: mov rax, qword ptr [rdx]
ss pc = 0x7f8e83dbbf18: test rax, rax
ss pc = 0x7f8e83dbbf1b: jnz 0x7f8e83dbbee9
ss pc = 0x7f8e83dbbee9: sub rax, 0x3
ss pc = 0x7f8e83dbbeed: cmp rax, 0x1e
ss pc = 0x7f8e83dbbef1: jnbe 0x7f8e83dbbefc
ss pc = 0x7f8e83dbbef7: jmp 0x7f8e83dbbe49
ss pc = 0x7f8e83dbbe49: movsxd rax, dword ptr [rcx+rax*4]
ss pc = 0x7f8e83dbbe4d: add rax, rcx
ss pc = 0x7f8e83dbbe50: xchg qword ptr [rip-0x32e57], rsp
ss pc = 0x7f8e83dbbe57: pushfq
ss pc = 0x7f8e83dbbe58: push rax
ss pc = 0x7f8e83dbbe59: mov rax, rax
ss pc = 0x7f8e83dbbe5c: cmp rax, qword ptr [rip-0x30bab]
ss pc = 0x7f8e83dbbe63: jz 0x7f8e83dbbe8b
ss pc = 0x7f8e83dbbe65: cmp rax, qword ptr [rip-0x30bac]
ss pc = 0x7f8e83dbbe6c: jz 0x7f8e83dbbe99
ss pc = 0x7f8e83dbbe99: pop rax
ss pc = 0x7f8e83dbbe9a: popfq
ss pc = 0x7f8e83dbbe9b: xchg qword ptr [rip-0x32ea2], rsp
ss pc = 0x7f8e83dbbea2: jmp 0x7f8e83dbbf11
ss pc = 0x7f8e83dbbf11: add rdx, 0x10
ss pc = 0x7f8e83dbbf15: mov rax, qword ptr [rdx]
ss pc = 0x7f8e83dbbf18: test rax, rax
ss pc = 0x7f8e83dbbf1b: jnz 0x7f8e83dbbee9
ss pc = 0x7f8e83dbbee9: sub rax, 0x3
ss pc = 0x7f8e83dbbeed: cmp rax, 0x1e
ss pc = 0x7f8e83dbbef1: jnbe 0x7f8e83dbbefc
ss pc = 0x7f8e83dbbef7: jmp 0x7f8e83dbbe49
ss pc = 0x7f8e83dbbe49: movsxd rax, dword ptr [rcx+rax*4]
ss pc = 0x7f8e83dbbe4d: add rax, rcx
ss pc = 0x7f8e83dbbe50: xchg qword ptr [rip-0x32e57], rsp
ss pc = 0x7f8e83dbbe57: pushfq
ss pc = 0x7f8e83dbbe58: push rax
ss pc = 0x7f8e83dbbe59: mov rax, rax
ss pc = 0x7f8e83dbbe5c: cmp rax, qword ptr [rip-0x30bab]
ss pc = 0x7f8e83dbbe63: jz 0x7f8e83dbbe8b
ss pc = 0x7f8e83dbbe65: cmp rax, qword ptr [rip-0x30bac]
ss pc = 0x7f8e83dbbe6c: jz 0x7f8e83dbbe99
ss pc = 0x7f8e83dbbe99: pop rax
ss pc = 0x7f8e83dbbe9a: popfq
ss pc = 0x7f8e83dbbe9b: xchg qword ptr [rip-0x32ea2], rsp
ss pc = 0x7f8e83dbbea2: jmp 0x7f8e83dbbf11
ss pc = 0x7f8e83dbbf11: add rdx, 0x10
ss pc = 0x7f8e83dbbf15: mov rax, qword ptr [rdx]
ss pc = 0x7f8e83dbbf18: test rax, rax
ss pc = 0x7f8e83dbbf1b: jnz 0x7f8e83dbbee9
ss pc = 0x7f8e83dbbee9: sub rax, 0x3
ss pc = 0x7f8e83dbbeed: cmp rax, 0x1e
ss pc = 0x7f8e83dbbef1: jnbe 0x7f8e83dbbefc
ss pc = 0x7f8e83dbbef7: jmp 0x7f8e83dbbe49
ss pc = 0x7f8e83dbbe49: movsxd rax, dword ptr [rcx+rax*4]
ss pc = 0x7f8e83dbbe4d: add rax, rcx
ss pc = 0x7f8e83dbbe50: xchg qword ptr [rip-0x32e57], rsp
ss pc = 0x7f8e83dbbe57: pushfq
ss pc = 0x7f8e83dbbe58: push rax
ss pc = 0x7f8e83dbbe59: mov rax, rax
ss pc = 0x7f8e83dbbe5c: cmp rax, qword ptr [rip-0x30bab]
ss pc = 0x7f8e83dbbe63: jz 0x7f8e83dbbe8b
ss pc = 0x7f8e83dbbe65: cmp rax, qword ptr [rip-0x30bac]
ss pc = 0x7f8e83dbbe6c: jz 0x7f8e83dbbe99
ss pc = 0x7f8e83dbbe99: pop rax
ss pc = 0x7f8e83dbbe9a: popfq
ss pc = 0x7f8e83dbbe9b: xchg qword ptr [rip-0x32ea2], rsp
ss pc = 0x7f8e83dbbea2: jmp 0x7f8e83dbbf11
ss pc = 0x7f8e83dbbf11: add rdx, 0x10
ss pc = 0x7f8e83dbbf15: mov rax, qword ptr [rdx]
ss pc = 0x7f8e83dbbf18: test rax, rax
ss pc = 0x7f8e83dbbf1b: jnz 0x7f8e83dbbee9
ss pc = 0x7f8e83dbbee9: sub rax, 0x3
ss pc = 0x7f8e83dbbeed: cmp rax, 0x1e
ss pc = 0x7f8e83dbbef1: jnbe 0x7f8e83dbbefc
ss pc = 0x7f8e83dbbef7: jmp 0x7f8e83dbbe49
ss pc = 0x7f8e83dbbe49: movsxd rax, dword ptr [rcx+rax*4]
ss pc = 0x7f8e83dbbe4d: add rax, rcx
ss pc = 0x7f8e83dbbe50: xchg qword ptr [rip-0x32e57], rsp
ss pc = 0x7f8e83dbbe57: pushfq
ss pc = 0x7f8e83dbbe58: push rax
ss pc = 0x7f8e83dbbe59: mov rax, rax
ss pc = 0x7f8e83dbbe5c: cmp rax, qword ptr [rip-0x30bab]
ss pc = 0x7f8e83dbbe63: jz 0x7f8e83dbbe8b
ss pc = 0x7f8e83dbbe65: cmp rax, qword ptr [rip-0x30bac]
ss pc = 0x7f8e83dbbe6c: jz 0x7f8e83dbbe99
ss pc = 0x7f8e83dbbe6e: cmp rax, qword ptr [rip-0x30bad]
ss pc = 0x7f8e83dbbe75: jz 0x7f8e83dbbea7
ss pc = 0x7f8e83dbbe77: cmp rax, qword ptr [rip-0x30bae]
ss pc = 0x7f8e83dbbe7e: jz 0x7f8e83dbbeb5
ss pc = 0x7f8e83dbbe80: pop rax
ss pc = 0x7f8e83dbbe81: popfq
ss pc = 0x7f8e83dbbe82: xchg qword ptr [rip-0x32e89], rsp
ss pc = 0x7f8e83dbbe89: int3
ss pc = 0x7f8e83dbbf67: mov r11d, dword ptr [rdx+0x8]
ss pc = 0x7f8e83dbbf6b: mov ebx, 0x1
ss pc = 0x7f8e83dbbf70: jmp 0x7f8e83dbbf11
ss pc = 0x7f8e83dbbf11: add rdx, 0x10
ss pc = 0x7f8e83dbbf15: mov rax, qword ptr [rdx]
ss pc = 0x7f8e83dbbf18: test rax, rax
ss pc = 0x7f8e83dbbf1b: jnz 0x7f8e83dbbee9
ss pc = 0x7f8e83dbbee9: sub rax, 0x3
ss pc = 0x7f8e83dbbeed: cmp rax, 0x1e
ss pc = 0x7f8e83dbbef1: jnbe 0x7f8e83dbbefc
ss pc = 0x7f8e83dbbef7: jmp 0x7f8e83dbbe49
ss pc = 0x7f8e83dbbe49: movsxd rax, dword ptr [rcx+rax*4]
ss pc = 0x7f8e83dbbe4d: add rax, rcx
ss pc = 0x7f8e83dbbe50: xchg qword ptr [rip-0x32e57], rsp
ss pc = 0x7f8e83dbbe57: pushfq
ss pc = 0x7f8e83dbbe58: push rax
ss pc = 0x7f8e83dbbe59: mov rax, rax
ss pc = 0x7f8e83dbbe5c: cmp rax, qword ptr [rip-0x30bab]
ss pc = 0x7f8e83dbbe63: jz 0x7f8e83dbbe8b
ss pc = 0x7f8e83dbbe65: cmp rax, qword ptr [rip-0x30bac]
ss pc = 0x7f8e83dbbe6c: jz 0x7f8e83dbbe99
ss pc = 0x7f8e83dbbe6e: cmp rax, qword ptr [rip-0x30bad]
ss pc = 0x7f8e83dbbe75: jz 0x7f8e83dbbea7
ss pc = 0x7f8e83dbbe77: cmp rax, qword ptr [rip-0x30bae]
ss pc = 0x7f8e83dbbe7e: jz 0x7f8e83dbbeb5
ss pc = 0x7f8e83dbbe80: pop rax
ss pc = 0x7f8e83dbbe81: popfq
ss pc = 0x7f8e83dbbe82: xchg qword ptr [rip-0x32e89], rsp
ss pc = 0x7f8e83dbbe89: int3
ss pc = 0x7f8e83dbbf75: mov rax, qword ptr [rdx+0x8]
ss pc = 0x7f8e83dbbf79: mov byte ptr [rsp+0x15], 0x1
ss pc = 0x7f8e83dbbf7e: mov qword ptr [rsp], rax
ss pc = 0x7f8e83dbbf82: jmp 0x7f8e83dbbf11
ss pc = 0x7f8e83dbbf11: add rdx, 0x10
ss pc = 0x7f8e83dbbf15: mov rax, qword ptr [rdx]
ss pc = 0x7f8e83dbbf18: test rax, rax
ss pc = 0x7f8e83dbbf1b: jnz 0x7f8e83dbbee9
ss pc = 0x7f8e83dbbee9: sub rax, 0x3
ss pc = 0x7f8e83dbbeed: cmp rax, 0x1e
ss pc = 0x7f8e83dbbef1: jnbe 0x7f8e83dbbefc
ss pc = 0x7f8e83dbbef7: jmp 0x7f8e83dbbe49
ss pc = 0x7f8e83dbbe49: movsxd rax, dword ptr [rcx+rax*4]
ss pc = 0x7f8e83dbbe4d: add rax, rcx
ss pc = 0x7f8e83dbbe50: xchg qword ptr [rip-0x32e57], rsp
ss pc = 0x7f8e83dbbe57: pushfq
ss pc = 0x7f8e83dbbe58: push rax
ss pc = 0x7f8e83dbbe59: mov rax, rax
ss pc = 0x7f8e83dbbe5c: cmp rax, qword ptr [rip-0x30bab]
ss pc = 0x7f8e83dbbe63: jz 0x7f8e83dbbe8b
ss pc = 0x7f8e83dbbe65: cmp rax, qword ptr [rip-0x30bac]
ss pc = 0x7f8e83dbbe6c: jz 0x7f8e83dbbe99
ss pc = 0x7f8e83dbbe6e: cmp rax, qword ptr [rip-0x30bad]
ss pc = 0x7f8e83dbbe75: jz 0x7f8e83dbbea7
ss pc = 0x7f8e83dbbe77: cmp rax, qword ptr [rip-0x30bae]
ss pc = 0x7f8e83dbbe7e: jz 0x7f8e83dbbeb5
ss pc = 0x7f8e83dbbe80: pop rax
ss pc = 0x7f8e83dbbe81: popfq
ss pc = 0x7f8e83dbbe82: xchg qword ptr [rip-0x32e89], rsp
ss pc = 0x7f8e83dbbe89: int3
ss pc = 0x7f8e83dbbf11: add rdx, 0x10
ss pc = 0x7f8e83dbbf15: mov rax, qword ptr [rdx]
ss pc = 0x7f8e83dbbf18: test rax, rax
ss pc = 0x7f8e83dbbf1b: jnz 0x7f8e83dbbee9
ss pc = 0x7f8e83dbbee9: sub rax, 0x3
ss pc = 0x7f8e83dbbeed: cmp rax, 0x1e
ss pc = 0x7f8e83dbbef1: jnbe 0x7f8e83dbbefc
ss pc = 0x7f8e83dbbef7: jmp 0x7f8e83dbbe49
ss pc = 0x7f8e83dbbe49: movsxd rax, dword ptr [rcx+rax*4]
ss pc = 0x7f8e83dbbe4d: add rax, rcx
ss pc = 0x7f8e83dbbe50: xchg qword ptr [rip-0x32e57], rsp
ss pc = 0x7f8e83dbbe57: pushfq
ss pc = 0x7f8e83dbbe58: push rax
ss pc = 0x7f8e83dbbe59: mov rax, rax
ss pc = 0x7f8e83dbbe5c: cmp rax, qword ptr [rip-0x30bab]
ss pc = 0x7f8e83dbbe63: jz 0x7f8e83dbbe8b
ss pc = 0x7f8e83dbbe65: cmp rax, qword ptr [rip-0x30bac]
ss pc = 0x7f8e83dbbe6c: jz 0x7f8e83dbbe99
ss pc = 0x7f8e83dbbe6e: cmp rax, qword ptr [rip-0x30bad]
ss pc = 0x7f8e83dbbe75: jz 0x7f8e83dbbea7
ss pc = 0x7f8e83dbbe77: cmp rax, qword ptr [rip-0x30bae]
ss pc = 0x7f8e83dbbe7e: jz 0x7f8e83dbbeb5
ss pc = 0x7f8e83dbbe80: pop rax
ss pc = 0x7f8e83dbbe81: popfq
ss pc = 0x7f8e83dbbe82: xchg qword ptr [rip-0x32e89], rsp
ss pc = 0x7f8e83dbbe89: int3
ss pc = 0x7f8e83dbbf87: mov r9, qword ptr [rdx+0x8]
ss pc = 0x7f8e83dbbf8b: mov r10d, 0x1
ss pc = 0x7f8e83dbbf91: jmp 0x7f8e83dbbf11
ss pc = 0x7f8e83dbbf11: add rdx, 0x10
ss pc = 0x7f8e83dbbf15: mov rax, qword ptr [rdx]
ss pc = 0x7f8e83dbbf18: test rax, rax
ss pc = 0x7f8e83dbbf1b: jnz 0x7f8e83dbbee9
ss pc = 0x7f8e83dbbf21: int3
ss pc = 0x7f8e83dbbf96: test dil, dil
ss pc = 0x7f8e83dbbf99: jnz 0x7f8e83dbbfa4
ss pc = 0x7f8e83dbbfa4: int3
ss pc = 0x7f8e83dbbfa5: mov qword ptr [rip-0x32fa4], rax
ss pc = 0x7f8e83dbbfac: mov rax, qword ptr [rip-0x30cdb]
ss pc = 0x7f8e83dbbfb3: mov qword ptr [rax], r15
ss pc = 0x7f8e83dbbfb6: mov rax, qword ptr [rip-0x32fb5]
ss pc = 0x7f8e83dbbfbd: jmp 0x7f8e83dbbfc2
ss pc = 0x7f8e83dbbfc2: test r14b, r14b
ss pc = 0x7f8e83dbbfc5: jz 0x7f8e83dbbfd0
ss pc = 0x7f8e83dbbfcb: int3
ss pc = 0x7f8e83dbbfd1: mov qword ptr [rsp+0x38], rsi
ss pc = 0x7f8e83dbbfd6: test bl, bl
ss pc = 0x7f8e83dbbfd8: jz 0x7f8e83dbbfe3
ss pc = 0x7f8e83dbbfde: int3
ss pc = 0x7f8e83dbbfe4: mov qword ptr [rip-0x32fe3], rax
ss pc = 0x7f8e83dbbfeb: mov rax, qword ptr [rip-0x30d12]
ss pc = 0x7f8e83dbbff2: mov dword ptr [rax], r11d
ss pc = 0x7f8e83dbbff5: mov rax, qword ptr [rip-0x32ff4]
ss pc = 0x7f8e83dbbffc: test r10b, r10b
ss pc = 0x7f8e83dbbfff: jz 0x7f8e83dbc00a
ss pc = 0x7f8e83dbc005: int3
ss pc = 0x7f8e83dbc00b: mov qword ptr [rip-0x3300a], rax
ss pc = 0x7f8e83dbc012: mov rax, qword ptr [rip-0x30d31]
ss pc = 0x7f8e83dbc019: mov qword ptr [rax], r9
ss pc = 0x7f8e83dbc01c: mov rax, qword ptr [rip-0x3301b]
ss pc = 0x7f8e83dbc023: test r8b, r8b
ss pc = 0x7f8e83dbc026: jz 0x7f8e83dbc031
ss pc = 0x7f8e83dbc02c: int3
ss pc = 0x7f8e83dbc032: mov rax, qword ptr [rsp+0x28]
ss pc = 0x7f8e83dbc037: mov qword ptr [rip-0x33036], rcx
ss pc = 0x7f8e83dbc03e: mov rcx, qword ptr [rip-0x30d55]
ss pc = 0x7f8e83dbc045: mov qword ptr [rcx], rax
ss pc = 0x7f8e83dbc048: mov rcx, qword ptr [rip-0x33047]
ss pc = 0x7f8e83dbc04f: cmp byte ptr [rsp+0x1f], 0x0
ss pc = 0x7f8e83dbc054: jz 0x7f8e83dbc05f
ss pc = 0x7f8e83dbc05f: int3
ss pc = 0x7f8e83dbc060: cmp byte ptr [rsp+0x1e], 0x0
ss pc = 0x7f8e83dbc065: jz 0x7f8e83dbc070
ss pc = 0x7f8e83dbc06b: int3
ss pc = 0x7f8e83dbc071: mov eax, dword ptr [rsp+0x18]
ss pc = 0x7f8e83dbc075: mov qword ptr [rip-0x33074], rcx
ss pc = 0x7f8e83dbc07c: mov rcx, qword ptr [rip-0x30d8b]
ss pc = 0x7f8e83dbc083: mov dword ptr [rcx], eax
ss pc = 0x7f8e83dbc085: mov rcx, qword ptr [rip-0x33084]
ss pc = 0x7f8e83dbc08c: cmp byte ptr [rsp+0x17], 0x0
ss pc = 0x7f8e83dbc091: jz 0x7f8e83dbc09c
ss pc = 0x7f8e83dbc09c: int3
ss pc = 0x7f8e83dbc09d: cmp byte ptr [rsp+0x16], 0x0
ss pc = 0x7f8e83dbc0a2: jz 0x7f8e83dbc0ad
ss pc = 0x7f8e83dbc0a8: int3
ss pc = 0x7f8e83dbc0ae: mov rax, qword ptr [rsp+0x8]
ss pc = 0x7f8e83dbc0b3: mov qword ptr [rip-0x330b2], rcx
ss pc = 0x7f8e83dbc0ba: mov rcx, qword ptr [rip-0x30dc1]
ss pc = 0x7f8e83dbc0c1: mov qword ptr [rcx], rax
ss pc = 0x7f8e83dbc0c4: mov rcx, qword ptr [rip-0x330c3]
ss pc = 0x7f8e83dbc0cb: cmp byte ptr [rsp+0x15], 0x0
ss pc = 0x7f8e83dbc0d0: jz 0x7f8e83dbc0db
ss pc = 0x7f8e83dbc0d6: int3
ss pc = 0x7f8e83dbc0dc: mov rax, qword ptr [rsp]
ss pc = 0x7f8e83dbc0e0: mov qword ptr [rip-0x330df], rcx
ss pc = 0x7f8e83dbc0e7: mov rcx, qword ptr [rip-0x30de6]
ss pc = 0x7f8e83dbc0ee: mov qword ptr [rcx], rax
ss pc = 0x7f8e83dbc0f1: mov rcx, qword ptr [rip-0x330f0]
ss pc = 0x7f8e83dbc0f8: jmp 0x7f8e83dbc0fd
ss pc = 0x7f8e83dbc0fd: xor edi, edi
ss pc = 0x7f8e83dbc0ff: xchg qword ptr [rip-0x33106], rsp
ss pc = 0x7f8e83dbc106: pushfq
ss pc = 0x7f8e83dbc107: xchg qword ptr [rip-0x3111e], rsp
ss pc = 0x7f8e83dbc10e: cmp rsp, qword ptr [rip-0x3111d]
ss pc = 0x7f8e83dbc115: jz 0x7f8e83dbc123
ss pc = 0x7f8e83dbc117: push qword ptr [rip-0x30dfd]
ss pc = 0x7f8e83dbc11d: push qword ptr [rip-0x30e0b]
ss pc = 0x7f8e83dbc123: xchg qword ptr [rip-0x3113a], rsp
ss pc = 0x7f8e83dbc12a: popfq
ss pc = 0x7f8e83dbc12b: xchg qword ptr [rip-0x33132], rsp
ss pc = 0x7f8e83dbc132: push qword ptr [rip-0x30e10]
ss pc = 0x7f8e83dbc138: jmp 0x7f8e83dbc165
ss pc = 0x7f8e83dbc165: mov ecx, 0xc
ss pc = 0x7f8e83dbc16a: mov eax, ecx
ss pc = 0x7f8e83dbc16c: int3
