begin_ 0x7f0910996fe8, ptr_ 0x7f0910996ff0, end_ 0x7f0910996ff8
ss pc = 0x7f09109c7002: mov r9, rdx
ss pc = 0x7f09109c7005: pop rsi
ss pc = 0x7f09109c7006: mov rdx, rsp
ss pc = 0x7f09109c7009: int3 
ss pc = 0x7f09109c700a: and rsp, 0xfffffffffffffff0
ss pc = 0x7f09109c700e: int3 
ss pc = 0x7f09109c700f: push rax
ss pc = 0x7f09109c7010: int3 
ss pc = 0x7f09109c7011: push rsp
ss pc = 0x7f09109c7012: int3 
ss pc = 0x7f09109c7013: mov r8, 0x403fc0
ss pc = 0x7f09109c701a: mov rcx, 0x403f50
ss pc = 0x7f09109c7021: mov rdi, 0x401330
ss pc = 0x7f09109c7028: xchg qword ptr [rip-0x3202f], rsp
ss pc = 0x7f09109c702f: pushfq 
ss pc = 0x7f09109c7030: xchg qword ptr [rip-0x30047], rsp
ss pc = 0x7f09109c7037: cmp rsp, qword ptr [rip-0x30046]
ss pc = 0x7f09109c703e: jz 0x7f09109c704c
ss pc = 0x7f09109c7040: push qword ptr [rip-0x3003e]
ss pc = 0x7f09109c7046: push qword ptr [rip-0x3004c]
ss pc = 0x7f09109c704c: xchg qword ptr [rip-0x30063], rsp
ss pc = 0x7f09109c7053: popfq 
ss pc = 0x7f09109c7054: xchg qword ptr [rip-0x3205b], rsp
ss pc = 0x7f09109c705b: push qword ptr [rip-0x30051]
ss pc = 0x7f09109c7061: jmp 0x7f09109c708d
ss pc = 0x7f09109c708d: xchg qword ptr [rip-0x32094], rsp
ss pc = 0x7f09109c7094: pushfq 
ss pc = 0x7f09109c7095: push rax
ss pc = 0x7f09109c7096: mov rax, qword ptr [rip-0x30065]
ss pc = 0x7f09109c709d: mov rax, qword ptr [rax]
ss pc = 0x7f09109c70a0: cmp rax, qword ptr [rip-0x3008f]
ss pc = 0x7f09109c70a7: jz 0x7f09109c70cf
ss pc = 0x7f09109c70a9: cmp rax, qword ptr [rip-0x30090]
ss pc = 0x7f09109c70b0: jz 0x7f09109c70dd
ss pc = 0x7f09109c70b2: cmp rax, qword ptr [rip-0x30091]
ss pc = 0x7f09109c70b9: jz 0x7f09109c70eb
ss pc = 0x7f09109c70bb: cmp rax, qword ptr [rip-0x30092]
ss pc = 0x7f09109c70c2: jz 0x7f09109c70f9
ss pc = 0x7f09109c70c4: pop rax
ss pc = 0x7f09109c70c5: popfq 
ss pc = 0x7f09109c70c6: xchg qword ptr [rip-0x320cd], rsp
ss pc = 0x7f09109c70cd: int3 
ss pc = 0x7f09109c7107: push 0x15
ss pc = 0x7f09109c710c: jmp 0x7f09109c7111
ss pc = 0x7f09109c7111: push rax
ss pc = 0x7f09109c7112: mov rax, qword ptr [rip-0x300d9]
ss pc = 0x7f09109c7119: mov rax, qword ptr [rax]
ss pc = 0x7f09109c711c: xchg qword ptr [rsp], rax
ss pc = 0x7f09109c7120: xchg qword ptr [rip-0x32127], rsp
ss pc = 0x7f09109c7127: pushfq 
ss pc = 0x7f09109c7128: push rax
ss pc = 0x7f09109c7129: mov rax, qword ptr [rip-0x300c8]
ss pc = 0x7f09109c7130: mov rax, qword ptr [rax]
ss pc = 0x7f09109c7133: cmp rax, qword ptr [rip-0x300f2]
ss pc = 0x7f09109c713a: jz 0x7f09109c7162
ss pc = 0x7f09109c713c: cmp rax, qword ptr [rip-0x300f3]
ss pc = 0x7f09109c7143: jz 0x7f09109c7170
ss pc = 0x7f09109c7145: cmp rax, qword ptr [rip-0x300f4]
ss pc = 0x7f09109c714c: jz 0x7f09109c717e
ss pc = 0x7f09109c714e: cmp rax, qword ptr [rip-0x300f5]
ss pc = 0x7f09109c7155: jz 0x7f09109c718c
ss pc = 0x7f09109c7157: pop rax
ss pc = 0x7f09109c7158: popfq 
ss pc = 0x7f09109c7159: xchg qword ptr [rip-0x32160], rsp
ss pc = 0x7f09109c7160: int3 
ss pc = 0x7f09109c719a: push rbx
ss pc = 0x7f09109c719b: mov rbx, rsp
ss pc = 0x7f09109c719e: int3 
ss pc = 0x7f09109c719f: and rsp, 0xffffffffffffffe0
ss pc = 0x7f09109c71a3: int3 
ss pc = 0x7f09109c71a4: int3 
ss pc = 0x7f09109c71a5: sub rsp, 0x180
ss pc = 0x7f09109c71ac: int3 
ss pc = 0x7f09109c71ad: mov qword ptr [rsp+0x140], rax
ss pc = 0x7f09109c71b5: mov qword ptr [rsp+0x148], rcx
ss pc = 0x7f09109c71bd: mov qword ptr [rsp+0x150], rdx
ss pc = 0x7f09109c71c5: mov qword ptr [rsp+0x158], rsi
ss pc = 0x7f09109c71cd: mov qword ptr [rsp+0x160], rdi
ss pc = 0x7f09109c71d5: mov qword ptr [rsp+0x168], r8
ss pc = 0x7f09109c71dd: mov qword ptr [rsp+0x170], r9
ss pc = 0x7f09109c71e5: vmovdqa ymmword ptr [rsp], ymm0
ss pc = 0x7f09109c71ea: vmovdqa ymmword ptr [rsp+0x20], ymm1
ss pc = 0x7f09109c71f0: vmovdqa ymmword ptr [rsp+0x40], ymm2
ss pc = 0x7f09109c71f6: vmovdqa ymmword ptr [rsp+0x60], ymm3
ss pc = 0x7f09109c71fc: vmovdqa ymmword ptr [rsp+0x80], ymm4
ss pc = 0x7f09109c7205: vmovdqa ymmword ptr [rsp+0xa0], ymm5
ss pc = 0x7f09109c720e: vmovdqa ymmword ptr [rsp+0xc0], ymm6
ss pc = 0x7f09109c7217: vmovdqa ymmword ptr [rsp+0xe0], ymm7
ss pc = 0x7f09109c7220: nop sp, word ptr [rsp+0x100]
ss pc = 0x7f09109c7229: nop sp, word ptr [rsp+0x110]
ss pc = 0x7f09109c7232: nop sp, word ptr [rsp+0x120]
ss pc = 0x7f09109c723b: nop sp, word ptr [rsp+0x130]
ss pc = 0x7f09109c7244: mov rsi, qword ptr [rbx+0x10]
ss pc = 0x7f09109c7248: mov rdi, qword ptr [rbx+0x8]
ss pc = 0x7f09109c724c: xchg qword ptr [rip-0x32253], rsp
ss pc = 0x7f09109c7253: pushfq 
ss pc = 0x7f09109c7254: xchg qword ptr [rip-0x3026b], rsp
ss pc = 0x7f09109c725b: cmp rsp, qword ptr [rip-0x3026a]
ss pc = 0x7f09109c7262: jz 0x7f09109c7270
ss pc = 0x7f09109c7264: push qword ptr [rip-0x301d2]
ss pc = 0x7f09109c726a: push qword ptr [rip-0x301e0]
ss pc = 0x7f09109c7270: xchg qword ptr [rip-0x30287], rsp
ss pc = 0x7f09109c7277: popfq 
ss pc = 0x7f09109c7278: xchg qword ptr [rip-0x3227f], rsp
ss pc = 0x7f09109c727f: push qword ptr [rip-0x301e5]
ss pc = 0x7f09109c7285: jmp 0x7f09109c73a8
ss pc = 0x7f09109c73a8: push rbx
ss pc = 0x7f09109c73a9: mov r10, rdi
ss pc = 0x7f09109c73ac: mov esi, esi
ss pc = 0x7f09109c73ae: lea rdx, ptr [rsi+rsi*2]
ss pc = 0x7f09109c73b2: int3 
ss pc = 0x7f09109c73b3: sub rsp, 0x10
ss pc = 0x7f09109c73b7: int3 
ss pc = 0x7f09109c73b8: mov rax, qword ptr [rdi+0x68]
ss pc = 0x7f09109c73bc: mov rdi, qword ptr [rax+0x8]
ss pc = 0x7f09109c73c0: mov rax, qword ptr [r10+0xf8]
ss pc = 0x7f09109c73c7: mov rax, qword ptr [rax+0x8]
ss pc = 0x7f09109c73cb: lea r8, ptr [rax+rdx*8]
ss pc = 0x7f09109c73cf: mov rax, qword ptr [r10+0x70]
ss pc = 0x7f09109c73d3: mov rcx, qword ptr [r8+0x8]
ss pc = 0x7f09109c73d7: mov rax, qword ptr [rax+0x8]
ss pc = 0x7f09109c73db: mov rdx, rcx
ss pc = 0x7f09109c73de: shr rdx, 0x20
ss pc = 0x7f09109c73e2: lea rsi, ptr [rdx+rdx*2]
ss pc = 0x7f09109c73e6: lea rsi, ptr [rax+rsi*8]
ss pc = 0x7f09109c73ea: mov rax, qword ptr [r10]
ss pc = 0x7f09109c73ed: mov qword ptr [rsp+0x8], rsi
ss pc = 0x7f09109c73f2: mov rbx, rax
ss pc = 0x7f09109c73f5: add rbx, qword ptr [r8]
ss pc = 0x7f09109c73f8: cmp ecx, 0x7
ss pc = 0x7f09109c73fb: jnz 0x7f09109c7406
ss pc = 0x7f09109c7401: int3 
ss pc = 0x7f09109c7407: test byte ptr [rsi+0x5], 0x3
ss pc = 0x7f09109c740b: jnz 0x7f09109c7416
ss pc = 0x7f09109c7411: int3 
ss pc = 0x7f09109c7417: mov rax, qword ptr [r10+0x1c8]
ss pc = 0x7f09109c741e: test rax, rax
ss pc = 0x7f09109c7421: jz 0x7f09109c742c
ss pc = 0x7f09109c7427: int3 
ss pc = 0x7f09109c742d: mov rax, qword ptr [rax+0x8]
ss pc = 0x7f09109c7431: movzx eax, word ptr [rax+rdx*2]
ss pc = 0x7f09109c7435: and eax, 0x7fff
ss pc = 0x7f09109c743a: lea rdx, ptr [rax+rax*2]
ss pc = 0x7f09109c743e: mov rax, qword ptr [r10+0x2e0]
ss pc = 0x7f09109c7445: lea r8, ptr [rax+rdx*8]
ss pc = 0x7f09109c7449: mov eax, 0x0
ss pc = 0x7f09109c744e: mov r9d, dword ptr [r8+0x8]
ss pc = 0x7f09109c7452: test r9d, r9d
ss pc = 0x7f09109c7455: cmovz r8, rax
ss pc = 0x7f09109c7459: mov eax, dword ptr fs:[0x18]
ss pc = 0x7f09109c7461: test eax, eax
ss pc = 0x7f09109c7463: mov r9d, 0x1
ss pc = 0x7f09109c7469: jnz 0x7f09109c7474
ss pc = 0x7f09109c746f: int3 
ss pc = 0x7f09109c7475: mov eax, dword ptr [rsi]
ss pc = 0x7f09109c7477: mov rcx, qword ptr [r10+0x380]
ss pc = 0x7f09109c747e: lea rdx, ptr [rsp+0x8]
ss pc = 0x7f09109c7483: push 0x0
ss pc = 0x7f09109c7485: push r9
ss pc = 0x7f09109c7487: mov rsi, r10
ss pc = 0x7f09109c748a: mov r9d, 0x1
ss pc = 0x7f09109c7490: add rdi, rax
ss pc = 0x7f09109c7493: xchg qword ptr [rip-0x3249a], rsp
ss pc = 0x7f09109c749a: pushfq 
ss pc = 0x7f09109c749b: xchg qword ptr [rip-0x304b2], rsp
ss pc = 0x7f09109c74a2: cmp rsp, qword ptr [rip-0x304b1]
ss pc = 0x7f09109c74a9: jz 0x7f09109c74b7
ss pc = 0x7f09109c74ab: push qword ptr [rip-0x30401]
ss pc = 0x7f09109c74b1: push qword ptr [rip-0x3040f]
ss pc = 0x7f09109c74b7: xchg qword ptr [rip-0x304ce], rsp
ss pc = 0x7f09109c74be: popfq 
ss pc = 0x7f09109c74bf: xchg qword ptr [rip-0x324c6], rsp
ss pc = 0x7f09109c74c6: push qword ptr [rip-0x30414]
ss pc = 0x7f09109c74cc: jmp 0x7f09109c74ed
ss pc = 0x7f09109c74ed: push rbp
ss pc = 0x7f09109c74ee: mov rbp, rsp
ss pc = 0x7f09109c74f1: push r15
ss pc = 0x7f09109c74f3: push r14
ss pc = 0x7f09109c74f5: push r13
ss pc = 0x7f09109c74f7: push r12
ss pc = 0x7f09109c74f9: mov r15, rdx
ss pc = 0x7f09109c74fc: push rbx
ss pc = 0x7f09109c74fd: mov r14, rsi
ss pc = 0x7f09109c7500: mov r12, r8
ss pc = 0x7f09109c7503: int3 
ss pc = 0x7f09109c7504: sub rsp, 0xc8
ss pc = 0x7f09109c750b: int3 
ss pc = 0x7f09109c750c: movzx edx, byte ptr [rdi]
ss pc = 0x7f09109c750f: mov qword ptr [rbp-0xa8], rdi
ss pc = 0x7f09109c7516: mov qword ptr [rbp-0xd0], rcx
ss pc = 0x7f09109c751d: mov dword ptr [rbp-0xbc], r9d
ss pc = 0x7f09109c7524: mov r13, qword ptr [rbp+0x18]
ss pc = 0x7f09109c7528: test dl, dl
ss pc = 0x7f09109c752a: jz 0x7f09109c7535
ss pc = 0x7f09109c7530: int3 
ss pc = 0x7f09109c7536: mov rcx, rdi
ss pc = 0x7f09109c7539: mov eax, 0x1505
ss pc = 0x7f09109c753e: nop dword ptr [rax], eax
ss pc = 0x7f09109c7545: mov rsi, rax
ss pc = 0x7f09109c7548: add rcx, 0x1
ss pc = 0x7f09109c754c: shl rsi, 0x5
ss pc = 0x7f09109c7550: add rax, rsi
ss pc = 0x7f09109c7553: add rax, rdx
ss pc = 0x7f09109c7556: movzx edx, byte ptr [rcx]
ss pc = 0x7f09109c7559: test dl, dl
ss pc = 0x7f09109c755b: jnz 0x7f09109c7566
ss pc = 0x7f09109c7566: int3 
ss pc = 0x7f09109c7567: mov rsi, rax
ss pc = 0x7f09109c756a: add rcx, 0x1
ss pc = 0x7f09109c756e: shl rsi, 0x5
ss pc = 0x7f09109c7572: add rax, rsi
ss pc = 0x7f09109c7575: add rax, rdx
ss pc = 0x7f09109c7578: movzx edx, byte ptr [rcx]
ss pc = 0x7f09109c757b: test dl, dl
ss pc = 0x7f09109c757d: jnz 0x7f09109c7567
ss pc = 0x7f09109c7567: mov rsi, rax
ss pc = 0x7f09109c756a: add rcx, 0x1
ss pc = 0x7f09109c756e: shl rsi, 0x5
ss pc = 0x7f09109c7572: add rax, rsi
ss pc = 0x7f09109c7575: add rax, rdx
ss pc = 0x7f09109c7578: movzx edx, byte ptr [rcx]
ss pc = 0x7f09109c757b: test dl, dl
ss pc = 0x7f09109c757d: jnz 0x7f09109c7567
ss pc = 0x7f09109c7567: mov rsi, rax
ss pc = 0x7f09109c756a: add rcx, 0x1
ss pc = 0x7f09109c756e: shl rsi, 0x5
ss pc = 0x7f09109c7572: add rax, rsi
ss pc = 0x7f09109c7575: add rax, rdx
ss pc = 0x7f09109c7578: movzx edx, byte ptr [rcx]
ss pc = 0x7f09109c757b: test dl, dl
ss pc = 0x7f09109c757d: jnz 0x7f09109c7567
ss pc = 0x7f09109c7567: mov rsi, rax
ss pc = 0x7f09109c756a: add rcx, 0x1
ss pc = 0x7f09109c756e: shl rsi, 0x5
ss pc = 0x7f09109c7572: add rax, rsi
ss pc = 0x7f09109c7575: add rax, rdx
ss pc = 0x7f09109c7578: movzx edx, byte ptr [rcx]
ss pc = 0x7f09109c757b: test dl, dl
ss pc = 0x7f09109c757d: jnz 0x7f09109c7567
ss pc = 0x7f09109c7567: mov rsi, rax
ss pc = 0x7f09109c756a: add rcx, 0x1
ss pc = 0x7f09109c756e: shl rsi, 0x5
ss pc = 0x7f09109c7572: add rax, rsi
ss pc = 0x7f09109c7575: add rax, rdx
ss pc = 0x7f09109c7578: movzx edx, byte ptr [rcx]
ss pc = 0x7f09109c757b: test dl, dl
ss pc = 0x7f09109c757d: jnz 0x7f09109c7567
ss pc = 0x7f09109c7567: mov rsi, rax
ss pc = 0x7f09109c756a: add rcx, 0x1
ss pc = 0x7f09109c756e: shl rsi, 0x5
ss pc = 0x7f09109c7572: add rax, rsi
ss pc = 0x7f09109c7575: add rax, rdx
ss pc = 0x7f09109c7578: movzx edx, byte ptr [rcx]
ss pc = 0x7f09109c757b: test dl, dl
ss pc = 0x7f09109c757d: jnz 0x7f09109c7567
ss pc = 0x7f09109c7567: mov rsi, rax
ss pc = 0x7f09109c756a: add rcx, 0x1
ss pc = 0x7f09109c756e: shl rsi, 0x5
ss pc = 0x7f09109c7572: add rax, rsi
ss pc = 0x7f09109c7575: add rax, rdx
ss pc = 0x7f09109c7578: movzx edx, byte ptr [rcx]
ss pc = 0x7f09109c757b: test dl, dl
ss pc = 0x7f09109c757d: jnz 0x7f09109c7567
ss pc = 0x7f09109c7567: mov rsi, rax
ss pc = 0x7f09109c756a: add rcx, 0x1
ss pc = 0x7f09109c756e: shl rsi, 0x5
ss pc = 0x7f09109c7572: add rax, rsi
ss pc = 0x7f09109c7575: add rax, rdx
ss pc = 0x7f09109c7578: movzx edx, byte ptr [rcx]
ss pc = 0x7f09109c757b: test dl, dl
ss pc = 0x7f09109c757d: jnz 0x7f09109c7567
ss pc = 0x7f09109c7567: mov rsi, rax
ss pc = 0x7f09109c756a: add rcx, 0x1
ss pc = 0x7f09109c756e: shl rsi, 0x5
ss pc = 0x7f09109c7572: add rax, rsi
ss pc = 0x7f09109c7575: add rax, rdx
ss pc = 0x7f09109c7578: movzx edx, byte ptr [rcx]
ss pc = 0x7f09109c757b: test dl, dl
ss pc = 0x7f09109c757d: jnz 0x7f09109c7567
ss pc = 0x7f09109c7567: mov rsi, rax
ss pc = 0x7f09109c756a: add rcx, 0x1
ss pc = 0x7f09109c756e: shl rsi, 0x5
ss pc = 0x7f09109c7572: add rax, rsi
ss pc = 0x7f09109c7575: add rax, rdx
ss pc = 0x7f09109c7578: movzx edx, byte ptr [rcx]
ss pc = 0x7f09109c757b: test dl, dl
ss pc = 0x7f09109c757d: jnz 0x7f09109c7567
ss pc = 0x7f09109c7567: mov rsi, rax
ss pc = 0x7f09109c756a: add rcx, 0x1
ss pc = 0x7f09109c756e: shl rsi, 0x5
ss pc = 0x7f09109c7572: add rax, rsi
ss pc = 0x7f09109c7575: add rax, rdx
ss pc = 0x7f09109c7578: movzx edx, byte ptr [rcx]
ss pc = 0x7f09109c757b: test dl, dl
ss pc = 0x7f09109c757d: jnz 0x7f09109c7567
ss pc = 0x7f09109c7567: mov rsi, rax
ss pc = 0x7f09109c756a: add rcx, 0x1
ss pc = 0x7f09109c756e: shl rsi, 0x5
ss pc = 0x7f09109c7572: add rax, rsi
ss pc = 0x7f09109c7575: add rax, rdx
ss pc = 0x7f09109c7578: movzx edx, byte ptr [rcx]
ss pc = 0x7f09109c757b: test dl, dl
ss pc = 0x7f09109c757d: jnz 0x7f09109c7567
ss pc = 0x7f09109c7567: mov rsi, rax
ss pc = 0x7f09109c756a: add rcx, 0x1
ss pc = 0x7f09109c756e: shl rsi, 0x5
ss pc = 0x7f09109c7572: add rax, rsi
ss pc = 0x7f09109c7575: add rax, rdx
ss pc = 0x7f09109c7578: movzx edx, byte ptr [rcx]
ss pc = 0x7f09109c757b: test dl, dl
ss pc = 0x7f09109c757d: jnz 0x7f09109c7567
ss pc = 0x7f09109c7567: mov rsi, rax
ss pc = 0x7f09109c756a: add rcx, 0x1
ss pc = 0x7f09109c756e: shl rsi, 0x5
ss pc = 0x7f09109c7572: add rax, rsi
ss pc = 0x7f09109c7575: add rax, rdx
ss pc = 0x7f09109c7578: movzx edx, byte ptr [rcx]
ss pc = 0x7f09109c757b: test dl, dl
ss pc = 0x7f09109c757d: jnz 0x7f09109c7567
ss pc = 0x7f09109c7567: mov rsi, rax
ss pc = 0x7f09109c756a: add rcx, 0x1
ss pc = 0x7f09109c756e: shl rsi, 0x5
ss pc = 0x7f09109c7572: add rax, rsi
ss pc = 0x7f09109c7575: add rax, rdx
ss pc = 0x7f09109c7578: movzx edx, byte ptr [rcx]
ss pc = 0x7f09109c757b: test dl, dl
ss pc = 0x7f09109c757d: jnz 0x7f09109c7567
ss pc = 0x7f09109c7567: mov rsi, rax
ss pc = 0x7f09109c756a: add rcx, 0x1
ss pc = 0x7f09109c756e: shl rsi, 0x5
ss pc = 0x7f09109c7572: add rax, rsi
ss pc = 0x7f09109c7575: add rax, rdx
ss pc = 0x7f09109c7578: movzx edx, byte ptr [rcx]
ss pc = 0x7f09109c757b: test dl, dl
ss pc = 0x7f09109c757d: jnz 0x7f09109c7567
ss pc = 0x7f09109c7583: int3 
ss pc = 0x7f09109c7589: mov eax, eax
ss pc = 0x7f09109c758b: mov qword ptr [rbp-0xb0], rax
ss pc = 0x7f09109c7592: mov eax, 0xffffffff
ss pc = 0x7f09109c7597: mov qword ptr [rip-0x32596], rax
ss pc = 0x7f09109c759e: mov rax, qword ptr [rip-0x304e5]
ss pc = 0x7f09109c75a5: add qword ptr [rax], 0x1
ss pc = 0x7f09109c75a9: mov rax, qword ptr [rip-0x325a8]
ss pc = 0x7f09109c75b0: test r12, r12
ss pc = 0x7f09109c75b3: mov qword ptr [rbp-0xa0], rax
ss pc = 0x7f09109c75ba: mov qword ptr [rbp-0x90], 0x0
ss pc = 0x7f09109c75c5: mov qword ptr [rbp-0x88], 0x0
ss pc = 0x7f09109c75d0: jz 0x7f09109c75db
ss pc = 0x7f09109c75d6: int3 
ss pc = 0x7f09109c75dc: test dword ptr [rbp+0x10], 0xfffffffa
ss pc = 0x7f09109c75e3: jnz 0x7f09109c75ee
ss pc = 0x7f09109c75e9: int3 
ss pc = 0x7f09109c75ef: mov rax, qword ptr [rbp-0xd0]
ss pc = 0x7f09109c75f6: test r13, r13
ss pc = 0x7f09109c75f9: mov r9, qword ptr [rax]
ss pc = 0x7f09109c75fc: jnz 0x7f09109c7607
ss pc = 0x7f09109c7602: int3 
ss pc = 0x7f09109c7608: test r9, r9
ss pc = 0x7f09109c760b: mov qword ptr [rbp-0xd8], 0x0
ss pc = 0x7f09109c7616: jz 0x7f09109c7621
ss pc = 0x7f09109c761c: int3 
ss pc = 0x7f09109c7622: lea rcx, ptr [rbp-0x90]
ss pc = 0x7f09109c7629: mov rax, qword ptr [rbp-0xd8]
ss pc = 0x7f09109c7630: mov rbx, qword ptr [rbp-0xd0]
ss pc = 0x7f09109c7637: mov qword ptr [rbp-0xc8], rcx
ss pc = 0x7f09109c763e: lea rcx, ptr [rbp-0xa0]
ss pc = 0x7f09109c7645: mov qword ptr [rbp-0xb8], rcx
ss pc = 0x7f09109c764c: jmp 0x7f09109c7651
ss pc = 0x7f09109c7651: mov edi, dword ptr [rbp-0xbc]
ss pc = 0x7f09109c7657: mov esi, dword ptr [rbp+0x10]
ss pc = 0x7f09109c765a: push r14
ss pc = 0x7f09109c765c: mov r8, qword ptr [rbp-0xc8]
ss pc = 0x7f09109c7663: mov rcx, qword ptr [r15]
ss pc = 0x7f09109c7666: mov rdx, qword ptr [rbp-0xb8]
ss pc = 0x7f09109c766d: push rdi
ss pc = 0x7f09109c766e: mov rdi, qword ptr [rbp-0xa8]
ss pc = 0x7f09109c7675: push r13
ss pc = 0x7f09109c7677: push rsi
ss pc = 0x7f09109c7678: mov rsi, qword ptr [rbp-0xb0]
ss pc = 0x7f09109c767f: push r12
ss pc = 0x7f09109c7681: push rax
ss pc = 0x7f09109c7682: xchg qword ptr [rip-0x32689], rsp
ss pc = 0x7f09109c7689: pushfq 
ss pc = 0x7f09109c768a: xchg qword ptr [rip-0x306a1], rsp
ss pc = 0x7f09109c7691: cmp rsp, qword ptr [rip-0x306a0]
ss pc = 0x7f09109c7698: jz 0x7f09109c76a6
ss pc = 0x7f09109c769a: push qword ptr [rip-0x305d0]
ss pc = 0x7f09109c76a0: push qword ptr [rip-0x305de]
ss pc = 0x7f09109c76a6: xchg qword ptr [rip-0x306bd], rsp
ss pc = 0x7f09109c76ad: popfq 
ss pc = 0x7f09109c76ae: xchg qword ptr [rip-0x326b5], rsp
ss pc = 0x7f09109c76b5: push qword ptr [rip-0x305e3]
ss pc = 0x7f09109c76bb: jmp 0x7f09109c76d6
ss pc = 0x7f09109c76d6: push r15
ss pc = 0x7f09109c76d8: push r14
ss pc = 0x7f09109c76da: push r13
ss pc = 0x7f09109c76dc: push r12
ss pc = 0x7f09109c76de: push rbp
ss pc = 0x7f09109c76df: push rbx
ss pc = 0x7f09109c76e0: int3 
ss pc = 0x7f09109c76e1: sub rsp, 0x98
ss pc = 0x7f09109c76e8: int3 
ss pc = 0x7f09109c76e9: mov r12d, dword ptr [r9+0x8]
ss pc = 0x7f09109c76ed: mov qword ptr [rsp+0x8], rdi
ss pc = 0x7f09109c76f2: mov qword ptr [rsp+0x58], rdx
ss pc = 0x7f09109c76f7: mov qword ptr [rsp+0x10], rcx
ss pc = 0x7f09109c76fc: mov qword ptr [rsp+0x38], r8
ss pc = 0x7f09109c7701: mov rbp, qword ptr [rsp+0xd0]
ss pc = 0x7f09109c7709: mov rax, rsi
ss pc = 0x7f09109c770c: mov r15d, dword ptr [rsp+0xf0]
ss pc = 0x7f09109c7714: mov r14, qword ptr [r9]
ss pc = 0x7f09109c7717: shr rax, 0x6
ss pc = 0x7f09109c771b: mov r13, qword ptr [rsp+0xe8]
ss pc = 0x7f09109c7723: mov qword ptr [rsp+0x20], rsi
ss pc = 0x7f09109c7728: mov qword ptr [rsp+0x28], rax
ss pc = 0x7f09109c772d: lea rax, ptr [rsp+0x84]
ss pc = 0x7f09109c7735: and r15d, 0x2
ss pc = 0x7f09109c7739: mov qword ptr [rsp+0x50], rax
ss pc = 0x7f09109c773e: lea rax, ptr [rsp+0x88]
ss pc = 0x7f09109c7746: mov qword ptr [rsp+0x18], rax
ss pc = 0x7f09109c774b: mov eax, esi
ss pc = 0x7f09109c774d: and eax, 0x3f
ss pc = 0x7f09109c7750: mov dword ptr [rsp+0x30], eax
ss pc = 0x7f09109c7754: nop dword ptr [rax], eax
ss pc = 0x7f09109c7758: mov rax, qword ptr [r14+rbp*8]
ss pc = 0x7f09109c775c: mov rbx, qword ptr [rax+0x28]
ss pc = 0x7f09109c7760: cmp rbx, r13
ss pc = 0x7f09109c7763: jz 0x7f09109c776e
ss pc = 0x7f09109c7769: int3 
ss pc = 0x7f09109c776f: test r15d, r15d
ss pc = 0x7f09109c7772: jz 0x7f09109c777d
ss pc = 0x7f09109c777d: int3 
ss pc = 0x7f09109c777e: test byte ptr [rbx+0x315], 0x20
ss pc = 0x7f09109c7785: jnz 0x7f09109c7790
ss pc = 0x7f09109c778b: int3 
ss pc = 0x7f09109c7791: mov qword ptr [rip-0x32790], rax
ss pc = 0x7f09109c7798: mov rax, qword ptr [rip-0x306bf]
ss pc = 0x7f09109c779f: test byte ptr [rax], 0x8
ss pc = 0x7f09109c77a2: mov rax, qword ptr [rip-0x327a1]
ss pc = 0x7f09109c77a9: jnz 0x7f09109c77b4
ss pc = 0x7f09109c77af: int3 
ss pc = 0x7f09109c77b5: mov edx, dword ptr [rbx+0x2ec]
ss pc = 0x7f09109c77bb: test edx, edx
ss pc = 0x7f09109c77bd: jz 0x7f09109c77c8
ss pc = 0x7f09109c77c3: int3 
ss pc = 0x7f09109c77c9: mov rax, qword ptr [rbx+0x70]
ss pc = 0x7f09109c77cd: mov dword ptr [rsp+0x84], 0x0
ss pc = 0x7f09109c77d8: mov qword ptr [rsp+0x88], 0x0
ss pc = 0x7f09109c77e4: mov rax, qword ptr [rax+0x8]
ss pc = 0x7f09109c77e8: mov qword ptr [rsp+0x48], rax
ss pc = 0x7f09109c77ed: mov rax, qword ptr [rbx+0x68]
ss pc = 0x7f09109c77f1: mov rax, qword ptr [rax+0x8]
ss pc = 0x7f09109c77f5: mov qword ptr [rsp+0x40], rax
ss pc = 0x7f09109c77fa: mov rax, qword ptr [rbx+0x2f8]
ss pc = 0x7f09109c7801: test rax, rax
ss pc = 0x7f09109c7804: jz 0x7f09109c780f
ss pc = 0x7f09109c780a: int3 
ss pc = 0x7f09109c7810: mov ecx, dword ptr [rsp+0x28]
ss pc = 0x7f09109c7814: and ecx, dword ptr [rbx+0x2f0]
ss pc = 0x7f09109c781a: mov rsi, qword ptr [rsp+0x20]
ss pc = 0x7f09109c781f: mov rax, qword ptr [rax+rcx*8]
ss pc = 0x7f09109c7823: mov ecx, dword ptr [rbx+0x2f4]
ss pc = 0x7f09109c7829: shr rsi, cl
ss pc = 0x7f09109c782c: mov rcx, rsi
ss pc = 0x7f09109c782f: mov rsi, rax
ss pc = 0x7f09109c7832: shr rsi, cl
ss pc = 0x7f09109c7835: movzx ecx, byte ptr [rsp+0x30]
ss pc = 0x7f09109c783a: shr rax, cl
ss pc = 0x7f09109c783d: and rax, rsi
ss pc = 0x7f09109c7840: test al, 0x1
ss pc = 0x7f09109c7842: jnz 0x7f09109c784d
ss pc = 0x7f09109c7848: int3 
ss pc = 0x7f09109c784e: mov eax, 0x1
ss pc = 0x7f09109c7853: cmp qword ptr [rsp+0xd8], 0x0
ss pc = 0x7f09109c785c: jz 0x7f09109c7867
ss pc = 0x7f09109c7862: int3 
ss pc = 0x7f09109c7868: test al, al
ss pc = 0x7f09109c786a: jz 0x7f09109c7875
ss pc = 0x7f09109c7870: int3 
ss pc = 0x7f09109c7876: mov rax, qword ptr [rsp+0xd8]
ss pc = 0x7f09109c787e: mov rdi, qword ptr [rax+0x10]
ss pc = 0x7f09109c7882: test rdi, rdi
ss pc = 0x7f09109c7885: jz 0x7f09109c7890
ss pc = 0x7f09109c788b: int3 
ss pc = 0x7f09109c7891: mov rsi, rbx
ss pc = 0x7f09109c7894: xchg qword ptr [rip-0x3289b], rsp
ss pc = 0x7f09109c789b: pushfq 
ss pc = 0x7f09109c789c: xchg qword ptr [rip-0x308b3], rsp
ss pc = 0x7f09109c78a3: cmp rsp, qword ptr [rip-0x308b2]
ss pc = 0x7f09109c78aa: jz 0x7f09109c78b8
ss pc = 0x7f09109c78ac: push qword ptr [rip-0x307c2]
ss pc = 0x7f09109c78b2: push qword ptr [rip-0x307d0]
ss pc = 0x7f09109c78b8: xchg qword ptr [rip-0x308cf], rsp
ss pc = 0x7f09109c78bf: popfq 
ss pc = 0x7f09109c78c0: xchg qword ptr [rip-0x328c7], rsp
ss pc = 0x7f09109c78c7: push qword ptr [rip-0x307d5]
ss pc = 0x7f09109c78cd: jmp 0x7f09109c78e1
ss pc = 0x7f09109c78e1: push rbp
ss pc = 0x7f09109c78e2: push rbx
ss pc = 0x7f09109c78e3: mov rbx, rsi
ss pc = 0x7f09109c78e6: mov rbp, rdi
ss pc = 0x7f09109c78e9: int3 
ss pc = 0x7f09109c78ea: sub rsp, 0x8
ss pc = 0x7f09109c78ee: int3 
ss pc = 0x7f09109c78ef: mov rsi, qword ptr [rsi+0x8]
ss pc = 0x7f09109c78f3: xchg qword ptr [rip-0x328fa], rsp
ss pc = 0x7f09109c78fa: pushfq 
ss pc = 0x7f09109c78fb: xchg qword ptr [rip-0x30912], rsp
ss pc = 0x7f09109c7902: cmp rsp, qword ptr [rip-0x30911]
ss pc = 0x7f09109c7909: jz 0x7f09109c7917
ss pc = 0x7f09109c790b: push qword ptr [rip-0x30809]
ss pc = 0x7f09109c7911: push qword ptr [rip-0x30817]
ss pc = 0x7f09109c7917: xchg qword ptr [rip-0x3092e], rsp
ss pc = 0x7f09109c791e: popfq 
ss pc = 0x7f09109c791f: xchg qword ptr [rip-0x32926], rsp
ss pc = 0x7f09109c7926: push qword ptr [rip-0x3081c]
ss pc = 0x7f09109c792c: jmp 0x7f09109c7945
ss pc = 0x7f09109c7945: mov ecx, esi
ss pc = 0x7f09109c7947: mov eax, edi
ss pc = 0x7f09109c7949: and rcx, 0x3f
ss pc = 0x7f09109c794d: and rax, 0x3f
ss pc = 0x7f09109c7951: cmp ecx, 0x30
ss pc = 0x7f09109c7954: jnbe 0x7f09109c795f
ss pc = 0x7f09109c795f: int3 
ss pc = 0x7f09109c7960: and rsi, 0xfffffffffffffff0
ss pc = 0x7f09109c7964: and rdi, 0xfffffffffffffff0
ss pc = 0x7f09109c7968: mov edx, 0xffff
ss pc = 0x7f09109c796d: xor r8d, r8d
ss pc = 0x7f09109c7970: and ecx, 0xf
ss pc = 0x7f09109c7973: and eax, 0xf
ss pc = 0x7f09109c7976: cmp ecx, eax
ss pc = 0x7f09109c7978: jz 0x7f09109c7983
ss pc = 0x7f09109c797e: int3 
ss pc = 0x7f09109c7984: jnbe 0x7f09109c798f
ss pc = 0x7f09109c798f: int3 
ss pc = 0x7f09109c7990: lea r9, ptr [rax+0xf]
ss pc = 0x7f09109c7994: sub r9, rcx
ss pc = 0x7f09109c7997: mov qword ptr [rip-0x32996], rax
ss pc = 0x7f09109c799e: mov rax, qword ptr [rip-0x3088d]
ss pc = 0x7f09109c79a5: lea r10, ptr [rax]
ss pc = 0x7f09109c79a8: mov rax, qword ptr [rip-0x329a7]
ss pc = 0x7f09109c79af: movsxd r9, dword ptr [r10+r9*4]
ss pc = 0x7f09109c79b3: lea r10, ptr [r10+r9*1]
ss pc = 0x7f09109c79b7: xchg qword ptr [rip-0x329be], rsp
ss pc = 0x7f09109c79be: pushfq 
ss pc = 0x7f09109c79bf: push rax
ss pc = 0x7f09109c79c0: mov rax, r10
ss pc = 0x7f09109c79c3: cmp rax, qword ptr [rip-0x308aa]
ss pc = 0x7f09109c79ca: jz 0x7f09109c79f2
ss pc = 0x7f09109c79cc: cmp rax, qword ptr [rip-0x308ab]
ss pc = 0x7f09109c79d3: jz 0x7f09109c7a00
ss pc = 0x7f09109c79d5: cmp rax, qword ptr [rip-0x308ac]
ss pc = 0x7f09109c79dc: jz 0x7f09109c7a0e
ss pc = 0x7f09109c79de: cmp rax, qword ptr [rip-0x308ad]
ss pc = 0x7f09109c79e5: jz 0x7f09109c7a1c
ss pc = 0x7f09109c79e7: pop rax
ss pc = 0x7f09109c79e8: popfq 
ss pc = 0x7f09109c79e9: xchg qword ptr [rip-0x329f0], rsp
ss pc = 0x7f09109c79f0: int3 
ss pc = 0x7f09109c7a2a: pxor xmm0, xmm0
ss pc = 0x7f09109c7a2e: movdqa xmm2, xmmword ptr [rdi]
ss pc = 0x7f09109c7a32: movdqa xmm1, xmmword ptr [rsi]
ss pc = 0x7f09109c7a36: pcmpeqb xmm0, xmm1
ss pc = 0x7f09109c7a3a: pslldq xmm2, 0x7
ss pc = 0x7f09109c7a3f: pcmpeqb xmm2, xmm1
ss pc = 0x7f09109c7a43: psubb xmm2, xmm0
ss pc = 0x7f09109c7a47: pmovmskb r9d, xmm2
ss pc = 0x7f09109c7a4c: shr edx, cl
ss pc = 0x7f09109c7a4e: shr r9d, cl
ss pc = 0x7f09109c7a51: sub edx, r9d
ss pc = 0x7f09109c7a54: jnz 0x7f09109c7a5f
ss pc = 0x7f09109c7a5f: int3 
ss pc = 0x7f09109c7a60: lea rdi, ptr [rdi+rax*1]
ss pc = 0x7f09109c7a64: lea rsi, ptr [rsi+rcx*1]
ss pc = 0x7f09109c7a68: test r8d, r8d
ss pc = 0x7f09109c7a6b: jz 0x7f09109c7a76
ss pc = 0x7f09109c7a76: int3 
ss pc = 0x7f09109c7a77: bsf rdx, rdx
ss pc = 0x7f09109c7a7b: movzx ecx, byte ptr [rsi+rdx*1]
ss pc = 0x7f09109c7a7f: movzx eax, byte ptr [rdi+rdx*1]
ss pc = 0x7f09109c7a83: sub eax, ecx
ss pc = 0x7f09109c7a85: xchg qword ptr [rsp], rax
ss pc = 0x7f09109c7a89: xchg qword ptr [rip-0x32a90], rsp
ss pc = 0x7f09109c7a90: pushfq 
ss pc = 0x7f09109c7a91: push rcx
ss pc = 0x7f09109c7a92: xchg qword ptr [rip-0x30aa9], rsp
ss pc = 0x7f09109c7a99: cmp rsp, qword ptr [rip-0x30ab8]
ss pc = 0x7f09109c7aa0: jz 0x7f09109c7ab0
ss pc = 0x7f09109c7aa2: pop rcx
ss pc = 0x7f09109c7aa3: cmp rax, rcx
ss pc = 0x7f09109c7aa6: pop rcx
ss pc = 0x7f09109c7aa7: jz 0x7f09109c7ab0
ss pc = 0x7f09109c7ab0: mov qword ptr [rip-0x32aaf], rcx
ss pc = 0x7f09109c7ab7: xchg qword ptr [rip-0x30ace], rsp
ss pc = 0x7f09109c7abe: pop rcx
ss pc = 0x7f09109c7abf: popfq 
ss pc = 0x7f09109c7ac0: xchg qword ptr [rip-0x32ac7], rsp
ss pc = 0x7f09109c7ac7: xchg qword ptr [rsp], rax
ss pc = 0x7f09109c7acb: lea rsp, ptr [rsp+0x8]
ss pc = 0x7f09109c7ad0: jmp qword ptr [rip-0x32ace]
ss pc = 0x7f09109c7932: test eax, eax
ss pc = 0x7f09109c7934: mov edx, 0x1
ss pc = 0x7f09109c7939: jz 0x7f09109c7944
ss pc = 0x7f09109c793f: int3 
ss pc = 0x7f09109c7adc: mov rbx, qword ptr [rbx+0x38]
ss pc = 0x7f09109c7ae0: test rbx, rbx
ss pc = 0x7f09109c7ae3: jnz 0x7f09109c7aee
ss pc = 0x7f09109c7aee: int3 
ss pc = 0x7f09109c7aef: mov rsi, qword ptr [rbx]
ss pc = 0x7f09109c7af2: mov rdi, rbp
ss pc = 0x7f09109c7af5: xchg qword ptr [rip-0x32afc], rsp
ss pc = 0x7f09109c7afc: pushfq 
ss pc = 0x7f09109c7afd: xchg qword ptr [rip-0x30b14], rsp
ss pc = 0x7f09109c7b04: cmp rsp, qword ptr [rip-0x30b13]
ss pc = 0x7f09109c7b0b: jz 0x7f09109c7b19
ss pc = 0x7f09109c7b0d: push qword ptr [rip-0x309cb]
ss pc = 0x7f09109c7b13: push qword ptr [rip-0x309d9]
ss pc = 0x7f09109c7b19: xchg qword ptr [rip-0x30b30], rsp
ss pc = 0x7f09109c7b20: popfq 
ss pc = 0x7f09109c7b21: xchg qword ptr [rip-0x32b28], rsp
ss pc = 0x7f09109c7b28: push qword ptr [rip-0x309de]
ss pc = 0x7f09109c7b2e: jmp 0x7f09109c7945
ss pc = 0x7f09109c7945: mov ecx, esi
ss pc = 0x7f09109c7947: mov eax, edi
ss pc = 0x7f09109c7949: and rcx, 0x3f
ss pc = 0x7f09109c794d: and rax, 0x3f
ss pc = 0x7f09109c7951: cmp ecx, 0x30
ss pc = 0x7f09109c7954: jnbe 0x7f09109c7960
ss pc = 0x7f09109c7960: and rsi, 0xfffffffffffffff0
ss pc = 0x7f09109c7964: and rdi, 0xfffffffffffffff0
ss pc = 0x7f09109c7968: mov edx, 0xffff
ss pc = 0x7f09109c796d: xor r8d, r8d
ss pc = 0x7f09109c7970: and ecx, 0xf
ss pc = 0x7f09109c7973: and eax, 0xf
ss pc = 0x7f09109c7976: cmp ecx, eax
ss pc = 0x7f09109c7978: jz 0x7f09109c7983
ss pc = 0x7f09109c797e: jmp 0x7f09109c7984
ss pc = 0x7f09109c7984: jnbe 0x7f09109c7990
ss pc = 0x7f09109c7990: lea r9, ptr [rax+0xf]
ss pc = 0x7f09109c7994: sub r9, rcx
ss pc = 0x7f09109c7997: mov qword ptr [rip-0x32996], rax
ss pc = 0x7f09109c799e: mov rax, qword ptr [rip-0x3088d]
ss pc = 0x7f09109c79a5: lea r10, ptr [rax]
ss pc = 0x7f09109c79a8: mov rax, qword ptr [rip-0x329a7]
ss pc = 0x7f09109c79af: movsxd r9, dword ptr [r10+r9*4]
ss pc = 0x7f09109c79b3: lea r10, ptr [r10+r9*1]
ss pc = 0x7f09109c79b7: xchg qword ptr [rip-0x329be], rsp
ss pc = 0x7f09109c79be: pushfq 
ss pc = 0x7f09109c79bf: push rax
ss pc = 0x7f09109c79c0: mov rax, r10
ss pc = 0x7f09109c79c3: cmp rax, qword ptr [rip-0x308aa]
ss pc = 0x7f09109c79ca: jz 0x7f09109c79f2
ss pc = 0x7f09109c79f2: pop rax
ss pc = 0x7f09109c79f3: popfq 
ss pc = 0x7f09109c79f4: xchg qword ptr [rip-0x329fb], rsp
ss pc = 0x7f09109c79fb: jmp 0x7f09109c7a2a
ss pc = 0x7f09109c7a2a: pxor xmm0, xmm0
ss pc = 0x7f09109c7a2e: movdqa xmm2, xmmword ptr [rdi]
ss pc = 0x7f09109c7a32: movdqa xmm1, xmmword ptr [rsi]
ss pc = 0x7f09109c7a36: pcmpeqb xmm0, xmm1
ss pc = 0x7f09109c7a3a: pslldq xmm2, 0x7
ss pc = 0x7f09109c7a3f: pcmpeqb xmm2, xmm1
ss pc = 0x7f09109c7a43: psubb xmm2, xmm0
ss pc = 0x7f09109c7a47: pmovmskb r9d, xmm2
ss pc = 0x7f09109c7a4c: shr edx, cl
ss pc = 0x7f09109c7a4e: shr r9d, cl
ss pc = 0x7f09109c7a51: sub edx, r9d
ss pc = 0x7f09109c7a54: jnz 0x7f09109c7a60
ss pc = 0x7f09109c7a60: lea rdi, ptr [rdi+rax*1]
ss pc = 0x7f09109c7a64: lea rsi, ptr [rsi+rcx*1]
ss pc = 0x7f09109c7a68: test r8d, r8d
ss pc = 0x7f09109c7a6b: jz 0x7f09109c7a77
ss pc = 0x7f09109c7a77: bsf rdx, rdx
ss pc = 0x7f09109c7a7b: movzx ecx, byte ptr [rsi+rdx*1]
ss pc = 0x7f09109c7a7f: movzx eax, byte ptr [rdi+rdx*1]
ss pc = 0x7f09109c7a83: sub eax, ecx
ss pc = 0x7f09109c7a85: xchg qword ptr [rsp], rax
ss pc = 0x7f09109c7a89: xchg qword ptr [rip-0x32a90], rsp
ss pc = 0x7f09109c7a90: pushfq 
ss pc = 0x7f09109c7a91: push rcx
ss pc = 0x7f09109c7a92: xchg qword ptr [rip-0x30aa9], rsp
ss pc = 0x7f09109c7a99: cmp rsp, qword ptr [rip-0x30ab8]
ss pc = 0x7f09109c7aa0: jz 0x7f09109c7ab0
ss pc = 0x7f09109c7aa2: pop rcx
ss pc = 0x7f09109c7aa3: cmp rax, rcx
ss pc = 0x7f09109c7aa6: pop rcx
ss pc = 0x7f09109c7aa7: jz 0x7f09109c7ab0
ss pc = 0x7f09109c7ab0: mov qword ptr [rip-0x32aaf], rcx
ss pc = 0x7f09109c7ab7: xchg qword ptr [rip-0x30ace], rsp
ss pc = 0x7f09109c7abe: pop rcx
ss pc = 0x7f09109c7abf: popfq 
ss pc = 0x7f09109c7ac0: xchg qword ptr [rip-0x32ac7], rsp
ss pc = 0x7f09109c7ac7: xchg qword ptr [rsp], rax
ss pc = 0x7f09109c7acb: lea rsp, ptr [rsp+0x8]
ss pc = 0x7f09109c7ad0: jmp qword ptr [rip-0x32ace]
ss pc = 0x7f09109c7b34: test eax, eax
ss pc = 0x7f09109c7b36: jnz 0x7f09109c7b41
ss pc = 0x7f09109c7b41: int3 
ss pc = 0x7f09109c7b42: mov rbx, qword ptr [rbx+0x8]
ss pc = 0x7f09109c7b46: test rbx, rbx
ss pc = 0x7f09109c7b49: jz 0x7f09109c7b54
ss pc = 0x7f09109c7b54: int3 
ss pc = 0x7f09109c7b55: int3 
ss pc = 0x7f09109c7b56: add rsp, 0x8
ss pc = 0x7f09109c7b5a: int3 
ss pc = 0x7f09109c7b5b: xor edx, edx
ss pc = 0x7f09109c7b5d: mov eax, edx
ss pc = 0x7f09109c7b5f: pop rbx
ss pc = 0x7f09109c7b60: pop rbp
ss pc = 0x7f09109c7b61: xchg qword ptr [rsp], rax
ss pc = 0x7f09109c7b65: xchg qword ptr [rip-0x32b6c], rsp
ss pc = 0x7f09109c7b6c: pushfq 
ss pc = 0x7f09109c7b6d: push rcx
ss pc = 0x7f09109c7b6e: xchg qword ptr [rip-0x30b85], rsp
ss pc = 0x7f09109c7b75: cmp rsp, qword ptr [rip-0x30b94]
ss pc = 0x7f09109c7b7c: jz 0x7f09109c7b8c
ss pc = 0x7f09109c7b7e: pop rcx
ss pc = 0x7f09109c7b7f: cmp rax, rcx
ss pc = 0x7f09109c7b82: pop rcx
ss pc = 0x7f09109c7b83: jz 0x7f09109c7b8c
ss pc = 0x7f09109c7b8c: mov qword ptr [rip-0x32b8b], rcx
ss pc = 0x7f09109c7b93: xchg qword ptr [rip-0x30baa], rsp
ss pc = 0x7f09109c7b9a: pop rcx
ss pc = 0x7f09109c7b9b: popfq 
ss pc = 0x7f09109c7b9c: xchg qword ptr [rip-0x32ba3], rsp
ss pc = 0x7f09109c7ba3: xchg qword ptr [rsp], rax
ss pc = 0x7f09109c7ba7: lea rsp, ptr [rsp+0x8]
ss pc = 0x7f09109c7bac: jmp qword ptr [rip-0x32baa]
ss pc = 0x7f09109c78d3: test eax, eax
ss pc = 0x7f09109c78d5: jnz 0x7f09109c78e0
ss pc = 0x7f09109c78db: int3 
ss pc = 0x7f09109c7bb8: nop dword ptr [rax], eax
ss pc = 0x7f09109c7bbf: add rbp, 0x1
ss pc = 0x7f09109c7bc3: cmp r12, rbp
ss pc = 0x7f09109c7bc6: jnbe 0x7f09109c7bd1
ss pc = 0x7f09109c7bd1: int3 
ss pc = 0x7f09109c7bd2: mov rax, qword ptr [r14+rbp*8]
ss pc = 0x7f09109c7bd6: mov rbx, qword ptr [rax+0x28]
ss pc = 0x7f09109c7bda: cmp rbx, r13
ss pc = 0x7f09109c7bdd: jz 0x7f09109c7be8
ss pc = 0x7f09109c7be3: jmp 0x7f09109c776f
ss pc = 0x7f09109c776f: test r15d, r15d
ss pc = 0x7f09109c7772: jz 0x7f09109c777e
ss pc = 0x7f09109c777e: test byte ptr [rbx+0x315], 0x20
ss pc = 0x7f09109c7785: jnz 0x7f09109c7790
ss pc = 0x7f09109c778b: jmp 0x7f09109c7791
ss pc = 0x7f09109c7791: mov qword ptr [rip-0x32790], rax
ss pc = 0x7f09109c7798: mov rax, qword ptr [rip-0x306bf]
ss pc = 0x7f09109c779f: test byte ptr [rax], 0x8
ss pc = 0x7f09109c77a2: mov rax, qword ptr [rip-0x327a1]
ss pc = 0x7f09109c77a9: jnz 0x7f09109c77b4
ss pc = 0x7f09109c77af: jmp 0x7f09109c77b5
ss pc = 0x7f09109c77b5: mov edx, dword ptr [rbx+0x2ec]
ss pc = 0x7f09109c77bb: test edx, edx
ss pc = 0x7f09109c77bd: jz 0x7f09109c77c8
ss pc = 0x7f09109c77c3: jmp 0x7f09109c77c9
ss pc = 0x7f09109c77c9: mov rax, qword ptr [rbx+0x70]
ss pc = 0x7f09109c77cd: mov dword ptr [rsp+0x84], 0x0
ss pc = 0x7f09109c77d8: mov qword ptr [rsp+0x88], 0x0
ss pc = 0x7f09109c77e4: mov rax, qword ptr [rax+0x8]
ss pc = 0x7f09109c77e8: mov qword ptr [rsp+0x48], rax
ss pc = 0x7f09109c77ed: mov rax, qword ptr [rbx+0x68]
ss pc = 0x7f09109c77f1: mov rax, qword ptr [rax+0x8]
ss pc = 0x7f09109c77f5: mov qword ptr [rsp+0x40], rax
ss pc = 0x7f09109c77fa: mov rax, qword ptr [rbx+0x2f8]
ss pc = 0x7f09109c7801: test rax, rax
ss pc = 0x7f09109c7804: jz 0x7f09109c780f
ss pc = 0x7f09109c780a: jmp 0x7f09109c7810
ss pc = 0x7f09109c7810: mov ecx, dword ptr [rsp+0x28]
ss pc = 0x7f09109c7814: and ecx, dword ptr [rbx+0x2f0]
ss pc = 0x7f09109c781a: mov rsi, qword ptr [rsp+0x20]
ss pc = 0x7f09109c781f: mov rax, qword ptr [rax+rcx*8]
ss pc = 0x7f09109c7823: mov ecx, dword ptr [rbx+0x2f4]
ss pc = 0x7f09109c7829: shr rsi, cl
ss pc = 0x7f09109c782c: mov rcx, rsi
ss pc = 0x7f09109c782f: mov rsi, rax
ss pc = 0x7f09109c7832: shr rsi, cl
ss pc = 0x7f09109c7835: movzx ecx, byte ptr [rsp+0x30]
ss pc = 0x7f09109c783a: shr rax, cl
ss pc = 0x7f09109c783d: and rax, rsi
ss pc = 0x7f09109c7840: test al, 0x1
ss pc = 0x7f09109c7842: jnz 0x7f09109c784d
ss pc = 0x7f09109c784d: int3 
ss pc = 0x7f09109c7be9: mov rax, qword ptr [rsp+0x20]
ss pc = 0x7f09109c7bee: mov ecx, edx
ss pc = 0x7f09109c7bf0: xor edx, edx
ss pc = 0x7f09109c7bf2: div rcx
ss pc = 0x7f09109c7bf5: mov rax, qword ptr [rbx+0x300]
ss pc = 0x7f09109c7bfc: mov eax, dword ptr [rax+rdx*4]
ss pc = 0x7f09109c7bff: test eax, eax
ss pc = 0x7f09109c7c01: jz 0x7f09109c784e
ss pc = 0x7f09109c7c07: int3 
ss pc = 0x7f09109c7c0d: mov rdx, qword ptr [rbx+0x308]
ss pc = 0x7f09109c7c14: mov qword ptr [rsp+0x60], r14
ss pc = 0x7f09109c7c19: mov dword ptr [rsp+0x68], r15d
ss pc = 0x7f09109c7c1e: mov qword ptr [rsp+0xd0], rbp
ss pc = 0x7f09109c7c26: mov rbp, rbx
ss pc = 0x7f09109c7c29: mov qword ptr [rsp+0xe8], r13
ss pc = 0x7f09109c7c31: mov qword ptr [rsp+0x70], r12
ss pc = 0x7f09109c7c36: lea r11, ptr [rdx+rax*4]
ss pc = 0x7f09109c7c3a: mov r15, qword ptr [rsp+0x20]
ss pc = 0x7f09109c7c3f: mov r13, qword ptr [rsp+0x40]
ss pc = 0x7f09109c7c44: mov r12, qword ptr [rsp+0x48]
ss pc = 0x7f09109c7c49: mov r14, r11
ss pc = 0x7f09109c7c4c: jmp 0x7f09109c7c51
ss pc = 0x7f09109c7c51: mov eax, dword ptr [r14]
ss pc = 0x7f09109c7c54: mov rdx, rax
ss pc = 0x7f09109c7c57: xor rax, r15
ss pc = 0x7f09109c7c5a: shr rax, 0x1
ss pc = 0x7f09109c7c5d: jnz 0x7f09109c7c68
ss pc = 0x7f09109c7c63: int3 
ss pc = 0x7f09109c7c69: mov rax, r14
ss pc = 0x7f09109c7c6c: sub rax, qword ptr [rbp+0x308]
ss pc = 0x7f09109c7c73: int3 
ss pc = 0x7f09109c7c74: sub rsp, 0x8
ss pc = 0x7f09109c7c78: int3 
ss pc = 0x7f09109c7c79: push qword ptr [rsp+0x58]
ss pc = 0x7f09109c7c7d: push qword ptr [rsp+0x28]
ss pc = 0x7f09109c7c81: push rbp
ss pc = 0x7f09109c7c82: push r13
ss pc = 0x7f09109c7c84: sar rax, 0x2
ss pc = 0x7f09109c7c88: mov edx, eax
ss pc = 0x7f09109c7c8a: push rax
ss pc = 0x7f09109c7c8b: mov r8d, dword ptr [rsp+0x120]
ss pc = 0x7f09109c7c93: lea rdx, ptr [rdx+rdx*2]
ss pc = 0x7f09109c7c97: mov ecx, dword ptr [rsp+0x110]
ss pc = 0x7f09109c7c9e: mov rsi, qword ptr [rsp+0x40]
ss pc = 0x7f09109c7ca3: mov rdi, qword ptr [rsp+0x38]
ss pc = 0x7f09109c7ca8: mov ebx, eax
ss pc = 0x7f09109c7caa: lea r9, ptr [r12+rdx*8]
ss pc = 0x7f09109c7cae: mov rdx, qword ptr [rsp+0x108]
ss pc = 0x7f09109c7cb6: xchg qword ptr [rip-0x32cbd], rsp
ss pc = 0x7f09109c7cbd: pushfq 
ss pc = 0x7f09109c7cbe: xchg qword ptr [rip-0x30cd5], rsp
ss pc = 0x7f09109c7cc5: cmp rsp, qword ptr [rip-0x30cd4]
ss pc = 0x7f09109c7ccc: jz 0x7f09109c7cda
ss pc = 0x7f09109c7cce: push qword ptr [rip-0x30b74]
ss pc = 0x7f09109c7cd4: push qword ptr [rip-0x30b82]
ss pc = 0x7f09109c7cda: xchg qword ptr [rip-0x30cf1], rsp
ss pc = 0x7f09109c7ce1: popfq 
ss pc = 0x7f09109c7ce2: xchg qword ptr [rip-0x32ce9], rsp
ss pc = 0x7f09109c7ce9: push qword ptr [rip-0x30b87]
ss pc = 0x7f09109c7cef: jmp 0x7f09109c7d0a
ss pc = 0x7f09109c7d0a: push r13
ss pc = 0x7f09109c7d0c: push r12
ss pc = 0x7f09109c7d0e: push rbp
ss pc = 0x7f09109c7d0f: push rbx
ss pc = 0x7f09109c7d10: int3 
ss pc = 0x7f09109c7d11: sub rsp, 0x8
ss pc = 0x7f09109c7d15: int3 
ss pc = 0x7f09109c7d16: movzx eax, byte ptr [r9+0x4]
ss pc = 0x7f09109c7d1b: mov r12, qword ptr [rsp+0x40]
ss pc = 0x7f09109c7d20: and eax, 0xf
ss pc = 0x7f09109c7d23: cmp qword ptr [r9+0x8], 0x0
ss pc = 0x7f09109c7d28: jnz 0x7f09109c7d33
ss pc = 0x7f09109c7d33: int3 
ss pc = 0x7f09109c7d34: xor r10d, r10d
ss pc = 0x7f09109c7d37: cmp word ptr [r9+0x6], 0x0
ss pc = 0x7f09109c7d3d: setz r10b
ss pc = 0x7f09109c7d41: test r10d, r8d
ss pc = 0x7f09109c7d44: jnz 0x7f09109c7d4f
ss pc = 0x7f09109c7d4a: int3 
ss pc = 0x7f09109c7d50: mov r8d, 0x467
ss pc = 0x7f09109c7d56: bt r8d, eax
ss pc = 0x7f09109c7d5a: jnb 0x7f09109c7d65
ss pc = 0x7f09109c7d60: int3 
ss pc = 0x7f09109c7d66: mov rax, rsi
ss pc = 0x7f09109c7d69: mov rbx, r9
ss pc = 0x7f09109c7d6c: mov r13d, ecx
ss pc = 0x7f09109c7d6f: cmp r9, rax
ss pc = 0x7f09109c7d72: mov rbp, rdx
ss pc = 0x7f09109c7d75: mov rsi, rdi
ss pc = 0x7f09109c7d78: jz 0x7f09109c7d83
ss pc = 0x7f09109c7d7e: int3 
ss pc = 0x7f09109c7d84: mov eax, dword ptr [r9]
ss pc = 0x7f09109c7d87: add rax, qword ptr [rsp+0x38]
ss pc = 0x7f09109c7d8c: mov rdi, rax
ss pc = 0x7f09109c7d8f: xchg qword ptr [rip-0x32d96], rsp
ss pc = 0x7f09109c7d96: pushfq 
ss pc = 0x7f09109c7d97: xchg qword ptr [rip-0x30dae], rsp
ss pc = 0x7f09109c7d9e: cmp rsp, qword ptr [rip-0x30dad]
ss pc = 0x7f09109c7da5: jz 0x7f09109c7db3
ss pc = 0x7f09109c7da7: push qword ptr [rip-0x30c35]
ss pc = 0x7f09109c7dad: push qword ptr [rip-0x30c43]
ss pc = 0x7f09109c7db3: xchg qword ptr [rip-0x30dca], rsp
ss pc = 0x7f09109c7dba: popfq 
ss pc = 0x7f09109c7dbb: xchg qword ptr [rip-0x32dc2], rsp
ss pc = 0x7f09109c7dc2: push qword ptr [rip-0x30c48]
ss pc = 0x7f09109c7dc8: jmp 0x7f09109c7945
ss pc = 0x7f09109c7945: mov ecx, esi
ss pc = 0x7f09109c7947: mov eax, edi
ss pc = 0x7f09109c7949: and rcx, 0x3f
ss pc = 0x7f09109c794d: and rax, 0x3f
ss pc = 0x7f09109c7951: cmp ecx, 0x30
ss pc = 0x7f09109c7954: jnbe 0x7f09109c7960
ss pc = 0x7f09109c795a: int3 
ss pc = 0x7f09109c7ddc: cmp eax, 0x30
ss pc = 0x7f09109c7ddf: jnbe 0x7f09109c7960
ss pc = 0x7f09109c7de5: int3 
ss pc = 0x7f09109c7deb: movlpd xmm1, qword ptr [rdi]
ss pc = 0x7f09109c7def: movlpd xmm2, qword ptr [rsi]
ss pc = 0x7f09109c7df3: movhpd xmm1, qword ptr [rdi+0x8]
ss pc = 0x7f09109c7df8: movhpd xmm2, qword ptr [rsi+0x8]
ss pc = 0x7f09109c7dfd: pxor xmm0, xmm0
ss pc = 0x7f09109c7e01: pcmpeqb xmm0, xmm1
ss pc = 0x7f09109c7e05: pcmpeqb xmm1, xmm2
ss pc = 0x7f09109c7e09: psubb xmm1, xmm0
ss pc = 0x7f09109c7e0d: pmovmskb edx, xmm1
ss pc = 0x7f09109c7e11: sub edx, 0xffff
ss pc = 0x7f09109c7e17: jnz 0x7f09109c7a77
ss pc = 0x7f09109c7e1d: int3 
ss pc = 0x7f09109c7e23: add rsi, 0x10
ss pc = 0x7f09109c7e27: add rdi, 0x10
ss pc = 0x7f09109c7e2b: and rsi, 0xfffffffffffffff0
ss pc = 0x7f09109c7e2f: and rdi, 0xfffffffffffffff0
ss pc = 0x7f09109c7e33: mov edx, 0xffff
ss pc = 0x7f09109c7e38: xor r8d, r8d
ss pc = 0x7f09109c7e3b: and ecx, 0xf
ss pc = 0x7f09109c7e3e: and eax, 0xf
ss pc = 0x7f09109c7e41: cmp ecx, eax
ss pc = 0x7f09109c7e43: jz 0x7f09109c7e4e
ss pc = 0x7f09109c7e49: jmp 0x7f09109c7984
ss pc = 0x7f09109c7984: jnbe 0x7f09109c7990
ss pc = 0x7f09109c798a: int3 
ss pc = 0x7f09109c7e4f: mov r8d, edx
ss pc = 0x7f09109c7e52: xchg ecx, eax
ss pc = 0x7f09109c7e53: xchg rdi, rsi
ss pc = 0x7f09109c7e56: lea r9, ptr [rax+0xf]
ss pc = 0x7f09109c7e5a: sub r9, rcx
ss pc = 0x7f09109c7e5d: mov qword ptr [rip-0x32e5c], rax
ss pc = 0x7f09109c7e64: mov rax, qword ptr [rip-0x30ce3]
ss pc = 0x7f09109c7e6b: lea r10, ptr [rax]
ss pc = 0x7f09109c7e6e: mov rax, qword ptr [rip-0x32e6d]
ss pc = 0x7f09109c7e75: movsxd r9, dword ptr [r10+r9*4]
ss pc = 0x7f09109c7e79: lea r10, ptr [r10+r9*1]
ss pc = 0x7f09109c7e7d: xchg qword ptr [rip-0x32e84], rsp
ss pc = 0x7f09109c7e84: pushfq 
ss pc = 0x7f09109c7e85: push rax
ss pc = 0x7f09109c7e86: mov rax, r10
ss pc = 0x7f09109c7e89: cmp rax, qword ptr [rip-0x30d00]
ss pc = 0x7f09109c7e90: jz 0x7f09109c7eb8
ss pc = 0x7f09109c7e92: cmp rax, qword ptr [rip-0x30d01]
ss pc = 0x7f09109c7e99: jz 0x7f09109c7ec6
ss pc = 0x7f09109c7e9b: cmp rax, qword ptr [rip-0x30d02]
ss pc = 0x7f09109c7ea2: jz 0x7f09109c7ed4
ss pc = 0x7f09109c7ea4: cmp rax, qword ptr [rip-0x30d03]
ss pc = 0x7f09109c7eab: jz 0x7f09109c7ee2
ss pc = 0x7f09109c7ead: pop rax
ss pc = 0x7f09109c7eae: popfq 
ss pc = 0x7f09109c7eaf: xchg qword ptr [rip-0x32eb6], rsp
ss pc = 0x7f09109c7eb6: int3 
ss pc = 0x7f09109c7ef0: pxor xmm0, xmm0
ss pc = 0x7f09109c7ef4: movdqa xmm2, xmmword ptr [rdi]
ss pc = 0x7f09109c7ef8: movdqa xmm1, xmmword ptr [rsi]
ss pc = 0x7f09109c7efc: pcmpeqb xmm0, xmm1
ss pc = 0x7f09109c7f00: pslldq xmm2, 0x2
ss pc = 0x7f09109c7f05: pcmpeqb xmm2, xmm1
ss pc = 0x7f09109c7f09: psubb xmm2, xmm0
ss pc = 0x7f09109c7f0d: pmovmskb r9d, xmm2
ss pc = 0x7f09109c7f12: shr edx, cl
ss pc = 0x7f09109c7f14: shr r9d, cl
ss pc = 0x7f09109c7f17: sub edx, r9d
ss pc = 0x7f09109c7f1a: jnz 0x7f09109c7a60
ss pc = 0x7f09109c7a60: lea rdi, ptr [rdi+rax*1]
ss pc = 0x7f09109c7a64: lea rsi, ptr [rsi+rcx*1]
ss pc = 0x7f09109c7a68: test r8d, r8d
ss pc = 0x7f09109c7a6b: jz 0x7f09109c7a77
ss pc = 0x7f09109c7a71: int3 
ss pc = 0x7f09109c7f26: xchg rdi, rsi
ss pc = 0x7f09109c7f29: nop
ss pc = 0x7f09109c7f2a: nop word ptr [rax+rax*1], ax
ss pc = 0x7f09109c7f34: bsf rdx, rdx
ss pc = 0x7f09109c7f38: movzx ecx, byte ptr [rsi+rdx*1]
ss pc = 0x7f09109c7f3c: movzx eax, byte ptr [rdi+rdx*1]
ss pc = 0x7f09109c7f40: sub eax, ecx
ss pc = 0x7f09109c7f42: xchg qword ptr [rsp], rax
ss pc = 0x7f09109c7f46: xchg qword ptr [rip-0x32f4d], rsp
ss pc = 0x7f09109c7f4d: pushfq 
ss pc = 0x7f09109c7f4e: push rcx
ss pc = 0x7f09109c7f4f: xchg qword ptr [rip-0x30f66], rsp
ss pc = 0x7f09109c7f56: cmp rsp, qword ptr [rip-0x30f75]
ss pc = 0x7f09109c7f5d: jz 0x7f09109c7f6d
ss pc = 0x7f09109c7f5f: pop rcx
ss pc = 0x7f09109c7f60: cmp rax, rcx
ss pc = 0x7f09109c7f63: pop rcx
ss pc = 0x7f09109c7f64: jz 0x7f09109c7f6d
ss pc = 0x7f09109c7f6d: mov qword ptr [rip-0x32f6c], rcx
ss pc = 0x7f09109c7f74: xchg qword ptr [rip-0x30f8b], rsp
ss pc = 0x7f09109c7f7b: pop rcx
ss pc = 0x7f09109c7f7c: popfq 
ss pc = 0x7f09109c7f7d: xchg qword ptr [rip-0x32f84], rsp
ss pc = 0x7f09109c7f84: xchg qword ptr [rsp], rax
ss pc = 0x7f09109c7f88: lea rsp, ptr [rsp+0x8]
ss pc = 0x7f09109c7f8d: jmp qword ptr [rip-0x32f8b]
ss pc = 0x7f09109c7dce: test eax, eax
ss pc = 0x7f09109c7dd0: jnz 0x7f09109c7ddb
ss pc = 0x7f09109c7dd6: int3 
ss pc = 0x7f09109c7f99: test rbp, rbp
ss pc = 0x7f09109c7f9c: mov rax, qword ptr [r12+0x330]
ss pc = 0x7f09109c7fa4: jz 0x7f09109c7faf
ss pc = 0x7f09109c7faa: int3 
ss pc = 0x7f09109c7fb0: test rax, rax
ss pc = 0x7f09109c7fb3: jz 0x7f09109c7fbe
ss pc = 0x7f09109c7fb9: int3 
ss pc = 0x7f09109c7fbf: mov edx, dword ptr [rsp+0x30]
ss pc = 0x7f09109c7fc3: movzx r13d, word ptr [rax+rdx*2]
ss pc = 0x7f09109c7fc8: mov rax, r13
ss pc = 0x7f09109c7fcb: and eax, 0x7fff
ss pc = 0x7f09109c7fd0: lea rdx, ptr [rax+rax*2]
ss pc = 0x7f09109c7fd4: mov rax, qword ptr [r12+0x2e0]
ss pc = 0x7f09109c7fdc: lea rax, ptr [rax+rdx*8]
ss pc = 0x7f09109c7fe0: mov r12d, dword ptr [rax+0x8]
ss pc = 0x7f09109c7fe4: cmp r12d, dword ptr [rbp+0x8]
ss pc = 0x7f09109c7fe8: jz 0x7f09109c7ff3
ss pc = 0x7f09109c7ff3: int3 
ss pc = 0x7f09109c7ff4: mov rsi, qword ptr [rbp]
ss pc = 0x7f09109c7ff8: mov rdi, qword ptr [rax]
ss pc = 0x7f09109c7ffb: xchg qword ptr [rip-0x33002], rsp
ss pc = 0x7f09109c8002: pushfq 
ss pc = 0x7f09109c8003: xchg qword ptr [rip-0x3101a], rsp
ss pc = 0x7f09109c800a: cmp rsp, qword ptr [rip-0x31019]
ss pc = 0x7f09109c8011: jz 0x7f09109c801f
ss pc = 0x7f09109c8013: push qword ptr [rip-0x30e61]
ss pc = 0x7f09109c8019: push qword ptr [rip-0x30e6f]
ss pc = 0x7f09109c801f: xchg qword ptr [rip-0x31036], rsp
ss pc = 0x7f09109c8026: popfq 
ss pc = 0x7f09109c8027: xchg qword ptr [rip-0x3302e], rsp
ss pc = 0x7f09109c802e: push qword ptr [rip-0x30e74]
ss pc = 0x7f09109c8034: jmp 0x7f09109c7945
ss pc = 0x7f09109c7945: mov ecx, esi
ss pc = 0x7f09109c7947: mov eax, edi
ss pc = 0x7f09109c7949: and rcx, 0x3f
ss pc = 0x7f09109c794d: and rax, 0x3f
ss pc = 0x7f09109c7951: cmp ecx, 0x30
ss pc = 0x7f09109c7954: jnbe 0x7f09109c7960
ss pc = 0x7f09109c7960: and rsi, 0xfffffffffffffff0
ss pc = 0x7f09109c7964: and rdi, 0xfffffffffffffff0
ss pc = 0x7f09109c7968: mov edx, 0xffff
ss pc = 0x7f09109c796d: xor r8d, r8d
ss pc = 0x7f09109c7970: and ecx, 0xf
ss pc = 0x7f09109c7973: and eax, 0xf
ss pc = 0x7f09109c7976: cmp ecx, eax
ss pc = 0x7f09109c7978: jz 0x7f09109c7983
ss pc = 0x7f09109c797e: jmp 0x7f09109c7984
ss pc = 0x7f09109c7984: jnbe 0x7f09109c7990
ss pc = 0x7f09109c7990: lea r9, ptr [rax+0xf]
ss pc = 0x7f09109c7994: sub r9, rcx
ss pc = 0x7f09109c7997: mov qword ptr [rip-0x32996], rax
ss pc = 0x7f09109c799e: mov rax, qword ptr [rip-0x3088d]
ss pc = 0x7f09109c79a5: lea r10, ptr [rax]
ss pc = 0x7f09109c79a8: mov rax, qword ptr [rip-0x329a7]
ss pc = 0x7f09109c79af: movsxd r9, dword ptr [r10+r9*4]
ss pc = 0x7f09109c79b3: lea r10, ptr [r10+r9*1]
ss pc = 0x7f09109c79b7: xchg qword ptr [rip-0x329be], rsp
ss pc = 0x7f09109c79be: pushfq 
ss pc = 0x7f09109c79bf: push rax
ss pc = 0x7f09109c79c0: mov rax, r10
ss pc = 0x7f09109c79c3: cmp rax, qword ptr [rip-0x308aa]
ss pc = 0x7f09109c79ca: jz 0x7f09109c79f2
ss pc = 0x7f09109c79cc: cmp rax, qword ptr [rip-0x308ab]
ss pc = 0x7f09109c79d3: jz 0x7f09109c7a00
ss pc = 0x7f09109c79d5: cmp rax, qword ptr [rip-0x308ac]
ss pc = 0x7f09109c79dc: jz 0x7f09109c7a0e
ss pc = 0x7f09109c79de: cmp rax, qword ptr [rip-0x308ad]
ss pc = 0x7f09109c79e5: jz 0x7f09109c7a1c
ss pc = 0x7f09109c79e7: pop rax
ss pc = 0x7f09109c79e8: popfq 
ss pc = 0x7f09109c79e9: xchg qword ptr [rip-0x329f0], rsp
ss pc = 0x7f09109c79f0: int3 
ss pc = 0x7f09109c8048: pxor xmm0, xmm0
ss pc = 0x7f09109c804c: movdqa xmm2, xmmword ptr [rdi]
ss pc = 0x7f09109c8050: movdqa xmm1, xmmword ptr [rsi]
ss pc = 0x7f09109c8054: pcmpeqb xmm0, xmm1
ss pc = 0x7f09109c8058: pslldq xmm2, 0x1
ss pc = 0x7f09109c805d: pcmpeqb xmm2, xmm1
ss pc = 0x7f09109c8061: psubb xmm2, xmm0
ss pc = 0x7f09109c8065: pmovmskb r9d, xmm2
ss pc = 0x7f09109c806a: shr edx, cl
ss pc = 0x7f09109c806c: shr r9d, cl
ss pc = 0x7f09109c806f: sub edx, r9d
ss pc = 0x7f09109c8072: jnz 0x7f09109c7a60
ss pc = 0x7f09109c8078: int3 
ss pc = 0x7f09109c807e: movdqa xmm3, xmmword ptr [rdi]
ss pc = 0x7f09109c8082: pxor xmm0, xmm0
ss pc = 0x7f09109c8086: mov rcx, 0x10
ss pc = 0x7f09109c808d: mov r9d, 0xf
ss pc = 0x7f09109c8093: lea r10, ptr [rdi+0xf]
ss pc = 0x7f09109c8097: and r10, 0xfff
ss pc = 0x7f09109c809e: sub r10, 0x1000
ss pc = 0x7f09109c80a5: nop word ptr [rax+rax*1], ax
ss pc = 0x7f09109c80ae: add r10, 0x10
ss pc = 0x7f09109c80b2: jnle 0x7f09109c80bd
ss pc = 0x7f09109c80b8: int3 
ss pc = 0x7f09109c80be: movdqa xmm1, xmmword ptr [rsi+rcx*1]
ss pc = 0x7f09109c80c3: movdqa xmm2, xmmword ptr [rdi+rcx*1]
ss pc = 0x7f09109c80c8: movdqa xmm4, xmm2
ss pc = 0x7f09109c80cc: psrldq xmm3, 0xf
ss pc = 0x7f09109c80d1: pslldq xmm2, 0x1
ss pc = 0x7f09109c80d6: por xmm2, xmm3
ss pc = 0x7f09109c80da: pcmpeqb xmm0, xmm1
ss pc = 0x7f09109c80de: pcmpeqb xmm1, xmm2
ss pc = 0x7f09109c80e2: psubb xmm1, xmm0
ss pc = 0x7f09109c80e6: pmovmskb edx, xmm1
ss pc = 0x7f09109c80ea: sub edx, 0xffff
ss pc = 0x7f09109c80f0: jnz 0x7f09109c80fb
ss pc = 0x7f09109c80fb: int3 
ss pc = 0x7f09109c80fc: lea rax, ptr [r9+rcx*1-0x10]
ss pc = 0x7f09109c8101: lea rdi, ptr [rdi+rax*1]
ss pc = 0x7f09109c8105: lea rsi, ptr [rsi+rcx*1]
ss pc = 0x7f09109c8109: test r8d, r8d
ss pc = 0x7f09109c810c: jz 0x7f09109c7a77
ss pc = 0x7f09109c7a77: bsf rdx, rdx
ss pc = 0x7f09109c7a7b: movzx ecx, byte ptr [rsi+rdx*1]
ss pc = 0x7f09109c7a7f: movzx eax, byte ptr [rdi+rdx*1]
ss pc = 0x7f09109c7a83: sub eax, ecx
ss pc = 0x7f09109c7a85: xchg qword ptr [rsp], rax
ss pc = 0x7f09109c7a89: xchg qword ptr [rip-0x32a90], rsp
ss pc = 0x7f09109c7a90: pushfq 
ss pc = 0x7f09109c7a91: push rcx
ss pc = 0x7f09109c7a92: xchg qword ptr [rip-0x30aa9], rsp
ss pc = 0x7f09109c7a99: cmp rsp, qword ptr [rip-0x30ab8]
ss pc = 0x7f09109c7aa0: jz 0x7f09109c7ab0
ss pc = 0x7f09109c7aa2: pop rcx
ss pc = 0x7f09109c7aa3: cmp rax, rcx
ss pc = 0x7f09109c7aa6: pop rcx
ss pc = 0x7f09109c7aa7: jz 0x7f09109c7ab0
ss pc = 0x7f09109c7ab0: mov qword ptr [rip-0x32aaf], rcx
ss pc = 0x7f09109c7ab7: xchg qword ptr [rip-0x30ace], rsp
ss pc = 0x7f09109c7abe: pop rcx
ss pc = 0x7f09109c7abf: popfq 
ss pc = 0x7f09109c7ac0: xchg qword ptr [rip-0x32ac7], rsp
ss pc = 0x7f09109c7ac7: xchg qword ptr [rsp], rax
ss pc = 0x7f09109c7acb: lea rsp, ptr [rsp+0x8]
ss pc = 0x7f09109c7ad0: jmp qword ptr [rip-0x32ace]
ss pc = 0x7f09109c803a: test eax, eax
ss pc = 0x7f09109c803c: jnz 0x7f09109c8047
ss pc = 0x7f09109c8042: int3 
ss pc = 0x7f09109c8118: jmp 0x7f09109c811d
ss pc = 0x7f09109c811d: int3 
ss pc = 0x7f09109c811e: add rsp, 0x8
ss pc = 0x7f09109c8122: int3 
ss pc = 0x7f09109c8123: mov rax, rbx
ss pc = 0x7f09109c8126: pop rbx
ss pc = 0x7f09109c8127: pop rbp
ss pc = 0x7f09109c8128: pop r12
ss pc = 0x7f09109c812a: pop r13
ss pc = 0x7f09109c812c: xchg qword ptr [rsp], rax
ss pc = 0x7f09109c8130: xchg qword ptr [rip-0x33137], rsp
ss pc = 0x7f09109c8137: pushfq 
ss pc = 0x7f09109c8138: push rcx
ss pc = 0x7f09109c8139: xchg qword ptr [rip-0x31150], rsp
ss pc = 0x7f09109c8140: cmp rsp, qword ptr [rip-0x3115f]
ss pc = 0x7f09109c8147: jz 0x7f09109c8157
ss pc = 0x7f09109c8149: pop rcx
ss pc = 0x7f09109c814a: cmp rax, rcx
ss pc = 0x7f09109c814d: pop rcx
ss pc = 0x7f09109c814e: jz 0x7f09109c8157
ss pc = 0x7f09109c8157: mov qword ptr [rip-0x33156], rcx
ss pc = 0x7f09109c815e: xchg qword ptr [rip-0x31175], rsp
ss pc = 0x7f09109c8165: pop rcx
ss pc = 0x7f09109c8166: popfq 
ss pc = 0x7f09109c8167: xchg qword ptr [rip-0x3316e], rsp
ss pc = 0x7f09109c816e: xchg qword ptr [rsp], rax
ss pc = 0x7f09109c8172: lea rsp, ptr [rsp+0x8]
ss pc = 0x7f09109c8177: jmp qword ptr [rip-0x33175]
ss pc = 0x7f09109c7cf5: int3 
ss pc = 0x7f09109c7cf6: add rsp, 0x30
ss pc = 0x7f09109c7cfa: int3 
ss pc = 0x7f09109c7cfb: test rax, rax
ss pc = 0x7f09109c7cfe: jnz 0x7f09109c7d09
ss pc = 0x7f09109c7d09: int3 
ss pc = 0x7f09109c8183: mov r10d, ebx
ss pc = 0x7f09109c8186: mov r8, rax
ss pc = 0x7f09109c8189: mov rbx, rbp
ss pc = 0x7f09109c818c: mov r14, qword ptr [rsp+0x60]
ss pc = 0x7f09109c8191: mov r15d, dword ptr [rsp+0x68]
ss pc = 0x7f09109c8196: mov rbp, qword ptr [rsp+0xd0]
ss pc = 0x7f09109c819e: mov r13, qword ptr [rsp+0xe8]
ss pc = 0x7f09109c81a6: mov r12, qword ptr [rsp+0x70]
ss pc = 0x7f09109c81ab: jmp 0x7f09109c81b0
ss pc = 0x7f09109c81b0: cmp qword ptr [rsp+0xf8], 0x0
ss pc = 0x7f09109c81b9: jz 0x7f09109c81c4
ss pc = 0x7f09109c81bf: int3 
ss pc = 0x7f09109c81c5: movzx eax, byte ptr [r8+0x4]
ss pc = 0x7f09109c81ca: shr al, 0x4
ss pc = 0x7f09109c81cd: cmp al, 0x2
ss pc = 0x7f09109c81cf: jz 0x7f09109c81da
ss pc = 0x7f09109c81d5: int3 
ss pc = 0x7f09109c81db: cmp al, 0xa
ss pc = 0x7f09109c81dd: jz 0x7f09109c81e8
ss pc = 0x7f09109c81e3: int3 
ss pc = 0x7f09109c81e9: cmp al, 0x1
ss pc = 0x7f09109c81eb: jz 0x7f09109c81f6
ss pc = 0x7f09109c81f6: int3 
ss pc = 0x7f09109c81f7: mov rax, qword ptr [rsp+0x38]
ss pc = 0x7f09109c81fc: mov qword ptr [rax], r8
ss pc = 0x7f09109c81ff: mov qword ptr [rax+0x8], rbx
ss pc = 0x7f09109c8203: mov eax, 0x1
ss pc = 0x7f09109c8208: jmp 0x7f09109c820d
ss pc = 0x7f09109c820d: int3 
ss pc = 0x7f09109c820e: add rsp, 0x98
ss pc = 0x7f09109c8215: int3 
ss pc = 0x7f09109c8216: pop rbx
ss pc = 0x7f09109c8217: pop rbp
ss pc = 0x7f09109c8218: pop r12
ss pc = 0x7f09109c821a: pop r13
ss pc = 0x7f09109c821c: pop r14
ss pc = 0x7f09109c821e: pop r15
ss pc = 0x7f09109c8220: xchg qword ptr [rsp], rax
ss pc = 0x7f09109c8224: xchg qword ptr [rip-0x3322b], rsp
ss pc = 0x7f09109c822b: pushfq 
ss pc = 0x7f09109c822c: push rcx
ss pc = 0x7f09109c822d: xchg qword ptr [rip-0x31244], rsp
ss pc = 0x7f09109c8234: cmp rsp, qword ptr [rip-0x31253]
ss pc = 0x7f09109c823b: jz 0x7f09109c824b
ss pc = 0x7f09109c823d: pop rcx
ss pc = 0x7f09109c823e: cmp rax, rcx
ss pc = 0x7f09109c8241: pop rcx
ss pc = 0x7f09109c8242: jz 0x7f09109c824b
ss pc = 0x7f09109c824b: mov qword ptr [rip-0x3324a], rcx
ss pc = 0x7f09109c8252: xchg qword ptr [rip-0x31269], rsp
ss pc = 0x7f09109c8259: pop rcx
ss pc = 0x7f09109c825a: popfq 
ss pc = 0x7f09109c825b: xchg qword ptr [rip-0x33262], rsp
ss pc = 0x7f09109c8262: xchg qword ptr [rsp], rax
ss pc = 0x7f09109c8266: lea rsp, ptr [rsp+0x8]
ss pc = 0x7f09109c826b: jmp qword ptr [rip-0x33269]
ss pc = 0x7f09109c76c1: int3 
ss pc = 0x7f09109c76c2: add rsp, 0x30
ss pc = 0x7f09109c76c6: int3 
ss pc = 0x7f09109c76c7: cmp eax, 0x0
ss pc = 0x7f09109c76ca: jle 0x7f09109c76d5
ss pc = 0x7f09109c76d0: int3 
ss pc = 0x7f09109c8277: cmp qword ptr [rbp-0x90], 0x0
ss pc = 0x7f09109c827f: jz 0x7f09109c828a
ss pc = 0x7f09109c8285: int3 
ss pc = 0x7f09109c828b: mov rcx, qword ptr [r15]
ss pc = 0x7f09109c828e: test rcx, rcx
ss pc = 0x7f09109c8291: jz 0x7f09109c829c
ss pc = 0x7f09109c8297: int3 
ss pc = 0x7f09109c829d: movzx eax, byte ptr [rcx+0x5]
ss pc = 0x7f09109c82a1: and eax, 0x3
ss pc = 0x7f09109c82a4: cmp al, 0x3
ss pc = 0x7f09109c82a6: jz 0x7f09109c82b1
ss pc = 0x7f09109c82ac: int3 
ss pc = 0x7f09109c82b2: mov r9, qword ptr [rbp-0x88]
ss pc = 0x7f09109c82b9: xor ebx, ebx
ss pc = 0x7f09109c82bb: movzx edx, byte ptr [r9+0x314]
ss pc = 0x7f09109c82c3: mov rax, r9
ss pc = 0x7f09109c82c6: and edx, 0x3
ss pc = 0x7f09109c82c9: cmp dl, 0x2
ss pc = 0x7f09109c82cc: jz 0x7f09109c82d7
ss pc = 0x7f09109c82d2: int3 
ss pc = 0x7f09109c82d8: mov edi, dword ptr [rax+0x3cc]
ss pc = 0x7f09109c82de: test edi, edi
ss pc = 0x7f09109c82e0: jz 0x7f09109c82eb
ss pc = 0x7f09109c82e6: int3 
ss pc = 0x7f09109c82ec: mov qword ptr [rip-0x332eb], rax
ss pc = 0x7f09109c82f3: mov rax, qword ptr [rip-0x31132]
ss pc = 0x7f09109c82fa: mov edx, dword ptr [rax]
ss pc = 0x7f09109c82fc: mov rax, qword ptr [rip-0x332fb]
ss pc = 0x7f09109c8303: test edx, 0x804
ss pc = 0x7f09109c8309: jnz 0x7f09109c8314
ss pc = 0x7f09109c830f: int3 
ss pc = 0x7f09109c8315: mov rdx, qword ptr [rbp-0x90]
ss pc = 0x7f09109c831c: mov qword ptr [r15], rdx
ss pc = 0x7f09109c831f: int3 
ss pc = 0x7f09109c8320: lea rsp, ptr [rbp-0x28]
ss pc = 0x7f09109c8324: int3 
ss pc = 0x7f09109c8325: pop rbx
ss pc = 0x7f09109c8326: pop r12
ss pc = 0x7f09109c8328: pop r13
ss pc = 0x7f09109c832a: pop r14
ss pc = 0x7f09109c832c: pop r15
ss pc = 0x7f09109c832e: pop rbp
ss pc = 0x7f09109c832f: xchg qword ptr [rsp], rax
ss pc = 0x7f09109c8333: xchg qword ptr [rip-0x3333a], rsp
ss pc = 0x7f09109c833a: pushfq 
ss pc = 0x7f09109c833b: push rcx
ss pc = 0x7f09109c833c: xchg qword ptr [rip-0x31353], rsp
ss pc = 0x7f09109c8343: cmp rsp, qword ptr [rip-0x31362]
ss pc = 0x7f09109c834a: jz 0x7f09109c835a
ss pc = 0x7f09109c834c: pop rcx
ss pc = 0x7f09109c834d: cmp rax, rcx
ss pc = 0x7f09109c8350: pop rcx
ss pc = 0x7f09109c8351: jz 0x7f09109c835a
ss pc = 0x7f09109c835a: mov qword ptr [rip-0x33359], rcx
ss pc = 0x7f09109c8361: xchg qword ptr [rip-0x31378], rsp
ss pc = 0x7f09109c8368: pop rcx
ss pc = 0x7f09109c8369: popfq 
ss pc = 0x7f09109c836a: xchg qword ptr [rip-0x33371], rsp
ss pc = 0x7f09109c8371: xchg qword ptr [rsp], rax
ss pc = 0x7f09109c8375: lea rsp, ptr [rsp+0x8]
ss pc = 0x7f09109c837a: jmp qword ptr [rip-0x33378]
ss pc = 0x7f09109c74d2: mov r8, rax
ss pc = 0x7f09109c74d5: mov eax, dword ptr fs:[0x18]
ss pc = 0x7f09109c74dd: test eax, eax
ss pc = 0x7f09109c74df: pop rcx
ss pc = 0x7f09109c74e0: pop rsi
ss pc = 0x7f09109c74e1: jnz 0x7f09109c74ec
ss pc = 0x7f09109c74e7: int3 
ss pc = 0x7f09109c8386: mov rsi, qword ptr [rsp+0x8]
ss pc = 0x7f09109c838b: test rsi, rsi
ss pc = 0x7f09109c838e: jz 0x7f09109c8399
ss pc = 0x7f09109c8394: int3 
ss pc = 0x7f09109c839a: test r8, r8
ss pc = 0x7f09109c839d: jz 0x7f09109c83a8
ss pc = 0x7f09109c83a3: int3 
ss pc = 0x7f09109c83a9: mov rax, qword ptr [r8]
ss pc = 0x7f09109c83ac: movzx edx, byte ptr [rsi+0x4]
ss pc = 0x7f09109c83b0: add rax, qword ptr [rsi+0x8]
ss pc = 0x7f09109c83b4: and edx, 0xf
ss pc = 0x7f09109c83b7: cmp dl, 0xa
ss pc = 0x7f09109c83ba: jz 0x7f09109c83c5
ss pc = 0x7f09109c83c0: int3 
ss pc = 0x7f09109c83c6: mov qword ptr [rip-0x333c5], rax
ss pc = 0x7f09109c83cd: mov rax, qword ptr [rip-0x31204]
ss pc = 0x7f09109c83d4: mov edx, dword ptr [rax]
ss pc = 0x7f09109c83d6: mov rax, qword ptr [rip-0x333d5]
ss pc = 0x7f09109c83dd: test edx, edx
ss pc = 0x7f09109c83df: jnz 0x7f09109c83ea
ss pc = 0x7f09109c83e5: int3 
ss pc = 0x7f09109c83eb: mov qword ptr [rbx], rax
ss pc = 0x7f09109c83ee: int3 
ss pc = 0x7f09109c83ef: add rsp, 0x10
ss pc = 0x7f09109c83f3: int3 
ss pc = 0x7f09109c83f4: pop rbx
ss pc = 0x7f09109c83f5: xchg qword ptr [rsp], rax
ss pc = 0x7f09109c83f9: xchg qword ptr [rip-0x33400], rsp
ss pc = 0x7f09109c8400: pushfq 
ss pc = 0x7f09109c8401: push rcx
ss pc = 0x7f09109c8402: xchg qword ptr [rip-0x31419], rsp
ss pc = 0x7f09109c8409: cmp rsp, qword ptr [rip-0x31428]
ss pc = 0x7f09109c8410: jz 0x7f09109c8420
ss pc = 0x7f09109c8412: pop rcx
ss pc = 0x7f09109c8413: cmp rax, rcx
ss pc = 0x7f09109c8416: pop rcx
ss pc = 0x7f09109c8417: jz 0x7f09109c8420
ss pc = 0x7f09109c8420: mov qword ptr [rip-0x3341f], rcx
ss pc = 0x7f09109c8427: xchg qword ptr [rip-0x3143e], rsp
ss pc = 0x7f09109c842e: pop rcx
ss pc = 0x7f09109c842f: popfq 
ss pc = 0x7f09109c8430: xchg qword ptr [rip-0x33437], rsp
ss pc = 0x7f09109c8437: xchg qword ptr [rsp], rax
ss pc = 0x7f09109c843b: lea rsp, ptr [rsp+0x8]
ss pc = 0x7f09109c8440: jmp qword ptr [rip-0x3343e]
ss pc = 0x7f09109c728b: mov r11, rax
ss pc = 0x7f09109c728e: nop sp, word ptr [rsp+0x130]
ss pc = 0x7f09109c7297: nop sp, word ptr [rsp+0x120]
ss pc = 0x7f09109c72a0: nop sp, word ptr [rsp+0x110]
ss pc = 0x7f09109c72a9: nop sp, word ptr [rsp+0x100]
ss pc = 0x7f09109c72b2: mov r9, qword ptr [rsp+0x170]
ss pc = 0x7f09109c72ba: mov r8, qword ptr [rsp+0x168]
ss pc = 0x7f09109c72c2: mov rdi, qword ptr [rsp+0x160]
ss pc = 0x7f09109c72ca: mov rsi, qword ptr [rsp+0x158]
ss pc = 0x7f09109c72d2: mov rdx, qword ptr [rsp+0x150]
ss pc = 0x7f09109c72da: mov rcx, qword ptr [rsp+0x148]
ss pc = 0x7f09109c72e2: mov rax, qword ptr [rsp+0x140]
ss pc = 0x7f09109c72ea: vmovdqa ymm0, ymmword ptr [rsp]
ss pc = 0x7f09109c72ef: vmovdqa ymm1, ymmword ptr [rsp+0x20]
ss pc = 0x7f09109c72f5: vmovdqa ymm2, ymmword ptr [rsp+0x40]
ss pc = 0x7f09109c72fb: vmovdqa ymm3, ymmword ptr [rsp+0x60]
ss pc = 0x7f09109c7301: vmovdqa ymm4, ymmword ptr [rsp+0x80]
ss pc = 0x7f09109c730a: vmovdqa ymm5, ymmword ptr [rsp+0xa0]
ss pc = 0x7f09109c7313: vmovdqa ymm6, ymmword ptr [rsp+0xc0]
ss pc = 0x7f09109c731c: vmovdqa ymm7, ymmword ptr [rsp+0xe0]
ss pc = 0x7f09109c7325: int3 
ss pc = 0x7f09109c7326: mov rsp, rbx
ss pc = 0x7f09109c7329: int3 
ss pc = 0x7f09109c732a: mov rbx, qword ptr [rsp]
ss pc = 0x7f09109c732e: int3 
ss pc = 0x7f09109c732f: add rsp, 0x18
ss pc = 0x7f09109c7333: int3 
ss pc = 0x7f09109c7334: xchg qword ptr [rip-0x3233b], rsp
ss pc = 0x7f09109c733b: pushfq 
ss pc = 0x7f09109c733c: push rax
ss pc = 0x7f09109c733d: mov rax, r11
ss pc = 0x7f09109c7341: cmp rax, qword ptr [rip-0x302d8]
ss pc = 0x7f09109c7348: jz 0x7f09109c7370
ss pc = 0x7f09109c734a: cmp rax, qword ptr [rip-0x302d9]
ss pc = 0x7f09109c7351: jz 0x7f09109c737e
ss pc = 0x7f09109c7353: cmp rax, qword ptr [rip-0x302da]
ss pc = 0x7f09109c735a: jz 0x7f09109c738c
ss pc = 0x7f09109c735c: cmp rax, qword ptr [rip-0x302db]
ss pc = 0x7f09109c7363: jz 0x7f09109c739a
ss pc = 0x7f09109c7365: pop rax
ss pc = 0x7f09109c7366: popfq 
ss pc = 0x7f09109c7367: xchg qword ptr [rip-0x3236e], rsp
ss pc = 0x7f09109c736e: int3 
ss pc = 0x7f09109c844c: push r14
ss pc = 0x7f09109c844e: push r13
ss pc = 0x7f09109c8450: push r12
ss pc = 0x7f09109c8452: push rbp
ss pc = 0x7f09109c8453: mov rbp, rcx
ss pc = 0x7f09109c8456: push rbx
ss pc = 0x7f09109c8457: int3 
ss pc = 0x7f09109c8458: sub rsp, 0x90
ss pc = 0x7f09109c845f: int3 
ss pc = 0x7f09109c8460: mov qword ptr [rip-0x3345f], rcx
ss pc = 0x7f09109c8467: mov rcx, qword ptr [rip-0x31296]
ss pc = 0x7f09109c846e: mov rax, qword ptr [rcx]
ss pc = 0x7f09109c8471: mov rcx, qword ptr [rip-0x33470]
ss pc = 0x7f09109c8478: mov qword ptr [rsp+0x18], rdi
ss pc = 0x7f09109c847d: mov dword ptr [rsp+0x14], esi
ss pc = 0x7f09109c8481: mov qword ptr [rsp+0x8], rdx
ss pc = 0x7f09109c8486: test rax, rax
ss pc = 0x7f09109c8489: jz 0x7f09109c8494
ss pc = 0x7f09109c8494: int3 
ss pc = 0x7f09109c8495: xor edx, edx
ss pc = 0x7f09109c8497: jmp 0x7f09109c849c
ss pc = 0x7f09109c849c: mov qword ptr [rip-0x3349b], rcx
ss pc = 0x7f09109c84a3: mov rcx, qword ptr [rip-0x312ca]
ss pc = 0x7f09109c84aa: lea rax, ptr [rcx]
ss pc = 0x7f09109c84ad: mov rcx, qword ptr [rip-0x334ac]
ss pc = 0x7f09109c84b4: test r9, r9
ss pc = 0x7f09109c84b7: mov dword ptr [rax], edx
ss pc = 0x7f09109c84b9: jz 0x7f09109c84c4
ss pc = 0x7f09109c84bf: int3 
ss pc = 0x7f09109c84c5: xor edx, edx
ss pc = 0x7f09109c84c7: xor esi, esi
ss pc = 0x7f09109c84c9: mov rdi, r9
ss pc = 0x7f09109c84cc: xchg qword ptr [rip-0x334d3], rsp
ss pc = 0x7f09109c84d3: pushfq 
ss pc = 0x7f09109c84d4: xchg qword ptr [rip-0x314eb], rsp
ss pc = 0x7f09109c84db: cmp rsp, qword ptr [rip-0x314ea]
ss pc = 0x7f09109c84e2: jz 0x7f09109c84f0
ss pc = 0x7f09109c84e4: push qword ptr [rip-0x312f2]
ss pc = 0x7f09109c84ea: push qword ptr [rip-0x31300]
ss pc = 0x7f09109c84f0: xchg qword ptr [rip-0x31507], rsp
ss pc = 0x7f09109c84f7: popfq 
ss pc = 0x7f09109c84f8: xchg qword ptr [rip-0x334ff], rsp
ss pc = 0x7f09109c84ff: push qword ptr [rip-0x31305]
ss pc = 0x7f09109c8505: jmp 0x7f09109c8534
ss pc = 0x7f09109c8534: push r12
ss pc = 0x7f09109c8536: push rbp
ss pc = 0x7f09109c8537: mov r12, rsi
ss pc = 0x7f09109c853a: push rbx
ss pc = 0x7f09109c853b: mov rbx, rdi
ss pc = 0x7f09109c853e: mov qword ptr [rip-0x3353d], rax
ss pc = 0x7f09109c8545: mov rax, qword ptr [rip-0x31344]
ss pc = 0x7f09109c854c: lea rdi, ptr [rax]
ss pc = 0x7f09109c854f: mov rax, qword ptr [rip-0x3354e]
ss pc = 0x7f09109c8556: mov rbp, rdx
ss pc = 0x7f09109c8559: xchg qword ptr [rip-0x33560], rsp
ss pc = 0x7f09109c8560: pushfq 
ss pc = 0x7f09109c8561: xchg qword ptr [rip-0x31578], rsp
ss pc = 0x7f09109c8568: cmp rsp, qword ptr [rip-0x31577]
ss pc = 0x7f09109c856f: jz 0x7f09109c857d
ss pc = 0x7f09109c8571: push qword ptr [rip-0x3135f]
ss pc = 0x7f09109c8577: push qword ptr [rip-0x3136d]
ss pc = 0x7f09109c857d: xchg qword ptr [rip-0x31594], rsp
ss pc = 0x7f09109c8584: popfq 
ss pc = 0x7f09109c8585: xchg qword ptr [rip-0x3358c], rsp
ss pc = 0x7f09109c858c: push qword ptr [rip-0x31372]
ss pc = 0x7f09109c8592: jmp 0x7f09109c85a7
ss pc = 0x7f09109c85a7: push rbp
ss pc = 0x7f09109c85a8: push rbx
ss pc = 0x7f09109c85a9: mov esi, 0x1
ss pc = 0x7f09109c85ae: mov rbx, rdi
ss pc = 0x7f09109c85b1: xor eax, eax
ss pc = 0x7f09109c85b3: int3 
ss pc = 0x7f09109c85b4: sub rsp, 0x8
ss pc = 0x7f09109c85b8: int3 
ss pc = 0x7f09109c85b9: mov qword ptr [rip-0x335b8], rax
ss pc = 0x7f09109c85c0: mov rax, qword ptr [rip-0x3139f]
ss pc = 0x7f09109c85c7: cmp dword ptr [rax], 0x0
ss pc = 0x7f09109c85ca: mov rax, qword ptr [rip-0x335c9]
ss pc = 0x7f09109c85d1: jz 0x7f09109c85dc
ss pc = 0x7f09109c85dc: int3 
ss pc = 0x7f09109c85dd: mov qword ptr [rip-0x335dc], rax
ss pc = 0x7f09109c85e4: mov rax, qword ptr [rip-0x313bb]
ss pc = 0x7f09109c85eb: cmpxchg dword ptr [rax], esi
ss pc = 0x7f09109c85ee: mov rax, qword ptr [rip-0x335ed]
ss pc = 0x7f09109c85f5: jz 0x7f09109c8600
ss pc = 0x7f09109c85fb: int3 
ss pc = 0x7f09109c8601: mov qword ptr [rip-0x33600], rax
ss pc = 0x7f09109c8608: mov rax, qword ptr [rip-0x313d7]
ss pc = 0x7f09109c860f: lea rdi, ptr [rax]
ss pc = 0x7f09109c8612: mov rax, qword ptr [rip-0x33611]
ss pc = 0x7f09109c8619: int3 
ss pc = 0x7f09109c861a: sub rsp, 0x80
ss pc = 0x7f09109c8621: int3 
ss pc = 0x7f09109c8622: xchg qword ptr [rip-0x33629], rsp
ss pc = 0x7f09109c8629: pushfq 
ss pc = 0x7f09109c862a: xchg qword ptr [rip-0x31641], rsp
ss pc = 0x7f09109c8631: cmp rsp, qword ptr [rip-0x31640]
ss pc = 0x7f09109c8638: jz 0x7f09109c8646
ss pc = 0x7f09109c863a: push qword ptr [rip-0x313f8]
ss pc = 0x7f09109c8640: push qword ptr [rip-0x31406]
ss pc = 0x7f09109c8646: xchg qword ptr [rip-0x3165d], rsp
ss pc = 0x7f09109c864d: popfq 
ss pc = 0x7f09109c864e: xchg qword ptr [rip-0x33655], rsp
ss pc = 0x7f09109c8655: push qword ptr [rip-0x3140b]
ss pc = 0x7f09109c865b: jmp 0x7f09109c8681
ss pc = 0x7f09109c8681: push r10
ss pc = 0x7f09109c8683: push rdx
ss pc = 0x7f09109c8684: xor r10, r10
ss pc = 0x7f09109c8687: mov edx, 0x2
ss pc = 0x7f09109c868c: mov esi, 0x80
ss pc = 0x7f09109c8691: cmp eax, edx
ss pc = 0x7f09109c8693: jnz 0x7f09109c869e
ss pc = 0x7f09109c869e: int3 
ss pc = 0x7f09109c869f: mov eax, edx
ss pc = 0x7f09109c86a1: xchg dword ptr [rdi], eax
ss pc = 0x7f09109c86a3: test eax, eax
ss pc = 0x7f09109c86a5: jnz 0x7f09109c86b0
ss pc = 0x7f09109c86ab: int3 
ss pc = 0x7f09109c86b1: pop rdx
ss pc = 0x7f09109c86b2: pop r10
ss pc = 0x7f09109c86b4: xchg qword ptr [rsp], rax
ss pc = 0x7f09109c86b8: xchg qword ptr [rip-0x336bf], rsp
ss pc = 0x7f09109c86bf: pushfq 
ss pc = 0x7f09109c86c0: push rcx
ss pc = 0x7f09109c86c1: xchg qword ptr [rip-0x316d8], rsp
ss pc = 0x7f09109c86c8: cmp rsp, qword ptr [rip-0x316e7]
ss pc = 0x7f09109c86cf: jz 0x7f09109c86df
ss pc = 0x7f09109c86d1: pop rcx
ss pc = 0x7f09109c86d2: cmp rax, rcx
ss pc = 0x7f09109c86d5: pop rcx
ss pc = 0x7f09109c86d6: jz 0x7f09109c86df
ss pc = 0x7f09109c86df: mov qword ptr [rip-0x336de], rcx
ss pc = 0x7f09109c86e6: xchg qword ptr [rip-0x316fd], rsp
ss pc = 0x7f09109c86ed: pop rcx
ss pc = 0x7f09109c86ee: popfq 
ss pc = 0x7f09109c86ef: xchg qword ptr [rip-0x336f6], rsp
ss pc = 0x7f09109c86f6: xchg qword ptr [rsp], rax
ss pc = 0x7f09109c86fa: lea rsp, ptr [rsp+0x8]
ss pc = 0x7f09109c86ff: jmp qword ptr [rip-0x336fd]
ss pc = 0x7f09109c8661: int3 
ss pc = 0x7f09109c8662: add rsp, 0x80
ss pc = 0x7f09109c8669: int3 
ss pc = 0x7f09109c866a: mov rbp, qword ptr [rbx]
ss pc = 0x7f09109c866d: xor edi, edi
ss pc = 0x7f09109c866f: test rbp, rbp
ss pc = 0x7f09109c8672: mov rax, rbp
ss pc = 0x7f09109c8675: jz 0x7f09109c8680
ss pc = 0x7f09109c867b: int3 
ss pc = 0x7f09109c870b: nop dword ptr [rax], eax
ss pc = 0x7f09109c8712: mov rcx, qword ptr [rax+0x8]
ss pc = 0x7f09109c8716: test rcx, rcx
ss pc = 0x7f09109c8719: jz 0x7f09109c8724
ss pc = 0x7f09109c8724: int3 
ss pc = 0x7f09109c8725: mov rdx, qword ptr [rax]
ss pc = 0x7f09109c8728: mov qword ptr [rax+0x8], 0x0
ss pc = 0x7f09109c8730: mov rdi, rax
ss pc = 0x7f09109c8733: test rdx, rdx
ss pc = 0x7f09109c8736: jz 0x7f09109c8741
ss pc = 0x7f09109c8741: int3 
ss pc = 0x7f09109c8742: lea rsi, ptr [rax+0x10]
ss pc = 0x7f09109c8746: mov qword ptr [rax+0x8], 0x1
ss pc = 0x7f09109c874e: jmp 0x7f09109c8753
ss pc = 0x7f09109c8753: mov qword ptr [rsi], 0x1
ss pc = 0x7f09109c875a: mov qword ptr [rip-0x33759], rax
ss pc = 0x7f09109c8761: mov rax, qword ptr [rip-0x31510]
ss pc = 0x7f09109c8768: add qword ptr [rax], 0x1
ss pc = 0x7f09109c876c: mov rax, qword ptr [rip-0x3376b]
ss pc = 0x7f09109c8773: mov qword ptr [rip-0x33772], rax
ss pc = 0x7f09109c877a: mov rax, qword ptr [rip-0x31521]
ss pc = 0x7f09109c8781: cmp dword ptr [rax], 0x0
ss pc = 0x7f09109c8784: mov rax, qword ptr [rip-0x33783]
ss pc = 0x7f09109c878b: jz 0x7f09109c8796
ss pc = 0x7f09109c8796: int3 
ss pc = 0x7f09109c8797: mov qword ptr [rip-0x33796], rax
ss pc = 0x7f09109c879e: mov rax, qword ptr [rip-0x3153d]
ss pc = 0x7f09109c87a5: dec dword ptr [rax]
ss pc = 0x7f09109c87a7: mov rax, qword ptr [rip-0x337a6]
ss pc = 0x7f09109c87ae: jz 0x7f09109c87b9
ss pc = 0x7f09109c87b4: int3 
ss pc = 0x7f09109c87ba: mov qword ptr [rip-0x337b9], rax
ss pc = 0x7f09109c87c1: mov rax, qword ptr [rip-0x31558]
ss pc = 0x7f09109c87c8: lea rdi, ptr [rax]
ss pc = 0x7f09109c87cb: mov rax, qword ptr [rip-0x337ca]
ss pc = 0x7f09109c87d2: int3 
ss pc = 0x7f09109c87d3: sub rsp, 0x80
ss pc = 0x7f09109c87da: int3 
ss pc = 0x7f09109c87db: xchg qword ptr [rip-0x337e2], rsp
ss pc = 0x7f09109c87e2: pushfq 
ss pc = 0x7f09109c87e3: xchg qword ptr [rip-0x317fa], rsp
ss pc = 0x7f09109c87ea: cmp rsp, qword ptr [rip-0x317f9]
ss pc = 0x7f09109c87f1: jz 0x7f09109c87ff
ss pc = 0x7f09109c87f3: push qword ptr [rip-0x31579]
ss pc = 0x7f09109c87f9: push qword ptr [rip-0x31587]
ss pc = 0x7f09109c87ff: xchg qword ptr [rip-0x31816], rsp
ss pc = 0x7f09109c8806: popfq 
ss pc = 0x7f09109c8807: xchg qword ptr [rip-0x3380e], rsp
ss pc = 0x7f09109c880e: push qword ptr [rip-0x3158c]
ss pc = 0x7f09109c8814: jmp 0x7f09109c8885
ss pc = 0x7f09109c8885: push rsi
ss pc = 0x7f09109c8886: push rdx
ss pc = 0x7f09109c8887: mov dword ptr [rdi], 0x0
ss pc = 0x7f09109c888d: mov esi, 0x81
ss pc = 0x7f09109c8892: mov edx, 0x1
ss pc = 0x7f09109c8897: mov eax, 0xca
ss pc = 0x7f09109c889c: int3 
syscall FUTEX
memcheck: warning: FUTEX: stub
ss pc = 0x7f09108a2c30: mov rdi, rsp
ss pc = 0x7f09108a2c33: call 0x7f09108a39b0
ss pc = 0x7f09108a39b0: push rbp
ss pc = 0x7f09108a39b1: mov rbp, rsp
ss pc = 0x7f09108a39b4: push r15
ss pc = 0x7f09108a39b6: push r14
ss pc = 0x7f09108a39b8: push r13
ss pc = 0x7f09108a39ba: push r12
ss pc = 0x7f09108a39bc: mov r12, rdi
ss pc = 0x7f09108a39bf: push rbx
ss pc = 0x7f09108a39c0: sub rsp, 0x38
ss pc = 0x7f09108a39c4: rdtsc 
ss pc = 0x7f09108a39c6: shl rdx, 0x20
ss pc = 0x7f09108a39ca: mov eax, eax
ss pc = 0x7f09108a39cc: or rax, rdx
ss pc = 0x7f09108a39cf: lea rdx, ptr [rip+0x22449a]
ss pc = 0x7f09108a39d6: mov qword ptr [rip+0x224283], rax
unexpected signal 11
pc = 0x7f09108a39d6
stopped at inst: mov qword ptr [rip+0x224283], rax
